[ 2016-12-03T09:23:25+08:00 ] ::1 /jb555host/PersonalTailor/ManufactorAdmin
INFO: [ app_init ] --START--
INFO: Run Behavior\BuildLiteBehavior [ RunTime:0.000011s ]
INFO: [ app_init ] --END-- [ RunTime:0.007452s ]
INFO: [ app_begin ] --START--
INFO: Run Behavior\ReadHtmlCacheBehavior [ RunTime:0.001372s ]
INFO: [ app_begin ] --END-- [ RunTime:0.001447s ]
INFO: [ view_parse ] --START--
INFO: [ template_filter ] --START--
INFO: Run Behavior\ContentReplaceBehavior [ RunTime:0.000057s ]
INFO: [ template_filter ] --END-- [ RunTime:0.000095s ]
INFO: Run Behavior\ParseTemplateBehavior [ RunTime:0.075574s ]
INFO: [ view_parse ] --END-- [ RunTime:0.075612s ]
INFO: [ view_filter ] --START--
INFO: Run Behavior\WriteHtmlCacheBehavior [ RunTime:0.000660s ]
INFO: [ view_filter ] --END-- [ RunTime:0.000684s ]

[ 2016-12-03T09:23:26+08:00 ] ::1 /jb555host/PersonalTailor/index.php/ManufactorAdmin/login/login.html
INFO: [ app_init ] --START--
INFO: Run Behavior\BuildLiteBehavior [ RunTime:0.000009s ]
INFO: [ app_init ] --END-- [ RunTime:0.000224s ]
INFO: [ app_begin ] --START--
INFO: Run Behavior\ReadHtmlCacheBehavior [ RunTime:0.000278s ]
INFO: [ app_begin ] --END-- [ RunTime:0.000312s ]
INFO: [ view_parse ] --START--
NOTIC: [2] file_get_contents(./Template/ManufactorAdmin/Public/footer.html): failed to open stream: No such file or directory E:\xmapp\htdocs\jb555host\PersonalTailor\ThinkPHP\Library\Think\Template.class.php 第 785 行.
INFO: [ template_filter ] --START--
INFO: Run Behavior\ContentReplaceBehavior [ RunTime:0.000035s ]
INFO: [ template_filter ] --END-- [ RunTime:0.000071s ]
INFO: Run Behavior\ParseTemplateBehavior [ RunTime:0.043361s ]
INFO: [ view_parse ] --END-- [ RunTime:0.043405s ]
INFO: [ view_filter ] --START--
INFO: Run Behavior\WriteHtmlCacheBehavior [ RunTime:0.000147s ]
INFO: [ view_filter ] --END-- [ RunTime:0.000170s ]
INFO: [ app_end ] --START--
INFO: Run Behavior\ShowPageTraceBehavior [ RunTime:0.001021s ]
INFO: [ app_end ] --END-- [ RunTime:0.001048s ]

[ 2016-12-03T09:23:32+08:00 ] ::1 /jb555host/PersonalTailor/index.php/ManufactorAdmin/Login/feedback.html
INFO: [ app_init ] --START--
INFO: Run Behavior\BuildLiteBehavior [ RunTime:0.000008s ]
INFO: [ app_init ] --END-- [ RunTime:0.000241s ]
INFO: [ app_begin ] --START--
INFO: Run Behavior\ReadHtmlCacheBehavior [ RunTime:0.000339s ]
INFO: [ app_begin ] --END-- [ RunTime:0.000373s ]
NOTIC: [8] Use of undefined constant Is_Post - assumed 'Is_Post' E:\xmapp\htdocs\jb555host\PersonalTailor\Application\ManufactorAdmin\Controller\LoginController.class.php 第 20 行.
SQL: SHOW COLUMNS FROM `tb_manufactor` [ RunTime:0.0229s ]
SQL: SELECT * FROM `tb_manufactor` WHERE `Phone` = '13850103135' AND `Password` = '123'  [ RunTime:0.0234s ]

[ 2016-12-03T09:23:32+08:00 ] ::1 /jb555host/PersonalTailor/index.php/ManufactorAdmin/Index/index.html
INFO: [ app_init ] --START--
INFO: Run Behavior\BuildLiteBehavior [ RunTime:0.000014s ]
INFO: [ app_init ] --END-- [ RunTime:0.000357s ]
INFO: [ app_begin ] --START--
INFO: Run Behavior\ReadHtmlCacheBehavior [ RunTime:0.000452s ]
INFO: [ app_begin ] --END-- [ RunTime:0.000505s ]
INFO: [ view_parse ] --START--
INFO: [ template_filter ] --START--
INFO: Run Behavior\ContentReplaceBehavior [ RunTime:0.000230s ]
INFO: [ template_filter ] --END-- [ RunTime:0.000299s ]
INFO: Run Behavior\ParseTemplateBehavior [ RunTime:0.142178s ]
INFO: [ view_parse ] --END-- [ RunTime:0.142229s ]
INFO: [ view_filter ] --START--
INFO: Run Behavior\WriteHtmlCacheBehavior [ RunTime:0.000257s ]
INFO: [ view_filter ] --END-- [ RunTime:0.000281s ]
INFO: [ app_end ] --START--
INFO: Run Behavior\ShowPageTraceBehavior [ RunTime:0.000522s ]
INFO: [ app_end ] --END-- [ RunTime:0.000558s ]

[ 2016-12-03T09:34:27+08:00 ] ::1 /jb555host/PersonalTailor/index.php/ManufactorAdmin/Product/regist_product.html
INFO: [ app_init ] --START--
INFO: Run Behavior\BuildLiteBehavior [ RunTime:0.000008s ]
INFO: [ app_init ] --END-- [ RunTime:0.000237s ]
INFO: [ app_begin ] --START--
INFO: Run Behavior\ReadHtmlCacheBehavior [ RunTime:0.000338s ]
INFO: [ app_begin ] --END-- [ RunTime:0.000372s ]
INFO: [ view_parse ] --START--
INFO: [ template_filter ] --START--
INFO: Run Behavior\ContentReplaceBehavior [ RunTime:0.000112s ]
INFO: [ template_filter ] --END-- [ RunTime:0.000146s ]
INFO: Run Behavior\ParseTemplateBehavior [ RunTime:0.073910s ]
INFO: [ view_parse ] --END-- [ RunTime:0.073956s ]
INFO: [ view_filter ] --START--
INFO: Run Behavior\WriteHtmlCacheBehavior [ RunTime:0.000211s ]
INFO: [ view_filter ] --END-- [ RunTime:0.000233s ]
INFO: [ app_end ] --START--
INFO: Run Behavior\ShowPageTraceBehavior [ RunTime:0.000525s ]
INFO: [ app_end ] --END-- [ RunTime:0.000559s ]

[ 2016-12-03T09:34:29+08:00 ] ::1 /jb555host/PersonalTailor/index.php/ManufactorAdmin/Product/list_product.html
INFO: [ app_init ] --START--
INFO: Run Behavior\BuildLiteBehavior [ RunTime:0.000008s ]
INFO: [ app_init ] --END-- [ RunTime:0.000212s ]
INFO: [ app_begin ] --START--
INFO: Run Behavior\ReadHtmlCacheBehavior [ RunTime:0.000336s ]
INFO: [ app_begin ] --END-- [ RunTime:0.000369s ]
SQL: SHOW COLUMNS FROM `tb_product` [ RunTime:0.0158s ]
SQL: SHOW COLUMNS FROM `tb_shop` [ RunTime:0.0167s ]
SQL: SELECT `id` FROM `tb_shop` WHERE ( manufactor_id=14 ) LIMIT 1   [ RunTime:0.0167s ]
SQL: SELECT * FROM `tb_product` WHERE `shop_id` = 4 AND `status` = 1  [ RunTime:0.0167s ]
SQL: SHOW COLUMNS FROM `tb_productimg` [ RunTime:0.0160s ]
SQL: SELECT * FROM `tb_productimg` WHERE ( 1=1 AND product_id='44' ) LIMIT 1   [ RunTime:0.0155s ]
SQL: SELECT * FROM `tb_productimg` WHERE ( 1=1 AND product_id='45' ) LIMIT 1   [ RunTime:0.0166s ]
SQL: SELECT * FROM `tb_productimg` WHERE ( 1=1 AND product_id='46' ) LIMIT 1   [ RunTime:0.0168s ]
INFO: [ view_parse ] --START--
INFO: [ template_filter ] --START--
INFO: Run Behavior\ContentReplaceBehavior [ RunTime:0.000148s ]
INFO: [ template_filter ] --END-- [ RunTime:0.000184s ]
INFO: Run Behavior\ParseTemplateBehavior [ RunTime:0.115186s ]
INFO: [ view_parse ] --END-- [ RunTime:0.115228s ]
INFO: [ view_filter ] --START--
INFO: Run Behavior\WriteHtmlCacheBehavior [ RunTime:0.000235s ]
INFO: [ view_filter ] --END-- [ RunTime:0.000258s ]
INFO: [ app_end ] --START--
INFO: Run Behavior\ShowPageTraceBehavior [ RunTime:0.000630s ]
INFO: [ app_end ] --END-- [ RunTime:0.000680s ]

[ 2016-12-03T09:34:31+08:00 ] ::1 /jb555host/PersonalTailor/index.php/ManufactorAdmin/Product/list_down_products.html
INFO: [ app_init ] --START--
INFO: Run Behavior\BuildLiteBehavior [ RunTime:0.000007s ]
INFO: [ app_init ] --END-- [ RunTime:0.000242s ]
INFO: [ app_begin ] --START--
INFO: Run Behavior\ReadHtmlCacheBehavior [ RunTime:0.000331s ]
INFO: [ app_begin ] --END-- [ RunTime:0.000364s ]
SQL: SHOW COLUMNS FROM `tb_product` [ RunTime:0.0324s ]
SQL: SHOW COLUMNS FROM `tb_shop` [ RunTime:0.0313s ]
SQL: SELECT `id` FROM `tb_shop` WHERE ( manufactor_id=14 ) LIMIT 1   [ RunTime:0.0309s ]
SQL: SELECT * FROM `tb_product` WHERE `shop_id` = 4 AND `status` = 0  [ RunTime:0.0311s ]
SQL: SHOW COLUMNS FROM `tb_productimg` [ RunTime:0.0310s ]
SQL: SELECT * FROM `tb_productimg` WHERE ( 1=1 AND product_id='50' ) LIMIT 1   [ RunTime:0.0313s ]
INFO: [ view_parse ] --START--
INFO: [ template_filter ] --START--
INFO: Run Behavior\ContentReplaceBehavior [ RunTime:0.000180s ]
INFO: [ template_filter ] --END-- [ RunTime:0.000219s ]
INFO: Run Behavior\ParseTemplateBehavior [ RunTime:0.165920s ]
INFO: [ view_parse ] --END-- [ RunTime:0.166017s ]
INFO: [ view_filter ] --START--
INFO: Run Behavior\WriteHtmlCacheBehavior [ RunTime:0.000187s ]
INFO: [ view_filter ] --END-- [ RunTime:0.000211s ]
INFO: [ app_end ] --START--
INFO: Run Behavior\ShowPageTraceBehavior [ RunTime:0.000526s ]
INFO: [ app_end ] --END-- [ RunTime:0.000574s ]

[ 2016-12-03T09:34:43+08:00 ] ::1 /jb555host/PersonalTailor/index.php/ManufactorAdmin/Product/list_down_products.html
INFO: [ app_init ] --START--
INFO: Run Behavior\BuildLiteBehavior [ RunTime:0.000019s ]
INFO: [ app_init ] --END-- [ RunTime:0.000528s ]
INFO: [ app_begin ] --START--
INFO: Run Behavior\ReadHtmlCacheBehavior [ RunTime:0.000664s ]
INFO: [ app_begin ] --END-- [ RunTime:0.000746s ]
SQL: SHOW COLUMNS FROM `tb_product` [ RunTime:0.0261s ]
SQL: SHOW COLUMNS FROM `tb_shop` [ RunTime:0.0255s ]
SQL: SELECT `id` FROM `tb_shop` WHERE ( manufactor_id=14 ) LIMIT 1   [ RunTime:0.0247s ]
SQL: SELECT * FROM `tb_product` WHERE `shop_id` = 4 AND `status` = 0  [ RunTime:0.0248s ]
INFO: [ view_parse ] --START--
INFO: [ template_filter ] --START--
INFO: Run Behavior\ContentReplaceBehavior [ RunTime:0.000374s ]
INFO: [ template_filter ] --END-- [ RunTime:0.000451s ]
INFO: Run Behavior\ParseTemplateBehavior [ RunTime:0.110031s ]
INFO: [ view_parse ] --END-- [ RunTime:0.110093s ]
INFO: [ view_filter ] --START--
INFO: Run Behavior\WriteHtmlCacheBehavior [ RunTime:0.000240s ]
INFO: [ view_filter ] --END-- [ RunTime:0.000277s ]
INFO: [ app_end ] --START--
INFO: Run Behavior\ShowPageTraceBehavior [ RunTime:0.000584s ]
INFO: [ app_end ] --END-- [ RunTime:0.000625s ]

[ 2016-12-03T09:34:44+08:00 ] ::1 /jb555host/PersonalTailor/index.php/ManufactorAdmin/Product/list_product.html
INFO: [ app_init ] --START--
INFO: Run Behavior\BuildLiteBehavior [ RunTime:0.000008s ]
INFO: [ app_init ] --END-- [ RunTime:0.000215s ]
INFO: [ app_begin ] --START--
INFO: Run Behavior\ReadHtmlCacheBehavior [ RunTime:0.000269s ]
INFO: [ app_begin ] --END-- [ RunTime:0.000301s ]
SQL: SHOW COLUMNS FROM `tb_product` [ RunTime:0.0242s ]
SQL: SHOW COLUMNS FROM `tb_shop` [ RunTime:0.0240s ]
SQL: SELECT `id` FROM `tb_shop` WHERE ( manufactor_id=14 ) LIMIT 1   [ RunTime:0.0237s ]
SQL: SELECT * FROM `tb_product` WHERE `shop_id` = 4 AND `status` = 1  [ RunTime:0.0241s ]
SQL: SHOW COLUMNS FROM `tb_productimg` [ RunTime:0.0240s ]
SQL: SELECT * FROM `tb_productimg` WHERE ( 1=1 AND product_id='44' ) LIMIT 1   [ RunTime:0.0241s ]
SQL: SELECT * FROM `tb_productimg` WHERE ( 1=1 AND product_id='45' ) LIMIT 1   [ RunTime:0.0242s ]
SQL: SELECT * FROM `tb_productimg` WHERE ( 1=1 AND product_id='46' ) LIMIT 1   [ RunTime:0.0248s ]
SQL: SELECT * FROM `tb_productimg` WHERE ( 1=1 AND product_id='50' ) LIMIT 1   [ RunTime:0.0245s ]
INFO: [ view_parse ] --START--
INFO: [ template_filter ] --START--
INFO: Run Behavior\ContentReplaceBehavior [ RunTime:0.000277s ]
INFO: [ template_filter ] --END-- [ RunTime:0.000334s ]
INFO: Run Behavior\ParseTemplateBehavior [ RunTime:0.123045s ]
INFO: [ view_parse ] --END-- [ RunTime:0.123129s ]
INFO: [ view_filter ] --START--
INFO: Run Behavior\WriteHtmlCacheBehavior [ RunTime:0.000139s ]
INFO: [ view_filter ] --END-- [ RunTime:0.000161s ]
INFO: [ app_end ] --START--
INFO: Run Behavior\ShowPageTraceBehavior [ RunTime:0.000461s ]
INFO: [ app_end ] --END-- [ RunTime:0.000490s ]

[ 2016-12-03T09:34:50+08:00 ] ::1 /jb555host/PersonalTailor/index.php/ManufactorAdmin/Product/list_product.html
INFO: [ app_init ] --START--
INFO: Run Behavior\BuildLiteBehavior [ RunTime:0.000009s ]
INFO: [ app_init ] --END-- [ RunTime:0.000220s ]
INFO: [ app_begin ] --START--
INFO: Run Behavior\ReadHtmlCacheBehavior [ RunTime:0.000421s ]
INFO: [ app_begin ] --END-- [ RunTime:0.000455s ]
SQL: SHOW COLUMNS FROM `tb_product` [ RunTime:0.0251s ]
SQL: SHOW COLUMNS FROM `tb_shop` [ RunTime:0.0242s ]
SQL: SELECT `id` FROM `tb_shop` WHERE ( manufactor_id=14 ) LIMIT 1   [ RunTime:0.0233s ]
SQL: SELECT * FROM `tb_product` WHERE `shop_id` = 4 AND `status` = 1  [ RunTime:0.0247s ]
SQL: SHOW COLUMNS FROM `tb_productimg` [ RunTime:0.0241s ]
SQL: SELECT * FROM `tb_productimg` WHERE ( 1=1 AND product_id='44' ) LIMIT 1   [ RunTime:0.0231s ]
SQL: SELECT * FROM `tb_productimg` WHERE ( 1=1 AND product_id='45' ) LIMIT 1   [ RunTime:0.0229s ]
SQL: SELECT * FROM `tb_productimg` WHERE ( 1=1 AND product_id='46' ) LIMIT 1   [ RunTime:0.0231s ]
INFO: [ view_parse ] --START--
INFO: [ template_filter ] --START--
INFO: Run Behavior\ContentReplaceBehavior [ RunTime:0.000213s ]
INFO: [ template_filter ] --END-- [ RunTime:0.000261s ]
INFO: Run Behavior\ParseTemplateBehavior [ RunTime:0.107354s ]
INFO: [ view_parse ] --END-- [ RunTime:0.107414s ]
INFO: [ view_filter ] --START--
INFO: Run Behavior\WriteHtmlCacheBehavior [ RunTime:0.000211s ]
INFO: [ view_filter ] --END-- [ RunTime:0.000234s ]
INFO: [ app_end ] --START--
INFO: Run Behavior\ShowPageTraceBehavior [ RunTime:0.000453s ]
INFO: [ app_end ] --END-- [ RunTime:0.000500s ]

[ 2016-12-03T09:34:53+08:00 ] ::1 /jb555host/PersonalTailor/index.php/ManufactorAdmin/Product/list_product.html
INFO: [ app_init ] --START--
INFO: Run Behavior\BuildLiteBehavior [ RunTime:0.000008s ]
INFO: [ app_init ] --END-- [ RunTime:0.000215s ]
INFO: [ app_begin ] --START--
INFO: Run Behavior\ReadHtmlCacheBehavior [ RunTime:0.000331s ]
INFO: [ app_begin ] --END-- [ RunTime:0.000365s ]
SQL: SHOW COLUMNS FROM `tb_product` [ RunTime:0.0261s ]
SQL: SHOW COLUMNS FROM `tb_shop` [ RunTime:0.0253s ]
SQL: SELECT `id` FROM `tb_shop` WHERE ( manufactor_id=14 ) LIMIT 1   [ RunTime:0.0250s ]
SQL: SELECT * FROM `tb_product` WHERE `shop_id` = 4 AND `status` = 1  [ RunTime:0.0250s ]
SQL: SHOW COLUMNS FROM `tb_productimg` [ RunTime:0.0252s ]
SQL: SELECT * FROM `tb_productimg` WHERE ( 1=1 AND product_id='44' ) LIMIT 1   [ RunTime:0.0254s ]
SQL: SELECT * FROM `tb_productimg` WHERE ( 1=1 AND product_id='45' ) LIMIT 1   [ RunTime:0.0240s ]
SQL: SELECT * FROM `tb_productimg` WHERE ( 1=1 AND product_id='46' ) LIMIT 1   [ RunTime:0.0245s ]
INFO: [ view_parse ] --START--
INFO: [ template_filter ] --START--
INFO: Run Behavior\ContentReplaceBehavior [ RunTime:0.000256s ]
INFO: [ template_filter ] --END-- [ RunTime:0.000312s ]
INFO: Run Behavior\ParseTemplateBehavior [ RunTime:0.127059s ]
INFO: [ view_parse ] --END-- [ RunTime:0.127145s ]
INFO: [ view_filter ] --START--
INFO: Run Behavior\WriteHtmlCacheBehavior [ RunTime:0.000214s ]
INFO: [ view_filter ] --END-- [ RunTime:0.000238s ]
INFO: [ app_end ] --START--
INFO: Run Behavior\ShowPageTraceBehavior [ RunTime:0.000407s ]
INFO: [ app_end ] --END-- [ RunTime:0.000445s ]

[ 2016-12-03T09:34:55+08:00 ] ::1 /jb555host/PersonalTailor/index.php/ManufactorAdmin/Product/list_down_products.html
INFO: [ app_init ] --START--
INFO: Run Behavior\BuildLiteBehavior [ RunTime:0.000008s ]
INFO: [ app_init ] --END-- [ RunTime:0.000216s ]
INFO: [ app_begin ] --START--
INFO: Run Behavior\ReadHtmlCacheBehavior [ RunTime:0.000274s ]
INFO: [ app_begin ] --END-- [ RunTime:0.000309s ]
SQL: SHOW COLUMNS FROM `tb_product` [ RunTime:0.0194s ]
SQL: SHOW COLUMNS FROM `tb_shop` [ RunTime:0.0187s ]
SQL: SELECT `id` FROM `tb_shop` WHERE ( manufactor_id=14 ) LIMIT 1   [ RunTime:0.0179s ]
SQL: SELECT * FROM `tb_product` WHERE `shop_id` = 4 AND `status` = 0  [ RunTime:0.0185s ]
SQL: SHOW COLUMNS FROM `tb_productimg` [ RunTime:0.0192s ]
SQL: SELECT * FROM `tb_productimg` WHERE ( 1=1 AND product_id='50' ) LIMIT 1   [ RunTime:0.0172s ]
INFO: [ view_parse ] --START--
INFO: [ template_filter ] --START--
INFO: Run Behavior\ContentReplaceBehavior [ RunTime:0.000243s ]
INFO: [ template_filter ] --END-- [ RunTime:0.000296s ]
INFO: Run Behavior\ParseTemplateBehavior [ RunTime:0.110444s ]
INFO: [ view_parse ] --END-- [ RunTime:0.110508s ]
INFO: [ view_filter ] --START--
INFO: Run Behavior\WriteHtmlCacheBehavior [ RunTime:0.000218s ]
INFO: [ view_filter ] --END-- [ RunTime:0.000241s ]
INFO: [ app_end ] --START--
INFO: Run Behavior\ShowPageTraceBehavior [ RunTime:0.000449s ]
INFO: [ app_end ] --END-- [ RunTime:0.000476s ]

[ 2016-12-03T09:35:11+08:00 ] ::1 /jb555host/PersonalTailor/index.php/ManufactorAdmin/Product/list_down_products.html
INFO: [ app_init ] --START--
INFO: Run Behavior\BuildLiteBehavior [ RunTime:0.000011s ]
INFO: [ app_init ] --END-- [ RunTime:0.000256s ]
INFO: [ app_begin ] --START--
INFO: Run Behavior\ReadHtmlCacheBehavior [ RunTime:0.000298s ]
INFO: [ app_begin ] --END-- [ RunTime:0.000332s ]
SQL: SHOW COLUMNS FROM `tb_product` [ RunTime:0.0324s ]
SQL: SHOW COLUMNS FROM `tb_shop` [ RunTime:0.0328s ]
SQL: SELECT `id` FROM `tb_shop` WHERE ( manufactor_id=14 ) LIMIT 1   [ RunTime:0.0319s ]
SQL: SELECT * FROM `tb_product` WHERE `shop_id` = 4 AND `status` = 0  [ RunTime:0.0330s ]
INFO: [ view_parse ] --START--
INFO: [ template_filter ] --START--
INFO: Run Behavior\ContentReplaceBehavior [ RunTime:0.000313s ]
INFO: [ template_filter ] --END-- [ RunTime:0.000378s ]
INFO: Run Behavior\ParseTemplateBehavior [ RunTime:0.131020s ]
INFO: [ view_parse ] --END-- [ RunTime:0.131083s ]
INFO: [ view_filter ] --START--
INFO: Run Behavior\WriteHtmlCacheBehavior [ RunTime:0.000251s ]
INFO: [ view_filter ] --END-- [ RunTime:0.000286s ]
INFO: [ app_end ] --START--
INFO: Run Behavior\ShowPageTraceBehavior [ RunTime:0.000497s ]
INFO: [ app_end ] --END-- [ RunTime:0.000559s ]

[ 2016-12-03T09:35:14+08:00 ] ::1 /jb555host/PersonalTailor/index.php/ManufactorAdmin/Product/list_product.html
INFO: [ app_init ] --START--
INFO: Run Behavior\BuildLiteBehavior [ RunTime:0.000009s ]
INFO: [ app_init ] --END-- [ RunTime:0.000217s ]
INFO: [ app_begin ] --START--
INFO: Run Behavior\ReadHtmlCacheBehavior [ RunTime:0.000273s ]
INFO: [ app_begin ] --END-- [ RunTime:0.000306s ]
SQL: SHOW COLUMNS FROM `tb_product` [ RunTime:0.0244s ]
SQL: SHOW COLUMNS FROM `tb_shop` [ RunTime:0.0238s ]
SQL: SELECT `id` FROM `tb_shop` WHERE ( manufactor_id=14 ) LIMIT 1   [ RunTime:0.0229s ]
SQL: SELECT * FROM `tb_product` WHERE `shop_id` = 4 AND `status` = 1  [ RunTime:0.0229s ]
SQL: SHOW COLUMNS FROM `tb_productimg` [ RunTime:0.0227s ]
SQL: SELECT * FROM `tb_productimg` WHERE ( 1=1 AND product_id='44' ) LIMIT 1   [ RunTime:0.0234s ]
SQL: SELECT * FROM `tb_productimg` WHERE ( 1=1 AND product_id='45' ) LIMIT 1   [ RunTime:0.0521s ]
SQL: SELECT * FROM `tb_productimg` WHERE ( 1=1 AND product_id='46' ) LIMIT 1   [ RunTime:0.0463s ]
INFO: [ view_parse ] --START--
INFO: [ template_filter ] --START--
INFO: Run Behavior\ContentReplaceBehavior [ RunTime:0.000191s ]
INFO: [ template_filter ] --END-- [ RunTime:0.000236s ]
INFO: Run Behavior\ParseTemplateBehavior [ RunTime:0.109519s ]
INFO: [ view_parse ] --END-- [ RunTime:0.109580s ]
INFO: [ view_filter ] --START--
INFO: Run Behavior\WriteHtmlCacheBehavior [ RunTime:0.000144s ]
INFO: [ view_filter ] --END-- [ RunTime:0.000167s ]
INFO: [ app_end ] --START--
INFO: Run Behavior\ShowPageTraceBehavior [ RunTime:0.000430s ]
INFO: [ app_end ] --END-- [ RunTime:0.000467s ]

