[ 2016-12-05T10:16:31+08:00 ] ::1 /PersonalTailor/ManufactorAdmin
INFO: [ app_init ] --START--
INFO: Run Behavior\BuildLiteBehavior [ RunTime:0.000011s ]
INFO: [ app_init ] --END-- [ RunTime:0.013827s ]
INFO: [ app_begin ] --START--
INFO: Run Behavior\ReadHtmlCacheBehavior [ RunTime:0.021784s ]
INFO: [ app_begin ] --END-- [ RunTime:0.021832s ]
INFO: [ view_parse ] --START--
INFO: [ template_filter ] --START--
INFO: Run Behavior\ContentReplaceBehavior [ RunTime:0.000059s ]
INFO: [ template_filter ] --END-- [ RunTime:0.000099s ]
INFO: Run Behavior\ParseTemplateBehavior [ RunTime:0.115355s ]
INFO: [ view_parse ] --END-- [ RunTime:0.115393s ]
INFO: [ view_filter ] --START--
INFO: Run Behavior\WriteHtmlCacheBehavior [ RunTime:0.013137s ]
INFO: [ view_filter ] --END-- [ RunTime:0.013172s ]

[ 2016-12-05T10:16:33+08:00 ] ::1 /PersonalTailor/index.php/ManufactorAdmin/login/login.html
INFO: [ app_init ] --START--
INFO: Run Behavior\BuildLiteBehavior [ RunTime:0.000009s ]
INFO: [ app_init ] --END-- [ RunTime:0.000228s ]
INFO: [ app_begin ] --START--
INFO: Run Behavior\ReadHtmlCacheBehavior [ RunTime:0.000291s ]
INFO: [ app_begin ] --END-- [ RunTime:0.000325s ]
INFO: [ view_parse ] --START--
NOTIC: [2] file_get_contents(./Template/ManufactorAdmin/Public/footer.html): failed to open stream: No such file or directory E:\xmapp\htdocs\PersonalTailor\ThinkPHP\Library\Think\Template.class.php 第 785 行.
INFO: [ template_filter ] --START--
INFO: Run Behavior\ContentReplaceBehavior [ RunTime:0.000034s ]
INFO: [ template_filter ] --END-- [ RunTime:0.000070s ]
INFO: Run Behavior\ParseTemplateBehavior [ RunTime:0.032734s ]
INFO: [ view_parse ] --END-- [ RunTime:0.032770s ]
INFO: [ view_filter ] --START--
INFO: Run Behavior\WriteHtmlCacheBehavior [ RunTime:0.000132s ]
INFO: [ view_filter ] --END-- [ RunTime:0.000154s ]
INFO: [ app_end ] --START--
INFO: Run Behavior\ShowPageTraceBehavior [ RunTime:0.019725s ]
INFO: [ app_end ] --END-- [ RunTime:0.019772s ]

[ 2016-12-05T10:17:46+08:00 ] ::1 /PersonalTailor/ManufactorAdmin
INFO: [ app_init ] --START--
INFO: Run Behavior\BuildLiteBehavior [ RunTime:0.000008s ]
INFO: [ app_init ] --END-- [ RunTime:0.000227s ]
INFO: [ app_begin ] --START--
INFO: Run Behavior\ReadHtmlCacheBehavior [ RunTime:0.000558s ]
INFO: [ app_begin ] --END-- [ RunTime:0.000612s ]

[ 2016-12-05T10:17:46+08:00 ] ::1 /PersonalTailor/index.php/ManufactorAdmin/login/login.html
INFO: [ app_init ] --START--
INFO: Run Behavior\BuildLiteBehavior [ RunTime:0.000007s ]
INFO: [ app_init ] --END-- [ RunTime:0.000203s ]
INFO: [ app_begin ] --START--
INFO: Run Behavior\ReadHtmlCacheBehavior [ RunTime:0.000277s ]
INFO: [ app_begin ] --END-- [ RunTime:0.000310s ]
INFO: [ view_parse ] --START--
NOTIC: [2] file_get_contents(./Template/ManufactorAdmin/Public/footer.html): failed to open stream: No such file or directory E:\xmapp\htdocs\PersonalTailor\ThinkPHP\Library\Think\Template.class.php 第 785 行.
INFO: [ template_filter ] --START--
INFO: Run Behavior\ContentReplaceBehavior [ RunTime:0.000028s ]
INFO: [ template_filter ] --END-- [ RunTime:0.000057s ]
INFO: Run Behavior\ParseTemplateBehavior [ RunTime:0.004546s ]
INFO: [ view_parse ] --END-- [ RunTime:0.004577s ]
INFO: [ view_filter ] --START--
INFO: Run Behavior\WriteHtmlCacheBehavior [ RunTime:0.000177s ]
INFO: [ view_filter ] --END-- [ RunTime:0.000200s ]
INFO: [ app_end ] --START--
INFO: Run Behavior\ShowPageTraceBehavior [ RunTime:0.000309s ]
INFO: [ app_end ] --END-- [ RunTime:0.000336s ]

[ 2016-12-05T10:17:51+08:00 ] ::1 /PersonalTailor/index.php/ManufactorAdmin/Login/feedback.html
INFO: [ app_init ] --START--
INFO: Run Behavior\BuildLiteBehavior [ RunTime:0.000008s ]
INFO: [ app_init ] --END-- [ RunTime:0.000247s ]
INFO: [ app_begin ] --START--
INFO: Run Behavior\ReadHtmlCacheBehavior [ RunTime:0.000349s ]
INFO: [ app_begin ] --END-- [ RunTime:0.000386s ]
NOTIC: [8] Use of undefined constant Is_Post - assumed 'Is_Post' E:\xmapp\htdocs\PersonalTailor\Application\ManufactorAdmin\Controller\LoginController.class.php 第 20 行.
SQL: SHOW COLUMNS FROM `tb_manufactor` [ RunTime:0.0253s ]
SQL: SELECT * FROM `tb_manufactor` WHERE `Phone` = '13850103135' AND `Password` = '123'  [ RunTime:0.0239s ]

[ 2016-12-05T10:17:52+08:00 ] ::1 /PersonalTailor/index.php/ManufactorAdmin/Index/index.html
INFO: [ app_init ] --START--
INFO: Run Behavior\BuildLiteBehavior [ RunTime:0.000022s ]
INFO: [ app_init ] --END-- [ RunTime:0.000621s ]
INFO: [ app_begin ] --START--
INFO: Run Behavior\ReadHtmlCacheBehavior [ RunTime:0.000797s ]
INFO: [ app_begin ] --END-- [ RunTime:0.000893s ]
INFO: [ view_parse ] --START--
INFO: [ template_filter ] --START--
INFO: Run Behavior\ContentReplaceBehavior [ RunTime:0.000257s ]
INFO: [ template_filter ] --END-- [ RunTime:0.000296s ]
INFO: Run Behavior\ParseTemplateBehavior [ RunTime:0.127447s ]
INFO: [ view_parse ] --END-- [ RunTime:0.127514s ]
INFO: [ view_filter ] --START--
INFO: Run Behavior\WriteHtmlCacheBehavior [ RunTime:0.000240s ]
INFO: [ view_filter ] --END-- [ RunTime:0.000266s ]
INFO: [ app_end ] --START--
INFO: Run Behavior\ShowPageTraceBehavior [ RunTime:0.000575s ]
INFO: [ app_end ] --END-- [ RunTime:0.000634s ]

[ 2016-12-05T10:18:02+08:00 ] ::1 /PersonalTailor/index.php/ManufactorAdmin/Activity/list_activities.html
INFO: [ app_init ] --START--
INFO: Run Behavior\BuildLiteBehavior [ RunTime:0.000008s ]
INFO: [ app_init ] --END-- [ RunTime:0.000228s ]
INFO: [ app_begin ] --START--
INFO: Run Behavior\ReadHtmlCacheBehavior [ RunTime:0.000287s ]
INFO: [ app_begin ] --END-- [ RunTime:0.000320s ]
SQL: SHOW COLUMNS FROM `tb_shop` [ RunTime:0.0289s ]
SQL: SHOW COLUMNS FROM `tb_shopactivity` [ RunTime:0.0288s ]
SQL: SELECT `id` FROM `tb_shop` WHERE ( manufactor_id=14 ) LIMIT 1   [ RunTime:0.0280s ]
SQL: SELECT * FROM `tb_shopactivity` WHERE `shop_id` = 4 AND `state` = 1  [ RunTime:0.0277s ]
SQL: SHOW COLUMNS FROM `tb_activitytitleimg` [ RunTime:0.0282s ]
SQL: SELECT * FROM `tb_activitytitleimg` WHERE ( 1=1 AND activity_id='53' ) LIMIT 1   [ RunTime:0.0266s ]
INFO: [ view_parse ] --START--
INFO: [ template_filter ] --START--
INFO: Run Behavior\ContentReplaceBehavior [ RunTime:0.000454s ]
INFO: [ template_filter ] --END-- [ RunTime:0.000505s ]
INFO: Run Behavior\ParseTemplateBehavior [ RunTime:0.244588s ]
INFO: [ view_parse ] --END-- [ RunTime:0.244673s ]
INFO: [ view_filter ] --START--
INFO: Run Behavior\WriteHtmlCacheBehavior [ RunTime:0.000249s ]
INFO: [ view_filter ] --END-- [ RunTime:0.000272s ]
INFO: [ app_end ] --START--
INFO: Run Behavior\ShowPageTraceBehavior [ RunTime:0.000632s ]
INFO: [ app_end ] --END-- [ RunTime:0.000678s ]

[ 2016-12-05T10:24:18+08:00 ] ::1 /PersonalTailor/index.php/ManufactorAdmin/Activity/list_activities.html
INFO: [ app_init ] --START--
INFO: Run Behavior\BuildLiteBehavior [ RunTime:0.000008s ]
INFO: [ app_init ] --END-- [ RunTime:0.000250s ]
INFO: [ app_begin ] --START--
INFO: Run Behavior\ReadHtmlCacheBehavior [ RunTime:0.000344s ]
INFO: [ app_begin ] --END-- [ RunTime:0.000380s ]
SQL: SHOW COLUMNS FROM `tb_shop` [ RunTime:0.0162s ]
SQL: SHOW COLUMNS FROM `tb_shopactivity` [ RunTime:0.0167s ]
SQL: SELECT `id` FROM `tb_shop` WHERE ( manufactor_id=14 ) LIMIT 1   [ RunTime:0.0157s ]
SQL: SELECT * FROM `tb_shopactivity` WHERE `shop_id` = 4 AND `state` = 1  [ RunTime:0.0171s ]
SQL: SHOW COLUMNS FROM `tb_activitytitleimg` [ RunTime:0.0175s ]
SQL: SELECT * FROM `tb_activitytitleimg` WHERE ( 1=1 AND activity_id='53' ) LIMIT 1   [ RunTime:0.0166s ]
INFO: [ view_parse ] --START--
INFO: [ template_filter ] --START--
INFO: Run Behavior\ContentReplaceBehavior [ RunTime:0.000706s ]
INFO: [ template_filter ] --END-- [ RunTime:0.000784s ]
INFO: Run Behavior\ParseTemplateBehavior [ RunTime:0.218911s ]
INFO: [ view_parse ] --END-- [ RunTime:0.218977s ]
INFO: [ view_filter ] --START--
INFO: Run Behavior\WriteHtmlCacheBehavior [ RunTime:0.000199s ]
INFO: [ view_filter ] --END-- [ RunTime:0.000223s ]
INFO: [ app_end ] --START--
INFO: Run Behavior\ShowPageTraceBehavior [ RunTime:0.000582s ]
INFO: [ app_end ] --END-- [ RunTime:0.000644s ]

[ 2016-12-05T10:24:20+08:00 ] ::1 /PersonalTailor/index.php/ManufactorAdmin/Activity/history_activities.html
INFO: [ app_init ] --START--
INFO: Run Behavior\BuildLiteBehavior [ RunTime:0.000008s ]
INFO: [ app_init ] --END-- [ RunTime:0.000232s ]
INFO: [ app_begin ] --START--
INFO: Run Behavior\ReadHtmlCacheBehavior [ RunTime:0.000358s ]
INFO: [ app_begin ] --END-- [ RunTime:0.000393s ]
SQL: SHOW COLUMNS FROM `tb_shop` [ RunTime:0.0219s ]
SQL: SHOW COLUMNS FROM `tb_shopactivity` [ RunTime:0.0229s ]
SQL: SELECT `id` FROM `tb_shop` WHERE ( manufactor_id=14 ) LIMIT 1   [ RunTime:0.0229s ]
SQL: SELECT * FROM `tb_shopactivity` WHERE `shop_id` = 4 AND `state` = 0  [ RunTime:0.0217s ]
INFO: [ view_parse ] --START--
INFO: [ template_filter ] --START--
INFO: Run Behavior\ContentReplaceBehavior [ RunTime:0.000385s ]
INFO: [ template_filter ] --END-- [ RunTime:0.000427s ]
INFO: Run Behavior\ParseTemplateBehavior [ RunTime:0.185336s ]
INFO: [ view_parse ] --END-- [ RunTime:0.185378s ]
INFO: [ view_filter ] --START--
INFO: Run Behavior\WriteHtmlCacheBehavior [ RunTime:0.000256s ]
INFO: [ view_filter ] --END-- [ RunTime:0.000280s ]
INFO: [ app_end ] --START--
INFO: Run Behavior\ShowPageTraceBehavior [ RunTime:0.000502s ]
INFO: [ app_end ] --END-- [ RunTime:0.000554s ]

[ 2016-12-05T10:24:22+08:00 ] ::1 /PersonalTailor/index.php/ManufactorAdmin/Activity/list_activities.html
INFO: [ app_init ] --START--
INFO: Run Behavior\BuildLiteBehavior [ RunTime:0.000008s ]
INFO: [ app_init ] --END-- [ RunTime:0.000222s ]
INFO: [ app_begin ] --START--
INFO: Run Behavior\ReadHtmlCacheBehavior [ RunTime:0.000280s ]
INFO: [ app_begin ] --END-- [ RunTime:0.000316s ]
SQL: SHOW COLUMNS FROM `tb_shop` [ RunTime:0.0231s ]
SQL: SHOW COLUMNS FROM `tb_shopactivity` [ RunTime:0.0243s ]
SQL: SELECT `id` FROM `tb_shop` WHERE ( manufactor_id=14 ) LIMIT 1   [ RunTime:0.0225s ]
SQL: SELECT * FROM `tb_shopactivity` WHERE `shop_id` = 4 AND `state` = 1  [ RunTime:0.0236s ]
SQL: SHOW COLUMNS FROM `tb_activitytitleimg` [ RunTime:0.0248s ]
SQL: SELECT * FROM `tb_activitytitleimg` WHERE ( 1=1 AND activity_id='53' ) LIMIT 1   [ RunTime:0.0234s ]
INFO: [ view_parse ] --START--
INFO: [ template_filter ] --START--
INFO: Run Behavior\ContentReplaceBehavior [ RunTime:0.000479s ]
INFO: [ template_filter ] --END-- [ RunTime:0.000527s ]
INFO: Run Behavior\ParseTemplateBehavior [ RunTime:0.205840s ]
INFO: [ view_parse ] --END-- [ RunTime:0.205905s ]
INFO: [ view_filter ] --START--
INFO: Run Behavior\WriteHtmlCacheBehavior [ RunTime:0.000143s ]
INFO: [ view_filter ] --END-- [ RunTime:0.000165s ]
INFO: [ app_end ] --START--
INFO: Run Behavior\ShowPageTraceBehavior [ RunTime:0.000361s ]
INFO: [ app_end ] --END-- [ RunTime:0.000406s ]

[ 2016-12-05T10:24:25+08:00 ] ::1 /PersonalTailor/index.php/ManufactorAdmin/Activity/list_activities.html
INFO: [ app_init ] --START--
INFO: Run Behavior\BuildLiteBehavior [ RunTime:0.000014s ]
INFO: [ app_init ] --END-- [ RunTime:0.000397s ]
INFO: [ app_begin ] --START--
INFO: Run Behavior\ReadHtmlCacheBehavior [ RunTime:0.000510s ]
INFO: [ app_begin ] --END-- [ RunTime:0.000662s ]
SQL: SHOW COLUMNS FROM `tb_shop` [ RunTime:0.0256s ]
SQL: SHOW COLUMNS FROM `tb_shopactivity` [ RunTime:0.0263s ]
SQL: SELECT `id` FROM `tb_shop` WHERE ( manufactor_id=14 ) LIMIT 1   [ RunTime:0.0253s ]
SQL: SELECT * FROM `tb_shopactivity` WHERE `shop_id` = 4 AND `state` = 1  [ RunTime:0.0261s ]
INFO: [ view_parse ] --START--
INFO: [ template_filter ] --START--
INFO: Run Behavior\ContentReplaceBehavior [ RunTime:0.000423s ]
INFO: [ template_filter ] --END-- [ RunTime:0.000464s ]
INFO: Run Behavior\ParseTemplateBehavior [ RunTime:0.198426s ]
INFO: [ view_parse ] --END-- [ RunTime:0.198502s ]
INFO: [ view_filter ] --START--
INFO: Run Behavior\WriteHtmlCacheBehavior [ RunTime:0.000181s ]
INFO: [ view_filter ] --END-- [ RunTime:0.000206s ]
INFO: [ app_end ] --START--
INFO: Run Behavior\ShowPageTraceBehavior [ RunTime:0.000368s ]
INFO: [ app_end ] --END-- [ RunTime:0.000412s ]

[ 2016-12-05T10:24:27+08:00 ] ::1 /PersonalTailor/index.php/ManufactorAdmin/Activity/history_activities.html
INFO: [ app_init ] --START--
INFO: Run Behavior\BuildLiteBehavior [ RunTime:0.000008s ]
INFO: [ app_init ] --END-- [ RunTime:0.000202s ]
INFO: [ app_begin ] --START--
INFO: Run Behavior\ReadHtmlCacheBehavior [ RunTime:0.000257s ]
INFO: [ app_begin ] --END-- [ RunTime:0.000312s ]
SQL: SHOW COLUMNS FROM `tb_shop` [ RunTime:0.0246s ]
SQL: SHOW COLUMNS FROM `tb_shopactivity` [ RunTime:0.0232s ]
SQL: SELECT `id` FROM `tb_shop` WHERE ( manufactor_id=14 ) LIMIT 1   [ RunTime:0.0233s ]
SQL: SELECT * FROM `tb_shopactivity` WHERE `shop_id` = 4 AND `state` = 0  [ RunTime:0.0232s ]
SQL: SHOW COLUMNS FROM `tb_activitytitleimg` [ RunTime:0.0235s ]
SQL: SELECT * FROM `tb_activitytitleimg` WHERE ( 1=1 AND activity_id='53' ) LIMIT 1   [ RunTime:0.0578s ]
INFO: [ view_parse ] --START--
INFO: [ template_filter ] --START--
INFO: Run Behavior\ContentReplaceBehavior [ RunTime:0.000686s ]
INFO: [ template_filter ] --END-- [ RunTime:0.000755s ]
INFO: Run Behavior\ParseTemplateBehavior [ RunTime:0.217095s ]
INFO: [ view_parse ] --END-- [ RunTime:0.217161s ]
INFO: [ view_filter ] --START--
INFO: Run Behavior\WriteHtmlCacheBehavior [ RunTime:0.000143s ]
INFO: [ view_filter ] --END-- [ RunTime:0.000167s ]
INFO: [ app_end ] --START--
INFO: Run Behavior\ShowPageTraceBehavior [ RunTime:0.000382s ]
INFO: [ app_end ] --END-- [ RunTime:0.000411s ]

[ 2016-12-05T10:30:07+08:00 ] ::1 /PersonalTailor/index.php/ManufactorAdmin/Activity/history_activities.html
INFO: [ app_init ] --START--
INFO: Run Behavior\BuildLiteBehavior [ RunTime:0.000008s ]
INFO: [ app_init ] --END-- [ RunTime:0.000250s ]
INFO: [ app_begin ] --START--
INFO: Run Behavior\ReadHtmlCacheBehavior [ RunTime:0.000351s ]
INFO: [ app_begin ] --END-- [ RunTime:0.000386s ]
SQL: SHOW COLUMNS FROM `tb_shop` [ RunTime:0.0296s ]
SQL: SHOW COLUMNS FROM `tb_shopactivity` [ RunTime:0.0297s ]
SQL: SELECT `id` FROM `tb_shop` WHERE ( manufactor_id=14 ) LIMIT 1   [ RunTime:0.0302s ]
SQL: SELECT * FROM `tb_shopactivity` WHERE `shop_id` = 4 AND `state` = 0  [ RunTime:0.0294s ]
SQL: SHOW COLUMNS FROM `tb_activitytitleimg` [ RunTime:0.0295s ]
SQL: SELECT * FROM `tb_activitytitleimg` WHERE ( 1=1 AND activity_id='53' ) LIMIT 1   [ RunTime:0.0292s ]
INFO: [ view_parse ] --START--
INFO: [ template_filter ] --START--
INFO: Run Behavior\ContentReplaceBehavior [ RunTime:0.000425s ]
INFO: [ template_filter ] --END-- [ RunTime:0.000470s ]
INFO: Run Behavior\ParseTemplateBehavior [ RunTime:0.184578s ]
INFO: [ view_parse ] --END-- [ RunTime:0.184641s ]
INFO: [ view_filter ] --START--
INFO: Run Behavior\WriteHtmlCacheBehavior [ RunTime:0.000224s ]
INFO: [ view_filter ] --END-- [ RunTime:0.000250s ]
INFO: [ app_end ] --START--
INFO: Run Behavior\ShowPageTraceBehavior [ RunTime:0.000663s ]
INFO: [ app_end ] --END-- [ RunTime:0.000719s ]

[ 2016-12-05T10:31:11+08:00 ] ::1 /PersonalTailor/index.php/ManufactorAdmin/Activity/history_activities.html
INFO: [ app_init ] --START--
INFO: Run Behavior\BuildLiteBehavior [ RunTime:0.000011s ]
INFO: [ app_init ] --END-- [ RunTime:0.000264s ]
INFO: [ app_begin ] --START--
INFO: Run Behavior\ReadHtmlCacheBehavior [ RunTime:0.000355s ]
INFO: [ app_begin ] --END-- [ RunTime:0.000390s ]
SQL: SHOW COLUMNS FROM `tb_shop` [ RunTime:0.0164s ]
SQL: SHOW COLUMNS FROM `tb_shopactivity` [ RunTime:0.0179s ]
SQL: SELECT `id` FROM `tb_shop` WHERE ( manufactor_id=14 ) LIMIT 1   [ RunTime:0.0162s ]
SQL: SELECT * FROM `tb_shopactivity` WHERE `shop_id` = 4 AND `state` = 0  [ RunTime:0.0159s ]
SQL: SHOW COLUMNS FROM `tb_activitytitleimg` [ RunTime:0.0176s ]
SQL: SELECT * FROM `tb_activitytitleimg` WHERE ( 1=1 AND activity_id='53' ) LIMIT 1   [ RunTime:0.0166s ]
INFO: [ view_parse ] --START--
INFO: [ template_filter ] --START--
INFO: Run Behavior\ContentReplaceBehavior [ RunTime:0.000387s ]
INFO: [ template_filter ] --END-- [ RunTime:0.000426s ]
INFO: Run Behavior\ParseTemplateBehavior [ RunTime:0.229029s ]
INFO: [ view_parse ] --END-- [ RunTime:0.229125s ]
INFO: [ view_filter ] --START--
INFO: Run Behavior\WriteHtmlCacheBehavior [ RunTime:0.000277s ]
INFO: [ view_filter ] --END-- [ RunTime:0.000300s ]
INFO: [ app_end ] --START--
INFO: Run Behavior\ShowPageTraceBehavior [ RunTime:0.000659s ]
INFO: [ app_end ] --END-- [ RunTime:0.000704s ]

[ 2016-12-05T10:31:14+08:00 ] ::1 /PersonalTailor/index.php/ManufactorAdmin/Activity/add_activity.html
INFO: [ app_init ] --START--
INFO: Run Behavior\BuildLiteBehavior [ RunTime:0.000009s ]
INFO: [ app_init ] --END-- [ RunTime:0.000239s ]
INFO: [ app_begin ] --START--
INFO: Run Behavior\ReadHtmlCacheBehavior [ RunTime:0.000362s ]
INFO: [ app_begin ] --END-- [ RunTime:0.000398s ]
INFO: [ view_parse ] --START--
INFO: [ template_filter ] --START--
INFO: Run Behavior\ContentReplaceBehavior [ RunTime:0.000232s ]
INFO: [ template_filter ] --END-- [ RunTime:0.000268s ]
INFO: Run Behavior\ParseTemplateBehavior [ RunTime:0.118587s ]
INFO: [ view_parse ] --END-- [ RunTime:0.118629s ]
INFO: [ view_filter ] --START--
INFO: Run Behavior\WriteHtmlCacheBehavior [ RunTime:0.000254s ]
INFO: [ view_filter ] --END-- [ RunTime:0.000278s ]
INFO: [ app_end ] --START--
INFO: Run Behavior\ShowPageTraceBehavior [ RunTime:0.000422s ]
INFO: [ app_end ] --END-- [ RunTime:0.000461s ]

[ 2016-12-05T10:31:16+08:00 ] ::1 /PersonalTailor/index.php/ManufactorAdmin/Activity/list_activities.html
INFO: [ app_init ] --START--
INFO: Run Behavior\BuildLiteBehavior [ RunTime:0.000009s ]
INFO: [ app_init ] --END-- [ RunTime:0.000235s ]
INFO: [ app_begin ] --START--
INFO: Run Behavior\ReadHtmlCacheBehavior [ RunTime:0.000295s ]
INFO: [ app_begin ] --END-- [ RunTime:0.000329s ]
SQL: SHOW COLUMNS FROM `tb_shop` [ RunTime:0.0312s ]
SQL: SHOW COLUMNS FROM `tb_shopactivity` [ RunTime:0.0326s ]
SQL: SELECT `id` FROM `tb_shop` WHERE ( manufactor_id=14 ) LIMIT 1   [ RunTime:0.0302s ]
SQL: SELECT * FROM `tb_shopactivity` WHERE `shop_id` = 4 AND `state` = 1  [ RunTime:0.0320s ]
INFO: [ view_parse ] --START--
INFO: [ template_filter ] --START--
INFO: Run Behavior\ContentReplaceBehavior [ RunTime:0.000416s ]
INFO: [ template_filter ] --END-- [ RunTime:0.000459s ]
INFO: Run Behavior\ParseTemplateBehavior [ RunTime:0.194581s ]
INFO: [ view_parse ] --END-- [ RunTime:0.194646s ]
INFO: [ view_filter ] --START--
INFO: Run Behavior\WriteHtmlCacheBehavior [ RunTime:0.000253s ]
INFO: [ view_filter ] --END-- [ RunTime:0.000279s ]
INFO: [ app_end ] --START--
INFO: Run Behavior\ShowPageTraceBehavior [ RunTime:0.000448s ]
INFO: [ app_end ] --END-- [ RunTime:0.000480s ]

[ 2016-12-05T10:31:17+08:00 ] ::1 /PersonalTailor/index.php/ManufactorAdmin/Activity/history_activities.html
INFO: [ app_init ] --START--
INFO: Run Behavior\BuildLiteBehavior [ RunTime:0.000009s ]
INFO: [ app_init ] --END-- [ RunTime:0.000238s ]
INFO: [ app_begin ] --START--
INFO: Run Behavior\ReadHtmlCacheBehavior [ RunTime:0.000301s ]
INFO: [ app_begin ] --END-- [ RunTime:0.000335s ]
SQL: SHOW COLUMNS FROM `tb_shop` [ RunTime:0.0158s ]
SQL: SHOW COLUMNS FROM `tb_shopactivity` [ RunTime:0.0153s ]
SQL: SELECT `id` FROM `tb_shop` WHERE ( manufactor_id=14 ) LIMIT 1   [ RunTime:0.0144s ]
SQL: SELECT * FROM `tb_shopactivity` WHERE `shop_id` = 4 AND `state` = 0  [ RunTime:0.0149s ]
SQL: SHOW COLUMNS FROM `tb_activitytitleimg` [ RunTime:0.0152s ]
SQL: SELECT * FROM `tb_activitytitleimg` WHERE ( 1=1 AND activity_id='53' ) LIMIT 1   [ RunTime:0.0155s ]
INFO: [ view_parse ] --START--
INFO: [ template_filter ] --START--
INFO: Run Behavior\ContentReplaceBehavior [ RunTime:0.000404s ]
INFO: [ template_filter ] --END-- [ RunTime:0.000458s ]
INFO: Run Behavior\ParseTemplateBehavior [ RunTime:0.198876s ]
INFO: [ view_parse ] --END-- [ RunTime:0.198939s ]
INFO: [ view_filter ] --START--
INFO: Run Behavior\WriteHtmlCacheBehavior [ RunTime:0.000237s ]
INFO: [ view_filter ] --END-- [ RunTime:0.000261s ]
INFO: [ app_end ] --START--
INFO: Run Behavior\ShowPageTraceBehavior [ RunTime:0.000502s ]
INFO: [ app_end ] --END-- [ RunTime:0.000541s ]

[ 2016-12-05T10:31:39+08:00 ] ::1 /PersonalTailor/index.php/ManufactorAdmin/Activity/history_activities.html
INFO: [ app_init ] --START--
INFO: Run Behavior\BuildLiteBehavior [ RunTime:0.000008s ]
INFO: [ app_init ] --END-- [ RunTime:0.000231s ]
INFO: [ app_begin ] --START--
INFO: Run Behavior\ReadHtmlCacheBehavior [ RunTime:0.000364s ]
INFO: [ app_begin ] --END-- [ RunTime:0.000401s ]
SQL: SHOW COLUMNS FROM `tb_shop` [ RunTime:0.0244s ]
SQL: SHOW COLUMNS FROM `tb_shopactivity` [ RunTime:0.0238s ]
SQL: SELECT `id` FROM `tb_shop` WHERE ( manufactor_id=14 ) LIMIT 1   [ RunTime:0.0568s ]
SQL: SELECT * FROM `tb_shopactivity` WHERE `shop_id` = 4 AND `state` = 0  [ RunTime:0.0234s ]
SQL: SHOW COLUMNS FROM `tb_activitytitleimg` [ RunTime:0.0246s ]
SQL: SELECT * FROM `tb_activitytitleimg` WHERE ( 1=1 AND activity_id='53' ) LIMIT 1   [ RunTime:0.0221s ]
INFO: [ view_parse ] --START--
INFO: [ template_filter ] --START--
INFO: Run Behavior\ContentReplaceBehavior [ RunTime:0.000484s ]
INFO: [ template_filter ] --END-- [ RunTime:0.000537s ]
INFO: Run Behavior\ParseTemplateBehavior [ RunTime:0.207041s ]
INFO: [ view_parse ] --END-- [ RunTime:0.207099s ]
INFO: [ view_filter ] --START--
INFO: Run Behavior\WriteHtmlCacheBehavior [ RunTime:0.000260s ]
INFO: [ view_filter ] --END-- [ RunTime:0.000284s ]
INFO: [ app_end ] --START--
INFO: Run Behavior\ShowPageTraceBehavior [ RunTime:0.000643s ]
INFO: [ app_end ] --END-- [ RunTime:0.000688s ]

[ 2016-12-05T10:32:44+08:00 ] ::1 /PersonalTailor/index.php/ManufactorAdmin/Activity/history_activities.html
INFO: [ app_init ] --START--
INFO: Run Behavior\BuildLiteBehavior [ RunTime:0.000010s ]
INFO: [ app_init ] --END-- [ RunTime:0.000247s ]
INFO: [ app_begin ] --START--
INFO: Run Behavior\ReadHtmlCacheBehavior [ RunTime:0.000303s ]
INFO: [ app_begin ] --END-- [ RunTime:0.000344s ]
SQL: SHOW COLUMNS FROM `tb_shop` [ RunTime:0.0222s ]
SQL: SHOW COLUMNS FROM `tb_shopactivity` [ RunTime:0.0217s ]
SQL: SELECT `id` FROM `tb_shop` WHERE ( manufactor_id=14 ) LIMIT 1   [ RunTime:0.0214s ]
SQL: SELECT * FROM `tb_shopactivity` WHERE `shop_id` = 4 AND `state` = 0  [ RunTime:0.0212s ]
SQL: SHOW COLUMNS FROM `tb_activitytitleimg` [ RunTime:0.0227s ]
SQL: SELECT * FROM `tb_activitytitleimg` WHERE ( 1=1 AND activity_id='53' ) LIMIT 1   [ RunTime:0.0211s ]
INFO: [ view_parse ] --START--
INFO: [ template_filter ] --START--
INFO: Run Behavior\ContentReplaceBehavior [ RunTime:0.000408s ]
INFO: [ template_filter ] --END-- [ RunTime:0.000470s ]
INFO: Run Behavior\ParseTemplateBehavior [ RunTime:0.212854s ]
INFO: [ view_parse ] --END-- [ RunTime:0.212946s ]
INFO: [ view_filter ] --START--
INFO: Run Behavior\WriteHtmlCacheBehavior [ RunTime:0.000237s ]
INFO: [ view_filter ] --END-- [ RunTime:0.000267s ]
INFO: [ app_end ] --START--
INFO: Run Behavior\ShowPageTraceBehavior [ RunTime:0.000668s ]
INFO: [ app_end ] --END-- [ RunTime:0.000720s ]

[ 2016-12-05T10:34:07+08:00 ] ::1 /PersonalTailor/index.php/ManufactorAdmin/Activity/history_activities.html
INFO: [ app_init ] --START--
INFO: Run Behavior\BuildLiteBehavior [ RunTime:0.000008s ]
INFO: [ app_init ] --END-- [ RunTime:0.000246s ]
INFO: [ app_begin ] --START--
INFO: Run Behavior\ReadHtmlCacheBehavior [ RunTime:0.000347s ]
INFO: [ app_begin ] --END-- [ RunTime:0.000382s ]
SQL: SHOW COLUMNS FROM `tb_shop` [ RunTime:0.0151s ]
SQL: SHOW COLUMNS FROM `tb_shopactivity` [ RunTime:0.0163s ]
SQL: SELECT `id` FROM `tb_shop` WHERE ( manufactor_id=14 ) LIMIT 1   [ RunTime:0.0144s ]
SQL: SELECT * FROM `tb_shopactivity` WHERE `shop_id` = 4 AND `state` = 0  [ RunTime:0.0159s ]
SQL: SHOW COLUMNS FROM `tb_activitytitleimg` [ RunTime:0.0150s ]
SQL: SELECT * FROM `tb_activitytitleimg` WHERE ( 1=1 AND activity_id='53' ) LIMIT 1   [ RunTime:0.0145s ]
INFO: [ view_parse ] --START--
INFO: [ template_filter ] --START--
INFO: Run Behavior\ContentReplaceBehavior [ RunTime:0.000442s ]
INFO: [ template_filter ] --END-- [ RunTime:0.000494s ]
INFO: Run Behavior\ParseTemplateBehavior [ RunTime:0.181656s ]
INFO: [ view_parse ] --END-- [ RunTime:0.181699s ]
INFO: [ view_filter ] --START--
INFO: Run Behavior\WriteHtmlCacheBehavior [ RunTime:0.000198s ]
INFO: [ view_filter ] --END-- [ RunTime:0.000222s ]
INFO: [ app_end ] --START--
INFO: Run Behavior\ShowPageTraceBehavior [ RunTime:0.000533s ]
INFO: [ app_end ] --END-- [ RunTime:0.000574s ]

[ 2016-12-05T10:34:14+08:00 ] ::1 /PersonalTailor/index.php/ManufactorAdmin/Activity/history_activities.html
INFO: [ app_init ] --START--
INFO: Run Behavior\BuildLiteBehavior [ RunTime:0.000009s ]
INFO: [ app_init ] --END-- [ RunTime:0.000245s ]
INFO: [ app_begin ] --START--
INFO: Run Behavior\ReadHtmlCacheBehavior [ RunTime:0.000388s ]
INFO: [ app_begin ] --END-- [ RunTime:0.000435s ]
SQL: SHOW COLUMNS FROM `tb_shop` [ RunTime:0.0226s ]
SQL: SHOW COLUMNS FROM `tb_shopactivity` [ RunTime:0.0226s ]
SQL: SELECT `id` FROM `tb_shop` WHERE ( manufactor_id=14 ) LIMIT 1   [ RunTime:0.0229s ]
SQL: SELECT * FROM `tb_shopactivity` WHERE `shop_id` = 4 AND `state` = 0  [ RunTime:0.0223s ]
INFO: [ view_parse ] --START--
INFO: [ template_filter ] --START--
INFO: Run Behavior\ContentReplaceBehavior [ RunTime:0.000696s ]
INFO: [ template_filter ] --END-- [ RunTime:0.000767s ]
INFO: Run Behavior\ParseTemplateBehavior [ RunTime:0.219903s ]
INFO: [ view_parse ] --END-- [ RunTime:0.219998s ]
INFO: [ view_filter ] --START--
INFO: Run Behavior\WriteHtmlCacheBehavior [ RunTime:0.000142s ]
INFO: [ view_filter ] --END-- [ RunTime:0.000165s ]
INFO: [ app_end ] --START--
INFO: Run Behavior\ShowPageTraceBehavior [ RunTime:0.000435s ]
INFO: [ app_end ] --END-- [ RunTime:0.000483s ]

[ 2016-12-05T10:35:23+08:00 ] ::1 /PersonalTailor/index.php/ManufactorAdmin/Activity/add_activity.html
INFO: [ app_init ] --START--
INFO: Run Behavior\BuildLiteBehavior [ RunTime:0.000007s ]
INFO: [ app_init ] --END-- [ RunTime:0.000221s ]
INFO: [ app_begin ] --START--
INFO: Run Behavior\ReadHtmlCacheBehavior [ RunTime:0.000351s ]
INFO: [ app_begin ] --END-- [ RunTime:0.000387s ]
INFO: [ view_parse ] --START--
INFO: [ template_filter ] --START--
INFO: Run Behavior\ContentReplaceBehavior [ RunTime:0.000231s ]
INFO: [ template_filter ] --END-- [ RunTime:0.000265s ]
INFO: Run Behavior\ParseTemplateBehavior [ RunTime:0.117775s ]
INFO: [ view_parse ] --END-- [ RunTime:0.117816s ]
INFO: [ view_filter ] --START--
INFO: Run Behavior\WriteHtmlCacheBehavior [ RunTime:0.000195s ]
INFO: [ view_filter ] --END-- [ RunTime:0.000218s ]
INFO: [ app_end ] --START--
INFO: Run Behavior\ShowPageTraceBehavior [ RunTime:0.000555s ]
INFO: [ app_end ] --END-- [ RunTime:0.000605s ]

[ 2016-12-05T10:35:24+08:00 ] ::1 /PersonalTailor/index.php/ManufactorAdmin/Activity/list_activities.html
INFO: [ app_init ] --START--
INFO: Run Behavior\BuildLiteBehavior [ RunTime:0.000009s ]
INFO: [ app_init ] --END-- [ RunTime:0.000226s ]
INFO: [ app_begin ] --START--
INFO: Run Behavior\ReadHtmlCacheBehavior [ RunTime:0.000345s ]
INFO: [ app_begin ] --END-- [ RunTime:0.000382s ]
SQL: SHOW COLUMNS FROM `tb_shop` [ RunTime:0.0230s ]
SQL: SHOW COLUMNS FROM `tb_shopactivity` [ RunTime:0.0220s ]
SQL: SELECT `id` FROM `tb_shop` WHERE ( manufactor_id=14 ) LIMIT 1   [ RunTime:0.0209s ]
SQL: SELECT * FROM `tb_shopactivity` WHERE `shop_id` = 4 AND `state` = 1  [ RunTime:0.0231s ]
INFO: [ view_parse ] --START--
INFO: [ template_filter ] --START--
INFO: Run Behavior\ContentReplaceBehavior [ RunTime:0.000434s ]
INFO: [ template_filter ] --END-- [ RunTime:0.000479s ]
INFO: Run Behavior\ParseTemplateBehavior [ RunTime:0.178586s ]
INFO: [ view_parse ] --END-- [ RunTime:0.178629s ]
INFO: [ view_filter ] --START--
INFO: Run Behavior\WriteHtmlCacheBehavior [ RunTime:0.000223s ]
INFO: [ view_filter ] --END-- [ RunTime:0.000247s ]
INFO: [ app_end ] --START--
INFO: Run Behavior\ShowPageTraceBehavior [ RunTime:0.000602s ]
INFO: [ app_end ] --END-- [ RunTime:0.000656s ]

[ 2016-12-05T10:35:25+08:00 ] ::1 /PersonalTailor/index.php/ManufactorAdmin/Activity/add_activity.html
INFO: [ app_init ] --START--
INFO: Run Behavior\BuildLiteBehavior [ RunTime:0.000008s ]
INFO: [ app_init ] --END-- [ RunTime:0.000225s ]
INFO: [ app_begin ] --START--
INFO: Run Behavior\ReadHtmlCacheBehavior [ RunTime:0.000283s ]
INFO: [ app_begin ] --END-- [ RunTime:0.000318s ]
INFO: [ view_parse ] --START--
INFO: [ template_filter ] --START--
INFO: Run Behavior\ContentReplaceBehavior [ RunTime:0.000230s ]
INFO: [ template_filter ] --END-- [ RunTime:0.000268s ]
INFO: Run Behavior\ParseTemplateBehavior [ RunTime:0.118205s ]
INFO: [ view_parse ] --END-- [ RunTime:0.118248s ]
INFO: [ view_filter ] --START--
INFO: Run Behavior\WriteHtmlCacheBehavior [ RunTime:0.000237s ]
INFO: [ view_filter ] --END-- [ RunTime:0.000264s ]
INFO: [ app_end ] --START--
INFO: Run Behavior\ShowPageTraceBehavior [ RunTime:0.000491s ]
INFO: [ app_end ] --END-- [ RunTime:0.000532s ]

[ 2016-12-05T10:35:30+08:00 ] ::1 /PersonalTailor/index.php/ManufactorAdmin/Activity/list_activities.html
INFO: [ app_init ] --START--
INFO: Run Behavior\BuildLiteBehavior [ RunTime:0.000009s ]
INFO: [ app_init ] --END-- [ RunTime:0.000229s ]
INFO: [ app_begin ] --START--
INFO: Run Behavior\ReadHtmlCacheBehavior [ RunTime:0.000287s ]
INFO: [ app_begin ] --END-- [ RunTime:0.000321s ]
SQL: SHOW COLUMNS FROM `tb_shop` [ RunTime:0.0175s ]
SQL: SHOW COLUMNS FROM `tb_shopactivity` [ RunTime:0.0167s ]
SQL: SELECT `id` FROM `tb_shop` WHERE ( manufactor_id=14 ) LIMIT 1   [ RunTime:0.0158s ]
SQL: SELECT * FROM `tb_shopactivity` WHERE `shop_id` = 4 AND `state` = 1  [ RunTime:0.0168s ]
INFO: [ view_parse ] --START--
INFO: [ template_filter ] --START--
INFO: Run Behavior\ContentReplaceBehavior [ RunTime:0.000406s ]
INFO: [ template_filter ] --END-- [ RunTime:0.000451s ]
INFO: Run Behavior\ParseTemplateBehavior [ RunTime:0.192401s ]
INFO: [ view_parse ] --END-- [ RunTime:0.192463s ]
INFO: [ view_filter ] --START--
INFO: Run Behavior\WriteHtmlCacheBehavior [ RunTime:0.000191s ]
INFO: [ view_filter ] --END-- [ RunTime:0.000215s ]
INFO: [ app_end ] --START--
INFO: Run Behavior\ShowPageTraceBehavior [ RunTime:0.000349s ]
INFO: [ app_end ] --END-- [ RunTime:0.000387s ]

[ 2016-12-05T10:35:50+08:00 ] ::1 /PersonalTailor/index.php/ManufactorAdmin/Activity/add_activity.html
INFO: [ app_init ] --START--
INFO: Run Behavior\BuildLiteBehavior [ RunTime:0.000008s ]
INFO: [ app_init ] --END-- [ RunTime:0.000223s ]
INFO: [ app_begin ] --START--
INFO: Run Behavior\ReadHtmlCacheBehavior [ RunTime:0.000286s ]
INFO: [ app_begin ] --END-- [ RunTime:0.000319s ]
INFO: [ view_parse ] --START--
INFO: [ template_filter ] --START--
INFO: Run Behavior\ContentReplaceBehavior [ RunTime:0.000230s ]
INFO: [ template_filter ] --END-- [ RunTime:0.000264s ]
INFO: Run Behavior\ParseTemplateBehavior [ RunTime:0.119339s ]
INFO: [ view_parse ] --END-- [ RunTime:0.119377s ]
INFO: [ view_filter ] --START--
INFO: Run Behavior\WriteHtmlCacheBehavior [ RunTime:0.000149s ]
INFO: [ view_filter ] --END-- [ RunTime:0.000170s ]
INFO: [ app_end ] --START--
INFO: Run Behavior\ShowPageTraceBehavior [ RunTime:0.000392s ]
INFO: [ app_end ] --END-- [ RunTime:0.000443s ]

[ 2016-12-05T10:35:53+08:00 ] ::1 /PersonalTailor/index.php/ManufactorAdmin/Activity/list_activities.html
INFO: [ app_init ] --START--
INFO: Run Behavior\BuildLiteBehavior [ RunTime:0.000008s ]
INFO: [ app_init ] --END-- [ RunTime:0.000221s ]
INFO: [ app_begin ] --START--
INFO: Run Behavior\ReadHtmlCacheBehavior [ RunTime:0.000282s ]
INFO: [ app_begin ] --END-- [ RunTime:0.000317s ]
SQL: SHOW COLUMNS FROM `tb_shop` [ RunTime:0.0226s ]
SQL: SHOW COLUMNS FROM `tb_shopactivity` [ RunTime:0.0225s ]
SQL: SELECT `id` FROM `tb_shop` WHERE ( manufactor_id=14 ) LIMIT 1   [ RunTime:0.0225s ]
SQL: SELECT * FROM `tb_shopactivity` WHERE `shop_id` = 4 AND `state` = 1  [ RunTime:0.0218s ]
INFO: [ view_parse ] --START--
INFO: [ template_filter ] --START--
INFO: Run Behavior\ContentReplaceBehavior [ RunTime:0.000774s ]
INFO: [ template_filter ] --END-- [ RunTime:0.000834s ]
INFO: Run Behavior\ParseTemplateBehavior [ RunTime:0.213949s ]
INFO: [ view_parse ] --END-- [ RunTime:0.214037s ]
INFO: [ view_filter ] --START--
INFO: Run Behavior\WriteHtmlCacheBehavior [ RunTime:0.000184s ]
INFO: [ view_filter ] --END-- [ RunTime:0.000208s ]
INFO: [ app_end ] --START--
INFO: Run Behavior\ShowPageTraceBehavior [ RunTime:0.000511s ]
INFO: [ app_end ] --END-- [ RunTime:0.000548s ]

[ 2016-12-05T10:35:55+08:00 ] ::1 /PersonalTailor/index.php/ManufactorAdmin/Product/list_product.html
INFO: [ app_init ] --START--
INFO: Run Behavior\BuildLiteBehavior [ RunTime:0.000009s ]
INFO: [ app_init ] --END-- [ RunTime:0.000231s ]
INFO: [ app_begin ] --START--
INFO: Run Behavior\ReadHtmlCacheBehavior [ RunTime:0.000334s ]
INFO: [ app_begin ] --END-- [ RunTime:0.000372s ]
SQL: SHOW COLUMNS FROM `tb_product` [ RunTime:0.0320s ]
SQL: SHOW COLUMNS FROM `tb_shop` [ RunTime:0.0315s ]
SQL: SELECT `id` FROM `tb_shop` WHERE ( manufactor_id=14 ) LIMIT 1   [ RunTime:0.0317s ]
SQL: SELECT * FROM `tb_product` WHERE `shop_id` = 4 AND `status` = 1  [ RunTime:0.0305s ]
INFO: [ view_parse ] --START--
INFO: [ template_filter ] --START--
INFO: Run Behavior\ContentReplaceBehavior [ RunTime:0.000320s ]
INFO: [ template_filter ] --END-- [ RunTime:0.000357s ]
INFO: Run Behavior\ParseTemplateBehavior [ RunTime:0.220369s ]
INFO: [ view_parse ] --END-- [ RunTime:0.220433s ]
INFO: [ view_filter ] --START--
INFO: Run Behavior\WriteHtmlCacheBehavior [ RunTime:0.000144s ]
INFO: [ view_filter ] --END-- [ RunTime:0.000168s ]
INFO: [ app_end ] --START--
INFO: Run Behavior\ShowPageTraceBehavior [ RunTime:0.000318s ]
INFO: [ app_end ] --END-- [ RunTime:0.000370s ]

[ 2016-12-05T10:43:29+08:00 ] ::1 /PersonalTailor/index.php/ManufactorAdmin/Product/list_product.html
INFO: [ app_init ] --START--
INFO: Run Behavior\BuildLiteBehavior [ RunTime:0.000008s ]
INFO: [ app_init ] --END-- [ RunTime:0.000247s ]
INFO: [ app_begin ] --START--
INFO: Run Behavior\ReadHtmlCacheBehavior [ RunTime:0.000360s ]
INFO: [ app_begin ] --END-- [ RunTime:0.000397s ]
SQL: SHOW COLUMNS FROM `tb_product` [ RunTime:0.0247s ]
SQL: SHOW COLUMNS FROM `tb_shop` [ RunTime:0.0251s ]
SQL: SELECT `id` FROM `tb_shop` WHERE ( manufactor_id=14 ) LIMIT 1   [ RunTime:0.0244s ]
SQL: SELECT * FROM `tb_product` WHERE `shop_id` = 4 AND `status` = 1  [ RunTime:0.0234s ]
INFO: [ view_parse ] --START--
INFO: [ template_filter ] --START--
INFO: Run Behavior\ContentReplaceBehavior [ RunTime:0.000640s ]
INFO: [ template_filter ] --END-- [ RunTime:0.000708s ]
INFO: Run Behavior\ParseTemplateBehavior [ RunTime:0.218361s ]
INFO: [ view_parse ] --END-- [ RunTime:0.218448s ]
INFO: [ view_filter ] --START--
INFO: Run Behavior\WriteHtmlCacheBehavior [ RunTime:0.000198s ]
INFO: [ view_filter ] --END-- [ RunTime:0.000222s ]
INFO: [ app_end ] --START--
INFO: Run Behavior\ShowPageTraceBehavior [ RunTime:0.000539s ]
INFO: [ app_end ] --END-- [ RunTime:0.000582s ]

[ 2016-12-05T10:44:19+08:00 ] ::1 /PersonalTailor/index.php/ManufactorAdmin/Product/list_product.html
INFO: [ app_init ] --START--
INFO: Run Behavior\BuildLiteBehavior [ RunTime:0.000008s ]
INFO: [ app_init ] --END-- [ RunTime:0.000223s ]
INFO: [ app_begin ] --START--
INFO: Run Behavior\ReadHtmlCacheBehavior [ RunTime:0.000360s ]
INFO: [ app_begin ] --END-- [ RunTime:0.000395s ]
SQL: SHOW COLUMNS FROM `tb_product` [ RunTime:0.0231s ]
SQL: SHOW COLUMNS FROM `tb_shop` [ RunTime:0.0211s ]
SQL: SELECT `id` FROM `tb_shop` WHERE ( manufactor_id=14 ) LIMIT 1   [ RunTime:0.0215s ]
SQL: SELECT * FROM `tb_product` WHERE `shop_id` = 4 AND `status` = 1  [ RunTime:0.0210s ]
INFO: [ view_parse ] --START--
INFO: [ template_filter ] --START--
INFO: Run Behavior\ContentReplaceBehavior [ RunTime:0.000572s ]
INFO: [ template_filter ] --END-- [ RunTime:0.000636s ]
INFO: Run Behavior\ParseTemplateBehavior [ RunTime:0.215755s ]
INFO: [ view_parse ] --END-- [ RunTime:0.215885s ]
INFO: [ view_filter ] --START--
INFO: Run Behavior\WriteHtmlCacheBehavior [ RunTime:0.000239s ]
INFO: [ view_filter ] --END-- [ RunTime:0.000265s ]
INFO: [ app_end ] --START--
INFO: Run Behavior\ShowPageTraceBehavior [ RunTime:0.000517s ]
INFO: [ app_end ] --END-- [ RunTime:0.000572s ]

[ 2016-12-05T10:53:00+08:00 ] ::1 /PersonalTailor/index.php/ManufactorAdmin/Product/list_product.html
INFO: [ app_init ] --START--
INFO: Run Behavior\BuildLiteBehavior [ RunTime:0.000010s ]
INFO: [ app_init ] --END-- [ RunTime:0.000256s ]
INFO: [ app_begin ] --START--
INFO: Run Behavior\ReadHtmlCacheBehavior [ RunTime:0.000362s ]
INFO: [ app_begin ] --END-- [ RunTime:0.000402s ]
SQL: SHOW COLUMNS FROM `tb_product` [ RunTime:0.0226s ]
SQL: SHOW COLUMNS FROM `tb_shop` [ RunTime:0.0221s ]
SQL: SELECT `id` FROM `tb_shop` WHERE ( manufactor_id=14 ) LIMIT 1   [ RunTime:0.0214s ]
SQL: SELECT * FROM `tb_product` WHERE `shop_id` = 4 AND `status` = 1  [ RunTime:0.0231s ]
INFO: [ view_parse ] --START--
INFO: [ template_filter ] --START--
INFO: Run Behavior\ContentReplaceBehavior [ RunTime:0.000577s ]
INFO: [ template_filter ] --END-- [ RunTime:0.000642s ]
INFO: Run Behavior\ParseTemplateBehavior [ RunTime:0.214412s ]
INFO: [ view_parse ] --END-- [ RunTime:0.214507s ]
INFO: [ view_filter ] --START--
INFO: Run Behavior\WriteHtmlCacheBehavior [ RunTime:0.000216s ]
INFO: [ view_filter ] --END-- [ RunTime:0.000244s ]
INFO: [ app_end ] --START--
INFO: Run Behavior\ShowPageTraceBehavior [ RunTime:0.000565s ]
INFO: [ app_end ] --END-- [ RunTime:0.000624s ]

[ 2016-12-05T10:53:03+08:00 ] ::1 /PersonalTailor/index.php/ManufactorAdmin/Product/list_product.html
INFO: [ app_init ] --START--
INFO: Run Behavior\BuildLiteBehavior [ RunTime:0.000008s ]
INFO: [ app_init ] --END-- [ RunTime:0.000220s ]
INFO: [ app_begin ] --START--
INFO: Run Behavior\ReadHtmlCacheBehavior [ RunTime:0.000346s ]
INFO: [ app_begin ] --END-- [ RunTime:0.000382s ]
SQL: SHOW COLUMNS FROM `tb_product` [ RunTime:0.0172s ]
SQL: SHOW COLUMNS FROM `tb_shop` [ RunTime:0.0184s ]
SQL: SELECT `id` FROM `tb_shop` WHERE ( manufactor_id=14 ) LIMIT 1   [ RunTime:0.0171s ]
SQL: SELECT * FROM `tb_product` WHERE `shop_id` = 4 AND `status` = 1  [ RunTime:0.0177s ]
INFO: [ view_parse ] --START--
INFO: [ template_filter ] --START--
INFO: Run Behavior\ContentReplaceBehavior [ RunTime:0.000580s ]
INFO: [ template_filter ] --END-- [ RunTime:0.000649s ]
INFO: Run Behavior\ParseTemplateBehavior [ RunTime:0.212706s ]
INFO: [ view_parse ] --END-- [ RunTime:0.212794s ]
INFO: [ view_filter ] --START--
INFO: Run Behavior\WriteHtmlCacheBehavior [ RunTime:0.000192s ]
INFO: [ view_filter ] --END-- [ RunTime:0.000216s ]
INFO: [ app_end ] --START--
INFO: Run Behavior\ShowPageTraceBehavior [ RunTime:0.000435s ]
INFO: [ app_end ] --END-- [ RunTime:0.000464s ]

[ 2016-12-05T10:53:18+08:00 ] ::1 /PersonalTailor/index.php/ManufactorAdmin/Activity/history_activities.html
INFO: [ app_init ] --START--
INFO: Run Behavior\BuildLiteBehavior [ RunTime:0.000009s ]
INFO: [ app_init ] --END-- [ RunTime:0.000228s ]
INFO: [ app_begin ] --START--
INFO: Run Behavior\ReadHtmlCacheBehavior [ RunTime:0.000352s ]
INFO: [ app_begin ] --END-- [ RunTime:0.000388s ]
SQL: SHOW COLUMNS FROM `tb_shop` [ RunTime:0.0171s ]
SQL: SHOW COLUMNS FROM `tb_shopactivity` [ RunTime:0.0188s ]
SQL: SELECT `id` FROM `tb_shop` WHERE ( manufactor_id=14 ) LIMIT 1   [ RunTime:0.0168s ]
SQL: SELECT * FROM `tb_shopactivity` WHERE `shop_id` = 4 AND `state` = 0  [ RunTime:0.0176s ]
INFO: [ view_parse ] --START--
INFO: [ template_filter ] --START--
INFO: Run Behavior\ContentReplaceBehavior [ RunTime:0.000738s ]
INFO: [ template_filter ] --END-- [ RunTime:0.000819s ]
INFO: Run Behavior\ParseTemplateBehavior [ RunTime:0.215577s ]
INFO: [ view_parse ] --END-- [ RunTime:0.215668s ]
INFO: [ view_filter ] --START--
INFO: Run Behavior\WriteHtmlCacheBehavior [ RunTime:0.000222s ]
INFO: [ view_filter ] --END-- [ RunTime:0.000247s ]
INFO: [ app_end ] --START--
INFO: Run Behavior\ShowPageTraceBehavior [ RunTime:0.000548s ]
INFO: [ app_end ] --END-- [ RunTime:0.000596s ]

[ 2016-12-05T10:53:34+08:00 ] ::1 /PersonalTailor/index.php/ManufactorAdmin/Activity/history_activities.html
INFO: [ app_init ] --START--
INFO: Run Behavior\BuildLiteBehavior [ RunTime:0.000015s ]
INFO: [ app_init ] --END-- [ RunTime:0.000248s ]
INFO: [ app_begin ] --START--
INFO: Run Behavior\ReadHtmlCacheBehavior [ RunTime:0.000317s ]
INFO: [ app_begin ] --END-- [ RunTime:0.000356s ]
SQL: SHOW COLUMNS FROM `tb_shop` [ RunTime:0.0291s ]
SQL: SHOW COLUMNS FROM `tb_shopactivity` [ RunTime:0.0277s ]
SQL: SELECT `id` FROM `tb_shop` WHERE ( manufactor_id=14 ) LIMIT 1   [ RunTime:0.0265s ]
SQL: SELECT * FROM `tb_shopactivity` WHERE `shop_id` = 4 AND `state` = 0  [ RunTime:0.0269s ]
INFO: [ view_parse ] --START--
INFO: [ template_filter ] --START--
INFO: Run Behavior\ContentReplaceBehavior [ RunTime:0.000710s ]
INFO: [ template_filter ] --END-- [ RunTime:0.000779s ]
INFO: Run Behavior\ParseTemplateBehavior [ RunTime:0.228258s ]
INFO: [ view_parse ] --END-- [ RunTime:0.228357s ]
INFO: [ view_filter ] --START--
INFO: Run Behavior\WriteHtmlCacheBehavior [ RunTime:0.000253s ]
INFO: [ view_filter ] --END-- [ RunTime:0.000277s ]
INFO: [ app_end ] --START--
INFO: Run Behavior\ShowPageTraceBehavior [ RunTime:0.000474s ]
INFO: [ app_end ] --END-- [ RunTime:0.000513s ]

[ 2016-12-05T10:55:14+08:00 ] ::1 /PersonalTailor/index.php/ManufactorAdmin/Activity/history_activities.html
INFO: [ app_init ] --START--
INFO: Run Behavior\BuildLiteBehavior [ RunTime:0.000010s ]
INFO: [ app_init ] --END-- [ RunTime:0.000253s ]
INFO: [ app_begin ] --START--
INFO: Run Behavior\ReadHtmlCacheBehavior [ RunTime:0.000283s ]
INFO: [ app_begin ] --END-- [ RunTime:0.000321s ]
SQL: SHOW COLUMNS FROM `tb_shop` [ RunTime:0.0228s ]
SQL: SHOW COLUMNS FROM `tb_shopactivity` [ RunTime:0.0233s ]
SQL: SELECT `id` FROM `tb_shop` WHERE ( manufactor_id=14 ) LIMIT 1   [ RunTime:0.0225s ]
SQL: SELECT * FROM `tb_shopactivity` WHERE `shop_id` = 4 AND `state` = 0  [ RunTime:0.0222s ]
INFO: [ view_parse ] --START--
INFO: [ template_filter ] --START--
INFO: Run Behavior\ContentReplaceBehavior [ RunTime:0.000715s ]
INFO: [ template_filter ] --END-- [ RunTime:0.000813s ]
INFO: Run Behavior\ParseTemplateBehavior [ RunTime:0.229199s ]
INFO: [ view_parse ] --END-- [ RunTime:0.229268s ]
INFO: [ view_filter ] --START--
INFO: Run Behavior\WriteHtmlCacheBehavior [ RunTime:0.000236s ]
INFO: [ view_filter ] --END-- [ RunTime:0.000262s ]
INFO: [ app_end ] --START--
INFO: Run Behavior\ShowPageTraceBehavior [ RunTime:0.000657s ]
INFO: [ app_end ] --END-- [ RunTime:0.000712s ]

[ 2016-12-05T10:58:45+08:00 ] ::1 /PersonalTailor/index.php/ManufactorAdmin/Activity/history_activities.html
INFO: [ app_init ] --START--
INFO: Run Behavior\BuildLiteBehavior [ RunTime:0.000009s ]
INFO: [ app_init ] --END-- [ RunTime:0.000303s ]
INFO: [ app_begin ] --START--
INFO: Run Behavior\ReadHtmlCacheBehavior [ RunTime:0.000356s ]
INFO: [ app_begin ] --END-- [ RunTime:0.000392s ]
SQL: SHOW COLUMNS FROM `tb_shop` [ RunTime:0.0250s ]
SQL: SHOW COLUMNS FROM `tb_shopactivity` [ RunTime:0.0258s ]
SQL: SELECT `id` FROM `tb_shop` WHERE ( manufactor_id=14 ) LIMIT 1   [ RunTime:0.0233s ]
SQL: SELECT * FROM `tb_shopactivity` WHERE `shop_id` = 4 AND `state` = 0  [ RunTime:0.0248s ]
INFO: [ view_parse ] --START--
INFO: [ template_filter ] --START--
INFO: Run Behavior\ContentReplaceBehavior [ RunTime:0.000413s ]
INFO: [ template_filter ] --END-- [ RunTime:0.000469s ]
INFO: Run Behavior\ParseTemplateBehavior [ RunTime:0.180203s ]
INFO: [ view_parse ] --END-- [ RunTime:0.180254s ]
INFO: [ view_filter ] --START--
INFO: Run Behavior\WriteHtmlCacheBehavior [ RunTime:0.000268s ]
INFO: [ view_filter ] --END-- [ RunTime:0.000293s ]
INFO: [ app_end ] --START--
INFO: Run Behavior\ShowPageTraceBehavior [ RunTime:0.000612s ]
INFO: [ app_end ] --END-- [ RunTime:0.000656s ]

[ 2016-12-05T10:59:13+08:00 ] ::1 /PersonalTailor/index.php/ManufactorAdmin/Activity/history_activities.html
INFO: [ app_init ] --START--
INFO: Run Behavior\BuildLiteBehavior [ RunTime:0.000008s ]
INFO: [ app_init ] --END-- [ RunTime:0.000226s ]
INFO: [ app_begin ] --START--
INFO: Run Behavior\ReadHtmlCacheBehavior [ RunTime:0.000282s ]
INFO: [ app_begin ] --END-- [ RunTime:0.000317s ]
SQL: SHOW COLUMNS FROM `tb_shop` [ RunTime:0.0227s ]
SQL: SHOW COLUMNS FROM `tb_shopactivity` [ RunTime:0.0372s ]
SQL: SELECT `id` FROM `tb_shop` WHERE ( manufactor_id=14 ) LIMIT 1   [ RunTime:0.0222s ]
SQL: SELECT * FROM `tb_shopactivity` WHERE `shop_id` = 4 AND `state` = 0  [ RunTime:0.0221s ]
INFO: [ view_parse ] --START--
INFO: [ template_filter ] --START--
INFO: Run Behavior\ContentReplaceBehavior [ RunTime:0.000710s ]
INFO: [ template_filter ] --END-- [ RunTime:0.000785s ]
INFO: Run Behavior\ParseTemplateBehavior [ RunTime:0.220893s ]
INFO: [ view_parse ] --END-- [ RunTime:0.220949s ]
INFO: [ view_filter ] --START--
INFO: Run Behavior\WriteHtmlCacheBehavior [ RunTime:0.000305s ]
INFO: [ view_filter ] --END-- [ RunTime:0.000363s ]
INFO: [ app_end ] --START--
INFO: Run Behavior\ShowPageTraceBehavior [ RunTime:0.000781s ]
INFO: [ app_end ] --END-- [ RunTime:0.000844s ]

[ 2016-12-05T10:59:20+08:00 ] ::1 /PersonalTailor/index.php/ManufactorAdmin/Activity/list_activities.html
INFO: [ app_init ] --START--
INFO: Run Behavior\BuildLiteBehavior [ RunTime:0.000009s ]
INFO: [ app_init ] --END-- [ RunTime:0.000225s ]
INFO: [ app_begin ] --START--
INFO: Run Behavior\ReadHtmlCacheBehavior [ RunTime:0.000358s ]
INFO: [ app_begin ] --END-- [ RunTime:0.000393s ]
SQL: SHOW COLUMNS FROM `tb_shop` [ RunTime:0.0233s ]
SQL: SHOW COLUMNS FROM `tb_shopactivity` [ RunTime:0.0246s ]
SQL: SELECT `id` FROM `tb_shop` WHERE ( manufactor_id=14 ) LIMIT 1   [ RunTime:0.0239s ]
SQL: SELECT * FROM `tb_shopactivity` WHERE `shop_id` = 4 AND `state` = 1  [ RunTime:0.0237s ]
INFO: [ view_parse ] --START--
INFO: [ template_filter ] --START--
INFO: Run Behavior\ContentReplaceBehavior [ RunTime:0.000849s ]
INFO: [ template_filter ] --END-- [ RunTime:0.000940s ]
INFO: Run Behavior\ParseTemplateBehavior [ RunTime:0.206216s ]
INFO: [ view_parse ] --END-- [ RunTime:0.206283s ]
INFO: [ view_filter ] --START--
INFO: Run Behavior\WriteHtmlCacheBehavior [ RunTime:0.000230s ]
INFO: [ view_filter ] --END-- [ RunTime:0.000258s ]
INFO: [ app_end ] --START--
INFO: Run Behavior\ShowPageTraceBehavior [ RunTime:0.000575s ]
INFO: [ app_end ] --END-- [ RunTime:0.000648s ]

[ 2016-12-05T10:59:21+08:00 ] ::1 /PersonalTailor/index.php/ManufactorAdmin/Activity/add_activity.html
INFO: [ app_init ] --START--
INFO: Run Behavior\BuildLiteBehavior [ RunTime:0.000008s ]
INFO: [ app_init ] --END-- [ RunTime:0.000220s ]
INFO: [ app_begin ] --START--
INFO: Run Behavior\ReadHtmlCacheBehavior [ RunTime:0.000281s ]
INFO: [ app_begin ] --END-- [ RunTime:0.000316s ]
INFO: [ view_parse ] --START--
INFO: [ template_filter ] --START--
INFO: Run Behavior\ContentReplaceBehavior [ RunTime:0.000202s ]
INFO: [ template_filter ] --END-- [ RunTime:0.000234s ]
INFO: Run Behavior\ParseTemplateBehavior [ RunTime:0.118724s ]
INFO: [ view_parse ] --END-- [ RunTime:0.118764s ]
INFO: [ view_filter ] --START--
INFO: Run Behavior\WriteHtmlCacheBehavior [ RunTime:0.000234s ]
INFO: [ view_filter ] --END-- [ RunTime:0.000260s ]
INFO: [ app_end ] --START--
INFO: Run Behavior\ShowPageTraceBehavior [ RunTime:0.000428s ]
INFO: [ app_end ] --END-- [ RunTime:0.000468s ]

[ 2016-12-05T10:59:35+08:00 ] ::1 /PersonalTailor/index.php/ManufactorAdmin/Activity/Add_feedback.html
INFO: [ app_init ] --START--
INFO: Run Behavior\BuildLiteBehavior [ RunTime:0.000009s ]
INFO: [ app_init ] --END-- [ RunTime:0.000232s ]
INFO: [ app_begin ] --START--
INFO: Run Behavior\ReadHtmlCacheBehavior [ RunTime:0.000294s ]
INFO: [ app_begin ] --END-- [ RunTime:0.000329s ]
NOTIC: [8] Use of undefined constant Is_Post - assumed 'Is_Post' E:\xmapp\htdocs\PersonalTailor\Application\ManufactorAdmin\Controller\ActivityController.class.php 第 22 行.
SQL: SHOW COLUMNS FROM `tb_shopactivity` [ RunTime:0.0250s ]
SQL: SHOW COLUMNS FROM `tb_shop` [ RunTime:0.0249s ]
SQL: SELECT `id` FROM `tb_shop` WHERE ( manufactor_id=14 ) LIMIT 1   [ RunTime:0.0244s ]
SQL: SHOW COLUMNS FROM `tb_activitytitleimg` [ RunTime:0.0247s ]
SQL: INSERT INTO `tb_shopactivity` (`title`,`introduce`,`content`,`start_time`,`end_time`,`create_date`,`state`,`shop_id`) VALUES ('1','1','1','2016-12-03','2016-12-28','2016-12-05 10:12:35','1','4') [ RunTime:0.0481s ]
SQL: SHOW COLUMNS FROM `tb_activityimg` [ RunTime:0.0249s ]
SQL: UPDATE `tb_shopactivity` SET `content`='1' WHERE ( id=54 ) [ RunTime:0.0325s ]
NOTIC: [2] call_user_func() expects parameter 1 to be a valid callback, no array or string given E:\xmapp\htdocs\PersonalTailor\ThinkPHP\Library\Think\Upload.class.php 第 182 行.
SQL: INSERT INTO `tb_activitytitleimg` (`img_path`,`activity_id`) VALUES ('./Uploads/activity_title_pic/2016-12-05/5844d8174e638.jpg','54') [ RunTime:0.0295s ]

[ 2016-12-05T10:59:35+08:00 ] ::1 /PersonalTailor/index.php/ManufactorAdmin/Activity/list_activities.html
INFO: [ app_init ] --START--
INFO: Run Behavior\BuildLiteBehavior [ RunTime:0.000012s ]
INFO: [ app_init ] --END-- [ RunTime:0.000480s ]
INFO: [ app_begin ] --START--
INFO: Run Behavior\ReadHtmlCacheBehavior [ RunTime:0.001062s ]
INFO: [ app_begin ] --END-- [ RunTime:0.001109s ]
SQL: SHOW COLUMNS FROM `tb_shop` [ RunTime:0.0236s ]
SQL: SHOW COLUMNS FROM `tb_shopactivity` [ RunTime:0.0232s ]
SQL: SELECT `id` FROM `tb_shop` WHERE ( manufactor_id=14 ) LIMIT 1   [ RunTime:0.0226s ]
SQL: SELECT * FROM `tb_shopactivity` WHERE `shop_id` = 4 AND `state` = 1  [ RunTime:0.0232s ]
SQL: SHOW COLUMNS FROM `tb_activitytitleimg` [ RunTime:0.0226s ]
SQL: SELECT * FROM `tb_activitytitleimg` WHERE ( 1=1 AND activity_id='54' ) LIMIT 1   [ RunTime:0.0230s ]
INFO: [ view_parse ] --START--
INFO: [ template_filter ] --START--
INFO: Run Behavior\ContentReplaceBehavior [ RunTime:0.000388s ]
INFO: [ template_filter ] --END-- [ RunTime:0.000456s ]
INFO: Run Behavior\ParseTemplateBehavior [ RunTime:0.209704s ]
INFO: [ view_parse ] --END-- [ RunTime:0.209790s ]
INFO: [ view_filter ] --START--
INFO: Run Behavior\WriteHtmlCacheBehavior [ RunTime:0.000513s ]
INFO: [ view_filter ] --END-- [ RunTime:0.000562s ]
INFO: [ app_end ] --START--
INFO: Run Behavior\ShowPageTraceBehavior [ RunTime:0.000862s ]
INFO: [ app_end ] --END-- [ RunTime:0.000893s ]

[ 2016-12-05T10:59:40+08:00 ] ::1 /PersonalTailor/index.php/ManufactorAdmin/Activity/list_activities.html
INFO: [ app_init ] --START--
INFO: Run Behavior\BuildLiteBehavior [ RunTime:0.000009s ]
INFO: [ app_init ] --END-- [ RunTime:0.000227s ]
INFO: [ app_begin ] --START--
INFO: Run Behavior\ReadHtmlCacheBehavior [ RunTime:0.000285s ]
INFO: [ app_begin ] --END-- [ RunTime:0.000319s ]
SQL: SHOW COLUMNS FROM `tb_shop` [ RunTime:0.0522s ]
SQL: SHOW COLUMNS FROM `tb_shopactivity` [ RunTime:0.0168s ]
SQL: SELECT `id` FROM `tb_shop` WHERE ( manufactor_id=14 ) LIMIT 1   [ RunTime:0.0164s ]
SQL: SELECT * FROM `tb_shopactivity` WHERE `shop_id` = 4 AND `state` = 1  [ RunTime:0.0177s ]
INFO: [ view_parse ] --START--
INFO: [ template_filter ] --START--
INFO: Run Behavior\ContentReplaceBehavior [ RunTime:0.000687s ]
INFO: [ template_filter ] --END-- [ RunTime:0.000758s ]
INFO: Run Behavior\ParseTemplateBehavior [ RunTime:0.217740s ]
INFO: [ view_parse ] --END-- [ RunTime:0.217828s ]
INFO: [ view_filter ] --START--
INFO: Run Behavior\WriteHtmlCacheBehavior [ RunTime:0.000201s ]
INFO: [ view_filter ] --END-- [ RunTime:0.000226s ]
INFO: [ app_end ] --START--
INFO: Run Behavior\ShowPageTraceBehavior [ RunTime:0.000416s ]
INFO: [ app_end ] --END-- [ RunTime:0.000449s ]

[ 2016-12-05T10:59:42+08:00 ] ::1 /PersonalTailor/index.php/ManufactorAdmin/Activity/history_activities.html
INFO: [ app_init ] --START--
INFO: Run Behavior\BuildLiteBehavior [ RunTime:0.000009s ]
INFO: [ app_init ] --END-- [ RunTime:0.000322s ]
INFO: [ app_begin ] --START--
INFO: Run Behavior\ReadHtmlCacheBehavior [ RunTime:0.000653s ]
INFO: [ app_begin ] --END-- [ RunTime:0.000688s ]
SQL: SHOW COLUMNS FROM `tb_shop` [ RunTime:0.0304s ]
SQL: SHOW COLUMNS FROM `tb_shopactivity` [ RunTime:0.0303s ]
SQL: SELECT `id` FROM `tb_shop` WHERE ( manufactor_id=14 ) LIMIT 1   [ RunTime:0.0299s ]
SQL: SELECT * FROM `tb_shopactivity` WHERE `shop_id` = 4 AND `state` = 0  [ RunTime:0.0316s ]
SQL: SHOW COLUMNS FROM `tb_activitytitleimg` [ RunTime:0.0299s ]
SQL: SELECT * FROM `tb_activitytitleimg` WHERE ( 1=1 AND activity_id='54' ) LIMIT 1   [ RunTime:0.0308s ]
INFO: [ view_parse ] --START--
INFO: [ template_filter ] --START--
INFO: Run Behavior\ContentReplaceBehavior [ RunTime:0.000437s ]
INFO: [ template_filter ] --END-- [ RunTime:0.000492s ]
INFO: Run Behavior\ParseTemplateBehavior [ RunTime:0.183813s ]
INFO: [ view_parse ] --END-- [ RunTime:0.183859s ]
INFO: [ view_filter ] --START--
INFO: Run Behavior\WriteHtmlCacheBehavior [ RunTime:0.000518s ]
INFO: [ view_filter ] --END-- [ RunTime:0.000554s ]
INFO: [ app_end ] --START--
INFO: Run Behavior\ShowPageTraceBehavior [ RunTime:0.000891s ]
INFO: [ app_end ] --END-- [ RunTime:0.000922s ]

[ 2016-12-05T10:59:58+08:00 ] ::1 /PersonalTailor/index.php/ManufactorAdmin/Activity/list_activities.html
INFO: [ app_init ] --START--
INFO: Run Behavior\BuildLiteBehavior [ RunTime:0.000008s ]
INFO: [ app_init ] --END-- [ RunTime:0.000227s ]
INFO: [ app_begin ] --START--
INFO: Run Behavior\ReadHtmlCacheBehavior [ RunTime:0.000347s ]
INFO: [ app_begin ] --END-- [ RunTime:0.000381s ]
SQL: SHOW COLUMNS FROM `tb_shop` [ RunTime:0.0232s ]
SQL: SHOW COLUMNS FROM `tb_shopactivity` [ RunTime:0.0228s ]
SQL: SELECT `id` FROM `tb_shop` WHERE ( manufactor_id=14 ) LIMIT 1   [ RunTime:0.0227s ]
SQL: SELECT * FROM `tb_shopactivity` WHERE `shop_id` = 4 AND `state` = 1  [ RunTime:0.0217s ]
INFO: [ view_parse ] --START--
INFO: [ template_filter ] --START--
INFO: Run Behavior\ContentReplaceBehavior [ RunTime:0.000453s ]
INFO: [ template_filter ] --END-- [ RunTime:0.000498s ]
INFO: Run Behavior\ParseTemplateBehavior [ RunTime:0.193262s ]
INFO: [ view_parse ] --END-- [ RunTime:0.193323s ]
INFO: [ view_filter ] --START--
INFO: Run Behavior\WriteHtmlCacheBehavior [ RunTime:0.000255s ]
INFO: [ view_filter ] --END-- [ RunTime:0.000281s ]
INFO: [ app_end ] --START--
INFO: Run Behavior\ShowPageTraceBehavior [ RunTime:0.000554s ]
INFO: [ app_end ] --END-- [ RunTime:0.000619s ]

[ 2016-12-05T11:00:01+08:00 ] ::1 /PersonalTailor/index.php/ManufactorAdmin/Activity/history_activities.html
INFO: [ app_init ] --START--
INFO: Run Behavior\BuildLiteBehavior [ RunTime:0.000009s ]
INFO: [ app_init ] --END-- [ RunTime:0.000319s ]
INFO: [ app_begin ] --START--
INFO: Run Behavior\ReadHtmlCacheBehavior [ RunTime:0.000654s ]
INFO: [ app_begin ] --END-- [ RunTime:0.000691s ]
SQL: SHOW COLUMNS FROM `tb_shop` [ RunTime:0.0186s ]
SQL: SHOW COLUMNS FROM `tb_shopactivity` [ RunTime:0.0181s ]
SQL: SELECT `id` FROM `tb_shop` WHERE ( manufactor_id=14 ) LIMIT 1   [ RunTime:0.0168s ]
SQL: SELECT * FROM `tb_shopactivity` WHERE `shop_id` = 4 AND `state` = 0  [ RunTime:0.0176s ]
SQL: SHOW COLUMNS FROM `tb_activitytitleimg` [ RunTime:0.0178s ]
SQL: SELECT * FROM `tb_activitytitleimg` WHERE ( 1=1 AND activity_id='54' ) LIMIT 1   [ RunTime:0.0162s ]
INFO: [ view_parse ] --START--
INFO: [ template_filter ] --START--
INFO: Run Behavior\ContentReplaceBehavior [ RunTime:0.000712s ]
INFO: [ template_filter ] --END-- [ RunTime:0.000792s ]
INFO: Run Behavior\ParseTemplateBehavior [ RunTime:0.218428s ]
INFO: [ view_parse ] --END-- [ RunTime:0.218517s ]
INFO: [ view_filter ] --START--
INFO: Run Behavior\WriteHtmlCacheBehavior [ RunTime:0.000499s ]
INFO: [ view_filter ] --END-- [ RunTime:0.000524s ]
INFO: [ app_end ] --START--
INFO: Run Behavior\ShowPageTraceBehavior [ RunTime:0.001223s ]
INFO: [ app_end ] --END-- [ RunTime:0.001273s ]

[ 2016-12-05T11:00:06+08:00 ] ::1 /PersonalTailor/index.php/ManufactorAdmin/Activity/list_activities.html
INFO: [ app_init ] --START--
INFO: Run Behavior\BuildLiteBehavior [ RunTime:0.000009s ]
INFO: [ app_init ] --END-- [ RunTime:0.000318s ]
INFO: [ app_begin ] --START--
INFO: Run Behavior\ReadHtmlCacheBehavior [ RunTime:0.000654s ]
INFO: [ app_begin ] --END-- [ RunTime:0.000689s ]
SQL: SHOW COLUMNS FROM `tb_shop` [ RunTime:0.0545s ]
SQL: SHOW COLUMNS FROM `tb_shopactivity` [ RunTime:0.0555s ]
SQL: SELECT `id` FROM `tb_shop` WHERE ( manufactor_id=14 ) LIMIT 1   [ RunTime:0.0534s ]
SQL: SELECT * FROM `tb_shopactivity` WHERE `shop_id` = 4 AND `state` = 1  [ RunTime:0.0545s ]
INFO: [ view_parse ] --START--
INFO: [ template_filter ] --START--
INFO: Run Behavior\ContentReplaceBehavior [ RunTime:0.000430s ]
INFO: [ template_filter ] --END-- [ RunTime:0.000483s ]
INFO: Run Behavior\ParseTemplateBehavior [ RunTime:0.188008s ]
INFO: [ view_parse ] --END-- [ RunTime:0.188051s ]
INFO: [ view_filter ] --START--
INFO: Run Behavior\WriteHtmlCacheBehavior [ RunTime:0.000503s ]
INFO: [ view_filter ] --END-- [ RunTime:0.000528s ]
INFO: [ app_end ] --START--
INFO: Run Behavior\ShowPageTraceBehavior [ RunTime:0.000836s ]
INFO: [ app_end ] --END-- [ RunTime:0.000876s ]

[ 2016-12-05T11:00:06+08:00 ] ::1 /PersonalTailor/index.php/ManufactorAdmin/Activity/add_activity.html
INFO: [ app_init ] --START--
INFO: Run Behavior\BuildLiteBehavior [ RunTime:0.000007s ]
INFO: [ app_init ] --END-- [ RunTime:0.000222s ]
INFO: [ app_begin ] --START--
INFO: Run Behavior\ReadHtmlCacheBehavior [ RunTime:0.000286s ]
INFO: [ app_begin ] --END-- [ RunTime:0.000320s ]
INFO: [ view_parse ] --START--
INFO: [ template_filter ] --START--
INFO: Run Behavior\ContentReplaceBehavior [ RunTime:0.000229s ]
INFO: [ template_filter ] --END-- [ RunTime:0.000263s ]
INFO: Run Behavior\ParseTemplateBehavior [ RunTime:0.117869s ]
INFO: [ view_parse ] --END-- [ RunTime:0.117941s ]
INFO: [ view_filter ] --START--
INFO: Run Behavior\WriteHtmlCacheBehavior [ RunTime:0.000226s ]
INFO: [ view_filter ] --END-- [ RunTime:0.000249s ]
INFO: [ app_end ] --START--
INFO: Run Behavior\ShowPageTraceBehavior [ RunTime:0.000631s ]
INFO: [ app_end ] --END-- [ RunTime:0.000673s ]

[ 2016-12-05T11:00:22+08:00 ] ::1 /PersonalTailor/index.php/ManufactorAdmin/Activity/Add_feedback.html
INFO: [ app_init ] --START--
INFO: Run Behavior\BuildLiteBehavior [ RunTime:0.000008s ]
INFO: [ app_init ] --END-- [ RunTime:0.000220s ]
INFO: [ app_begin ] --START--
INFO: Run Behavior\ReadHtmlCacheBehavior [ RunTime:0.000283s ]
INFO: [ app_begin ] --END-- [ RunTime:0.000319s ]
NOTIC: [8] Use of undefined constant Is_Post - assumed 'Is_Post' E:\xmapp\htdocs\PersonalTailor\Application\ManufactorAdmin\Controller\ActivityController.class.php 第 22 行.
SQL: SHOW COLUMNS FROM `tb_shopactivity` [ RunTime:0.0295s ]
SQL: SHOW COLUMNS FROM `tb_shop` [ RunTime:0.0303s ]
SQL: SELECT `id` FROM `tb_shop` WHERE ( manufactor_id=14 ) LIMIT 1   [ RunTime:0.0280s ]
SQL: SHOW COLUMNS FROM `tb_activitytitleimg` [ RunTime:0.0295s ]
SQL: INSERT INTO `tb_shopactivity` (`title`,`introduce`,`content`,`start_time`,`end_time`,`create_date`,`state`,`shop_id`) VALUES ('12','12','12','2016-12-09','2016-12-30','2016-12-05 11:12:21','1','4') [ RunTime:0.0353s ]
SQL: SHOW COLUMNS FROM `tb_activityimg` [ RunTime:0.0288s ]
SQL: UPDATE `tb_shopactivity` SET `content`='12' WHERE ( id=55 ) [ RunTime:0.0383s ]
NOTIC: [2] call_user_func() expects parameter 1 to be a valid callback, no array or string given E:\xmapp\htdocs\PersonalTailor\ThinkPHP\Library\Think\Upload.class.php 第 182 行.
SQL: INSERT INTO `tb_activitytitleimg` (`img_path`,`activity_id`) VALUES ('./Uploads/activity_title_pic/2016-12-05/5844d84620839.jpg','55') [ RunTime:0.0346s ]

[ 2016-12-05T11:00:22+08:00 ] ::1 /PersonalTailor/index.php/ManufactorAdmin/Activity/list_activities.html
INFO: [ app_init ] --START--
INFO: Run Behavior\BuildLiteBehavior [ RunTime:0.000028s ]
INFO: [ app_init ] --END-- [ RunTime:0.001013s ]
INFO: [ app_begin ] --START--
INFO: Run Behavior\ReadHtmlCacheBehavior [ RunTime:0.001726s ]
INFO: [ app_begin ] --END-- [ RunTime:0.001845s ]
SQL: SHOW COLUMNS FROM `tb_shop` [ RunTime:0.0289s ]
SQL: SHOW COLUMNS FROM `tb_shopactivity` [ RunTime:0.0292s ]
SQL: SELECT `id` FROM `tb_shop` WHERE ( manufactor_id=14 ) LIMIT 1   [ RunTime:0.0281s ]
SQL: SELECT * FROM `tb_shopactivity` WHERE `shop_id` = 4 AND `state` = 1  [ RunTime:0.0286s ]
SQL: SHOW COLUMNS FROM `tb_activitytitleimg` [ RunTime:0.0278s ]
SQL: SELECT * FROM `tb_activitytitleimg` WHERE ( 1=1 AND activity_id='55' ) LIMIT 1   [ RunTime:0.0277s ]
INFO: [ view_parse ] --START--
INFO: [ template_filter ] --START--
INFO: Run Behavior\ContentReplaceBehavior [ RunTime:0.000579s ]
INFO: [ template_filter ] --END-- [ RunTime:0.000637s ]
INFO: Run Behavior\ParseTemplateBehavior [ RunTime:0.193010s ]
INFO: [ view_parse ] --END-- [ RunTime:0.193059s ]
INFO: [ view_filter ] --START--
INFO: Run Behavior\WriteHtmlCacheBehavior [ RunTime:0.000320s ]
INFO: [ view_filter ] --END-- [ RunTime:0.000347s ]
INFO: [ app_end ] --START--
INFO: Run Behavior\ShowPageTraceBehavior [ RunTime:0.000534s ]
INFO: [ app_end ] --END-- [ RunTime:0.000591s ]

[ 2016-12-05T11:00:25+08:00 ] ::1 /PersonalTailor/index.php/ManufactorAdmin/Activity/list_activities.html
INFO: [ app_init ] --START--
INFO: Run Behavior\BuildLiteBehavior [ RunTime:0.000010s ]
INFO: [ app_init ] --END-- [ RunTime:0.000231s ]
INFO: [ app_begin ] --START--
INFO: Run Behavior\ReadHtmlCacheBehavior [ RunTime:0.000288s ]
INFO: [ app_begin ] --END-- [ RunTime:0.000326s ]
SQL: SHOW COLUMNS FROM `tb_shop` [ RunTime:0.0227s ]
SQL: SHOW COLUMNS FROM `tb_shopactivity` [ RunTime:0.0222s ]
SQL: SELECT `id` FROM `tb_shop` WHERE ( manufactor_id=14 ) LIMIT 1   [ RunTime:0.0210s ]
SQL: SELECT * FROM `tb_shopactivity` WHERE `shop_id` = 4 AND `state` = 1  [ RunTime:0.0219s ]
INFO: [ view_parse ] --START--
INFO: [ template_filter ] --START--
INFO: Run Behavior\ContentReplaceBehavior [ RunTime:0.000698s ]
INFO: [ template_filter ] --END-- [ RunTime:0.000767s ]
INFO: Run Behavior\ParseTemplateBehavior [ RunTime:0.223894s ]
INFO: [ view_parse ] --END-- [ RunTime:0.224006s ]
INFO: [ view_filter ] --START--
INFO: Run Behavior\WriteHtmlCacheBehavior [ RunTime:0.000296s ]
INFO: [ view_filter ] --END-- [ RunTime:0.000335s ]
INFO: [ app_end ] --START--
INFO: Run Behavior\ShowPageTraceBehavior [ RunTime:0.000574s ]
INFO: [ app_end ] --END-- [ RunTime:0.000629s ]

[ 2016-12-05T11:00:28+08:00 ] ::1 /PersonalTailor/index.php/ManufactorAdmin/Activity/history_activities.html
INFO: [ app_init ] --START--
INFO: Run Behavior\BuildLiteBehavior [ RunTime:0.000010s ]
INFO: [ app_init ] --END-- [ RunTime:0.000237s ]
INFO: [ app_begin ] --START--
INFO: Run Behavior\ReadHtmlCacheBehavior [ RunTime:0.000288s ]
INFO: [ app_begin ] --END-- [ RunTime:0.000324s ]
SQL: SHOW COLUMNS FROM `tb_shop` [ RunTime:0.0257s ]
SQL: SHOW COLUMNS FROM `tb_shopactivity` [ RunTime:0.0265s ]
SQL: SELECT `id` FROM `tb_shop` WHERE ( manufactor_id=14 ) LIMIT 1   [ RunTime:0.0244s ]
SQL: SELECT * FROM `tb_shopactivity` WHERE `shop_id` = 4 AND `state` = 0  [ RunTime:0.0254s ]
SQL: SHOW COLUMNS FROM `tb_activitytitleimg` [ RunTime:0.0267s ]
SQL: SELECT * FROM `tb_activitytitleimg` WHERE ( 1=1 AND activity_id='54' ) LIMIT 1   [ RunTime:0.0263s ]
SQL: SELECT * FROM `tb_activitytitleimg` WHERE ( 1=1 AND activity_id='55' ) LIMIT 1   [ RunTime:0.0249s ]
INFO: [ view_parse ] --START--
INFO: [ template_filter ] --START--
INFO: Run Behavior\ContentReplaceBehavior [ RunTime:0.000424s ]
INFO: [ template_filter ] --END-- [ RunTime:0.000469s ]
INFO: Run Behavior\ParseTemplateBehavior [ RunTime:0.198160s ]
INFO: [ view_parse ] --END-- [ RunTime:0.198222s ]
INFO: [ view_filter ] --START--
INFO: Run Behavior\WriteHtmlCacheBehavior [ RunTime:0.000232s ]
INFO: [ view_filter ] --END-- [ RunTime:0.000256s ]
INFO: [ app_end ] --START--
INFO: Run Behavior\ShowPageTraceBehavior [ RunTime:0.000472s ]
INFO: [ app_end ] --END-- [ RunTime:0.000530s ]

[ 2016-12-05T11:01:38+08:00 ] ::1 /PersonalTailor/index.php/ManufactorAdmin/Activity/history_activities.html
INFO: [ app_init ] --START--
INFO: Run Behavior\BuildLiteBehavior [ RunTime:0.000009s ]
INFO: [ app_init ] --END-- [ RunTime:0.000263s ]
INFO: [ app_begin ] --START--
INFO: Run Behavior\ReadHtmlCacheBehavior [ RunTime:0.000465s ]
INFO: [ app_begin ] --END-- [ RunTime:0.000502s ]
SQL: SHOW COLUMNS FROM `tb_shop` [ RunTime:0.0231s ]
SQL: SHOW COLUMNS FROM `tb_shopactivity` [ RunTime:0.0218s ]
SQL: SELECT `id` FROM `tb_shop` WHERE ( manufactor_id=14 ) LIMIT 1   [ RunTime:0.0209s ]
SQL: SELECT * FROM `tb_shopactivity` WHERE `shop_id` = 4 AND `state` = 0  [ RunTime:0.0223s ]
SQL: SHOW COLUMNS FROM `tb_activitytitleimg` [ RunTime:0.0214s ]
SQL: SELECT * FROM `tb_activitytitleimg` WHERE ( 1=1 AND activity_id='54' ) LIMIT 1   [ RunTime:0.0218s ]
SQL: SELECT * FROM `tb_activitytitleimg` WHERE ( 1=1 AND activity_id='55' ) LIMIT 1   [ RunTime:0.0228s ]
INFO: [ view_parse ] --START--
INFO: [ template_filter ] --START--
INFO: Run Behavior\ContentReplaceBehavior [ RunTime:0.000789s ]
INFO: [ template_filter ] --END-- [ RunTime:0.000876s ]
INFO: Run Behavior\ParseTemplateBehavior [ RunTime:0.227901s ]
INFO: [ view_parse ] --END-- [ RunTime:0.227997s ]
INFO: [ view_filter ] --START--
INFO: Run Behavior\WriteHtmlCacheBehavior [ RunTime:0.000363s ]
INFO: [ view_filter ] --END-- [ RunTime:0.000391s ]
INFO: [ app_end ] --START--
INFO: Run Behavior\ShowPageTraceBehavior [ RunTime:0.000728s ]
INFO: [ app_end ] --END-- [ RunTime:0.000777s ]

[ 2016-12-05T11:02:55+08:00 ] ::1 /PersonalTailor/index.php/ManufactorAdmin/Product/regist_product.html
INFO: [ app_init ] --START--
INFO: Run Behavior\BuildLiteBehavior [ RunTime:0.000008s ]
INFO: [ app_init ] --END-- [ RunTime:0.000235s ]
INFO: [ app_begin ] --START--
INFO: Run Behavior\ReadHtmlCacheBehavior [ RunTime:0.000360s ]
INFO: [ app_begin ] --END-- [ RunTime:0.000400s ]
INFO: [ view_parse ] --START--
INFO: [ template_filter ] --START--
INFO: Run Behavior\ContentReplaceBehavior [ RunTime:0.000236s ]
INFO: [ template_filter ] --END-- [ RunTime:0.000281s ]
INFO: Run Behavior\ParseTemplateBehavior [ RunTime:0.121118s ]
INFO: [ view_parse ] --END-- [ RunTime:0.121159s ]
INFO: [ view_filter ] --START--
INFO: Run Behavior\WriteHtmlCacheBehavior [ RunTime:0.000229s ]
INFO: [ view_filter ] --END-- [ RunTime:0.000254s ]
INFO: [ app_end ] --START--
INFO: Run Behavior\ShowPageTraceBehavior [ RunTime:0.000507s ]
INFO: [ app_end ] --END-- [ RunTime:0.000552s ]

[ 2016-12-05T11:02:57+08:00 ] ::1 /PersonalTailor/index.php/ManufactorAdmin/Product/list_product.html
INFO: [ app_init ] --START--
INFO: Run Behavior\BuildLiteBehavior [ RunTime:0.000008s ]
INFO: [ app_init ] --END-- [ RunTime:0.000248s ]
INFO: [ app_begin ] --START--
INFO: Run Behavior\ReadHtmlCacheBehavior [ RunTime:0.000458s ]
INFO: [ app_begin ] --END-- [ RunTime:0.000493s ]
SQL: SHOW COLUMNS FROM `tb_product` [ RunTime:0.0308s ]
SQL: SHOW COLUMNS FROM `tb_shop` [ RunTime:0.0310s ]
SQL: SELECT `id` FROM `tb_shop` WHERE ( manufactor_id=14 ) LIMIT 1   [ RunTime:0.0312s ]
SQL: SELECT * FROM `tb_product` WHERE `shop_id` = 4 AND `status` = 1  [ RunTime:0.0298s ]
INFO: [ view_parse ] --START--
INFO: [ template_filter ] --START--
INFO: Run Behavior\ContentReplaceBehavior [ RunTime:0.000396s ]
INFO: [ template_filter ] --END-- [ RunTime:0.000440s ]
INFO: Run Behavior\ParseTemplateBehavior [ RunTime:0.176021s ]
INFO: [ view_parse ] --END-- [ RunTime:0.176096s ]
INFO: [ view_filter ] --START--
INFO: Run Behavior\WriteHtmlCacheBehavior [ RunTime:0.000340s ]
INFO: [ view_filter ] --END-- [ RunTime:0.000384s ]
INFO: [ app_end ] --START--
INFO: Run Behavior\ShowPageTraceBehavior [ RunTime:0.000787s ]
INFO: [ app_end ] --END-- [ RunTime:0.000833s ]

[ 2016-12-05T11:02:59+08:00 ] ::1 /PersonalTailor/index.php/ManufactorAdmin/Product/list_down_products.html
INFO: [ app_init ] --START--
INFO: Run Behavior\BuildLiteBehavior [ RunTime:0.000008s ]
INFO: [ app_init ] --END-- [ RunTime:0.000252s ]
INFO: [ app_begin ] --START--
INFO: Run Behavior\ReadHtmlCacheBehavior [ RunTime:0.000443s ]
INFO: [ app_begin ] --END-- [ RunTime:0.000479s ]
SQL: SHOW COLUMNS FROM `tb_product` [ RunTime:0.0266s ]
SQL: SHOW COLUMNS FROM `tb_shop` [ RunTime:0.0263s ]
SQL: SELECT `id` FROM `tb_shop` WHERE ( manufactor_id=14 ) LIMIT 1   [ RunTime:0.0253s ]
SQL: SELECT * FROM `tb_product` WHERE `shop_id` = 4 AND `status` = 0  [ RunTime:0.0257s ]
INFO: [ view_parse ] --START--
INFO: [ template_filter ] --START--
INFO: Run Behavior\ContentReplaceBehavior [ RunTime:0.000577s ]
INFO: [ template_filter ] --END-- [ RunTime:0.000639s ]
INFO: Run Behavior\ParseTemplateBehavior [ RunTime:0.213470s ]
INFO: [ view_parse ] --END-- [ RunTime:0.213564s ]
INFO: [ view_filter ] --START--
INFO: Run Behavior\WriteHtmlCacheBehavior [ RunTime:0.000351s ]
INFO: [ view_filter ] --END-- [ RunTime:0.000380s ]
INFO: [ app_end ] --START--
INFO: Run Behavior\ShowPageTraceBehavior [ RunTime:0.000554s ]
INFO: [ app_end ] --END-- [ RunTime:0.000596s ]

[ 2016-12-05T11:03:01+08:00 ] ::1 /PersonalTailor/index.php/ManufactorAdmin/Product/list_product.html
INFO: [ app_init ] --START--
INFO: Run Behavior\BuildLiteBehavior [ RunTime:0.000009s ]
INFO: [ app_init ] --END-- [ RunTime:0.000225s ]
INFO: [ app_begin ] --START--
INFO: Run Behavior\ReadHtmlCacheBehavior [ RunTime:0.000286s ]
INFO: [ app_begin ] --END-- [ RunTime:0.000323s ]
SQL: SHOW COLUMNS FROM `tb_product` [ RunTime:0.0232s ]
SQL: SHOW COLUMNS FROM `tb_shop` [ RunTime:0.0229s ]
SQL: SELECT `id` FROM `tb_shop` WHERE ( manufactor_id=14 ) LIMIT 1   [ RunTime:0.0221s ]
SQL: SELECT * FROM `tb_product` WHERE `shop_id` = 4 AND `status` = 1  [ RunTime:0.0238s ]
INFO: [ view_parse ] --START--
INFO: [ template_filter ] --START--
INFO: Run Behavior\ContentReplaceBehavior [ RunTime:0.000702s ]
INFO: [ template_filter ] --END-- [ RunTime:0.000772s ]
INFO: Run Behavior\ParseTemplateBehavior [ RunTime:0.216285s ]
INFO: [ view_parse ] --END-- [ RunTime:0.216367s ]
INFO: [ view_filter ] --START--
INFO: Run Behavior\WriteHtmlCacheBehavior [ RunTime:0.000223s ]
INFO: [ view_filter ] --END-- [ RunTime:0.000247s ]
INFO: [ app_end ] --START--
INFO: Run Behavior\ShowPageTraceBehavior [ RunTime:0.000471s ]
INFO: [ app_end ] --END-- [ RunTime:0.000511s ]

[ 2016-12-05T11:03:40+08:00 ] ::1 /PersonalTailor/index.php/ManufactorAdmin/Activity/list_activities.html
INFO: [ app_init ] --START--
INFO: Run Behavior\BuildLiteBehavior [ RunTime:0.000010s ]
INFO: [ app_init ] --END-- [ RunTime:0.000260s ]
INFO: [ app_begin ] --START--
INFO: Run Behavior\ReadHtmlCacheBehavior [ RunTime:0.000512s ]
INFO: [ app_begin ] --END-- [ RunTime:0.000548s ]
SQL: SHOW COLUMNS FROM `tb_shop` [ RunTime:0.0253s ]
SQL: SHOW COLUMNS FROM `tb_shopactivity` [ RunTime:0.0243s ]
SQL: SELECT `id` FROM `tb_shop` WHERE ( manufactor_id=14 ) LIMIT 1   [ RunTime:0.0244s ]
SQL: SELECT * FROM `tb_shopactivity` WHERE `shop_id` = 4 AND `state` = 1  [ RunTime:0.0238s ]
INFO: [ view_parse ] --START--
INFO: [ template_filter ] --START--
INFO: Run Behavior\ContentReplaceBehavior [ RunTime:0.000782s ]
INFO: [ template_filter ] --END-- [ RunTime:0.000851s ]
INFO: Run Behavior\ParseTemplateBehavior [ RunTime:0.213485s ]
INFO: [ view_parse ] --END-- [ RunTime:0.213574s ]
INFO: [ view_filter ] --START--
INFO: Run Behavior\WriteHtmlCacheBehavior [ RunTime:0.000315s ]
INFO: [ view_filter ] --END-- [ RunTime:0.000341s ]
INFO: [ app_end ] --START--
INFO: Run Behavior\ShowPageTraceBehavior [ RunTime:0.000726s ]
INFO: [ app_end ] --END-- [ RunTime:0.000806s ]

[ 2016-12-05T11:03:49+08:00 ] ::1 /PersonalTailor/index.php/ManufactorAdmin/Activity/list_activities.html
INFO: [ app_init ] --START--
INFO: Run Behavior\BuildLiteBehavior [ RunTime:0.000010s ]
INFO: [ app_init ] --END-- [ RunTime:0.000257s ]
INFO: [ app_begin ] --START--
INFO: Run Behavior\ReadHtmlCacheBehavior [ RunTime:0.000468s ]
INFO: [ app_begin ] --END-- [ RunTime:0.000504s ]
SQL: SHOW COLUMNS FROM `tb_shop` [ RunTime:0.0219s ]
SQL: SHOW COLUMNS FROM `tb_shopactivity` [ RunTime:0.0232s ]
SQL: SELECT `id` FROM `tb_shop` WHERE ( manufactor_id=14 ) LIMIT 1   [ RunTime:0.0218s ]
SQL: SELECT * FROM `tb_shopactivity` WHERE `shop_id` = 4 AND `state` = 1  [ RunTime:0.0221s ]
INFO: [ view_parse ] --START--
INFO: [ template_filter ] --START--
INFO: Run Behavior\ContentReplaceBehavior [ RunTime:0.000402s ]
INFO: [ template_filter ] --END-- [ RunTime:0.000455s ]
INFO: Run Behavior\ParseTemplateBehavior [ RunTime:0.211353s ]
INFO: [ view_parse ] --END-- [ RunTime:0.211425s ]
INFO: [ view_filter ] --START--
INFO: Run Behavior\WriteHtmlCacheBehavior [ RunTime:0.000347s ]
INFO: [ view_filter ] --END-- [ RunTime:0.000372s ]
INFO: [ app_end ] --START--
INFO: Run Behavior\ShowPageTraceBehavior [ RunTime:0.000631s ]
INFO: [ app_end ] --END-- [ RunTime:0.000679s ]

[ 2016-12-05T11:03:53+08:00 ] ::1 /PersonalTailor/index.php/ManufactorAdmin/Product/list_product.html
INFO: [ app_init ] --START--
INFO: Run Behavior\BuildLiteBehavior [ RunTime:0.000010s ]
INFO: [ app_init ] --END-- [ RunTime:0.000234s ]
INFO: [ app_begin ] --START--
INFO: Run Behavior\ReadHtmlCacheBehavior [ RunTime:0.000268s ]
INFO: [ app_begin ] --END-- [ RunTime:0.000301s ]
SQL: SHOW COLUMNS FROM `tb_product` [ RunTime:0.0235s ]
SQL: SHOW COLUMNS FROM `tb_shop` [ RunTime:0.0227s ]
SQL: SELECT `id` FROM `tb_shop` WHERE ( manufactor_id=14 ) LIMIT 1   [ RunTime:0.0226s ]
SQL: SELECT * FROM `tb_product` WHERE `shop_id` = 4 AND `status` = 1  [ RunTime:0.0219s ]
INFO: [ view_parse ] --START--
INFO: [ template_filter ] --START--
INFO: Run Behavior\ContentReplaceBehavior [ RunTime:0.000638s ]
INFO: [ template_filter ] --END-- [ RunTime:0.000701s ]
INFO: Run Behavior\ParseTemplateBehavior [ RunTime:0.205061s ]
INFO: [ view_parse ] --END-- [ RunTime:0.205146s ]
INFO: [ view_filter ] --START--
INFO: Run Behavior\WriteHtmlCacheBehavior [ RunTime:0.000243s ]
INFO: [ view_filter ] --END-- [ RunTime:0.000279s ]
INFO: [ app_end ] --START--
INFO: Run Behavior\ShowPageTraceBehavior [ RunTime:0.000434s ]
INFO: [ app_end ] --END-- [ RunTime:0.000472s ]

[ 2016-12-05T11:03:57+08:00 ] ::1 /PersonalTailor/index.php/ManufactorAdmin/Activity/add_activity.html
INFO: [ app_init ] --START--
INFO: Run Behavior\BuildLiteBehavior [ RunTime:0.000010s ]
INFO: [ app_init ] --END-- [ RunTime:0.000270s ]
INFO: [ app_begin ] --START--
INFO: Run Behavior\ReadHtmlCacheBehavior [ RunTime:0.000450s ]
INFO: [ app_begin ] --END-- [ RunTime:0.000485s ]
INFO: [ view_parse ] --START--
INFO: [ template_filter ] --START--
INFO: Run Behavior\ContentReplaceBehavior [ RunTime:0.000226s ]
INFO: [ template_filter ] --END-- [ RunTime:0.000259s ]
INFO: Run Behavior\ParseTemplateBehavior [ RunTime:0.120183s ]
INFO: [ view_parse ] --END-- [ RunTime:0.120222s ]
INFO: [ view_filter ] --START--
INFO: Run Behavior\WriteHtmlCacheBehavior [ RunTime:0.000296s ]
INFO: [ view_filter ] --END-- [ RunTime:0.000330s ]
INFO: [ app_end ] --START--
INFO: Run Behavior\ShowPageTraceBehavior [ RunTime:0.000538s ]
INFO: [ app_end ] --END-- [ RunTime:0.000568s ]

[ 2016-12-05T11:03:59+08:00 ] ::1 /PersonalTailor/index.php/ManufactorAdmin/Activity/history_activities.html
INFO: [ app_init ] --START--
INFO: Run Behavior\BuildLiteBehavior [ RunTime:0.000008s ]
INFO: [ app_init ] --END-- [ RunTime:0.000225s ]
INFO: [ app_begin ] --START--
INFO: Run Behavior\ReadHtmlCacheBehavior [ RunTime:0.000288s ]
INFO: [ app_begin ] --END-- [ RunTime:0.000325s ]
SQL: SHOW COLUMNS FROM `tb_shop` [ RunTime:0.0573s ]
SQL: SHOW COLUMNS FROM `tb_shopactivity` [ RunTime:0.0227s ]
SQL: SELECT `id` FROM `tb_shop` WHERE ( manufactor_id=14 ) LIMIT 1   [ RunTime:0.0213s ]
SQL: SELECT * FROM `tb_shopactivity` WHERE `shop_id` = 4 AND `state` = 0  [ RunTime:0.0207s ]
SQL: SHOW COLUMNS FROM `tb_activitytitleimg` [ RunTime:0.0225s ]
SQL: SELECT * FROM `tb_activitytitleimg` WHERE ( 1=1 AND activity_id='54' ) LIMIT 1   [ RunTime:0.0204s ]
SQL: SELECT * FROM `tb_activitytitleimg` WHERE ( 1=1 AND activity_id='55' ) LIMIT 1   [ RunTime:0.0218s ]
INFO: [ view_parse ] --START--
INFO: [ template_filter ] --START--
INFO: Run Behavior\ContentReplaceBehavior [ RunTime:0.000449s ]
INFO: [ template_filter ] --END-- [ RunTime:0.000502s ]
INFO: Run Behavior\ParseTemplateBehavior [ RunTime:0.196194s ]
INFO: [ view_parse ] --END-- [ RunTime:0.196269s ]
INFO: [ view_filter ] --START--
INFO: Run Behavior\WriteHtmlCacheBehavior [ RunTime:0.000251s ]
INFO: [ view_filter ] --END-- [ RunTime:0.000285s ]
INFO: [ app_end ] --START--
INFO: Run Behavior\ShowPageTraceBehavior [ RunTime:0.000443s ]
INFO: [ app_end ] --END-- [ RunTime:0.000471s ]

[ 2016-12-05T11:04:02+08:00 ] ::1 /PersonalTailor/index.php/ManufactorAdmin/Activity/history_activities.html
INFO: [ app_init ] --START--
INFO: Run Behavior\BuildLiteBehavior [ RunTime:0.000009s ]
INFO: [ app_init ] --END-- [ RunTime:0.000251s ]
INFO: [ app_begin ] --START--
INFO: Run Behavior\ReadHtmlCacheBehavior [ RunTime:0.000449s ]
INFO: [ app_begin ] --END-- [ RunTime:0.000484s ]
SQL: SHOW COLUMNS FROM `tb_shop` [ RunTime:0.0234s ]
SQL: SHOW COLUMNS FROM `tb_shopactivity` [ RunTime:0.0239s ]
SQL: SELECT `id` FROM `tb_shop` WHERE ( manufactor_id=14 ) LIMIT 1   [ RunTime:0.0241s ]
SQL: SELECT * FROM `tb_shopactivity` WHERE `shop_id` = 4 AND `state` = 0  [ RunTime:0.0228s ]
SQL: SHOW COLUMNS FROM `tb_activitytitleimg` [ RunTime:0.0236s ]
SQL: SELECT * FROM `tb_activitytitleimg` WHERE ( 1=1 AND activity_id='54' ) LIMIT 1   [ RunTime:0.0228s ]
SQL: SELECT * FROM `tb_activitytitleimg` WHERE ( 1=1 AND activity_id='55' ) LIMIT 1   [ RunTime:0.0227s ]
INFO: [ view_parse ] --START--
INFO: [ template_filter ] --START--
INFO: Run Behavior\ContentReplaceBehavior [ RunTime:0.000430s ]
INFO: [ template_filter ] --END-- [ RunTime:0.000479s ]
INFO: Run Behavior\ParseTemplateBehavior [ RunTime:0.180570s ]
INFO: [ view_parse ] --END-- [ RunTime:0.180617s ]
INFO: [ view_filter ] --START--
INFO: Run Behavior\WriteHtmlCacheBehavior [ RunTime:0.000303s ]
INFO: [ view_filter ] --END-- [ RunTime:0.000328s ]
INFO: [ app_end ] --START--
INFO: Run Behavior\ShowPageTraceBehavior [ RunTime:0.000533s ]
INFO: [ app_end ] --END-- [ RunTime:0.000572s ]

[ 2016-12-05T11:04:05+08:00 ] ::1 /PersonalTailor/index.php/ManufactorAdmin/Activity/list_activities.html
INFO: [ app_init ] --START--
INFO: Run Behavior\BuildLiteBehavior [ RunTime:0.000009s ]
INFO: [ app_init ] --END-- [ RunTime:0.000255s ]
INFO: [ app_begin ] --START--
INFO: Run Behavior\ReadHtmlCacheBehavior [ RunTime:0.000447s ]
INFO: [ app_begin ] --END-- [ RunTime:0.000483s ]
SQL: SHOW COLUMNS FROM `tb_shop` [ RunTime:0.0251s ]
SQL: SHOW COLUMNS FROM `tb_shopactivity` [ RunTime:0.0270s ]
SQL: SELECT `id` FROM `tb_shop` WHERE ( manufactor_id=14 ) LIMIT 1   [ RunTime:0.0247s ]
SQL: SELECT * FROM `tb_shopactivity` WHERE `shop_id` = 4 AND `state` = 1  [ RunTime:0.0251s ]
INFO: [ view_parse ] --START--
INFO: [ template_filter ] --START--
INFO: Run Behavior\ContentReplaceBehavior [ RunTime:0.000473s ]
INFO: [ template_filter ] --END-- [ RunTime:0.000524s ]
INFO: Run Behavior\ParseTemplateBehavior [ RunTime:0.199214s ]
INFO: [ view_parse ] --END-- [ RunTime:0.199288s ]
INFO: [ view_filter ] --START--
INFO: Run Behavior\WriteHtmlCacheBehavior [ RunTime:0.000380s ]
INFO: [ view_filter ] --END-- [ RunTime:0.000406s ]
INFO: [ app_end ] --START--
INFO: Run Behavior\ShowPageTraceBehavior [ RunTime:0.000669s ]
INFO: [ app_end ] --END-- [ RunTime:0.000710s ]

[ 2016-12-05T11:04:06+08:00 ] ::1 /PersonalTailor/index.php/ManufactorAdmin/Activity/add_activity.html
INFO: [ app_init ] --START--
INFO: Run Behavior\BuildLiteBehavior [ RunTime:0.000008s ]
INFO: [ app_init ] --END-- [ RunTime:0.000219s ]
INFO: [ app_begin ] --START--
INFO: Run Behavior\ReadHtmlCacheBehavior [ RunTime:0.000281s ]
INFO: [ app_begin ] --END-- [ RunTime:0.000317s ]
INFO: [ view_parse ] --START--
INFO: [ template_filter ] --START--
INFO: Run Behavior\ContentReplaceBehavior [ RunTime:0.000203s ]
INFO: [ template_filter ] --END-- [ RunTime:0.000235s ]
INFO: Run Behavior\ParseTemplateBehavior [ RunTime:0.119915s ]
INFO: [ view_parse ] --END-- [ RunTime:0.119953s ]
INFO: [ view_filter ] --START--
INFO: Run Behavior\WriteHtmlCacheBehavior [ RunTime:0.000242s ]
INFO: [ view_filter ] --END-- [ RunTime:0.000266s ]
INFO: [ app_end ] --START--
INFO: Run Behavior\ShowPageTraceBehavior [ RunTime:0.000495s ]
INFO: [ app_end ] --END-- [ RunTime:0.000534s ]

[ 2016-12-05T11:05:00+08:00 ] ::1 /PersonalTailor/index.php/ManufactorAdmin/Activity/add_activity.html
INFO: [ app_init ] --START--
INFO: Run Behavior\BuildLiteBehavior [ RunTime:0.000008s ]
INFO: [ app_init ] --END-- [ RunTime:0.000254s ]
INFO: [ app_begin ] --START--
INFO: Run Behavior\ReadHtmlCacheBehavior [ RunTime:0.000441s ]
INFO: [ app_begin ] --END-- [ RunTime:0.000476s ]
INFO: [ view_parse ] --START--
INFO: [ template_filter ] --START--
INFO: Run Behavior\ContentReplaceBehavior [ RunTime:0.000272s ]
INFO: [ template_filter ] --END-- [ RunTime:0.000310s ]
INFO: Run Behavior\ParseTemplateBehavior [ RunTime:0.124984s ]
INFO: [ view_parse ] --END-- [ RunTime:0.125024s ]
INFO: [ view_filter ] --START--
INFO: Run Behavior\WriteHtmlCacheBehavior [ RunTime:0.000289s ]
INFO: [ view_filter ] --END-- [ RunTime:0.000314s ]
INFO: [ app_end ] --START--
INFO: Run Behavior\ShowPageTraceBehavior [ RunTime:0.000644s ]
INFO: [ app_end ] --END-- [ RunTime:0.000690s ]

[ 2016-12-05T11:05:01+08:00 ] ::1 /PersonalTailor/index.php/ManufactorAdmin/Activity/list_activities.html
INFO: [ app_init ] --START--
INFO: Run Behavior\BuildLiteBehavior [ RunTime:0.000008s ]
INFO: [ app_init ] --END-- [ RunTime:0.000250s ]
INFO: [ app_begin ] --START--
INFO: Run Behavior\ReadHtmlCacheBehavior [ RunTime:0.000443s ]
INFO: [ app_begin ] --END-- [ RunTime:0.000478s ]
SQL: SHOW COLUMNS FROM `tb_shop` [ RunTime:0.0176s ]
SQL: SHOW COLUMNS FROM `tb_shopactivity` [ RunTime:0.0178s ]
SQL: SELECT `id` FROM `tb_shop` WHERE ( manufactor_id=14 ) LIMIT 1   [ RunTime:0.0159s ]
SQL: SELECT * FROM `tb_shopactivity` WHERE `shop_id` = 4 AND `state` = 1  [ RunTime:0.0167s ]
INFO: [ view_parse ] --START--
INFO: [ template_filter ] --START--
INFO: Run Behavior\ContentReplaceBehavior [ RunTime:0.000702s ]
INFO: [ template_filter ] --END-- [ RunTime:0.000775s ]
INFO: Run Behavior\ParseTemplateBehavior [ RunTime:0.217062s ]
INFO: [ view_parse ] --END-- [ RunTime:0.217105s ]
INFO: [ view_filter ] --START--
INFO: Run Behavior\WriteHtmlCacheBehavior [ RunTime:0.000327s ]
INFO: [ view_filter ] --END-- [ RunTime:0.000354s ]
INFO: [ app_end ] --START--
INFO: Run Behavior\ShowPageTraceBehavior [ RunTime:0.000703s ]
INFO: [ app_end ] --END-- [ RunTime:0.000734s ]

[ 2016-12-05T11:05:03+08:00 ] ::1 /PersonalTailor/index.php/ManufactorAdmin/Activity/list_activities.html
INFO: [ app_init ] --START--
INFO: Run Behavior\BuildLiteBehavior [ RunTime:0.000008s ]
INFO: [ app_init ] --END-- [ RunTime:0.000224s ]
INFO: [ app_begin ] --START--
INFO: Run Behavior\ReadHtmlCacheBehavior [ RunTime:0.000348s ]
INFO: [ app_begin ] --END-- [ RunTime:0.000385s ]
SQL: SHOW COLUMNS FROM `tb_shop` [ RunTime:0.0220s ]
SQL: SHOW COLUMNS FROM `tb_shopactivity` [ RunTime:0.0230s ]
SQL: SELECT `id` FROM `tb_shop` WHERE ( manufactor_id=14 ) LIMIT 1   [ RunTime:0.0226s ]
SQL: SELECT * FROM `tb_shopactivity` WHERE `shop_id` = 4 AND `state` = 1  [ RunTime:0.0218s ]
INFO: [ view_parse ] --START--
INFO: [ template_filter ] --START--
INFO: Run Behavior\ContentReplaceBehavior [ RunTime:0.000769s ]
INFO: [ template_filter ] --END-- [ RunTime:0.000841s ]
INFO: Run Behavior\ParseTemplateBehavior [ RunTime:0.199079s ]
INFO: [ view_parse ] --END-- [ RunTime:0.199133s ]
INFO: [ view_filter ] --START--
INFO: Run Behavior\WriteHtmlCacheBehavior [ RunTime:0.000221s ]
INFO: [ view_filter ] --END-- [ RunTime:0.000244s ]
INFO: [ app_end ] --START--
INFO: Run Behavior\ShowPageTraceBehavior [ RunTime:0.000521s ]
INFO: [ app_end ] --END-- [ RunTime:0.000571s ]

[ 2016-12-05T11:05:04+08:00 ] ::1 /PersonalTailor/index.php/ManufactorAdmin/Activity/history_activities.html
INFO: [ app_init ] --START--
INFO: Run Behavior\BuildLiteBehavior [ RunTime:0.000008s ]
INFO: [ app_init ] --END-- [ RunTime:0.000255s ]
INFO: [ app_begin ] --START--
INFO: Run Behavior\ReadHtmlCacheBehavior [ RunTime:0.000436s ]
INFO: [ app_begin ] --END-- [ RunTime:0.000471s ]
SQL: SHOW COLUMNS FROM `tb_shop` [ RunTime:0.0247s ]
SQL: SHOW COLUMNS FROM `tb_shopactivity` [ RunTime:0.0260s ]
SQL: SELECT `id` FROM `tb_shop` WHERE ( manufactor_id=14 ) LIMIT 1   [ RunTime:0.0258s ]
SQL: SELECT * FROM `tb_shopactivity` WHERE `shop_id` = 4 AND `state` = 0  [ RunTime:0.0245s ]
SQL: SHOW COLUMNS FROM `tb_activitytitleimg` [ RunTime:0.0255s ]
SQL: SELECT * FROM `tb_activitytitleimg` WHERE ( 1=1 AND activity_id='54' ) LIMIT 1   [ RunTime:0.0244s ]
SQL: SELECT * FROM `tb_activitytitleimg` WHERE ( 1=1 AND activity_id='55' ) LIMIT 1   [ RunTime:0.0242s ]
INFO: [ view_parse ] --START--
INFO: [ template_filter ] --START--
INFO: Run Behavior\ContentReplaceBehavior [ RunTime:0.000696s ]
INFO: [ template_filter ] --END-- [ RunTime:0.000761s ]
INFO: Run Behavior\ParseTemplateBehavior [ RunTime:0.222726s ]
INFO: [ view_parse ] --END-- [ RunTime:0.222818s ]
INFO: [ view_filter ] --START--
INFO: Run Behavior\WriteHtmlCacheBehavior [ RunTime:0.000322s ]
INFO: [ view_filter ] --END-- [ RunTime:0.000357s ]
INFO: [ app_end ] --START--
INFO: Run Behavior\ShowPageTraceBehavior [ RunTime:0.000483s ]
INFO: [ app_end ] --END-- [ RunTime:0.000525s ]

[ 2016-12-05T11:05:11+08:00 ] ::1 /PersonalTailor/index.php/ManufactorAdmin/Activity/add_activity.html
INFO: [ app_init ] --START--
INFO: Run Behavior\BuildLiteBehavior [ RunTime:0.000008s ]
INFO: [ app_init ] --END-- [ RunTime:0.000223s ]
INFO: [ app_begin ] --START--
INFO: Run Behavior\ReadHtmlCacheBehavior [ RunTime:0.000282s ]
INFO: [ app_begin ] --END-- [ RunTime:0.000318s ]
INFO: [ view_parse ] --START--
INFO: [ template_filter ] --START--
INFO: Run Behavior\ContentReplaceBehavior [ RunTime:0.000226s ]
INFO: [ template_filter ] --END-- [ RunTime:0.000262s ]
INFO: Run Behavior\ParseTemplateBehavior [ RunTime:0.119845s ]
INFO: [ view_parse ] --END-- [ RunTime:0.119883s ]
INFO: [ view_filter ] --START--
INFO: Run Behavior\WriteHtmlCacheBehavior [ RunTime:0.000280s ]
INFO: [ view_filter ] --END-- [ RunTime:0.000302s ]
INFO: [ app_end ] --START--
INFO: Run Behavior\ShowPageTraceBehavior [ RunTime:0.000676s ]
INFO: [ app_end ] --END-- [ RunTime:0.000751s ]

[ 2016-12-05T11:05:12+08:00 ] ::1 /PersonalTailor/index.php/ManufactorAdmin/Product/regist_product.html
INFO: [ app_init ] --START--
INFO: Run Behavior\BuildLiteBehavior [ RunTime:0.000009s ]
INFO: [ app_init ] --END-- [ RunTime:0.000268s ]
INFO: [ app_begin ] --START--
INFO: Run Behavior\ReadHtmlCacheBehavior [ RunTime:0.000449s ]
INFO: [ app_begin ] --END-- [ RunTime:0.000485s ]
INFO: [ view_parse ] --START--
INFO: [ template_filter ] --START--
INFO: Run Behavior\ContentReplaceBehavior [ RunTime:0.000236s ]
INFO: [ template_filter ] --END-- [ RunTime:0.000270s ]
INFO: Run Behavior\ParseTemplateBehavior [ RunTime:0.105221s ]
INFO: [ view_parse ] --END-- [ RunTime:0.105261s ]
INFO: [ view_filter ] --START--
INFO: Run Behavior\WriteHtmlCacheBehavior [ RunTime:0.000298s ]
INFO: [ view_filter ] --END-- [ RunTime:0.000322s ]
INFO: [ app_end ] --START--
INFO: Run Behavior\ShowPageTraceBehavior [ RunTime:0.000657s ]
INFO: [ app_end ] --END-- [ RunTime:0.000691s ]

[ 2016-12-05T11:05:14+08:00 ] ::1 /PersonalTailor/index.php/ManufactorAdmin/Product/list_product.html
INFO: [ app_init ] --START--
INFO: Run Behavior\BuildLiteBehavior [ RunTime:0.000008s ]
INFO: [ app_init ] --END-- [ RunTime:0.000251s ]
INFO: [ app_begin ] --START--
INFO: Run Behavior\ReadHtmlCacheBehavior [ RunTime:0.000423s ]
INFO: [ app_begin ] --END-- [ RunTime:0.000458s ]
SQL: SHOW COLUMNS FROM `tb_product` [ RunTime:0.0239s ]
SQL: SHOW COLUMNS FROM `tb_shop` [ RunTime:0.0235s ]
SQL: SELECT `id` FROM `tb_shop` WHERE ( manufactor_id=14 ) LIMIT 1   [ RunTime:0.0221s ]
SQL: SELECT * FROM `tb_product` WHERE `shop_id` = 4 AND `status` = 1  [ RunTime:0.0217s ]
INFO: [ view_parse ] --START--
INFO: [ template_filter ] --START--
INFO: Run Behavior\ContentReplaceBehavior [ RunTime:0.000344s ]
INFO: [ template_filter ] --END-- [ RunTime:0.000389s ]
INFO: Run Behavior\ParseTemplateBehavior [ RunTime:0.172498s ]
INFO: [ view_parse ] --END-- [ RunTime:0.172538s ]
INFO: [ view_filter ] --START--
INFO: Run Behavior\WriteHtmlCacheBehavior [ RunTime:0.000285s ]
INFO: [ view_filter ] --END-- [ RunTime:0.000310s ]
INFO: [ app_end ] --START--
INFO: Run Behavior\ShowPageTraceBehavior [ RunTime:0.000587s ]
INFO: [ app_end ] --END-- [ RunTime:0.000616s ]

[ 2016-12-05T11:05:16+08:00 ] ::1 /PersonalTailor/index.php/ManufactorAdmin/Product/list_product.html
INFO: [ app_init ] --START--
INFO: Run Behavior\BuildLiteBehavior [ RunTime:0.000007s ]
INFO: [ app_init ] --END-- [ RunTime:0.000231s ]
INFO: [ app_begin ] --START--
INFO: Run Behavior\ReadHtmlCacheBehavior [ RunTime:0.000286s ]
INFO: [ app_begin ] --END-- [ RunTime:0.000322s ]
SQL: SHOW COLUMNS FROM `tb_product` [ RunTime:0.0222s ]
SQL: SHOW COLUMNS FROM `tb_shop` [ RunTime:0.0221s ]
SQL: SELECT `id` FROM `tb_shop` WHERE ( manufactor_id=14 ) LIMIT 1   [ RunTime:0.0222s ]
SQL: SELECT * FROM `tb_product` WHERE `shop_id` = 4 AND `status` = 1  [ RunTime:0.0225s ]
INFO: [ view_parse ] --START--
INFO: [ template_filter ] --START--
INFO: Run Behavior\ContentReplaceBehavior [ RunTime:0.000364s ]
INFO: [ template_filter ] --END-- [ RunTime:0.000406s ]
INFO: Run Behavior\ParseTemplateBehavior [ RunTime:0.178516s ]
INFO: [ view_parse ] --END-- [ RunTime:0.178563s ]
INFO: [ view_filter ] --START--
INFO: Run Behavior\WriteHtmlCacheBehavior [ RunTime:0.000224s ]
INFO: [ view_filter ] --END-- [ RunTime:0.000247s ]
INFO: [ app_end ] --START--
INFO: Run Behavior\ShowPageTraceBehavior [ RunTime:0.000457s ]
INFO: [ app_end ] --END-- [ RunTime:0.000496s ]

[ 2016-12-05T11:05:16+08:00 ] ::1 /PersonalTailor/index.php/ManufactorAdmin/Product/list_down_products.html
INFO: [ app_init ] --START--
INFO: Run Behavior\BuildLiteBehavior [ RunTime:0.000009s ]
INFO: [ app_init ] --END-- [ RunTime:0.000260s ]
INFO: [ app_begin ] --START--
INFO: Run Behavior\ReadHtmlCacheBehavior [ RunTime:0.000448s ]
INFO: [ app_begin ] --END-- [ RunTime:0.000485s ]
SQL: SHOW COLUMNS FROM `tb_product` [ RunTime:0.0236s ]
SQL: SHOW COLUMNS FROM `tb_shop` [ RunTime:0.0238s ]
SQL: SELECT `id` FROM `tb_shop` WHERE ( manufactor_id=14 ) LIMIT 1   [ RunTime:0.0215s ]
SQL: SELECT * FROM `tb_product` WHERE `shop_id` = 4 AND `status` = 0  [ RunTime:0.0229s ]
INFO: [ view_parse ] --START--
INFO: [ template_filter ] --START--
INFO: Run Behavior\ContentReplaceBehavior [ RunTime:0.000359s ]
INFO: [ template_filter ] --END-- [ RunTime:0.000400s ]
INFO: Run Behavior\ParseTemplateBehavior [ RunTime:0.202699s ]
INFO: [ view_parse ] --END-- [ RunTime:0.202789s ]
INFO: [ view_filter ] --START--
INFO: Run Behavior\WriteHtmlCacheBehavior [ RunTime:0.000308s ]
INFO: [ view_filter ] --END-- [ RunTime:0.000338s ]
INFO: [ app_end ] --START--
INFO: Run Behavior\ShowPageTraceBehavior [ RunTime:0.000551s ]
INFO: [ app_end ] --END-- [ RunTime:0.000595s ]

[ 2016-12-05T11:06:03+08:00 ] ::1 /PersonalTailor/index.php/ManufactorAdmin/Activity/list_activities.html
INFO: [ app_init ] --START--
INFO: Run Behavior\BuildLiteBehavior [ RunTime:0.000008s ]
INFO: [ app_init ] --END-- [ RunTime:0.000253s ]
INFO: [ app_begin ] --START--
INFO: Run Behavior\ReadHtmlCacheBehavior [ RunTime:0.000430s ]
INFO: [ app_begin ] --END-- [ RunTime:0.000466s ]
SQL: SHOW COLUMNS FROM `tb_shop` [ RunTime:0.0250s ]
SQL: SHOW COLUMNS FROM `tb_shopactivity` [ RunTime:0.0254s ]
SQL: SELECT `id` FROM `tb_shop` WHERE ( manufactor_id=14 ) LIMIT 1   [ RunTime:0.0244s ]
SQL: SELECT * FROM `tb_shopactivity` WHERE `shop_id` = 4 AND `state` = 1  [ RunTime:0.0255s ]
INFO: [ view_parse ] --START--
INFO: [ template_filter ] --START--
INFO: Run Behavior\ContentReplaceBehavior [ RunTime:0.000485s ]
INFO: [ template_filter ] --END-- [ RunTime:0.000537s ]
INFO: Run Behavior\ParseTemplateBehavior [ RunTime:0.210976s ]
INFO: [ view_parse ] --END-- [ RunTime:0.211044s ]
INFO: [ view_filter ] --START--
INFO: Run Behavior\WriteHtmlCacheBehavior [ RunTime:0.000294s ]
INFO: [ view_filter ] --END-- [ RunTime:0.000328s ]
INFO: [ app_end ] --START--
INFO: Run Behavior\ShowPageTraceBehavior [ RunTime:0.000599s ]
INFO: [ app_end ] --END-- [ RunTime:0.000641s ]

[ 2016-12-05T11:06:04+08:00 ] ::1 /PersonalTailor/index.php/ManufactorAdmin/Activity/history_activities.html
INFO: [ app_init ] --START--
INFO: Run Behavior\BuildLiteBehavior [ RunTime:0.000008s ]
INFO: [ app_init ] --END-- [ RunTime:0.000249s ]
INFO: [ app_begin ] --START--
INFO: Run Behavior\ReadHtmlCacheBehavior [ RunTime:0.000429s ]
INFO: [ app_begin ] --END-- [ RunTime:0.000464s ]
SQL: SHOW COLUMNS FROM `tb_shop` [ RunTime:0.0268s ]
SQL: SHOW COLUMNS FROM `tb_shopactivity` [ RunTime:0.0252s ]
SQL: SELECT `id` FROM `tb_shop` WHERE ( manufactor_id=14 ) LIMIT 1   [ RunTime:0.0253s ]
SQL: SELECT * FROM `tb_shopactivity` WHERE `shop_id` = 4 AND `state` = 0  [ RunTime:0.0252s ]
SQL: SHOW COLUMNS FROM `tb_activitytitleimg` [ RunTime:0.0269s ]
SQL: SELECT * FROM `tb_activitytitleimg` WHERE ( 1=1 AND activity_id='54' ) LIMIT 1   [ RunTime:0.0253s ]
SQL: SELECT * FROM `tb_activitytitleimg` WHERE ( 1=1 AND activity_id='55' ) LIMIT 1   [ RunTime:0.0254s ]
INFO: [ view_parse ] --START--
INFO: [ template_filter ] --START--
INFO: Run Behavior\ContentReplaceBehavior [ RunTime:0.000696s ]
INFO: [ template_filter ] --END-- [ RunTime:0.000778s ]
INFO: Run Behavior\ParseTemplateBehavior [ RunTime:0.219804s ]
INFO: [ view_parse ] --END-- [ RunTime:0.219893s ]
INFO: [ view_filter ] --START--
INFO: Run Behavior\WriteHtmlCacheBehavior [ RunTime:0.000326s ]
INFO: [ view_filter ] --END-- [ RunTime:0.000350s ]
INFO: [ app_end ] --START--
INFO: Run Behavior\ShowPageTraceBehavior [ RunTime:0.000502s ]
INFO: [ app_end ] --END-- [ RunTime:0.000542s ]

[ 2016-12-05T11:06:15+08:00 ] ::1 /PersonalTailor/index.php/ManufactorAdmin/Activity/history_activities.html
INFO: [ app_init ] --START--
INFO: Run Behavior\BuildLiteBehavior [ RunTime:0.000014s ]
INFO: [ app_init ] --END-- [ RunTime:0.000272s ]
INFO: [ app_begin ] --START--
INFO: Run Behavior\ReadHtmlCacheBehavior [ RunTime:0.000355s ]
INFO: [ app_begin ] --END-- [ RunTime:0.000391s ]
SQL: SHOW COLUMNS FROM `tb_shop` [ RunTime:0.0160s ]
SQL: SHOW COLUMNS FROM `tb_shopactivity` [ RunTime:0.0166s ]
SQL: SELECT `id` FROM `tb_shop` WHERE ( manufactor_id=14 ) LIMIT 1   [ RunTime:0.0156s ]
SQL: SELECT * FROM `tb_shopactivity` WHERE `shop_id` = 4 AND `state` = 0  [ RunTime:0.0161s ]
INFO: [ view_parse ] --START--
INFO: [ template_filter ] --START--
INFO: Run Behavior\ContentReplaceBehavior [ RunTime:0.000729s ]
INFO: [ template_filter ] --END-- [ RunTime:0.000809s ]
INFO: Run Behavior\ParseTemplateBehavior [ RunTime:0.220744s ]
INFO: [ view_parse ] --END-- [ RunTime:0.220831s ]
INFO: [ view_filter ] --START--
INFO: Run Behavior\WriteHtmlCacheBehavior [ RunTime:0.000197s ]
INFO: [ view_filter ] --END-- [ RunTime:0.000220s ]
INFO: [ app_end ] --START--
INFO: Run Behavior\ShowPageTraceBehavior [ RunTime:0.000513s ]
INFO: [ app_end ] --END-- [ RunTime:0.000555s ]

[ 2016-12-05T11:06:22+08:00 ] ::1 /PersonalTailor/index.php/ManufactorAdmin/Activity/list_activities.html
INFO: [ app_init ] --START--
INFO: Run Behavior\BuildLiteBehavior [ RunTime:0.000008s ]
INFO: [ app_init ] --END-- [ RunTime:0.000222s ]
INFO: [ app_begin ] --START--
INFO: Run Behavior\ReadHtmlCacheBehavior [ RunTime:0.000296s ]
INFO: [ app_begin ] --END-- [ RunTime:0.000336s ]
SQL: SHOW COLUMNS FROM `tb_shop` [ RunTime:0.0281s ]
SQL: SHOW COLUMNS FROM `tb_shopactivity` [ RunTime:0.0284s ]
SQL: SELECT `id` FROM `tb_shop` WHERE ( manufactor_id=14 ) LIMIT 1   [ RunTime:0.0266s ]
SQL: SELECT * FROM `tb_shopactivity` WHERE `shop_id` = 4 AND `state` = 1  [ RunTime:0.0275s ]
INFO: [ view_parse ] --START--
INFO: [ template_filter ] --START--
INFO: Run Behavior\ContentReplaceBehavior [ RunTime:0.000637s ]
INFO: [ template_filter ] --END-- [ RunTime:0.000698s ]
INFO: Run Behavior\ParseTemplateBehavior [ RunTime:0.197037s ]
INFO: [ view_parse ] --END-- [ RunTime:0.197112s ]
INFO: [ view_filter ] --START--
INFO: Run Behavior\WriteHtmlCacheBehavior [ RunTime:0.000197s ]
INFO: [ view_filter ] --END-- [ RunTime:0.000231s ]
INFO: [ app_end ] --START--
INFO: Run Behavior\ShowPageTraceBehavior [ RunTime:0.000470s ]
INFO: [ app_end ] --END-- [ RunTime:0.000511s ]

[ 2016-12-05T11:06:23+08:00 ] ::1 /PersonalTailor/index.php/ManufactorAdmin/Activity/add_activity.html
INFO: [ app_init ] --START--
INFO: Run Behavior\BuildLiteBehavior [ RunTime:0.000008s ]
INFO: [ app_init ] --END-- [ RunTime:0.000223s ]
INFO: [ app_begin ] --START--
INFO: Run Behavior\ReadHtmlCacheBehavior [ RunTime:0.000280s ]
INFO: [ app_begin ] --END-- [ RunTime:0.000315s ]
INFO: [ view_parse ] --START--
INFO: [ template_filter ] --START--
INFO: Run Behavior\ContentReplaceBehavior [ RunTime:0.000229s ]
INFO: [ template_filter ] --END-- [ RunTime:0.000264s ]
INFO: Run Behavior\ParseTemplateBehavior [ RunTime:0.121401s ]
INFO: [ view_parse ] --END-- [ RunTime:0.121439s ]
INFO: [ view_filter ] --START--
INFO: Run Behavior\WriteHtmlCacheBehavior [ RunTime:0.000228s ]
INFO: [ view_filter ] --END-- [ RunTime:0.000252s ]
INFO: [ app_end ] --START--
INFO: Run Behavior\ShowPageTraceBehavior [ RunTime:0.000504s ]
INFO: [ app_end ] --END-- [ RunTime:0.000565s ]

