[ 2016-11-25T19:58:57+08:00 ] ::1 /jb555host/PersonalTailor/Template/public/bootstrap/css/bootstrap.min.css.map
INFO: [ app_init ] --START--
INFO: Run Behavior\BuildLiteBehavior [ RunTime:0.000007s ]
INFO: [ app_init ] --END-- [ RunTime:0.000196s ]
ERR: 无法加载模块:Template

[ 2016-11-25T20:00:53+08:00 ] ::1 /jb555host/PersonalTailor/Template/public/bootstrap/css/bootstrap.min.css
INFO: [ app_init ] --START--
INFO: Run Behavior\BuildLiteBehavior [ RunTime:0.000013s ]
INFO: [ app_init ] --END-- [ RunTime:0.000330s ]
ERR: 无法加载模块:Template

[ 2016-11-25T20:00:53+08:00 ] ::1 /jb555host/PersonalTailor/Template/public/plugins/iCheck/square/blue.css
INFO: [ app_init ] --START--
INFO: Run Behavior\BuildLiteBehavior [ RunTime:0.000013s ]
INFO: [ app_init ] --END-- [ RunTime:0.000341s ]
ERR: 无法加载模块:Template

[ 2016-11-25T20:00:53+08:00 ] ::1 /jb555host/PersonalTailor/Template/public/plugins/iCheck/icheck.min.js
INFO: [ app_init ] --START--
INFO: Run Behavior\BuildLiteBehavior [ RunTime:0.000012s ]
INFO: [ app_init ] --END-- [ RunTime:0.000328s ]
ERR: 无法加载模块:Template

[ 2016-11-25T20:00:53+08:00 ] ::1 /jb555host/PersonalTailor/Template/public/dist/css/AdminLTE.min.css
INFO: [ app_init ] --START--
INFO: Run Behavior\BuildLiteBehavior [ RunTime:0.000013s ]
INFO: [ app_init ] --END-- [ RunTime:0.000412s ]
ERR: 无法加载模块:Template

[ 2016-11-25T20:00:53+08:00 ] ::1 /jb555host/PersonalTailor/Template/public/bootstrap/js/bootstrap.min.js
INFO: [ app_init ] --START--
INFO: Run Behavior\BuildLiteBehavior [ RunTime:0.000009s ]
INFO: [ app_init ] --END-- [ RunTime:0.000277s ]
ERR: 无法加载模块:Template

[ 2016-11-25T20:00:53+08:00 ] ::1 /jb555host/PersonalTailor/Template/public/plugins/jQuery/jquery-2.2.3.min.js
INFO: [ app_init ] --START--
INFO: Run Behavior\BuildLiteBehavior [ RunTime:0.000015s ]
INFO: [ app_init ] --END-- [ RunTime:0.000744s ]
ERR: 无法加载模块:Template

[ 2016-11-25T20:00:53+08:00 ] ::1 /jb555host/PersonalTailor/Template/public/bootstrap/js/bootstrap.min.js
INFO: [ app_init ] --START--
INFO: Run Behavior\BuildLiteBehavior [ RunTime:0.000013s ]
INFO: [ app_init ] --END-- [ RunTime:0.000341s ]
ERR: 无法加载模块:Template

[ 2016-11-25T20:00:53+08:00 ] ::1 /jb555host/PersonalTailor/Template/public/plugins/iCheck/icheck.min.js
INFO: [ app_init ] --START--
INFO: Run Behavior\BuildLiteBehavior [ RunTime:0.000009s ]
INFO: [ app_init ] --END-- [ RunTime:0.000201s ]
ERR: 无法加载模块:Template

[ 2016-11-25T20:21:40+08:00 ] ::1 /jb555host/PersonalTailor/Template/public/bootstrap/css/bootstrap.min.css
INFO: [ app_init ] --START--
INFO: Run Behavior\BuildLiteBehavior [ RunTime:0.000013s ]
INFO: [ app_init ] --END-- [ RunTime:0.000318s ]
ERR: 无法加载模块:Template

[ 2016-11-25T20:21:40+08:00 ] ::1 /jb555host/PersonalTailor/Template/public/dist/css/AdminLTE.min.css
INFO: [ app_init ] --START--
INFO: Run Behavior\BuildLiteBehavior [ RunTime:0.000012s ]
INFO: [ app_init ] --END-- [ RunTime:0.000350s ]
ERR: 无法加载模块:Template

[ 2016-11-25T20:21:40+08:00 ] ::1 /jb555host/PersonalTailor/Template/public/plugins/iCheck/square/blue.css
INFO: [ app_init ] --START--
INFO: Run Behavior\BuildLiteBehavior [ RunTime:0.000008s ]
INFO: [ app_init ] --END-- [ RunTime:0.000237s ]
ERR: 无法加载模块:Template

[ 2016-11-25T20:21:40+08:00 ] ::1 /jb555host/PersonalTailor/Template/public/bootstrap/js/bootstrap.min.js
INFO: [ app_init ] --START--
INFO: Run Behavior\BuildLiteBehavior [ RunTime:0.000012s ]
INFO: [ app_init ] --END-- [ RunTime:0.000328s ]
ERR: 无法加载模块:Template

[ 2016-11-25T20:21:40+08:00 ] ::1 /jb555host/PersonalTailor/Template/public/plugins/iCheck/icheck.min.js
INFO: [ app_init ] --START--
INFO: Run Behavior\BuildLiteBehavior [ RunTime:0.000011s ]
INFO: [ app_init ] --END-- [ RunTime:0.000326s ]
ERR: 无法加载模块:Template

[ 2016-11-25T20:21:40+08:00 ] ::1 /jb555host/PersonalTailor/Template/public/plugins/jQuery/jquery-2.2.3.min.js
INFO: [ app_init ] --START--
INFO: Run Behavior\BuildLiteBehavior [ RunTime:0.000013s ]
INFO: [ app_init ] --END-- [ RunTime:0.000317s ]
ERR: 无法加载模块:Template

[ 2016-11-25T20:21:40+08:00 ] ::1 /jb555host/PersonalTailor/Template/public/bootstrap/js/bootstrap.min.js
INFO: [ app_init ] --START--
INFO: Run Behavior\BuildLiteBehavior [ RunTime:0.000009s ]
INFO: [ app_init ] --END-- [ RunTime:0.000240s ]
ERR: 无法加载模块:Template

[ 2016-11-25T20:21:40+08:00 ] ::1 /jb555host/PersonalTailor/Template/public/plugins/iCheck/icheck.min.js
INFO: [ app_init ] --START--
INFO: Run Behavior\BuildLiteBehavior [ RunTime:0.000007s ]
INFO: [ app_init ] --END-- [ RunTime:0.000194s ]
ERR: 无法加载模块:Template

[ 2016-11-25T20:21:49+08:00 ] ::1 /jb555host/PersonalTailor/Template/public/bootstrap/css/bootstrap.min.css
INFO: [ app_init ] --START--
INFO: Run Behavior\BuildLiteBehavior [ RunTime:0.000013s ]
INFO: [ app_init ] --END-- [ RunTime:0.000319s ]
ERR: 无法加载模块:Template

[ 2016-11-25T20:21:49+08:00 ] ::1 /jb555host/PersonalTailor/Template/public/bootstrap/js/bootstrap.min.js
INFO: [ app_init ] --START--
INFO: Run Behavior\BuildLiteBehavior [ RunTime:0.000032s ]
INFO: [ app_init ] --END-- [ RunTime:0.000352s ]
ERR: 无法加载模块:Template

[ 2016-11-25T20:21:49+08:00 ] ::1 /jb555host/PersonalTailor/Template/public/plugins/iCheck/icheck.min.js
INFO: [ app_init ] --START--
INFO: Run Behavior\BuildLiteBehavior [ RunTime:0.000013s ]
INFO: [ app_init ] --END-- [ RunTime:0.000412s ]
ERR: 无法加载模块:Template

[ 2016-11-25T20:21:49+08:00 ] ::1 /jb555host/PersonalTailor/Template/public/dist/css/AdminLTE.min.css
INFO: [ app_init ] --START--
INFO: Run Behavior\BuildLiteBehavior [ RunTime:0.000020s ]
INFO: [ app_init ] --END-- [ RunTime:0.000528s ]
ERR: 无法加载模块:Template

[ 2016-11-25T20:21:49+08:00 ] ::1 /jb555host/PersonalTailor/Template/public/plugins/iCheck/square/blue.css
INFO: [ app_init ] --START--
INFO: Run Behavior\BuildLiteBehavior [ RunTime:0.000015s ]
INFO: [ app_init ] --END-- [ RunTime:0.000395s ]
ERR: 无法加载模块:Template

[ 2016-11-25T20:21:49+08:00 ] ::1 /jb555host/PersonalTailor/Template/public/plugins/jQuery/jquery-2.2.3.min.js
INFO: [ app_init ] --START--
INFO: Run Behavior\BuildLiteBehavior [ RunTime:0.000061s ]
INFO: [ app_init ] --END-- [ RunTime:0.000741s ]
ERR: 无法加载模块:Template

[ 2016-11-25T20:21:54+08:00 ] ::1 /jb555host/PersonalTailor/Template/public/bootstrap/js/bootstrap.min.js
INFO: [ app_init ] --START--
INFO: Run Behavior\BuildLiteBehavior [ RunTime:0.000015s ]
INFO: [ app_init ] --END-- [ RunTime:0.000311s ]
ERR: 无法加载模块:Template

[ 2016-11-25T20:21:54+08:00 ] ::1 /jb555host/PersonalTailor/Template/public/plugins/iCheck/icheck.min.js
INFO: [ app_init ] --START--
INFO: Run Behavior\BuildLiteBehavior [ RunTime:0.000010s ]
INFO: [ app_init ] --END-- [ RunTime:0.000266s ]
ERR: 无法加载模块:Template

[ 2016-11-25T20:23:09+08:00 ] ::1 /jb555host/PersonalTailor/index.php/index2.html
INFO: [ app_init ] --START--
INFO: Run Behavior\BuildLiteBehavior [ RunTime:0.000009s ]
INFO: [ app_init ] --END-- [ RunTime:0.000217s ]
ERR: 无法加载模块:Index2

[ 2016-11-25T20:25:51+08:00 ] ::1 /jb555host/PersonalTailor/Template/public/bootstrap/css/bootstrap.min.css
INFO: [ app_init ] --START--
INFO: Run Behavior\BuildLiteBehavior [ RunTime:0.000014s ]
INFO: [ app_init ] --END-- [ RunTime:0.000331s ]
ERR: 无法加载模块:Template

[ 2016-11-25T20:25:51+08:00 ] ::1 /jb555host/PersonalTailor/Template/public/plugins/iCheck/square/blue.css
INFO: [ app_init ] --START--
INFO: Run Behavior\BuildLiteBehavior [ RunTime:0.000009s ]
INFO: [ app_init ] --END-- [ RunTime:0.000229s ]
ERR: 无法加载模块:Template

[ 2016-11-25T20:25:51+08:00 ] ::1 /jb555host/PersonalTailor/Template/public/plugins/iCheck/icheck.min.js
INFO: [ app_init ] --START--
INFO: Run Behavior\BuildLiteBehavior [ RunTime:0.000011s ]
INFO: [ app_init ] --END-- [ RunTime:0.000339s ]
ERR: 无法加载模块:Template

[ 2016-11-25T20:25:51+08:00 ] ::1 /jb555host/PersonalTailor/Template/public/dist/css/AdminLTE.min.css
INFO: [ app_init ] --START--
INFO: Run Behavior\BuildLiteBehavior [ RunTime:0.000013s ]
INFO: [ app_init ] --END-- [ RunTime:0.000349s ]
ERR: 无法加载模块:Template

[ 2016-11-25T20:25:51+08:00 ] ::1 /jb555host/PersonalTailor/Template/public/plugins/jQuery/jquery-2.2.3.min.js
INFO: [ app_init ] --START--
INFO: Run Behavior\BuildLiteBehavior [ RunTime:0.000012s ]
INFO: [ app_init ] --END-- [ RunTime:0.000387s ]
ERR: 无法加载模块:Template

[ 2016-11-25T20:25:51+08:00 ] ::1 /jb555host/PersonalTailor/Template/public/bootstrap/js/bootstrap.min.js
INFO: [ app_init ] --START--
INFO: Run Behavior\BuildLiteBehavior [ RunTime:0.000012s ]
INFO: [ app_init ] --END-- [ RunTime:0.000393s ]
ERR: 无法加载模块:Template

[ 2016-11-25T20:26:03+08:00 ] ::1 /jb555host/PersonalTailor/Template/public/bootstrap/js/bootstrap.min.js
INFO: [ app_init ] --START--
INFO: Run Behavior\BuildLiteBehavior [ RunTime:0.000015s ]
INFO: [ app_init ] --END-- [ RunTime:0.000418s ]
ERR: 无法加载模块:Template

[ 2016-11-25T20:26:03+08:00 ] ::1 /jb555host/PersonalTailor/Template/public/plugins/iCheck/icheck.min.js
INFO: [ app_init ] --START--
INFO: Run Behavior\BuildLiteBehavior [ RunTime:0.000015s ]
INFO: [ app_init ] --END-- [ RunTime:0.000418s ]
ERR: 无法加载模块:Template

[ 2016-11-25T20:28:40+08:00 ] ::1 /jb555host/PersonalTailor/Template/public/bootstrap/css/bootstrap.min.css
INFO: [ app_init ] --START--
INFO: Run Behavior\BuildLiteBehavior [ RunTime:0.000013s ]
INFO: [ app_init ] --END-- [ RunTime:0.000329s ]
ERR: 无法加载模块:Template

[ 2016-11-25T20:28:40+08:00 ] ::1 /jb555host/PersonalTailor/Template/public/plugins/iCheck/icheck.min.js
INFO: [ app_init ] --START--
INFO: Run Behavior\BuildLiteBehavior [ RunTime:0.000013s ]
INFO: [ app_init ] --END-- [ RunTime:0.000496s ]
ERR: 无法加载模块:Template

[ 2016-11-25T20:28:40+08:00 ] ::1 /jb555host/PersonalTailor/Template/public/plugins/iCheck/square/blue.css
INFO: [ app_init ] --START--
INFO: Run Behavior\BuildLiteBehavior [ RunTime:0.000012s ]
INFO: [ app_init ] --END-- [ RunTime:0.000377s ]
ERR: 无法加载模块:Template

[ 2016-11-25T20:28:40+08:00 ] ::1 /jb555host/PersonalTailor/Template/public/bootstrap/js/bootstrap.min.js
INFO: [ app_init ] --START--
INFO: Run Behavior\BuildLiteBehavior [ RunTime:0.000012s ]
INFO: [ app_init ] --END-- [ RunTime:0.000369s ]
ERR: 无法加载模块:Template

[ 2016-11-25T20:28:40+08:00 ] ::1 /jb555host/PersonalTailor/Template/public/dist/css/AdminLTE.min.css
INFO: [ app_init ] --START--
INFO: Run Behavior\BuildLiteBehavior [ RunTime:0.000011s ]
INFO: [ app_init ] --END-- [ RunTime:0.000343s ]
ERR: 无法加载模块:Template

[ 2016-11-25T20:28:40+08:00 ] ::1 /jb555host/PersonalTailor/Template/public/plugins/jQuery/jquery-2.2.3.min.js
INFO: [ app_init ] --START--
INFO: Run Behavior\BuildLiteBehavior [ RunTime:0.000013s ]
INFO: [ app_init ] --END-- [ RunTime:0.000271s ]
ERR: 无法加载模块:Template

[ 2016-11-25T20:28:40+08:00 ] ::1 /jb555host/PersonalTailor/Template/public/bootstrap/js/bootstrap.min.js
INFO: [ app_init ] --START--
INFO: Run Behavior\BuildLiteBehavior [ RunTime:0.000016s ]
INFO: [ app_init ] --END-- [ RunTime:0.000419s ]
ERR: 无法加载模块:Template

[ 2016-11-25T20:28:40+08:00 ] ::1 /jb555host/PersonalTailor/Template/public/plugins/iCheck/icheck.min.js
INFO: [ app_init ] --START--
INFO: Run Behavior\BuildLiteBehavior [ RunTime:0.000010s ]
INFO: [ app_init ] --END-- [ RunTime:0.000230s ]
ERR: 无法加载模块:Template

[ 2016-11-25T20:28:41+08:00 ] ::1 /jb555host/PersonalTailor/Template/public/dist/css/AdminLTE.min.css
INFO: [ app_init ] --START--
INFO: Run Behavior\BuildLiteBehavior [ RunTime:0.000013s ]
INFO: [ app_init ] --END-- [ RunTime:0.000305s ]
ERR: 无法加载模块:Template

[ 2016-11-25T20:28:41+08:00 ] ::1 /jb555host/PersonalTailor/Template/public/bootstrap/css/bootstrap.min.css
INFO: [ app_init ] --START--
INFO: Run Behavior\BuildLiteBehavior [ RunTime:0.000012s ]
INFO: [ app_init ] --END-- [ RunTime:0.000429s ]
ERR: 无法加载模块:Template

[ 2016-11-25T20:28:41+08:00 ] ::1 /jb555host/PersonalTailor/Template/public/plugins/iCheck/square/blue.css
INFO: [ app_init ] --START--
INFO: Run Behavior\BuildLiteBehavior [ RunTime:0.000010s ]
INFO: [ app_init ] --END-- [ RunTime:0.000279s ]
ERR: 无法加载模块:Template

[ 2016-11-25T20:28:41+08:00 ] ::1 /jb555host/PersonalTailor/Template/public/plugins/iCheck/icheck.min.js
INFO: [ app_init ] --START--
INFO: Run Behavior\BuildLiteBehavior [ RunTime:0.000013s ]
INFO: [ app_init ] --END-- [ RunTime:0.000292s ]
ERR: 无法加载模块:Template

[ 2016-11-25T20:28:41+08:00 ] ::1 /jb555host/PersonalTailor/Template/public/bootstrap/js/bootstrap.min.js
INFO: [ app_init ] --START--
INFO: Run Behavior\BuildLiteBehavior [ RunTime:0.000014s ]
INFO: [ app_init ] --END-- [ RunTime:0.000307s ]
ERR: 无法加载模块:Template

[ 2016-11-25T20:28:41+08:00 ] ::1 /jb555host/PersonalTailor/Template/public/plugins/jQuery/jquery-2.2.3.min.js
INFO: [ app_init ] --START--
INFO: Run Behavior\BuildLiteBehavior [ RunTime:0.000013s ]
INFO: [ app_init ] --END-- [ RunTime:0.000346s ]
ERR: 无法加载模块:Template

[ 2016-11-25T20:28:42+08:00 ] ::1 /jb555host/PersonalTailor/Template/public/bootstrap/js/bootstrap.min.js
INFO: [ app_init ] --START--
INFO: Run Behavior\BuildLiteBehavior [ RunTime:0.000023s ]
INFO: [ app_init ] --END-- [ RunTime:0.000599s ]
ERR: 无法加载模块:Template

[ 2016-11-25T20:28:42+08:00 ] ::1 /jb555host/PersonalTailor/Template/public/plugins/iCheck/icheck.min.js
INFO: [ app_init ] --START--
INFO: Run Behavior\BuildLiteBehavior [ RunTime:0.000010s ]
INFO: [ app_init ] --END-- [ RunTime:0.000260s ]
ERR: 无法加载模块:Template

[ 2016-11-25T20:36:49+08:00 ] ::1 /jb555host/PersonalTailor/Template/Public/plugins/jQuery/jquery-2.2.3.min.js
INFO: [ app_init ] --START--
INFO: Run Behavior\BuildLiteBehavior [ RunTime:0.000013s ]
INFO: [ app_init ] --END-- [ RunTime:0.000292s ]
ERR: 无法加载模块:Template

[ 2016-11-25T20:36:49+08:00 ] ::1 /jb555host/PersonalTailor/Template/Public/plugins/iCheck/icheck.min.js
INFO: [ app_init ] --START--
INFO: Run Behavior\BuildLiteBehavior [ RunTime:0.000025s ]
INFO: [ app_init ] --END-- [ RunTime:0.000303s ]
ERR: 无法加载模块:Template

[ 2016-11-25T20:36:49+08:00 ] ::1 /jb555host/PersonalTailor/Template/Public/bootstrap/js/bootstrap.min.js
INFO: [ app_init ] --START--
INFO: Run Behavior\BuildLiteBehavior [ RunTime:0.000014s ]
INFO: [ app_init ] --END-- [ RunTime:0.000329s ]
ERR: 无法加载模块:Template

[ 2016-11-25T20:36:52+08:00 ] ::1 /jb555host/PersonalTailor/Template/Public/bootstrap/js/bootstrap.min.js
INFO: [ app_init ] --START--
INFO: Run Behavior\BuildLiteBehavior [ RunTime:0.000009s ]
INFO: [ app_init ] --END-- [ RunTime:0.000263s ]
ERR: 无法加载模块:Template

[ 2016-11-25T20:36:52+08:00 ] ::1 /jb555host/PersonalTailor/Template/Public/plugins/iCheck/icheck.min.js
INFO: [ app_init ] --START--
INFO: Run Behavior\BuildLiteBehavior [ RunTime:0.000009s ]
INFO: [ app_init ] --END-- [ RunTime:0.000226s ]
ERR: 无法加载模块:Template

[ 2016-11-25T20:37:14+08:00 ] ::1 /jb555host/PersonalTailor/Template/Public/plugins/jQuery/jquery-2.2.3.min.js
INFO: [ app_init ] --START--
INFO: Run Behavior\BuildLiteBehavior [ RunTime:0.000013s ]
INFO: [ app_init ] --END-- [ RunTime:0.000338s ]
ERR: 无法加载模块:Template

[ 2016-11-25T20:37:14+08:00 ] ::1 /jb555host/PersonalTailor/Template/Public/plugins/iCheck/icheck.min.js
INFO: [ app_init ] --START--
INFO: Run Behavior\BuildLiteBehavior [ RunTime:0.000008s ]
INFO: [ app_init ] --END-- [ RunTime:0.000230s ]
ERR: 无法加载模块:Template

[ 2016-11-25T20:37:14+08:00 ] ::1 /jb555host/PersonalTailor/Template/Public/bootstrap/js/bootstrap.min.js
INFO: [ app_init ] --START--
INFO: Run Behavior\BuildLiteBehavior [ RunTime:0.000013s ]
INFO: [ app_init ] --END-- [ RunTime:0.000365s ]
ERR: 无法加载模块:Template

[ 2016-11-25T20:37:14+08:00 ] ::1 /jb555host/PersonalTailor/Template/Public/plugins/iCheck/icheck.min.js
INFO: [ app_init ] --START--
INFO: Run Behavior\BuildLiteBehavior [ RunTime:0.000008s ]
INFO: [ app_init ] --END-- [ RunTime:0.000203s ]
ERR: 无法加载模块:Template

[ 2016-11-25T20:38:34+08:00 ] ::1 /jb555host/PersonalTailor/Template/Public/bootstrap/js/bootstrap.min.js
INFO: [ app_init ] --START--
INFO: Run Behavior\BuildLiteBehavior [ RunTime:0.000016s ]
INFO: [ app_init ] --END-- [ RunTime:0.000326s ]
ERR: 无法加载模块:Template

[ 2016-11-25T20:38:34+08:00 ] ::1 /jb555host/PersonalTailor/Template/Public/plugins/iCheck/icheck.min.js
INFO: [ app_init ] --START--
INFO: Run Behavior\BuildLiteBehavior [ RunTime:0.000009s ]
INFO: [ app_init ] --END-- [ RunTime:0.000221s ]
ERR: 无法加载模块:Template

[ 2016-11-25T20:38:34+08:00 ] ::1 /jb555host/PersonalTailor/Template/Public/plugins/jQuery/jquery-2.2.3.min.js
INFO: [ app_init ] --START--
INFO: Run Behavior\BuildLiteBehavior [ RunTime:0.000008s ]
INFO: [ app_init ] --END-- [ RunTime:0.000233s ]
ERR: 无法加载模块:Template

[ 2016-11-25T20:38:34+08:00 ] ::1 /jb555host/PersonalTailor/Template/Public/bootstrap/js/bootstrap.min.js
INFO: [ app_init ] --START--
INFO: Run Behavior\BuildLiteBehavior [ RunTime:0.000016s ]
INFO: [ app_init ] --END-- [ RunTime:0.000389s ]
ERR: 无法加载模块:Template

[ 2016-11-25T20:38:34+08:00 ] ::1 /jb555host/PersonalTailor/Template/Public/plugins/iCheck/icheck.min.js
INFO: [ app_init ] --START--
INFO: Run Behavior\BuildLiteBehavior [ RunTime:0.000009s ]
INFO: [ app_init ] --END-- [ RunTime:0.000246s ]
ERR: 无法加载模块:Template

[ 2016-11-25T21:37:12+08:00 ] ::1 /jb555host/PersonalTailor/index.php/ManufactorAdmin/Index/dist/img/user3-128x128.jpg
INFO: [ app_init ] --START--
INFO: Run Behavior\BuildLiteBehavior [ RunTime:0.000009s ]
INFO: [ app_init ] --END-- [ RunTime:0.000229s ]

[ 2016-11-25T21:37:12+08:00 ] ::1 /jb555host/PersonalTailor/index.php/ManufactorAdmin/Index/dist/img/user4-128x128.jpg
INFO: [ app_init ] --START--
INFO: Run Behavior\BuildLiteBehavior [ RunTime:0.000009s ]
INFO: [ app_init ] --END-- [ RunTime:0.000309s ]

[ 2016-11-25T21:37:12+08:00 ] ::1 /jb555host/PersonalTailor/index.php/ManufactorAdmin/Index/dist/img/user2-160x160.jpg
INFO: [ app_init ] --START--
INFO: Run Behavior\BuildLiteBehavior [ RunTime:0.000008s ]
INFO: [ app_init ] --END-- [ RunTime:0.000265s ]

[ 2016-11-25T21:37:28+08:00 ] ::1 /jb555host/PersonalTailor/index.php/ManufactorAdmin/Index/dist/img/user2-160x160.jpg
INFO: [ app_init ] --START--
INFO: Run Behavior\BuildLiteBehavior [ RunTime:0.000009s ]
INFO: [ app_init ] --END-- [ RunTime:0.000218s ]

[ 2016-11-25T21:37:28+08:00 ] ::1 /jb555host/PersonalTailor/index.php/ManufactorAdmin/Index/dist/img/user3-128x128.jpg
INFO: [ app_init ] --START--
INFO: Run Behavior\BuildLiteBehavior [ RunTime:0.000007s ]
INFO: [ app_init ] --END-- [ RunTime:0.000206s ]

[ 2016-11-25T21:37:28+08:00 ] ::1 /jb555host/PersonalTailor/index.php/ManufactorAdmin/Index/dist/img/user4-128x128.jpg
INFO: [ app_init ] --START--
INFO: Run Behavior\BuildLiteBehavior [ RunTime:0.000020s ]
INFO: [ app_init ] --END-- [ RunTime:0.000345s ]

[ 2016-11-25T21:39:07+08:00 ] ::1 /jb555host/PersonalTailor/index.php/ManufactorAdmin/Index/dist/img/user2-160x160.jpg
INFO: [ app_init ] --START--
INFO: Run Behavior\BuildLiteBehavior [ RunTime:0.000009s ]
INFO: [ app_init ] --END-- [ RunTime:0.000217s ]

[ 2016-11-25T21:39:07+08:00 ] ::1 /jb555host/PersonalTailor/index.php/ManufactorAdmin/Index/dist/img/user3-128x128.jpg
INFO: [ app_init ] --START--
INFO: Run Behavior\BuildLiteBehavior [ RunTime:0.000008s ]
INFO: [ app_init ] --END-- [ RunTime:0.000245s ]

[ 2016-11-25T21:39:07+08:00 ] ::1 /jb555host/PersonalTailor/index.php/ManufactorAdmin/Index/dist/img/user4-128x128.jpg
INFO: [ app_init ] --START--
INFO: Run Behavior\BuildLiteBehavior [ RunTime:0.000011s ]
INFO: [ app_init ] --END-- [ RunTime:0.000311s ]

[ 2016-11-25T21:39:12+08:00 ] ::1 /jb555host/PersonalTailor/index.php/ManufactorAdmin/Index/dist/img/user2-160x160.jpg
INFO: [ app_init ] --START--
INFO: Run Behavior\BuildLiteBehavior [ RunTime:0.000009s ]
INFO: [ app_init ] --END-- [ RunTime:0.000226s ]

[ 2016-11-25T21:39:12+08:00 ] ::1 /jb555host/PersonalTailor/index.php/ManufactorAdmin/Index/dist/img/user3-128x128.jpg
INFO: [ app_init ] --START--
INFO: Run Behavior\BuildLiteBehavior [ RunTime:0.000008s ]
INFO: [ app_init ] --END-- [ RunTime:0.000199s ]

[ 2016-11-25T21:39:12+08:00 ] ::1 /jb555host/PersonalTailor/index.php/ManufactorAdmin/Index/dist/img/user4-128x128.jpg
INFO: [ app_init ] --START--
INFO: Run Behavior\BuildLiteBehavior [ RunTime:0.000011s ]
INFO: [ app_init ] --END-- [ RunTime:0.000311s ]

[ 2016-11-25T21:39:14+08:00 ] ::1 /jb555host/PersonalTailor/index.php/ManufactorAdmin/Index/dist/img/user2-160x160.jpg
INFO: [ app_init ] --START--
INFO: Run Behavior\BuildLiteBehavior [ RunTime:0.000008s ]
INFO: [ app_init ] --END-- [ RunTime:0.000219s ]

[ 2016-11-25T21:39:14+08:00 ] ::1 /jb555host/PersonalTailor/index.php/ManufactorAdmin/Index/dist/img/user4-128x128.jpg
INFO: [ app_init ] --START--
INFO: Run Behavior\BuildLiteBehavior [ RunTime:0.000008s ]
INFO: [ app_init ] --END-- [ RunTime:0.000233s ]

[ 2016-11-25T21:39:14+08:00 ] ::1 /jb555host/PersonalTailor/index.php/ManufactorAdmin/Index/dist/img/user3-128x128.jpg
INFO: [ app_init ] --START--
INFO: Run Behavior\BuildLiteBehavior [ RunTime:0.000012s ]
INFO: [ app_init ] --END-- [ RunTime:0.000401s ]

[ 2016-11-25T21:39:20+08:00 ] ::1 /jb555host/PersonalTailor/index.php/ManufactorAdmin/Index/dist/img/user3-128x128.jpg
INFO: [ app_init ] --START--
INFO: Run Behavior\BuildLiteBehavior [ RunTime:0.000009s ]
INFO: [ app_init ] --END-- [ RunTime:0.000226s ]

[ 2016-11-25T21:39:20+08:00 ] ::1 /jb555host/PersonalTailor/index.php/ManufactorAdmin/Index/dist/img/user2-160x160.jpg
INFO: [ app_init ] --START--
INFO: Run Behavior\BuildLiteBehavior [ RunTime:0.000010s ]
INFO: [ app_init ] --END-- [ RunTime:0.000251s ]

[ 2016-11-25T21:39:20+08:00 ] ::1 /jb555host/PersonalTailor/index.php/ManufactorAdmin/Index/dist/img/user4-128x128.jpg
INFO: [ app_init ] --START--
INFO: Run Behavior\BuildLiteBehavior [ RunTime:0.000012s ]
INFO: [ app_init ] --END-- [ RunTime:0.000398s ]

[ 2016-11-25T21:41:44+08:00 ] ::1 /jb555host/PersonalTailor/index.php/ManufactorAdmin/Index/dist/img/user2-160x160.jpg
INFO: [ app_init ] --START--
INFO: Run Behavior\BuildLiteBehavior [ RunTime:0.000009s ]
INFO: [ app_init ] --END-- [ RunTime:0.000273s ]

[ 2016-11-25T21:41:44+08:00 ] ::1 /jb555host/PersonalTailor/index.php/ManufactorAdmin/Index/dist/img/user3-128x128.jpg
INFO: [ app_init ] --START--
INFO: Run Behavior\BuildLiteBehavior [ RunTime:0.000013s ]
INFO: [ app_init ] --END-- [ RunTime:0.000433s ]

[ 2016-11-25T21:41:44+08:00 ] ::1 /jb555host/PersonalTailor/index.php/ManufactorAdmin/Index/dist/img/user4-128x128.jpg
INFO: [ app_init ] --START--
INFO: Run Behavior\BuildLiteBehavior [ RunTime:0.000008s ]
INFO: [ app_init ] --END-- [ RunTime:0.000322s ]

[ 2016-11-25T22:22:33+08:00 ] ::1 /jb555host/PersonalTailor/ManufactorAdmin/dist/img/user2-160x160.jpg
INFO: [ app_init ] --START--
INFO: Run Behavior\BuildLiteBehavior [ RunTime:0.000008s ]
INFO: [ app_init ] --END-- [ RunTime:0.000225s ]

[ 2016-11-25T22:22:33+08:00 ] ::1 /jb555host/PersonalTailor/ManufactorAdmin/dist/img/user3-128x128.jpg
INFO: [ app_init ] --START--
INFO: Run Behavior\BuildLiteBehavior [ RunTime:0.000011s ]
INFO: [ app_init ] --END-- [ RunTime:0.000297s ]

[ 2016-11-25T22:22:33+08:00 ] ::1 /jb555host/PersonalTailor/ManufactorAdmin/dist/img/user4-128x128.jpg
INFO: [ app_init ] --START--
INFO: Run Behavior\BuildLiteBehavior [ RunTime:0.000009s ]
INFO: [ app_init ] --END-- [ RunTime:0.000270s ]

[ 2016-11-25T22:23:35+08:00 ] ::1 /jb555host/PersonalTailor/ManufactorAdmin/index/dist/img/user2-160x160.jpg
INFO: [ app_init ] --START--
INFO: Run Behavior\BuildLiteBehavior [ RunTime:0.000008s ]
INFO: [ app_init ] --END-- [ RunTime:0.000202s ]

[ 2016-11-25T22:23:35+08:00 ] ::1 /jb555host/PersonalTailor/ManufactorAdmin/index/dist/img/user3-128x128.jpg
INFO: [ app_init ] --START--
INFO: Run Behavior\BuildLiteBehavior [ RunTime:0.000011s ]
INFO: [ app_init ] --END-- [ RunTime:0.000295s ]

[ 2016-11-25T22:23:35+08:00 ] ::1 /jb555host/PersonalTailor/ManufactorAdmin/index/dist/img/user4-128x128.jpg
INFO: [ app_init ] --START--
INFO: Run Behavior\BuildLiteBehavior [ RunTime:0.000010s ]
INFO: [ app_init ] --END-- [ RunTime:0.000226s ]

[ 2016-11-25T22:24:12+08:00 ] ::1 /jb555host/PersonalTailor/ManufactorAdmin/index/dist/img/user2-160x160.jpg
INFO: [ app_init ] --START--
INFO: Run Behavior\BuildLiteBehavior [ RunTime:0.000013s ]
INFO: [ app_init ] --END-- [ RunTime:0.000310s ]

[ 2016-11-25T22:24:12+08:00 ] ::1 /jb555host/PersonalTailor/ManufactorAdmin/index/dist/img/user3-128x128.jpg
INFO: [ app_init ] --START--
INFO: Run Behavior\BuildLiteBehavior [ RunTime:0.000008s ]
INFO: [ app_init ] --END-- [ RunTime:0.000206s ]

[ 2016-11-25T22:24:12+08:00 ] ::1 /jb555host/PersonalTailor/ManufactorAdmin/index/dist/img/user4-128x128.jpg
INFO: [ app_init ] --START--
INFO: Run Behavior\BuildLiteBehavior [ RunTime:0.000011s ]
INFO: [ app_init ] --END-- [ RunTime:0.000327s ]

[ 2016-11-25T22:24:14+08:00 ] ::1 /jb555host/PersonalTailor/ManufactorAdmin/index/dist/img/user4-128x128.jpg
INFO: [ app_init ] --START--
INFO: Run Behavior\BuildLiteBehavior [ RunTime:0.000010s ]
INFO: [ app_init ] --END-- [ RunTime:0.000213s ]

[ 2016-11-25T22:24:14+08:00 ] ::1 /jb555host/PersonalTailor/ManufactorAdmin/index/dist/img/user3-128x128.jpg
INFO: [ app_init ] --START--
INFO: Run Behavior\BuildLiteBehavior [ RunTime:0.000009s ]
INFO: [ app_init ] --END-- [ RunTime:0.000210s ]

[ 2016-11-25T22:24:14+08:00 ] ::1 /jb555host/PersonalTailor/ManufactorAdmin/index/dist/img/user2-160x160.jpg
INFO: [ app_init ] --START--
INFO: Run Behavior\BuildLiteBehavior [ RunTime:0.000013s ]
INFO: [ app_init ] --END-- [ RunTime:0.000349s ]

[ 2016-11-25T22:24:21+08:00 ] ::1 /jb555host/PersonalTailor/ManufactorAdmin/index/dist/img/user3-128x128.jpg
INFO: [ app_init ] --START--
INFO: Run Behavior\BuildLiteBehavior [ RunTime:0.000008s ]
INFO: [ app_init ] --END-- [ RunTime:0.000220s ]

[ 2016-11-25T22:24:21+08:00 ] ::1 /jb555host/PersonalTailor/ManufactorAdmin/index/dist/img/user2-160x160.jpg
INFO: [ app_init ] --START--
INFO: Run Behavior\BuildLiteBehavior [ RunTime:0.000013s ]
INFO: [ app_init ] --END-- [ RunTime:0.000318s ]

[ 2016-11-25T22:24:21+08:00 ] ::1 /jb555host/PersonalTailor/ManufactorAdmin/index/dist/img/user4-128x128.jpg
INFO: [ app_init ] --START--
INFO: Run Behavior\BuildLiteBehavior [ RunTime:0.000008s ]
INFO: [ app_init ] --END-- [ RunTime:0.000202s ]

[ 2016-11-25T22:24:35+08:00 ] ::1 /jb555host/PersonalTailor/ManufactorAdmin/index/dist/img/user3-128x128.jpg
INFO: [ app_init ] --START--
INFO: Run Behavior\BuildLiteBehavior [ RunTime:0.000009s ]
INFO: [ app_init ] --END-- [ RunTime:0.000262s ]

[ 2016-11-25T22:24:35+08:00 ] ::1 /jb555host/PersonalTailor/ManufactorAdmin/index/dist/img/user2-160x160.jpg
INFO: [ app_init ] --START--
INFO: Run Behavior\BuildLiteBehavior [ RunTime:0.000014s ]
INFO: [ app_init ] --END-- [ RunTime:0.000354s ]

[ 2016-11-25T22:24:35+08:00 ] ::1 /jb555host/PersonalTailor/ManufactorAdmin/index/dist/img/user4-128x128.jpg
INFO: [ app_init ] --START--
INFO: Run Behavior\BuildLiteBehavior [ RunTime:0.000008s ]
INFO: [ app_init ] --END-- [ RunTime:0.000232s ]

[ 2016-11-25T22:25:25+08:00 ] ::1 /jb555host/PersonalTailor/ManufactorAdmin/index/dist/img/user4-128x128.jpg
INFO: [ app_init ] --START--
INFO: Run Behavior\BuildLiteBehavior [ RunTime:0.000008s ]
INFO: [ app_init ] --END-- [ RunTime:0.000204s ]

[ 2016-11-25T22:25:25+08:00 ] ::1 /jb555host/PersonalTailor/ManufactorAdmin/index/dist/img/user3-128x128.jpg
INFO: [ app_init ] --START--
INFO: Run Behavior\BuildLiteBehavior [ RunTime:0.000008s ]
INFO: [ app_init ] --END-- [ RunTime:0.000242s ]

[ 2016-11-25T22:25:25+08:00 ] ::1 /jb555host/PersonalTailor/ManufactorAdmin/index/dist/img/user2-160x160.jpg
INFO: [ app_init ] --START--
INFO: Run Behavior\BuildLiteBehavior [ RunTime:0.000011s ]
INFO: [ app_init ] --END-- [ RunTime:0.000311s ]

[ 2016-11-25T22:28:56+08:00 ] ::1 /jb555host/PersonalTailor/ManufactorAdmin/index/dist/img/user2-160x160.jpg
INFO: [ app_init ] --START--
INFO: Run Behavior\BuildLiteBehavior [ RunTime:0.000008s ]
INFO: [ app_init ] --END-- [ RunTime:0.000221s ]

[ 2016-11-25T22:28:56+08:00 ] ::1 /jb555host/PersonalTailor/ManufactorAdmin/index/dist/img/user4-128x128.jpg
INFO: [ app_init ] --START--
INFO: Run Behavior\BuildLiteBehavior [ RunTime:0.000009s ]
INFO: [ app_init ] --END-- [ RunTime:0.000275s ]

[ 2016-11-25T22:28:56+08:00 ] ::1 /jb555host/PersonalTailor/ManufactorAdmin/index/dist/img/user3-128x128.jpg
INFO: [ app_init ] --START--
INFO: Run Behavior\BuildLiteBehavior [ RunTime:0.000013s ]
INFO: [ app_init ] --END-- [ RunTime:0.000362s ]

[ 2016-11-25T22:29:49+08:00 ] ::1 /jb555host/PersonalTailor/ManufactorAdmin/index/dist/img/user2-160x160.jpg
INFO: [ app_init ] --START--
INFO: Run Behavior\BuildLiteBehavior [ RunTime:0.000015s ]
INFO: [ app_init ] --END-- [ RunTime:0.000343s ]

[ 2016-11-25T22:29:49+08:00 ] ::1 /jb555host/PersonalTailor/ManufactorAdmin/index/dist/img/user3-128x128.jpg
INFO: [ app_init ] --START--
INFO: Run Behavior\BuildLiteBehavior [ RunTime:0.000013s ]
INFO: [ app_init ] --END-- [ RunTime:0.000343s ]

[ 2016-11-25T22:29:49+08:00 ] ::1 /jb555host/PersonalTailor/ManufactorAdmin/index/dist/img/user4-128x128.jpg
INFO: [ app_init ] --START--
INFO: Run Behavior\BuildLiteBehavior [ RunTime:0.000009s ]
INFO: [ app_init ] --END-- [ RunTime:0.000238s ]

[ 2016-11-25T22:30:57+08:00 ] ::1 /jb555host/PersonalTailor/ManufactorAdmin/index/dist/img/user2-160x160.jpg
INFO: [ app_init ] --START--
INFO: Run Behavior\BuildLiteBehavior [ RunTime:0.000008s ]
INFO: [ app_init ] --END-- [ RunTime:0.000225s ]

[ 2016-11-25T22:30:57+08:00 ] ::1 /jb555host/PersonalTailor/ManufactorAdmin/index/dist/img/user4-128x128.jpg
INFO: [ app_init ] --START--
INFO: Run Behavior\BuildLiteBehavior [ RunTime:0.000009s ]
INFO: [ app_init ] --END-- [ RunTime:0.000262s ]

[ 2016-11-25T22:30:57+08:00 ] ::1 /jb555host/PersonalTailor/ManufactorAdmin/index/dist/img/user3-128x128.jpg
INFO: [ app_init ] --START--
INFO: Run Behavior\BuildLiteBehavior [ RunTime:0.000009s ]
INFO: [ app_init ] --END-- [ RunTime:0.000250s ]

[ 2016-11-25T22:31:22+08:00 ] ::1 /jb555host/PersonalTailor/ManufactorAdmin/index/dist/img/user2-160x160.jpg
INFO: [ app_init ] --START--
INFO: Run Behavior\BuildLiteBehavior [ RunTime:0.000015s ]
INFO: [ app_init ] --END-- [ RunTime:0.000317s ]

[ 2016-11-25T22:31:22+08:00 ] ::1 /jb555host/PersonalTailor/ManufactorAdmin/index/dist/img/user3-128x128.jpg
INFO: [ app_init ] --START--
INFO: Run Behavior\BuildLiteBehavior [ RunTime:0.000011s ]
INFO: [ app_init ] --END-- [ RunTime:0.000293s ]

[ 2016-11-25T22:31:22+08:00 ] ::1 /jb555host/PersonalTailor/ManufactorAdmin/index/dist/img/user4-128x128.jpg
INFO: [ app_init ] --START--
INFO: Run Behavior\BuildLiteBehavior [ RunTime:0.000019s ]
INFO: [ app_init ] --END-- [ RunTime:0.000314s ]

[ 2016-11-25T22:31:23+08:00 ] ::1 /jb555host/PersonalTailor/ManufactorAdmin/index/dist/img/user3-128x128.jpg
INFO: [ app_init ] --START--
INFO: Run Behavior\BuildLiteBehavior [ RunTime:0.000009s ]
INFO: [ app_init ] --END-- [ RunTime:0.000211s ]

[ 2016-11-25T22:31:23+08:00 ] ::1 /jb555host/PersonalTailor/ManufactorAdmin/index/dist/img/user4-128x128.jpg
INFO: [ app_init ] --START--
INFO: Run Behavior\BuildLiteBehavior [ RunTime:0.000008s ]
INFO: [ app_init ] --END-- [ RunTime:0.000203s ]

[ 2016-11-25T22:31:23+08:00 ] ::1 /jb555host/PersonalTailor/ManufactorAdmin/index/dist/img/user2-160x160.jpg
INFO: [ app_init ] --START--
INFO: Run Behavior\BuildLiteBehavior [ RunTime:0.000008s ]
INFO: [ app_init ] --END-- [ RunTime:0.000196s ]

[ 2016-11-25T22:31:23+08:00 ] ::1 /jb555host/PersonalTailor/ManufactorAdmin/index/dist/img/user2-160x160.jpg
INFO: [ app_init ] --START--
INFO: Run Behavior\BuildLiteBehavior [ RunTime:0.000008s ]
INFO: [ app_init ] --END-- [ RunTime:0.000229s ]

[ 2016-11-25T22:31:23+08:00 ] ::1 /jb555host/PersonalTailor/ManufactorAdmin/index/dist/img/user3-128x128.jpg
INFO: [ app_init ] --START--
INFO: Run Behavior\BuildLiteBehavior [ RunTime:0.000012s ]
INFO: [ app_init ] --END-- [ RunTime:0.000294s ]

[ 2016-11-25T22:31:23+08:00 ] ::1 /jb555host/PersonalTailor/ManufactorAdmin/index/dist/img/user4-128x128.jpg
INFO: [ app_init ] --START--
INFO: Run Behavior\BuildLiteBehavior [ RunTime:0.000009s ]
INFO: [ app_init ] --END-- [ RunTime:0.000244s ]

[ 2016-11-25T22:31:24+08:00 ] ::1 /jb555host/PersonalTailor/ManufactorAdmin/index/dist/img/user2-160x160.jpg
INFO: [ app_init ] --START--
INFO: Run Behavior\BuildLiteBehavior [ RunTime:0.000012s ]
INFO: [ app_init ] --END-- [ RunTime:0.000241s ]

[ 2016-11-25T22:31:24+08:00 ] ::1 /jb555host/PersonalTailor/ManufactorAdmin/index/dist/img/user4-128x128.jpg
INFO: [ app_init ] --START--
INFO: Run Behavior\BuildLiteBehavior [ RunTime:0.000012s ]
INFO: [ app_init ] --END-- [ RunTime:0.000265s ]

[ 2016-11-25T22:31:24+08:00 ] ::1 /jb555host/PersonalTailor/ManufactorAdmin/index/dist/img/user3-128x128.jpg
INFO: [ app_init ] --START--
INFO: Run Behavior\BuildLiteBehavior [ RunTime:0.000011s ]
INFO: [ app_init ] --END-- [ RunTime:0.000315s ]

[ 2016-11-25T22:31:24+08:00 ] ::1 /jb555host/PersonalTailor/ManufactorAdmin/index/dist/img/user2-160x160.jpg
INFO: [ app_init ] --START--
INFO: Run Behavior\BuildLiteBehavior [ RunTime:0.000013s ]
INFO: [ app_init ] --END-- [ RunTime:0.000293s ]

[ 2016-11-25T22:31:24+08:00 ] ::1 /jb555host/PersonalTailor/ManufactorAdmin/index/dist/img/user4-128x128.jpg
INFO: [ app_init ] --START--
INFO: Run Behavior\BuildLiteBehavior [ RunTime:0.000011s ]
INFO: [ app_init ] --END-- [ RunTime:0.000340s ]

[ 2016-11-25T22:31:24+08:00 ] ::1 /jb555host/PersonalTailor/ManufactorAdmin/index/dist/img/user3-128x128.jpg
INFO: [ app_init ] --START--
INFO: Run Behavior\BuildLiteBehavior [ RunTime:0.000008s ]
INFO: [ app_init ] --END-- [ RunTime:0.000212s ]

[ 2016-11-25T22:31:24+08:00 ] ::1 /jb555host/PersonalTailor/ManufactorAdmin/index/dist/img/user2-160x160.jpg
INFO: [ app_init ] --START--
INFO: Run Behavior\BuildLiteBehavior [ RunTime:0.000014s ]
INFO: [ app_init ] --END-- [ RunTime:0.000313s ]

[ 2016-11-25T22:31:24+08:00 ] ::1 /jb555host/PersonalTailor/ManufactorAdmin/index/dist/img/user4-128x128.jpg
INFO: [ app_init ] --START--
INFO: Run Behavior\BuildLiteBehavior [ RunTime:0.000009s ]
INFO: [ app_init ] --END-- [ RunTime:0.000247s ]

[ 2016-11-25T22:31:24+08:00 ] ::1 /jb555host/PersonalTailor/ManufactorAdmin/index/dist/img/user3-128x128.jpg
INFO: [ app_init ] --START--
INFO: Run Behavior\BuildLiteBehavior [ RunTime:0.000009s ]
INFO: [ app_init ] --END-- [ RunTime:0.000218s ]

[ 2016-11-25T22:32:06+08:00 ] ::1 /jb555host/PersonalTailor/ManufactorAdmin/index/dist/img/user4-128x128.jpg
INFO: [ app_init ] --START--
INFO: Run Behavior\BuildLiteBehavior [ RunTime:0.000010s ]
INFO: [ app_init ] --END-- [ RunTime:0.000204s ]

[ 2016-11-25T22:32:06+08:00 ] ::1 /jb555host/PersonalTailor/ManufactorAdmin/index/dist/img/user3-128x128.jpg
INFO: [ app_init ] --START--
INFO: Run Behavior\BuildLiteBehavior [ RunTime:0.000007s ]
INFO: [ app_init ] --END-- [ RunTime:0.000253s ]

[ 2016-11-25T22:32:06+08:00 ] ::1 /jb555host/PersonalTailor/ManufactorAdmin/index/dist/img/user2-160x160.jpg
INFO: [ app_init ] --START--
INFO: Run Behavior\BuildLiteBehavior [ RunTime:0.000022s ]
INFO: [ app_init ] --END-- [ RunTime:0.000487s ]

[ 2016-11-25T22:32:31+08:00 ] ::1 /jb555host/PersonalTailor/ManufactorAdmin/index/dist/img/user2-160x160.jpg
INFO: [ app_init ] --START--
INFO: Run Behavior\BuildLiteBehavior [ RunTime:0.000008s ]
INFO: [ app_init ] --END-- [ RunTime:0.000249s ]

[ 2016-11-25T22:32:31+08:00 ] ::1 /jb555host/PersonalTailor/ManufactorAdmin/index/dist/img/user4-128x128.jpg
INFO: [ app_init ] --START--
INFO: Run Behavior\BuildLiteBehavior [ RunTime:0.000007s ]
INFO: [ app_init ] --END-- [ RunTime:0.000201s ]

[ 2016-11-25T22:32:31+08:00 ] ::1 /jb555host/PersonalTailor/ManufactorAdmin/index/dist/img/user3-128x128.jpg
INFO: [ app_init ] --START--
INFO: Run Behavior\BuildLiteBehavior [ RunTime:0.000010s ]
INFO: [ app_init ] --END-- [ RunTime:0.000242s ]

[ 2016-11-25T22:32:42+08:00 ] ::1 /jb555host/PersonalTailor/ManufactorAdmin/index/dist/img/user4-128x128.jpg
INFO: [ app_init ] --START--
INFO: Run Behavior\BuildLiteBehavior [ RunTime:0.000009s ]
INFO: [ app_init ] --END-- [ RunTime:0.000212s ]

[ 2016-11-25T22:32:42+08:00 ] ::1 /jb555host/PersonalTailor/ManufactorAdmin/index/dist/img/user3-128x128.jpg
INFO: [ app_init ] --START--
INFO: Run Behavior\BuildLiteBehavior [ RunTime:0.000018s ]
INFO: [ app_init ] --END-- [ RunTime:0.000244s ]

[ 2016-11-25T22:32:42+08:00 ] ::1 /jb555host/PersonalTailor/ManufactorAdmin/index/dist/img/user2-160x160.jpg
INFO: [ app_init ] --START--
INFO: Run Behavior\BuildLiteBehavior [ RunTime:0.000007s ]
INFO: [ app_init ] --END-- [ RunTime:0.000264s ]

[ 2016-11-25T22:35:19+08:00 ] ::1 /jb555host/PersonalTailor/ManufactorAdmin/index/dist/img/user2-160x160.jpg
INFO: [ app_init ] --START--
INFO: Run Behavior\BuildLiteBehavior [ RunTime:0.000009s ]
INFO: [ app_init ] --END-- [ RunTime:0.000214s ]

[ 2016-11-25T22:35:19+08:00 ] ::1 /jb555host/PersonalTailor/ManufactorAdmin/index/dist/img/user4-128x128.jpg
INFO: [ app_init ] --START--
INFO: Run Behavior\BuildLiteBehavior [ RunTime:0.000013s ]
INFO: [ app_init ] --END-- [ RunTime:0.000351s ]

[ 2016-11-25T22:35:19+08:00 ] ::1 /jb555host/PersonalTailor/ManufactorAdmin/index/dist/img/user3-128x128.jpg
INFO: [ app_init ] --START--
INFO: Run Behavior\BuildLiteBehavior [ RunTime:0.000012s ]
INFO: [ app_init ] --END-- [ RunTime:0.000325s ]

[ 2016-11-25T22:36:42+08:00 ] ::1 /jb555host/PersonalTailor/ManufactorAdmin/index/dist/img/user4-128x128.jpg
INFO: [ app_init ] --START--
INFO: Run Behavior\BuildLiteBehavior [ RunTime:0.000009s ]
INFO: [ app_init ] --END-- [ RunTime:0.000247s ]

[ 2016-11-25T22:36:42+08:00 ] ::1 /jb555host/PersonalTailor/ManufactorAdmin/index/dist/img/user2-160x160.jpg
INFO: [ app_init ] --START--
INFO: Run Behavior\BuildLiteBehavior [ RunTime:0.000008s ]
INFO: [ app_init ] --END-- [ RunTime:0.000272s ]

[ 2016-11-25T22:36:42+08:00 ] ::1 /jb555host/PersonalTailor/ManufactorAdmin/index/dist/img/user3-128x128.jpg
INFO: [ app_init ] --START--
INFO: Run Behavior\BuildLiteBehavior [ RunTime:0.000007s ]
INFO: [ app_init ] --END-- [ RunTime:0.000297s ]

[ 2016-11-25T22:37:18+08:00 ] ::1 /jb555host/PersonalTailor/ManufactorAdmin/index/dist/img/user2-160x160.jpg
INFO: [ app_init ] --START--
INFO: Run Behavior\BuildLiteBehavior [ RunTime:0.000009s ]
INFO: [ app_init ] --END-- [ RunTime:0.000204s ]

[ 2016-11-25T22:37:18+08:00 ] ::1 /jb555host/PersonalTailor/ManufactorAdmin/index/dist/img/user3-128x128.jpg
INFO: [ app_init ] --START--
INFO: Run Behavior\BuildLiteBehavior [ RunTime:0.000007s ]
INFO: [ app_init ] --END-- [ RunTime:0.000200s ]

[ 2016-11-25T22:37:18+08:00 ] ::1 /jb555host/PersonalTailor/ManufactorAdmin/index/dist/img/user4-128x128.jpg
INFO: [ app_init ] --START--
INFO: Run Behavior\BuildLiteBehavior [ RunTime:0.000011s ]
INFO: [ app_init ] --END-- [ RunTime:0.000284s ]

[ 2016-11-25T22:42:48+08:00 ] ::1 /jb555host/PersonalTailor/ManufactorAdmin/index/dist/img/user2-160x160.jpg
INFO: [ app_init ] --START--
INFO: Run Behavior\BuildLiteBehavior [ RunTime:0.000010s ]
INFO: [ app_init ] --END-- [ RunTime:0.000218s ]

[ 2016-11-25T22:42:48+08:00 ] ::1 /jb555host/PersonalTailor/ManufactorAdmin/index/dist/img/user4-128x128.jpg
INFO: [ app_init ] --START--
INFO: Run Behavior\BuildLiteBehavior [ RunTime:0.000011s ]
INFO: [ app_init ] --END-- [ RunTime:0.000319s ]

[ 2016-11-25T22:42:48+08:00 ] ::1 /jb555host/PersonalTailor/ManufactorAdmin/index/dist/img/user3-128x128.jpg
INFO: [ app_init ] --START--
INFO: Run Behavior\BuildLiteBehavior [ RunTime:0.000007s ]
INFO: [ app_init ] --END-- [ RunTime:0.000246s ]

[ 2016-11-25T22:47:41+08:00 ] ::1 /jb555host/PersonalTailor/ManufactorAdmin/index/dist/img/user2-160x160.jpg
INFO: [ app_init ] --START--
INFO: Run Behavior\BuildLiteBehavior [ RunTime:0.000009s ]
INFO: [ app_init ] --END-- [ RunTime:0.000230s ]

[ 2016-11-25T22:47:41+08:00 ] ::1 /jb555host/PersonalTailor/ManufactorAdmin/index/dist/img/user3-128x128.jpg
INFO: [ app_init ] --START--
INFO: Run Behavior\BuildLiteBehavior [ RunTime:0.000008s ]
INFO: [ app_init ] --END-- [ RunTime:0.000232s ]

[ 2016-11-25T22:47:41+08:00 ] ::1 /jb555host/PersonalTailor/ManufactorAdmin/index/dist/img/user4-128x128.jpg
INFO: [ app_init ] --START--
INFO: Run Behavior\BuildLiteBehavior [ RunTime:0.000008s ]
INFO: [ app_init ] --END-- [ RunTime:0.000246s ]

[ 2016-11-25T22:48:45+08:00 ] ::1 /jb555host/PersonalTailor/ManufactorAdmin/index/dist/img/user2-160x160.jpg
INFO: [ app_init ] --START--
INFO: Run Behavior\BuildLiteBehavior [ RunTime:0.000010s ]
INFO: [ app_init ] --END-- [ RunTime:0.000274s ]

[ 2016-11-25T22:48:45+08:00 ] ::1 /jb555host/PersonalTailor/ManufactorAdmin/index/dist/img/user4-128x128.jpg
INFO: [ app_init ] --START--
INFO: Run Behavior\BuildLiteBehavior [ RunTime:0.000008s ]
INFO: [ app_init ] --END-- [ RunTime:0.000220s ]

[ 2016-11-25T22:48:45+08:00 ] ::1 /jb555host/PersonalTailor/ManufactorAdmin/index/dist/img/user3-128x128.jpg
INFO: [ app_init ] --START--
INFO: Run Behavior\BuildLiteBehavior [ RunTime:0.000012s ]
INFO: [ app_init ] --END-- [ RunTime:0.000478s ]

[ 2016-11-25T22:50:01+08:00 ] ::1 /jb555host/PersonalTailor/ManufactorAdmin/index/dist/img/user4-128x128.jpg
INFO: [ app_init ] --START--
INFO: Run Behavior\BuildLiteBehavior [ RunTime:0.000011s ]
INFO: [ app_init ] --END-- [ RunTime:0.000221s ]

[ 2016-11-25T22:50:01+08:00 ] ::1 /jb555host/PersonalTailor/ManufactorAdmin/index/dist/img/user2-160x160.jpg
INFO: [ app_init ] --START--
INFO: Run Behavior\BuildLiteBehavior [ RunTime:0.000011s ]
INFO: [ app_init ] --END-- [ RunTime:0.000329s ]

[ 2016-11-25T22:50:01+08:00 ] ::1 /jb555host/PersonalTailor/ManufactorAdmin/index/dist/img/user3-128x128.jpg
INFO: [ app_init ] --START--
INFO: Run Behavior\BuildLiteBehavior [ RunTime:0.000007s ]
INFO: [ app_init ] --END-- [ RunTime:0.000244s ]

[ 2016-11-25T22:51:12+08:00 ] ::1 /jb555host/PersonalTailor/ManufactorAdmin/index/dist/img/user2-160x160.jpg
INFO: [ app_init ] --START--
INFO: Run Behavior\BuildLiteBehavior [ RunTime:0.000009s ]
INFO: [ app_init ] --END-- [ RunTime:0.000283s ]

[ 2016-11-25T22:51:12+08:00 ] ::1 /jb555host/PersonalTailor/ManufactorAdmin/index/dist/img/user4-128x128.jpg
INFO: [ app_init ] --START--
INFO: Run Behavior\BuildLiteBehavior [ RunTime:0.000012s ]
INFO: [ app_init ] --END-- [ RunTime:0.000293s ]

[ 2016-11-25T22:51:12+08:00 ] ::1 /jb555host/PersonalTailor/ManufactorAdmin/index/dist/img/user3-128x128.jpg
INFO: [ app_init ] --START--
INFO: Run Behavior\BuildLiteBehavior [ RunTime:0.000008s ]
INFO: [ app_init ] --END-- [ RunTime:0.000215s ]

[ 2016-11-25T22:51:59+08:00 ] ::1 /jb555host/PersonalTailor/ManufactorAdmin/index/dist/img/user2-160x160.jpg
INFO: [ app_init ] --START--
INFO: Run Behavior\BuildLiteBehavior [ RunTime:0.000008s ]
INFO: [ app_init ] --END-- [ RunTime:0.000206s ]

[ 2016-11-25T22:51:59+08:00 ] ::1 /jb555host/PersonalTailor/ManufactorAdmin/index/dist/img/user4-128x128.jpg
INFO: [ app_init ] --START--
INFO: Run Behavior\BuildLiteBehavior [ RunTime:0.000007s ]
INFO: [ app_init ] --END-- [ RunTime:0.000201s ]

[ 2016-11-25T22:51:59+08:00 ] ::1 /jb555host/PersonalTailor/ManufactorAdmin/index/dist/img/user3-128x128.jpg
INFO: [ app_init ] --START--
INFO: Run Behavior\BuildLiteBehavior [ RunTime:0.000013s ]
INFO: [ app_init ] --END-- [ RunTime:0.000477s ]

[ 2016-11-25T22:53:28+08:00 ] ::1 /jb555host/PersonalTailor/ManufactorAdmin/index/dist/img/user2-160x160.jpg
INFO: [ app_init ] --START--
INFO: Run Behavior\BuildLiteBehavior [ RunTime:0.000010s ]
INFO: [ app_init ] --END-- [ RunTime:0.000305s ]

[ 2016-11-25T22:53:28+08:00 ] ::1 /jb555host/PersonalTailor/ManufactorAdmin/index/dist/img/user4-128x128.jpg
INFO: [ app_init ] --START--
INFO: Run Behavior\BuildLiteBehavior [ RunTime:0.000011s ]
INFO: [ app_init ] --END-- [ RunTime:0.000344s ]

[ 2016-11-25T22:53:28+08:00 ] ::1 /jb555host/PersonalTailor/ManufactorAdmin/index/dist/img/user3-128x128.jpg
INFO: [ app_init ] --START--
INFO: Run Behavior\BuildLiteBehavior [ RunTime:0.000008s ]
INFO: [ app_init ] --END-- [ RunTime:0.000241s ]

[ 2016-11-25T22:53:53+08:00 ] ::1 /jb555host/PersonalTailor/ManufactorAdmin/index/dist/img/user2-160x160.jpg
INFO: [ app_init ] --START--
INFO: Run Behavior\BuildLiteBehavior [ RunTime:0.000008s ]
INFO: [ app_init ] --END-- [ RunTime:0.000208s ]

[ 2016-11-25T22:53:53+08:00 ] ::1 /jb555host/PersonalTailor/ManufactorAdmin/index/dist/img/user4-128x128.jpg
INFO: [ app_init ] --START--
INFO: Run Behavior\BuildLiteBehavior [ RunTime:0.000008s ]
INFO: [ app_init ] --END-- [ RunTime:0.000208s ]

[ 2016-11-25T22:53:53+08:00 ] ::1 /jb555host/PersonalTailor/ManufactorAdmin/index/dist/img/user3-128x128.jpg
INFO: [ app_init ] --START--
INFO: Run Behavior\BuildLiteBehavior [ RunTime:0.000008s ]
INFO: [ app_init ] --END-- [ RunTime:0.000230s ]

[ 2016-11-25T22:56:07+08:00 ] ::1 /jb555host/PersonalTailor/ManufactorAdmin/index/dist/img/user3-128x128.jpg
INFO: [ app_init ] --START--
INFO: Run Behavior\BuildLiteBehavior [ RunTime:0.000008s ]
INFO: [ app_init ] --END-- [ RunTime:0.000227s ]

[ 2016-11-25T22:56:07+08:00 ] ::1 /jb555host/PersonalTailor/ManufactorAdmin/index/dist/img/user2-160x160.jpg
INFO: [ app_init ] --START--
INFO: Run Behavior\BuildLiteBehavior [ RunTime:0.000012s ]
INFO: [ app_init ] --END-- [ RunTime:0.000287s ]

[ 2016-11-25T22:56:07+08:00 ] ::1 /jb555host/PersonalTailor/ManufactorAdmin/index/dist/img/user4-128x128.jpg
INFO: [ app_init ] --START--
INFO: Run Behavior\BuildLiteBehavior [ RunTime:0.000008s ]
INFO: [ app_init ] --END-- [ RunTime:0.000238s ]

[ 2016-11-25T22:56:36+08:00 ] ::1 /jb555host/PersonalTailor/ManufactorAdmin/index/dist/img/user4-128x128.jpg
INFO: [ app_init ] --START--
INFO: Run Behavior\BuildLiteBehavior [ RunTime:0.000008s ]
INFO: [ app_init ] --END-- [ RunTime:0.000206s ]

[ 2016-11-25T22:56:36+08:00 ] ::1 /jb555host/PersonalTailor/ManufactorAdmin/index/dist/img/user2-160x160.jpg
INFO: [ app_init ] --START--
INFO: Run Behavior\BuildLiteBehavior [ RunTime:0.000011s ]
INFO: [ app_init ] --END-- [ RunTime:0.000300s ]

[ 2016-11-25T22:56:36+08:00 ] ::1 /jb555host/PersonalTailor/ManufactorAdmin/index/dist/img/user3-128x128.jpg
INFO: [ app_init ] --START--
INFO: Run Behavior\BuildLiteBehavior [ RunTime:0.000011s ]
INFO: [ app_init ] --END-- [ RunTime:0.000329s ]

[ 2016-11-25T22:56:46+08:00 ] ::1 /jb555host/PersonalTailor/ManufactorAdmin/index/dist/img/user2-160x160.jpg
INFO: [ app_init ] --START--
INFO: Run Behavior\BuildLiteBehavior [ RunTime:0.000009s ]
INFO: [ app_init ] --END-- [ RunTime:0.000233s ]

[ 2016-11-25T22:56:46+08:00 ] ::1 /jb555host/PersonalTailor/ManufactorAdmin/index/dist/img/user4-128x128.jpg
INFO: [ app_init ] --START--
INFO: Run Behavior\BuildLiteBehavior [ RunTime:0.000008s ]
INFO: [ app_init ] --END-- [ RunTime:0.000227s ]

[ 2016-11-25T22:56:46+08:00 ] ::1 /jb555host/PersonalTailor/ManufactorAdmin/index/dist/img/user3-128x128.jpg
INFO: [ app_init ] --START--
INFO: Run Behavior\BuildLiteBehavior [ RunTime:0.000009s ]
INFO: [ app_init ] --END-- [ RunTime:0.000238s ]

[ 2016-11-25T22:56:47+08:00 ] ::1 /jb555host/PersonalTailor/ManufactorAdmin/index/dist/img/user3-128x128.jpg
INFO: [ app_init ] --START--
INFO: Run Behavior\BuildLiteBehavior [ RunTime:0.000009s ]
INFO: [ app_init ] --END-- [ RunTime:0.000248s ]

[ 2016-11-25T22:56:47+08:00 ] ::1 /jb555host/PersonalTailor/ManufactorAdmin/index/dist/img/user2-160x160.jpg
INFO: [ app_init ] --START--
INFO: Run Behavior\BuildLiteBehavior [ RunTime:0.000008s ]
INFO: [ app_init ] --END-- [ RunTime:0.000230s ]

[ 2016-11-25T22:56:47+08:00 ] ::1 /jb555host/PersonalTailor/ManufactorAdmin/index/dist/img/user4-128x128.jpg
INFO: [ app_init ] --START--
INFO: Run Behavior\BuildLiteBehavior [ RunTime:0.000009s ]
INFO: [ app_init ] --END-- [ RunTime:0.000219s ]

[ 2016-11-25T22:56:48+08:00 ] ::1 /jb555host/PersonalTailor/ManufactorAdmin/index/dist/img/user2-160x160.jpg
INFO: [ app_init ] --START--
INFO: Run Behavior\BuildLiteBehavior [ RunTime:0.000009s ]
INFO: [ app_init ] --END-- [ RunTime:0.000267s ]

[ 2016-11-25T22:56:48+08:00 ] ::1 /jb555host/PersonalTailor/ManufactorAdmin/index/dist/img/user3-128x128.jpg
INFO: [ app_init ] --START--
INFO: Run Behavior\BuildLiteBehavior [ RunTime:0.000008s ]
INFO: [ app_init ] --END-- [ RunTime:0.000197s ]

[ 2016-11-25T22:56:48+08:00 ] ::1 /jb555host/PersonalTailor/ManufactorAdmin/index/dist/img/user4-128x128.jpg
INFO: [ app_init ] --START--
INFO: Run Behavior\BuildLiteBehavior [ RunTime:0.000007s ]
INFO: [ app_init ] --END-- [ RunTime:0.000201s ]

[ 2016-11-25T22:56:48+08:00 ] ::1 /jb555host/PersonalTailor/ManufactorAdmin/index/dist/img/user4-128x128.jpg
INFO: [ app_init ] --START--
INFO: Run Behavior\BuildLiteBehavior [ RunTime:0.000009s ]
INFO: [ app_init ] --END-- [ RunTime:0.000214s ]

[ 2016-11-25T22:56:48+08:00 ] ::1 /jb555host/PersonalTailor/ManufactorAdmin/index/dist/img/user3-128x128.jpg
INFO: [ app_init ] --START--
INFO: Run Behavior\BuildLiteBehavior [ RunTime:0.000008s ]
INFO: [ app_init ] --END-- [ RunTime:0.000228s ]

[ 2016-11-25T22:56:48+08:00 ] ::1 /jb555host/PersonalTailor/ManufactorAdmin/index/dist/img/user2-160x160.jpg
INFO: [ app_init ] --START--
INFO: Run Behavior\BuildLiteBehavior [ RunTime:0.000008s ]
INFO: [ app_init ] --END-- [ RunTime:0.000257s ]

[ 2016-11-25T22:56:54+08:00 ] ::1 /jb555host/PersonalTailor/ManufactorAdmin/index/dist/img/user3-128x128.jpg
INFO: [ app_init ] --START--
INFO: Run Behavior\BuildLiteBehavior [ RunTime:0.000014s ]
INFO: [ app_init ] --END-- [ RunTime:0.000296s ]

[ 2016-11-25T22:56:54+08:00 ] ::1 /jb555host/PersonalTailor/ManufactorAdmin/index/dist/img/user2-160x160.jpg
INFO: [ app_init ] --START--
INFO: Run Behavior\BuildLiteBehavior [ RunTime:0.000013s ]
INFO: [ app_init ] --END-- [ RunTime:0.000330s ]

[ 2016-11-25T22:56:54+08:00 ] ::1 /jb555host/PersonalTailor/ManufactorAdmin/index/dist/img/user4-128x128.jpg
INFO: [ app_init ] --START--
INFO: Run Behavior\BuildLiteBehavior [ RunTime:0.000014s ]
INFO: [ app_init ] --END-- [ RunTime:0.000374s ]

[ 2016-11-25T22:56:55+08:00 ] ::1 /jb555host/PersonalTailor/ManufactorAdmin/index/dist/img/user2-160x160.jpg
INFO: [ app_init ] --START--
INFO: Run Behavior\BuildLiteBehavior [ RunTime:0.000009s ]
INFO: [ app_init ] --END-- [ RunTime:0.000241s ]

[ 2016-11-25T22:56:55+08:00 ] ::1 /jb555host/PersonalTailor/ManufactorAdmin/index/dist/img/user4-128x128.jpg
INFO: [ app_init ] --START--
INFO: Run Behavior\BuildLiteBehavior [ RunTime:0.000008s ]
INFO: [ app_init ] --END-- [ RunTime:0.000241s ]

[ 2016-11-25T22:56:55+08:00 ] ::1 /jb555host/PersonalTailor/ManufactorAdmin/index/dist/img/user3-128x128.jpg
INFO: [ app_init ] --START--
INFO: Run Behavior\BuildLiteBehavior [ RunTime:0.000009s ]
INFO: [ app_init ] --END-- [ RunTime:0.000353s ]

[ 2016-11-25T22:56:55+08:00 ] ::1 /jb555host/PersonalTailor/ManufactorAdmin/index/dist/img/user2-160x160.jpg
INFO: [ app_init ] --START--
INFO: Run Behavior\BuildLiteBehavior [ RunTime:0.000008s ]
INFO: [ app_init ] --END-- [ RunTime:0.000214s ]

[ 2016-11-25T22:56:55+08:00 ] ::1 /jb555host/PersonalTailor/ManufactorAdmin/index/dist/img/user4-128x128.jpg
INFO: [ app_init ] --START--
INFO: Run Behavior\BuildLiteBehavior [ RunTime:0.000007s ]
INFO: [ app_init ] --END-- [ RunTime:0.000238s ]

[ 2016-11-25T22:56:55+08:00 ] ::1 /jb555host/PersonalTailor/ManufactorAdmin/index/dist/img/user3-128x128.jpg
INFO: [ app_init ] --START--
INFO: Run Behavior\BuildLiteBehavior [ RunTime:0.000011s ]
INFO: [ app_init ] --END-- [ RunTime:0.000243s ]

[ 2016-11-25T22:56:55+08:00 ] ::1 /jb555host/PersonalTailor/ManufactorAdmin/index/dist/img/user3-128x128.jpg
INFO: [ app_init ] --START--
INFO: Run Behavior\BuildLiteBehavior [ RunTime:0.000008s ]
INFO: [ app_init ] --END-- [ RunTime:0.000268s ]

[ 2016-11-25T22:56:55+08:00 ] ::1 /jb555host/PersonalTailor/ManufactorAdmin/index/dist/img/user2-160x160.jpg
INFO: [ app_init ] --START--
INFO: Run Behavior\BuildLiteBehavior [ RunTime:0.000015s ]
INFO: [ app_init ] --END-- [ RunTime:0.000307s ]

[ 2016-11-25T22:56:55+08:00 ] ::1 /jb555host/PersonalTailor/ManufactorAdmin/index/dist/img/user4-128x128.jpg
INFO: [ app_init ] --START--
INFO: Run Behavior\BuildLiteBehavior [ RunTime:0.000010s ]
INFO: [ app_init ] --END-- [ RunTime:0.000289s ]

[ 2016-11-25T22:56:56+08:00 ] ::1 /jb555host/PersonalTailor/ManufactorAdmin/index/dist/img/user4-128x128.jpg
INFO: [ app_init ] --START--
INFO: Run Behavior\BuildLiteBehavior [ RunTime:0.000008s ]
INFO: [ app_init ] --END-- [ RunTime:0.000204s ]

[ 2016-11-25T22:56:56+08:00 ] ::1 /jb555host/PersonalTailor/ManufactorAdmin/index/dist/img/user2-160x160.jpg
INFO: [ app_init ] --START--
INFO: Run Behavior\BuildLiteBehavior [ RunTime:0.000007s ]
INFO: [ app_init ] --END-- [ RunTime:0.000245s ]

[ 2016-11-25T22:56:56+08:00 ] ::1 /jb555host/PersonalTailor/ManufactorAdmin/index/dist/img/user3-128x128.jpg
INFO: [ app_init ] --START--
INFO: Run Behavior\BuildLiteBehavior [ RunTime:0.000021s ]
INFO: [ app_init ] --END-- [ RunTime:0.000426s ]

[ 2016-11-25T22:56:56+08:00 ] ::1 /jb555host/PersonalTailor/ManufactorAdmin/index/dist/img/user2-160x160.jpg
INFO: [ app_init ] --START--
INFO: Run Behavior\BuildLiteBehavior [ RunTime:0.000008s ]
INFO: [ app_init ] --END-- [ RunTime:0.000220s ]

[ 2016-11-25T22:56:56+08:00 ] ::1 /jb555host/PersonalTailor/ManufactorAdmin/index/dist/img/user4-128x128.jpg
INFO: [ app_init ] --START--
INFO: Run Behavior\BuildLiteBehavior [ RunTime:0.000007s ]
INFO: [ app_init ] --END-- [ RunTime:0.000254s ]

[ 2016-11-25T22:56:56+08:00 ] ::1 /jb555host/PersonalTailor/ManufactorAdmin/index/dist/img/user3-128x128.jpg
INFO: [ app_init ] --START--
INFO: Run Behavior\BuildLiteBehavior [ RunTime:0.000011s ]
INFO: [ app_init ] --END-- [ RunTime:0.000407s ]

[ 2016-11-25T22:56:56+08:00 ] ::1 /jb555host/PersonalTailor/ManufactorAdmin/index/dist/img/user2-160x160.jpg
INFO: [ app_init ] --START--
INFO: Run Behavior\BuildLiteBehavior [ RunTime:0.000008s ]
INFO: [ app_init ] --END-- [ RunTime:0.000205s ]

[ 2016-11-25T22:56:56+08:00 ] ::1 /jb555host/PersonalTailor/ManufactorAdmin/index/dist/img/user3-128x128.jpg
INFO: [ app_init ] --START--
INFO: Run Behavior\BuildLiteBehavior [ RunTime:0.000011s ]
INFO: [ app_init ] --END-- [ RunTime:0.000327s ]

[ 2016-11-25T22:56:56+08:00 ] ::1 /jb555host/PersonalTailor/ManufactorAdmin/index/dist/img/user4-128x128.jpg
INFO: [ app_init ] --START--
INFO: Run Behavior\BuildLiteBehavior [ RunTime:0.000008s ]
INFO: [ app_init ] --END-- [ RunTime:0.000253s ]

[ 2016-11-25T22:56:57+08:00 ] ::1 /jb555host/PersonalTailor/ManufactorAdmin/index/dist/img/user3-128x128.jpg
INFO: [ app_init ] --START--
INFO: Run Behavior\BuildLiteBehavior [ RunTime:0.000009s ]
INFO: [ app_init ] --END-- [ RunTime:0.000212s ]

[ 2016-11-25T22:56:57+08:00 ] ::1 /jb555host/PersonalTailor/ManufactorAdmin/index/dist/img/user4-128x128.jpg
INFO: [ app_init ] --START--
INFO: Run Behavior\BuildLiteBehavior [ RunTime:0.000011s ]
INFO: [ app_init ] --END-- [ RunTime:0.000248s ]

[ 2016-11-25T22:56:57+08:00 ] ::1 /jb555host/PersonalTailor/ManufactorAdmin/index/dist/img/user2-160x160.jpg
INFO: [ app_init ] --START--
INFO: Run Behavior\BuildLiteBehavior [ RunTime:0.000011s ]
INFO: [ app_init ] --END-- [ RunTime:0.000241s ]

[ 2016-11-25T22:57:00+08:00 ] ::1 /jb555host/PersonalTailor/ManufactorAdmin/index/dist/img/user4-128x128.jpg
INFO: [ app_init ] --START--
INFO: Run Behavior\BuildLiteBehavior [ RunTime:0.000009s ]
INFO: [ app_init ] --END-- [ RunTime:0.000274s ]

[ 2016-11-25T22:57:00+08:00 ] ::1 /jb555host/PersonalTailor/ManufactorAdmin/index/dist/img/user3-128x128.jpg
INFO: [ app_init ] --START--
INFO: Run Behavior\BuildLiteBehavior [ RunTime:0.000012s ]
INFO: [ app_init ] --END-- [ RunTime:0.000318s ]

[ 2016-11-25T22:57:00+08:00 ] ::1 /jb555host/PersonalTailor/ManufactorAdmin/index/dist/img/user2-160x160.jpg
INFO: [ app_init ] --START--
INFO: Run Behavior\BuildLiteBehavior [ RunTime:0.000008s ]
INFO: [ app_init ] --END-- [ RunTime:0.000192s ]

[ 2016-11-25T23:01:07+08:00 ] ::1 /jb555host/PersonalTailor/ManufactorAdmin/index/dist/img/user2-160x160.jpg
INFO: [ app_init ] --START--
INFO: Run Behavior\BuildLiteBehavior [ RunTime:0.000010s ]
INFO: [ app_init ] --END-- [ RunTime:0.000241s ]

[ 2016-11-25T23:01:07+08:00 ] ::1 /jb555host/PersonalTailor/ManufactorAdmin/index/dist/img/user3-128x128.jpg
INFO: [ app_init ] --START--
INFO: Run Behavior\BuildLiteBehavior [ RunTime:0.000012s ]
INFO: [ app_init ] --END-- [ RunTime:0.000453s ]

[ 2016-11-25T23:01:07+08:00 ] ::1 /jb555host/PersonalTailor/ManufactorAdmin/index/dist/img/user4-128x128.jpg
INFO: [ app_init ] --START--
INFO: Run Behavior\BuildLiteBehavior [ RunTime:0.000009s ]
INFO: [ app_init ] --END-- [ RunTime:0.000250s ]

