[ 2016-11-24T19:12:19+08:00 ] ::1 /jb555host/PersonalTailor/index.php/index2.html
INFO: [ app_init ] --START--
INFO: Run Behavior\BuildLiteBehavior [ RunTime:0.000016s ]
INFO: [ app_init ] --END-- [ RunTime:0.000409s ]
ERR: 无法加载模块:Index2

[ 2016-11-24T19:35:00+08:00 ] ::1 /jb555host/PersonalTailor/index.php/jb555host/PersonalTailor/index.php/Manufactor/Index/index.html.html
INFO: [ app_init ] --START--
INFO: Run Behavior\BuildLiteBehavior [ RunTime:0.000008s ]
INFO: [ app_init ] --END-- [ RunTime:0.000212s ]
ERR: 无法加载模块:Jb555host

[ 2016-11-24T19:35:09+08:00 ] ::1 /jb555host/PersonalTailor/index.php/jb555host/PersonalTailor/index.php/Manufactor/Index/index.html
INFO: [ app_init ] --START--
INFO: Run Behavior\BuildLiteBehavior [ RunTime:0.000015s ]
INFO: [ app_init ] --END-- [ RunTime:0.000402s ]
ERR: 无法加载模块:Jb555host

[ 2016-11-24T19:35:24+08:00 ] ::1 /jb555host/PersonalTailor/index.php/Index/index.html
INFO: [ app_init ] --START--
INFO: Run Behavior\BuildLiteBehavior [ RunTime:0.000008s ]
INFO: [ app_init ] --END-- [ RunTime:0.000214s ]
ERR: 无法加载模块:Index

[ 2016-11-24T19:37:12+08:00 ] ::1 /jb555host/PersonalTailor/index.php/Index/index.html
INFO: [ app_init ] --START--
INFO: Run Behavior\BuildLiteBehavior [ RunTime:0.000013s ]
INFO: [ app_init ] --END-- [ RunTime:0.000303s ]
ERR: 无法加载模块:Index

[ 2016-11-24T19:37:14+08:00 ] ::1 /jb555host/PersonalTailor/index.php/Index/index.html
INFO: [ app_init ] --START--
INFO: Run Behavior\BuildLiteBehavior [ RunTime:0.000009s ]
INFO: [ app_init ] --END-- [ RunTime:0.000214s ]
ERR: 无法加载模块:Index

[ 2016-11-24T19:37:20+08:00 ] ::1 /jb555host/PersonalTailor/index.php/Manufactor/Index/index.html
INFO: [ app_init ] --START--
INFO: Run Behavior\BuildLiteBehavior [ RunTime:0.000009s ]
INFO: [ app_init ] --END-- [ RunTime:0.000237s ]
ERR: 无法加载模块:Manufactor

[ 2016-11-24T20:04:33+08:00 ] ::1 /jb555host/PersonalTailor/index.php/Manufactor/login/login.html
INFO: [ app_init ] --START--
INFO: Run Behavior\BuildLiteBehavior [ RunTime:0.000015s ]
INFO: [ app_init ] --END-- [ RunTime:0.000379s ]
ERR: 无法加载模块:Manufactor

[ 2016-11-24T20:04:56+08:00 ] ::1 /jb555host/PersonalTailor/index.php/Manufactor/login/login.html
INFO: [ app_init ] --START--
INFO: Run Behavior\BuildLiteBehavior [ RunTime:0.000009s ]
INFO: [ app_init ] --END-- [ RunTime:0.000212s ]
ERR: 无法加载模块:Manufactor

[ 2016-11-24T20:05:00+08:00 ] ::1 /jb555host/PersonalTailor/index.php/Manufactor/login/login.html
INFO: [ app_init ] --START--
INFO: Run Behavior\BuildLiteBehavior [ RunTime:0.000016s ]
INFO: [ app_init ] --END-- [ RunTime:0.000427s ]
ERR: 无法加载模块:Manufactor

