[ 2016-11-27T07:14:07+08:00 ] ::1 /jb555host/PersonalTailor/index.php/ManufactorAdmin/Index/dist/img/user2-160x160.jpg
INFO: [ app_init ] --START--
INFO: Run Behavior\BuildLiteBehavior [ RunTime:0.000010s ]
INFO: [ app_init ] --END-- [ RunTime:0.000266s ]

[ 2016-11-27T07:14:07+08:00 ] ::1 /jb555host/PersonalTailor/index.php/ManufactorAdmin/Index/dist/img/user4-128x128.jpg
INFO: [ app_init ] --START--
INFO: Run Behavior\BuildLiteBehavior [ RunTime:0.000010s ]
INFO: [ app_init ] --END-- [ RunTime:0.000291s ]

[ 2016-11-27T07:14:07+08:00 ] ::1 /jb555host/PersonalTailor/index.php/ManufactorAdmin/Index/dist/img/user3-128x128.jpg
INFO: [ app_init ] --START--
INFO: Run Behavior\BuildLiteBehavior [ RunTime:0.000018s ]
INFO: [ app_init ] --END-- [ RunTime:0.000299s ]

[ 2016-11-27T07:14:13+08:00 ] ::1 /jb555host/PersonalTailor/index.php/ManufactorAdmin/Product/dist/img/user4-128x128.jpg
INFO: [ app_init ] --START--
INFO: Run Behavior\BuildLiteBehavior [ RunTime:0.000011s ]
INFO: [ app_init ] --END-- [ RunTime:0.000286s ]

[ 2016-11-27T07:14:13+08:00 ] ::1 /jb555host/PersonalTailor/index.php/ManufactorAdmin/Product/dist/img/user2-160x160.jpg
INFO: [ app_init ] --START--
INFO: Run Behavior\BuildLiteBehavior [ RunTime:0.000009s ]
INFO: [ app_init ] --END-- [ RunTime:0.000339s ]

[ 2016-11-27T07:14:13+08:00 ] ::1 /jb555host/PersonalTailor/index.php/ManufactorAdmin/Product/dist/img/user3-128x128.jpg
INFO: [ app_init ] --START--
INFO: Run Behavior\BuildLiteBehavior [ RunTime:0.000013s ]
INFO: [ app_init ] --END-- [ RunTime:0.000365s ]

[ 2016-11-27T07:14:16+08:00 ] ::1 /jb555host/PersonalTailor/index.php/ManufactorAdmin/Product/dist/img/user2-160x160.jpg
INFO: [ app_init ] --START--
INFO: Run Behavior\BuildLiteBehavior [ RunTime:0.000008s ]
INFO: [ app_init ] --END-- [ RunTime:0.000230s ]

[ 2016-11-27T07:14:16+08:00 ] ::1 /jb555host/PersonalTailor/index.php/ManufactorAdmin/Product/dist/img/user3-128x128.jpg
INFO: [ app_init ] --START--
INFO: Run Behavior\BuildLiteBehavior [ RunTime:0.000008s ]
INFO: [ app_init ] --END-- [ RunTime:0.000219s ]

[ 2016-11-27T07:14:16+08:00 ] ::1 /jb555host/PersonalTailor/index.php/ManufactorAdmin/Product/dist/img/user4-128x128.jpg
INFO: [ app_init ] --START--
INFO: Run Behavior\BuildLiteBehavior [ RunTime:0.000008s ]
INFO: [ app_init ] --END-- [ RunTime:0.000241s ]

[ 2016-11-27T07:14:16+08:00 ] ::1 /jb555host/PersonalTailor/index.php/ManufactorAdmin/Product/Uploads/2016-11-26/5839a97be29d2.png
INFO: [ app_init ] --START--
INFO: Run Behavior\BuildLiteBehavior [ RunTime:0.000009s ]
INFO: [ app_init ] --END-- [ RunTime:0.000247s ]

[ 2016-11-27T07:15:15+08:00 ] ::1 /jb555host/PersonalTailor/index.php/ManufactorAdmin//Uploads/2016-11-26/5839a97be29d2.png
INFO: [ app_init ] --START--
INFO: Run Behavior\BuildLiteBehavior [ RunTime:0.000010s ]
INFO: [ app_init ] --END-- [ RunTime:0.007228s ]

[ 2016-11-27T07:15:19+08:00 ] ::1 /jb555host/PersonalTailor/index.php//Uploads/2016-11-26/5839a97be29d2.png
INFO: [ app_init ] --START--
INFO: Run Behavior\BuildLiteBehavior [ RunTime:0.000007s ]
INFO: [ app_init ] --END-- [ RunTime:0.000226s ]

[ 2016-11-27T07:15:23+08:00 ] ::1 /jb555host/PersonalTailor/index.php/Uploads/2016-11-26/5839a97be29d2.png
INFO: [ app_init ] --START--
INFO: Run Behavior\BuildLiteBehavior [ RunTime:0.000009s ]
INFO: [ app_init ] --END-- [ RunTime:0.000225s ]

[ 2016-11-27T07:20:02+08:00 ] ::1 /jb555host/PersonalTailor/index.php/ManufactorAdmin/Product/dist/img/user2-160x160.jpg
INFO: [ app_init ] --START--
INFO: Run Behavior\BuildLiteBehavior [ RunTime:0.000012s ]
INFO: [ app_init ] --END-- [ RunTime:0.000327s ]

[ 2016-11-27T07:20:02+08:00 ] ::1 /jb555host/PersonalTailor/index.php/ManufactorAdmin/Product/dist/img/user4-128x128.jpg
INFO: [ app_init ] --START--
INFO: Run Behavior\BuildLiteBehavior [ RunTime:0.000008s ]
INFO: [ app_init ] --END-- [ RunTime:0.000259s ]

[ 2016-11-27T07:20:02+08:00 ] ::1 /jb555host/PersonalTailor/index.php/ManufactorAdmin/Product/dist/img/user3-128x128.jpg
INFO: [ app_init ] --START--
INFO: Run Behavior\BuildLiteBehavior [ RunTime:0.000007s ]
INFO: [ app_init ] --END-- [ RunTime:0.000232s ]

[ 2016-11-27T07:21:48+08:00 ] ::1 /jb555host/PersonalTailor/index.php/ManufactorAdmin/Product/dist/img/user2-160x160.jpg
INFO: [ app_init ] --START--
INFO: Run Behavior\BuildLiteBehavior [ RunTime:0.000008s ]
INFO: [ app_init ] --END-- [ RunTime:0.000219s ]

[ 2016-11-27T07:21:48+08:00 ] ::1 /jb555host/PersonalTailor/index.php/ManufactorAdmin/Product/dist/img/user3-128x128.jpg
INFO: [ app_init ] --START--
INFO: Run Behavior\BuildLiteBehavior [ RunTime:0.000008s ]
INFO: [ app_init ] --END-- [ RunTime:0.000199s ]

[ 2016-11-27T07:21:48+08:00 ] ::1 /jb555host/PersonalTailor/index.php/ManufactorAdmin/Product/dist/img/user4-128x128.jpg
INFO: [ app_init ] --START--
INFO: Run Behavior\BuildLiteBehavior [ RunTime:0.000012s ]
INFO: [ app_init ] --END-- [ RunTime:0.000304s ]

[ 2016-11-27T07:22:52+08:00 ] ::1 /jb555host/PersonalTailor/index.php/ManufactorAdmin/Index/dist/img/user4-128x128.jpg
INFO: [ app_init ] --START--
INFO: Run Behavior\BuildLiteBehavior [ RunTime:0.000010s ]
INFO: [ app_init ] --END-- [ RunTime:0.000390s ]

[ 2016-11-27T07:22:52+08:00 ] ::1 /jb555host/PersonalTailor/index.php/ManufactorAdmin/Index/dist/img/user3-128x128.jpg
INFO: [ app_init ] --START--
INFO: Run Behavior\BuildLiteBehavior [ RunTime:0.000026s ]
INFO: [ app_init ] --END-- [ RunTime:0.000388s ]

[ 2016-11-27T07:22:52+08:00 ] ::1 /jb555host/PersonalTailor/index.php/ManufactorAdmin/Index/dist/img/user2-160x160.jpg
INFO: [ app_init ] --START--
INFO: Run Behavior\BuildLiteBehavior [ RunTime:0.000017s ]
INFO: [ app_init ] --END-- [ RunTime:0.000351s ]

[ 2016-11-27T07:22:55+08:00 ] ::1 /jb555host/PersonalTailor/index.php/ManufactorAdmin/Product/dist/img/user4-128x128.jpg
INFO: [ app_init ] --START--
INFO: Run Behavior\BuildLiteBehavior [ RunTime:0.000008s ]
INFO: [ app_init ] --END-- [ RunTime:0.000214s ]

[ 2016-11-27T07:22:55+08:00 ] ::1 /jb555host/PersonalTailor/index.php/ManufactorAdmin/Product/dist/img/user2-160x160.jpg
INFO: [ app_init ] --START--
INFO: Run Behavior\BuildLiteBehavior [ RunTime:0.000012s ]
INFO: [ app_init ] --END-- [ RunTime:0.000352s ]

[ 2016-11-27T07:22:55+08:00 ] ::1 /jb555host/PersonalTailor/index.php/ManufactorAdmin/Product/dist/img/user3-128x128.jpg
INFO: [ app_init ] --START--
INFO: Run Behavior\BuildLiteBehavior [ RunTime:0.000014s ]
INFO: [ app_init ] --END-- [ RunTime:0.000610s ]

[ 2016-11-27T07:23:25+08:00 ] ::1 /jb555host/PersonalTailor/index.php/ManufactorAdmin/Product/dist/img/user4-128x128.jpg
INFO: [ app_init ] --START--
INFO: Run Behavior\BuildLiteBehavior [ RunTime:0.000009s ]
INFO: [ app_init ] --END-- [ RunTime:0.000266s ]

[ 2016-11-27T07:23:25+08:00 ] ::1 /jb555host/PersonalTailor/index.php/ManufactorAdmin/Product/dist/img/user3-128x128.jpg
INFO: [ app_init ] --START--
INFO: Run Behavior\BuildLiteBehavior [ RunTime:0.000009s ]
INFO: [ app_init ] --END-- [ RunTime:0.000229s ]

[ 2016-11-27T07:23:25+08:00 ] ::1 /jb555host/PersonalTailor/index.php/ManufactorAdmin/Product/dist/img/user2-160x160.jpg
INFO: [ app_init ] --START--
INFO: Run Behavior\BuildLiteBehavior [ RunTime:0.000009s ]
INFO: [ app_init ] --END-- [ RunTime:0.000436s ]

[ 2016-11-27T07:23:28+08:00 ] ::1 /jb555host/PersonalTailor/index.php/ManufactorAdmin/Product/dist/img/user3-128x128.jpg
INFO: [ app_init ] --START--
INFO: Run Behavior\BuildLiteBehavior [ RunTime:0.000008s ]
INFO: [ app_init ] --END-- [ RunTime:0.000238s ]

[ 2016-11-27T07:23:28+08:00 ] ::1 /jb555host/PersonalTailor/index.php/ManufactorAdmin/Product/dist/img/user2-160x160.jpg
INFO: [ app_init ] --START--
INFO: Run Behavior\BuildLiteBehavior [ RunTime:0.000008s ]
INFO: [ app_init ] --END-- [ RunTime:0.000219s ]

[ 2016-11-27T07:23:28+08:00 ] ::1 /jb555host/PersonalTailor/index.php/ManufactorAdmin/Product/dist/img/user4-128x128.jpg
INFO: [ app_init ] --START--
INFO: Run Behavior\BuildLiteBehavior [ RunTime:0.000011s ]
INFO: [ app_init ] --END-- [ RunTime:0.000369s ]

[ 2016-11-27T07:23:29+08:00 ] ::1 /jb555host/PersonalTailor/index.php/ManufactorAdmin/Index/dist/img/user3-128x128.jpg
INFO: [ app_init ] --START--
INFO: Run Behavior\BuildLiteBehavior [ RunTime:0.000008s ]
INFO: [ app_init ] --END-- [ RunTime:0.000212s ]

[ 2016-11-27T07:23:29+08:00 ] ::1 /jb555host/PersonalTailor/index.php/ManufactorAdmin/Index/dist/img/user4-128x128.jpg
INFO: [ app_init ] --START--
INFO: Run Behavior\BuildLiteBehavior [ RunTime:0.000012s ]
INFO: [ app_init ] --END-- [ RunTime:0.000312s ]

[ 2016-11-27T07:23:29+08:00 ] ::1 /jb555host/PersonalTailor/index.php/ManufactorAdmin/Index/dist/img/user2-160x160.jpg
INFO: [ app_init ] --START--
INFO: Run Behavior\BuildLiteBehavior [ RunTime:0.000008s ]
INFO: [ app_init ] --END-- [ RunTime:0.000336s ]

[ 2016-11-27T07:23:34+08:00 ] ::1 /jb555host/PersonalTailor/index.php/ManufactorAdmin/Product/dist/img/user4-128x128.jpg
INFO: [ app_init ] --START--
INFO: Run Behavior\BuildLiteBehavior [ RunTime:0.000013s ]
INFO: [ app_init ] --END-- [ RunTime:0.000371s ]

[ 2016-11-27T07:23:34+08:00 ] ::1 /jb555host/PersonalTailor/index.php/ManufactorAdmin/Product/dist/img/user3-128x128.jpg
INFO: [ app_init ] --START--
INFO: Run Behavior\BuildLiteBehavior [ RunTime:0.000014s ]
INFO: [ app_init ] --END-- [ RunTime:0.000328s ]

[ 2016-11-27T07:23:34+08:00 ] ::1 /jb555host/PersonalTailor/index.php/ManufactorAdmin/Product/dist/img/user2-160x160.jpg
INFO: [ app_init ] --START--
INFO: Run Behavior\BuildLiteBehavior [ RunTime:0.000010s ]
INFO: [ app_init ] --END-- [ RunTime:0.000313s ]

[ 2016-11-27T07:23:36+08:00 ] ::1 /jb555host/PersonalTailor/index.php/ManufactorAdmin/Product/dist/img/user4-128x128.jpg
INFO: [ app_init ] --START--
INFO: Run Behavior\BuildLiteBehavior [ RunTime:0.000008s ]
INFO: [ app_init ] --END-- [ RunTime:0.000220s ]

[ 2016-11-27T07:23:36+08:00 ] ::1 /jb555host/PersonalTailor/index.php/ManufactorAdmin/Product/dist/img/user3-128x128.jpg
INFO: [ app_init ] --START--
INFO: Run Behavior\BuildLiteBehavior [ RunTime:0.000009s ]
INFO: [ app_init ] --END-- [ RunTime:0.000212s ]

[ 2016-11-27T07:23:36+08:00 ] ::1 /jb555host/PersonalTailor/index.php/ManufactorAdmin/Product/dist/img/user2-160x160.jpg
INFO: [ app_init ] --START--
INFO: Run Behavior\BuildLiteBehavior [ RunTime:0.000012s ]
INFO: [ app_init ] --END-- [ RunTime:0.000678s ]

[ 2016-11-27T07:23:37+08:00 ] ::1 /jb555host/PersonalTailor/index.php/ManufactorAdmin/Product/dist/img/user4-128x128.jpg
INFO: [ app_init ] --START--
INFO: Run Behavior\BuildLiteBehavior [ RunTime:0.000008s ]
INFO: [ app_init ] --END-- [ RunTime:0.000233s ]

[ 2016-11-27T07:23:37+08:00 ] ::1 /jb555host/PersonalTailor/index.php/ManufactorAdmin/Product/dist/img/user3-128x128.jpg
INFO: [ app_init ] --START--
INFO: Run Behavior\BuildLiteBehavior [ RunTime:0.000012s ]
INFO: [ app_init ] --END-- [ RunTime:0.000299s ]

[ 2016-11-27T07:23:37+08:00 ] ::1 /jb555host/PersonalTailor/index.php/ManufactorAdmin/Product/dist/img/user2-160x160.jpg
INFO: [ app_init ] --START--
INFO: Run Behavior\BuildLiteBehavior [ RunTime:0.000009s ]
INFO: [ app_init ] --END-- [ RunTime:0.000363s ]

[ 2016-11-27T19:29:30+08:00 ] ::1 /jb555host/PersonalTailor/index.php/ManufactorAdmin/Index/dist/img/user3-128x128.jpg
INFO: [ app_init ] --START--
INFO: Run Behavior\BuildLiteBehavior [ RunTime:0.000009s ]
INFO: [ app_init ] --END-- [ RunTime:0.000250s ]

[ 2016-11-27T19:29:30+08:00 ] ::1 /jb555host/PersonalTailor/index.php/ManufactorAdmin/Index/dist/img/user2-160x160.jpg
INFO: [ app_init ] --START--
INFO: Run Behavior\BuildLiteBehavior [ RunTime:0.000012s ]
INFO: [ app_init ] --END-- [ RunTime:0.000353s ]

[ 2016-11-27T19:29:30+08:00 ] ::1 /jb555host/PersonalTailor/index.php/ManufactorAdmin/Index/dist/img/user4-128x128.jpg
INFO: [ app_init ] --START--
INFO: Run Behavior\BuildLiteBehavior [ RunTime:0.000009s ]
INFO: [ app_init ] --END-- [ RunTime:0.000280s ]

[ 2016-11-27T19:29:37+08:00 ] ::1 /jb555host/PersonalTailor/index.php/ManufactorAdmin/Product/dist/img/user3-128x128.jpg
INFO: [ app_init ] --START--
INFO: Run Behavior\BuildLiteBehavior [ RunTime:0.000008s ]
INFO: [ app_init ] --END-- [ RunTime:0.000215s ]

[ 2016-11-27T19:29:37+08:00 ] ::1 /jb555host/PersonalTailor/index.php/ManufactorAdmin/Product/dist/img/user4-128x128.jpg
INFO: [ app_init ] --START--
INFO: Run Behavior\BuildLiteBehavior [ RunTime:0.000008s ]
INFO: [ app_init ] --END-- [ RunTime:0.000202s ]

[ 2016-11-27T19:29:37+08:00 ] ::1 /jb555host/PersonalTailor/index.php/ManufactorAdmin/Product/dist/img/user2-160x160.jpg
INFO: [ app_init ] --START--
INFO: Run Behavior\BuildLiteBehavior [ RunTime:0.000008s ]
INFO: [ app_init ] --END-- [ RunTime:0.000229s ]

[ 2016-11-27T19:30:31+08:00 ] ::1 /jb555host/PersonalTailor/index.php/ManufactorAdmin/Product/dist/img/user3-128x128.jpg
INFO: [ app_init ] --START--
INFO: Run Behavior\BuildLiteBehavior [ RunTime:0.000008s ]
INFO: [ app_init ] --END-- [ RunTime:0.000237s ]

[ 2016-11-27T19:30:31+08:00 ] ::1 /jb555host/PersonalTailor/index.php/ManufactorAdmin/Product/dist/img/user4-128x128.jpg
INFO: [ app_init ] --START--
INFO: Run Behavior\BuildLiteBehavior [ RunTime:0.000018s ]
INFO: [ app_init ] --END-- [ RunTime:0.000251s ]

[ 2016-11-27T19:30:31+08:00 ] ::1 /jb555host/PersonalTailor/index.php/ManufactorAdmin/Product/dist/img/user2-160x160.jpg
INFO: [ app_init ] --START--
INFO: Run Behavior\BuildLiteBehavior [ RunTime:0.000016s ]
INFO: [ app_init ] --END-- [ RunTime:0.000510s ]

[ 2016-11-27T19:30:50+08:00 ] ::1 /jb555host/PersonalTailor/index.php/ManufactorAdmin/Product/dist/img/user3-128x128.jpg
INFO: [ app_init ] --START--
INFO: Run Behavior\BuildLiteBehavior [ RunTime:0.000013s ]
INFO: [ app_init ] --END-- [ RunTime:0.000231s ]

[ 2016-11-27T19:30:50+08:00 ] ::1 /jb555host/PersonalTailor/index.php/ManufactorAdmin/Product/dist/img/user4-128x128.jpg
INFO: [ app_init ] --START--
INFO: Run Behavior\BuildLiteBehavior [ RunTime:0.000009s ]
INFO: [ app_init ] --END-- [ RunTime:0.000205s ]

[ 2016-11-27T19:30:50+08:00 ] ::1 /jb555host/PersonalTailor/index.php/ManufactorAdmin/Product/dist/img/user2-160x160.jpg
INFO: [ app_init ] --START--
INFO: Run Behavior\BuildLiteBehavior [ RunTime:0.000008s ]
INFO: [ app_init ] --END-- [ RunTime:0.000209s ]

[ 2016-11-27T19:31:21+08:00 ] ::1 /jb555host/PersonalTailor/index.php/ManufactorAdmin/Product/dist/img/user2-160x160.jpg
INFO: [ app_init ] --START--
INFO: Run Behavior\BuildLiteBehavior [ RunTime:0.000008s ]
INFO: [ app_init ] --END-- [ RunTime:0.000209s ]

[ 2016-11-27T19:31:21+08:00 ] ::1 /jb555host/PersonalTailor/index.php/ManufactorAdmin/Product/dist/img/user3-128x128.jpg
INFO: [ app_init ] --START--
INFO: Run Behavior\BuildLiteBehavior [ RunTime:0.000008s ]
INFO: [ app_init ] --END-- [ RunTime:0.000207s ]

[ 2016-11-27T19:31:21+08:00 ] ::1 /jb555host/PersonalTailor/index.php/ManufactorAdmin/Product/dist/img/user4-128x128.jpg
INFO: [ app_init ] --START--
INFO: Run Behavior\BuildLiteBehavior [ RunTime:0.000008s ]
INFO: [ app_init ] --END-- [ RunTime:0.000225s ]

[ 2016-11-27T19:31:33+08:00 ] ::1 /jb555host/PersonalTailor/index.php/ManufactorAdmin/Product/dist/img/user2-160x160.jpg
INFO: [ app_init ] --START--
INFO: Run Behavior\BuildLiteBehavior [ RunTime:0.000009s ]
INFO: [ app_init ] --END-- [ RunTime:0.000231s ]

[ 2016-11-27T19:31:33+08:00 ] ::1 /jb555host/PersonalTailor/index.php/ManufactorAdmin/Product/dist/img/user3-128x128.jpg
INFO: [ app_init ] --START--
INFO: Run Behavior\BuildLiteBehavior [ RunTime:0.000007s ]
INFO: [ app_init ] --END-- [ RunTime:0.000203s ]

[ 2016-11-27T19:31:33+08:00 ] ::1 /jb555host/PersonalTailor/index.php/ManufactorAdmin/Product/dist/img/user4-128x128.jpg
INFO: [ app_init ] --START--
INFO: Run Behavior\BuildLiteBehavior [ RunTime:0.000011s ]
INFO: [ app_init ] --END-- [ RunTime:0.000417s ]

[ 2016-11-27T19:31:42+08:00 ] ::1 /jb555host/PersonalTailor/index.php/ManufactorAdmin/Product/dist/img/user2-160x160.jpg
INFO: [ app_init ] --START--
INFO: Run Behavior\BuildLiteBehavior [ RunTime:0.000007s ]
INFO: [ app_init ] --END-- [ RunTime:0.000209s ]

[ 2016-11-27T19:31:42+08:00 ] ::1 /jb555host/PersonalTailor/index.php/ManufactorAdmin/Product/dist/img/user4-128x128.jpg
INFO: [ app_init ] --START--
INFO: Run Behavior\BuildLiteBehavior [ RunTime:0.000007s ]
INFO: [ app_init ] --END-- [ RunTime:0.000200s ]

[ 2016-11-27T19:31:42+08:00 ] ::1 /jb555host/PersonalTailor/index.php/ManufactorAdmin/Product/dist/img/user3-128x128.jpg
INFO: [ app_init ] --START--
INFO: Run Behavior\BuildLiteBehavior [ RunTime:0.000011s ]
INFO: [ app_init ] --END-- [ RunTime:0.000318s ]

[ 2016-11-27T21:05:22+08:00 ] ::1 /jb555host/PersonalTailor/index.php/ManufactorAdmin/Product/dist/img/user2-160x160.jpg
INFO: [ app_init ] --START--
INFO: Run Behavior\BuildLiteBehavior [ RunTime:0.000008s ]
INFO: [ app_init ] --END-- [ RunTime:0.000211s ]

[ 2016-11-27T21:05:22+08:00 ] ::1 /jb555host/PersonalTailor/index.php/ManufactorAdmin/Product/dist/img/user3-128x128.jpg
INFO: [ app_init ] --START--
INFO: Run Behavior\BuildLiteBehavior [ RunTime:0.000013s ]
INFO: [ app_init ] --END-- [ RunTime:0.000346s ]

[ 2016-11-27T21:05:22+08:00 ] ::1 /jb555host/PersonalTailor/index.php/ManufactorAdmin/Product/dist/img/user4-128x128.jpg
INFO: [ app_init ] --START--
INFO: Run Behavior\BuildLiteBehavior [ RunTime:0.000009s ]
INFO: [ app_init ] --END-- [ RunTime:0.000365s ]

[ 2016-11-27T21:05:56+08:00 ] ::1 /jb555host/PersonalTailor/index.php/ManufactorAdmin/Index/dist/img/user4-128x128.jpg
INFO: [ app_init ] --START--
INFO: Run Behavior\BuildLiteBehavior [ RunTime:0.000014s ]
INFO: [ app_init ] --END-- [ RunTime:0.000310s ]

[ 2016-11-27T21:05:56+08:00 ] ::1 /jb555host/PersonalTailor/index.php/ManufactorAdmin/Index/dist/img/user3-128x128.jpg
INFO: [ app_init ] --START--
INFO: Run Behavior\BuildLiteBehavior [ RunTime:0.000012s ]
INFO: [ app_init ] --END-- [ RunTime:0.000383s ]

[ 2016-11-27T21:05:56+08:00 ] ::1 /jb555host/PersonalTailor/index.php/ManufactorAdmin/Index/dist/img/user2-160x160.jpg
INFO: [ app_init ] --START--
INFO: Run Behavior\BuildLiteBehavior [ RunTime:0.000008s ]
INFO: [ app_init ] --END-- [ RunTime:0.000442s ]

[ 2016-11-27T21:06:02+08:00 ] ::1 /jb555host/PersonalTailor/index.php/ManufactorAdmin/Product/dist/img/user4-128x128.jpg
INFO: [ app_init ] --START--
INFO: Run Behavior\BuildLiteBehavior [ RunTime:0.000009s ]
INFO: [ app_init ] --END-- [ RunTime:0.000285s ]

[ 2016-11-27T21:06:02+08:00 ] ::1 /jb555host/PersonalTailor/index.php/ManufactorAdmin/Product/dist/img/user3-128x128.jpg
INFO: [ app_init ] --START--
INFO: Run Behavior\BuildLiteBehavior [ RunTime:0.000009s ]
INFO: [ app_init ] --END-- [ RunTime:0.000231s ]

[ 2016-11-27T21:06:02+08:00 ] ::1 /jb555host/PersonalTailor/index.php/ManufactorAdmin/Product/dist/img/user2-160x160.jpg
INFO: [ app_init ] --START--
INFO: Run Behavior\BuildLiteBehavior [ RunTime:0.000015s ]
INFO: [ app_init ] --END-- [ RunTime:0.000420s ]

[ 2016-11-27T21:10:20+08:00 ] ::1 /jb555host/PersonalTailor/index.php/ManufactorAdmin/Product/dist/img/user2-160x160.jpg
INFO: [ app_init ] --START--
INFO: Run Behavior\BuildLiteBehavior [ RunTime:0.000012s ]
INFO: [ app_init ] --END-- [ RunTime:0.000367s ]

[ 2016-11-27T21:10:20+08:00 ] ::1 /jb555host/PersonalTailor/index.php/ManufactorAdmin/Product/dist/img/user4-128x128.jpg
INFO: [ app_init ] --START--
INFO: Run Behavior\BuildLiteBehavior [ RunTime:0.000009s ]
INFO: [ app_init ] --END-- [ RunTime:0.000251s ]

[ 2016-11-27T21:10:20+08:00 ] ::1 /jb555host/PersonalTailor/index.php/ManufactorAdmin/Product/dist/img/user3-128x128.jpg
INFO: [ app_init ] --START--
INFO: Run Behavior\BuildLiteBehavior [ RunTime:0.000009s ]
INFO: [ app_init ] --END-- [ RunTime:0.000244s ]

[ 2016-11-27T21:10:29+08:00 ] ::1 /jb555host/PersonalTailor/index.php/ManufactorAdmin/Index/dist/img/user2-160x160.jpg
INFO: [ app_init ] --START--
INFO: Run Behavior\BuildLiteBehavior [ RunTime:0.000008s ]
INFO: [ app_init ] --END-- [ RunTime:0.000252s ]

[ 2016-11-27T21:10:29+08:00 ] ::1 /jb555host/PersonalTailor/index.php/ManufactorAdmin/Index/dist/img/user4-128x128.jpg
INFO: [ app_init ] --START--
INFO: Run Behavior\BuildLiteBehavior [ RunTime:0.000014s ]
INFO: [ app_init ] --END-- [ RunTime:0.000299s ]

[ 2016-11-27T21:10:29+08:00 ] ::1 /jb555host/PersonalTailor/index.php/ManufactorAdmin/Index/dist/img/user3-128x128.jpg
INFO: [ app_init ] --START--
INFO: Run Behavior\BuildLiteBehavior [ RunTime:0.000011s ]
INFO: [ app_init ] --END-- [ RunTime:0.000327s ]

[ 2016-11-27T21:10:35+08:00 ] ::1 /jb555host/PersonalTailor/index.php/ManufactorAdmin/Product/dist/img/user2-160x160.jpg
INFO: [ app_init ] --START--
INFO: Run Behavior\BuildLiteBehavior [ RunTime:0.000013s ]
INFO: [ app_init ] --END-- [ RunTime:0.000350s ]

[ 2016-11-27T21:10:35+08:00 ] ::1 /jb555host/PersonalTailor/index.php/ManufactorAdmin/Product/dist/img/user3-128x128.jpg
INFO: [ app_init ] --START--
INFO: Run Behavior\BuildLiteBehavior [ RunTime:0.000011s ]
INFO: [ app_init ] --END-- [ RunTime:0.000294s ]

[ 2016-11-27T21:10:35+08:00 ] ::1 /jb555host/PersonalTailor/index.php/ManufactorAdmin/Product/dist/img/user4-128x128.jpg
INFO: [ app_init ] --START--
INFO: Run Behavior\BuildLiteBehavior [ RunTime:0.000009s ]
INFO: [ app_init ] --END-- [ RunTime:0.000271s ]

[ 2016-11-27T21:14:37+08:00 ] ::1 /jb555host/PersonalTailor/index.php/ManufactorAdmin/Product/dist/img/user2-160x160.jpg
INFO: [ app_init ] --START--
INFO: Run Behavior\BuildLiteBehavior [ RunTime:0.000008s ]
INFO: [ app_init ] --END-- [ RunTime:0.000233s ]

[ 2016-11-27T21:14:37+08:00 ] ::1 /jb555host/PersonalTailor/index.php/ManufactorAdmin/Product/dist/img/user4-128x128.jpg
INFO: [ app_init ] --START--
INFO: Run Behavior\BuildLiteBehavior [ RunTime:0.000007s ]
INFO: [ app_init ] --END-- [ RunTime:0.000225s ]

[ 2016-11-27T21:14:37+08:00 ] ::1 /jb555host/PersonalTailor/index.php/ManufactorAdmin/Product/dist/img/user3-128x128.jpg
INFO: [ app_init ] --START--
INFO: Run Behavior\BuildLiteBehavior [ RunTime:0.000011s ]
INFO: [ app_init ] --END-- [ RunTime:0.000245s ]

[ 2016-11-27T21:14:54+08:00 ] ::1 /jb555host/PersonalTailor/index.php/ManufactorAdmin/Index/dist/img/user3-128x128.jpg
INFO: [ app_init ] --START--
INFO: Run Behavior\BuildLiteBehavior [ RunTime:0.000013s ]
INFO: [ app_init ] --END-- [ RunTime:0.000355s ]

[ 2016-11-27T21:14:54+08:00 ] ::1 /jb555host/PersonalTailor/index.php/ManufactorAdmin/Index/dist/img/user4-128x128.jpg
INFO: [ app_init ] --START--
INFO: Run Behavior\BuildLiteBehavior [ RunTime:0.000013s ]
INFO: [ app_init ] --END-- [ RunTime:0.000356s ]

[ 2016-11-27T21:14:54+08:00 ] ::1 /jb555host/PersonalTailor/index.php/ManufactorAdmin/Index/dist/img/user2-160x160.jpg
INFO: [ app_init ] --START--
INFO: Run Behavior\BuildLiteBehavior [ RunTime:0.000009s ]
INFO: [ app_init ] --END-- [ RunTime:0.000341s ]

[ 2016-11-27T21:14:59+08:00 ] ::1 /jb555host/PersonalTailor/index.php/ManufactorAdmin/Product/dist/img/user2-160x160.jpg
INFO: [ app_init ] --START--
INFO: Run Behavior\BuildLiteBehavior [ RunTime:0.000008s ]
INFO: [ app_init ] --END-- [ RunTime:0.000287s ]

[ 2016-11-27T21:14:59+08:00 ] ::1 /jb555host/PersonalTailor/index.php/ManufactorAdmin/Product/dist/img/user3-128x128.jpg
INFO: [ app_init ] --START--
INFO: Run Behavior\BuildLiteBehavior [ RunTime:0.000010s ]
INFO: [ app_init ] --END-- [ RunTime:0.000276s ]

[ 2016-11-27T21:14:59+08:00 ] ::1 /jb555host/PersonalTailor/index.php/ManufactorAdmin/Product/dist/img/user4-128x128.jpg
INFO: [ app_init ] --START--
INFO: Run Behavior\BuildLiteBehavior [ RunTime:0.000009s ]
INFO: [ app_init ] --END-- [ RunTime:0.000435s ]

[ 2016-11-27T21:15:41+08:00 ] ::1 /jb555host/PersonalTailor/index.php/ManufactorAdmin/Product/dist/img/user2-160x160.jpg
INFO: [ app_init ] --START--
INFO: Run Behavior\BuildLiteBehavior [ RunTime:0.000009s ]
INFO: [ app_init ] --END-- [ RunTime:0.000252s ]

[ 2016-11-27T21:15:42+08:00 ] ::1 /jb555host/PersonalTailor/index.php/ManufactorAdmin/Product/dist/img/user3-128x128.jpg
INFO: [ app_init ] --START--
INFO: Run Behavior\BuildLiteBehavior [ RunTime:0.000008s ]
INFO: [ app_init ] --END-- [ RunTime:0.000236s ]

[ 2016-11-27T21:15:42+08:00 ] ::1 /jb555host/PersonalTailor/index.php/ManufactorAdmin/Product/dist/img/user4-128x128.jpg
INFO: [ app_init ] --START--
INFO: Run Behavior\BuildLiteBehavior [ RunTime:0.000012s ]
INFO: [ app_init ] --END-- [ RunTime:0.000349s ]

[ 2016-11-27T21:16:05+08:00 ] ::1 /jb555host/PersonalTailor/index.php/ManufactorAdmin/Product/dist/img/user2-160x160.jpg
INFO: [ app_init ] --START--
INFO: Run Behavior\BuildLiteBehavior [ RunTime:0.000009s ]
INFO: [ app_init ] --END-- [ RunTime:0.000246s ]

[ 2016-11-27T21:16:05+08:00 ] ::1 /jb555host/PersonalTailor/index.php/ManufactorAdmin/Product/dist/img/user4-128x128.jpg
INFO: [ app_init ] --START--
INFO: Run Behavior\BuildLiteBehavior [ RunTime:0.000014s ]
INFO: [ app_init ] --END-- [ RunTime:0.000355s ]

[ 2016-11-27T21:16:05+08:00 ] ::1 /jb555host/PersonalTailor/index.php/ManufactorAdmin/Product/dist/img/user3-128x128.jpg
INFO: [ app_init ] --START--
INFO: Run Behavior\BuildLiteBehavior [ RunTime:0.000011s ]
INFO: [ app_init ] --END-- [ RunTime:0.000434s ]

[ 2016-11-27T21:16:56+08:00 ] ::1 /jb555host/PersonalTailor/index.php/ManufactorAdmin/Product/dist/img/user2-160x160.jpg
INFO: [ app_init ] --START--
INFO: Run Behavior\BuildLiteBehavior [ RunTime:0.000010s ]
INFO: [ app_init ] --END-- [ RunTime:0.000250s ]

[ 2016-11-27T21:16:56+08:00 ] ::1 /jb555host/PersonalTailor/index.php/ManufactorAdmin/Product/dist/img/user3-128x128.jpg
INFO: [ app_init ] --START--
INFO: Run Behavior\BuildLiteBehavior [ RunTime:0.000012s ]
INFO: [ app_init ] --END-- [ RunTime:0.000258s ]

[ 2016-11-27T21:16:56+08:00 ] ::1 /jb555host/PersonalTailor/index.php/ManufactorAdmin/Product/dist/img/user4-128x128.jpg
INFO: [ app_init ] --START--
INFO: Run Behavior\BuildLiteBehavior [ RunTime:0.000013s ]
INFO: [ app_init ] --END-- [ RunTime:0.000347s ]

[ 2016-11-27T21:17:36+08:00 ] ::1 /jb555host/PersonalTailor/index.php/ManufactorAdmin/Product/dist/img/user2-160x160.jpg
INFO: [ app_init ] --START--
INFO: Run Behavior\BuildLiteBehavior [ RunTime:0.000009s ]
INFO: [ app_init ] --END-- [ RunTime:0.000219s ]

[ 2016-11-27T21:17:36+08:00 ] ::1 /jb555host/PersonalTailor/index.php/ManufactorAdmin/Product/dist/img/user3-128x128.jpg
INFO: [ app_init ] --START--
INFO: Run Behavior\BuildLiteBehavior [ RunTime:0.000009s ]
INFO: [ app_init ] --END-- [ RunTime:0.000230s ]

[ 2016-11-27T21:17:36+08:00 ] ::1 /jb555host/PersonalTailor/index.php/ManufactorAdmin/Product/dist/img/user4-128x128.jpg
INFO: [ app_init ] --START--
INFO: Run Behavior\BuildLiteBehavior [ RunTime:0.000013s ]
INFO: [ app_init ] --END-- [ RunTime:0.000300s ]

[ 2016-11-27T21:19:18+08:00 ] ::1 /jb555host/PersonalTailor/index.php/ManufactorAdmin/Index/dist/img/user3-128x128.jpg
INFO: [ app_init ] --START--
INFO: Run Behavior\BuildLiteBehavior [ RunTime:0.000010s ]
INFO: [ app_init ] --END-- [ RunTime:0.000241s ]

[ 2016-11-27T21:19:18+08:00 ] ::1 /jb555host/PersonalTailor/index.php/ManufactorAdmin/Index/dist/img/user4-128x128.jpg
INFO: [ app_init ] --START--
INFO: Run Behavior\BuildLiteBehavior [ RunTime:0.000009s ]
INFO: [ app_init ] --END-- [ RunTime:0.000302s ]

[ 2016-11-27T21:19:18+08:00 ] ::1 /jb555host/PersonalTailor/index.php/ManufactorAdmin/Index/dist/img/user2-160x160.jpg
INFO: [ app_init ] --START--
INFO: Run Behavior\BuildLiteBehavior [ RunTime:0.000014s ]
INFO: [ app_init ] --END-- [ RunTime:0.000561s ]

[ 2016-11-27T21:19:21+08:00 ] ::1 /jb555host/PersonalTailor/index.php/ManufactorAdmin/Product/dist/img/user3-128x128.jpg
INFO: [ app_init ] --START--
INFO: Run Behavior\BuildLiteBehavior [ RunTime:0.000016s ]
INFO: [ app_init ] --END-- [ RunTime:0.000322s ]

[ 2016-11-27T21:19:21+08:00 ] ::1 /jb555host/PersonalTailor/index.php/ManufactorAdmin/Product/dist/img/user4-128x128.jpg
INFO: [ app_init ] --START--
INFO: Run Behavior\BuildLiteBehavior [ RunTime:0.000016s ]
INFO: [ app_init ] --END-- [ RunTime:0.000333s ]

[ 2016-11-27T21:19:21+08:00 ] ::1 /jb555host/PersonalTailor/index.php/ManufactorAdmin/Product/dist/img/user2-160x160.jpg
INFO: [ app_init ] --START--
INFO: Run Behavior\BuildLiteBehavior [ RunTime:0.000014s ]
INFO: [ app_init ] --END-- [ RunTime:0.000621s ]

[ 2016-11-27T21:21:01+08:00 ] ::1 /jb555host/PersonalTailor/index.php/ManufactorAdmin/Product/dist/img/user3-128x128.jpg
INFO: [ app_init ] --START--
INFO: Run Behavior\BuildLiteBehavior [ RunTime:0.000008s ]
INFO: [ app_init ] --END-- [ RunTime:0.000244s ]

[ 2016-11-27T21:21:01+08:00 ] ::1 /jb555host/PersonalTailor/index.php/ManufactorAdmin/Product/dist/img/user2-160x160.jpg
INFO: [ app_init ] --START--
INFO: Run Behavior\BuildLiteBehavior [ RunTime:0.000009s ]
INFO: [ app_init ] --END-- [ RunTime:0.000267s ]

[ 2016-11-27T21:21:01+08:00 ] ::1 /jb555host/PersonalTailor/index.php/ManufactorAdmin/Product/dist/img/user4-128x128.jpg
INFO: [ app_init ] --START--
INFO: Run Behavior\BuildLiteBehavior [ RunTime:0.000013s ]
INFO: [ app_init ] --END-- [ RunTime:0.000359s ]

[ 2016-11-27T21:21:20+08:00 ] ::1 /jb555host/PersonalTailor/index.php/ManufactorAdmin/Product/dist/img/user2-160x160.jpg
INFO: [ app_init ] --START--
INFO: Run Behavior\BuildLiteBehavior [ RunTime:0.000014s ]
INFO: [ app_init ] --END-- [ RunTime:0.000316s ]

[ 2016-11-27T21:21:20+08:00 ] ::1 /jb555host/PersonalTailor/index.php/ManufactorAdmin/Product/dist/img/user4-128x128.jpg
INFO: [ app_init ] --START--
INFO: Run Behavior\BuildLiteBehavior [ RunTime:0.000009s ]
INFO: [ app_init ] --END-- [ RunTime:0.000268s ]

[ 2016-11-27T21:21:20+08:00 ] ::1 /jb555host/PersonalTailor/index.php/ManufactorAdmin/Product/dist/img/user3-128x128.jpg
INFO: [ app_init ] --START--
INFO: Run Behavior\BuildLiteBehavior [ RunTime:0.000009s ]
INFO: [ app_init ] --END-- [ RunTime:0.000336s ]

[ 2016-11-27T21:23:46+08:00 ] ::1 /jb555host/PersonalTailor/index.php/ManufactorAdmin/Index/dist/img/user4-128x128.jpg
INFO: [ app_init ] --START--
INFO: Run Behavior\BuildLiteBehavior [ RunTime:0.000013s ]
INFO: [ app_init ] --END-- [ RunTime:0.000372s ]

[ 2016-11-27T21:23:46+08:00 ] ::1 /jb555host/PersonalTailor/index.php/ManufactorAdmin/Index/dist/img/user3-128x128.jpg
INFO: [ app_init ] --START--
INFO: Run Behavior\BuildLiteBehavior [ RunTime:0.000013s ]
INFO: [ app_init ] --END-- [ RunTime:0.000351s ]

[ 2016-11-27T21:23:46+08:00 ] ::1 /jb555host/PersonalTailor/index.php/ManufactorAdmin/Index/dist/img/user2-160x160.jpg
INFO: [ app_init ] --START--
INFO: Run Behavior\BuildLiteBehavior [ RunTime:0.000013s ]
INFO: [ app_init ] --END-- [ RunTime:0.000483s ]

[ 2016-11-27T21:23:51+08:00 ] ::1 /jb555host/PersonalTailor/index.php/ManufactorAdmin/Product/dist/img/user2-160x160.jpg
INFO: [ app_init ] --START--
INFO: Run Behavior\BuildLiteBehavior [ RunTime:0.000013s ]
INFO: [ app_init ] --END-- [ RunTime:0.000303s ]

[ 2016-11-27T21:23:51+08:00 ] ::1 /jb555host/PersonalTailor/index.php/ManufactorAdmin/Product/dist/img/user3-128x128.jpg
INFO: [ app_init ] --START--
INFO: Run Behavior\BuildLiteBehavior [ RunTime:0.000013s ]
INFO: [ app_init ] --END-- [ RunTime:0.000368s ]

[ 2016-11-27T21:23:51+08:00 ] ::1 /jb555host/PersonalTailor/index.php/ManufactorAdmin/Product/dist/img/user4-128x128.jpg
INFO: [ app_init ] --START--
INFO: Run Behavior\BuildLiteBehavior [ RunTime:0.000013s ]
INFO: [ app_init ] --END-- [ RunTime:0.000414s ]

[ 2016-11-27T21:24:17+08:00 ] ::1 /jb555host/PersonalTailor/index.php/ManufactorAdmin/Product/dist/img/user4-128x128.jpg
INFO: [ app_init ] --START--
INFO: Run Behavior\BuildLiteBehavior [ RunTime:0.000011s ]
INFO: [ app_init ] --END-- [ RunTime:0.000316s ]

[ 2016-11-27T21:24:17+08:00 ] ::1 /jb555host/PersonalTailor/index.php/ManufactorAdmin/Product/dist/img/user2-160x160.jpg
INFO: [ app_init ] --START--
INFO: Run Behavior\BuildLiteBehavior [ RunTime:0.000012s ]
INFO: [ app_init ] --END-- [ RunTime:0.000365s ]

[ 2016-11-27T21:24:17+08:00 ] ::1 /jb555host/PersonalTailor/index.php/ManufactorAdmin/Product/dist/img/user3-128x128.jpg
INFO: [ app_init ] --START--
INFO: Run Behavior\BuildLiteBehavior [ RunTime:0.000012s ]
INFO: [ app_init ] --END-- [ RunTime:0.000470s ]

[ 2016-11-27T21:24:45+08:00 ] ::1 /jb555host/PersonalTailor/index.php/ManufactorAdmin/Product/dist/img/user3-128x128.jpg
INFO: [ app_init ] --START--
INFO: Run Behavior\BuildLiteBehavior [ RunTime:0.000007s ]
INFO: [ app_init ] --END-- [ RunTime:0.000202s ]

[ 2016-11-27T21:24:45+08:00 ] ::1 /jb555host/PersonalTailor/index.php/ManufactorAdmin/Product/dist/img/user2-160x160.jpg
INFO: [ app_init ] --START--
INFO: Run Behavior\BuildLiteBehavior [ RunTime:0.000010s ]
INFO: [ app_init ] --END-- [ RunTime:0.000246s ]

[ 2016-11-27T21:24:45+08:00 ] ::1 /jb555host/PersonalTailor/index.php/ManufactorAdmin/Product/dist/img/user4-128x128.jpg
INFO: [ app_init ] --START--
INFO: Run Behavior\BuildLiteBehavior [ RunTime:0.000007s ]
INFO: [ app_init ] --END-- [ RunTime:0.000227s ]

[ 2016-11-27T21:25:41+08:00 ] ::1 /jb555host/PersonalTailor/index.php/ManufactorAdmin/Product/dist/img/user4-128x128.jpg
INFO: [ app_init ] --START--
INFO: Run Behavior\BuildLiteBehavior [ RunTime:0.000008s ]
INFO: [ app_init ] --END-- [ RunTime:0.000233s ]

[ 2016-11-27T21:25:41+08:00 ] ::1 /jb555host/PersonalTailor/index.php/ManufactorAdmin/Product/dist/img/user3-128x128.jpg
INFO: [ app_init ] --START--
INFO: Run Behavior\BuildLiteBehavior [ RunTime:0.000010s ]
INFO: [ app_init ] --END-- [ RunTime:0.000342s ]

[ 2016-11-27T21:25:41+08:00 ] ::1 /jb555host/PersonalTailor/index.php/ManufactorAdmin/Product/dist/img/user2-160x160.jpg
INFO: [ app_init ] --START--
INFO: Run Behavior\BuildLiteBehavior [ RunTime:0.000008s ]
INFO: [ app_init ] --END-- [ RunTime:0.000242s ]

[ 2016-11-27T21:28:24+08:00 ] ::1 /jb555host/PersonalTailor/index.php/ManufactorAdmin/Index/dist/img/user4-128x128.jpg
INFO: [ app_init ] --START--
INFO: Run Behavior\BuildLiteBehavior [ RunTime:0.000008s ]
INFO: [ app_init ] --END-- [ RunTime:0.000235s ]

[ 2016-11-27T21:28:24+08:00 ] ::1 /jb555host/PersonalTailor/index.php/ManufactorAdmin/Index/dist/img/user2-160x160.jpg
INFO: [ app_init ] --START--
INFO: Run Behavior\BuildLiteBehavior [ RunTime:0.000008s ]
INFO: [ app_init ] --END-- [ RunTime:0.000229s ]

[ 2016-11-27T21:28:24+08:00 ] ::1 /jb555host/PersonalTailor/index.php/ManufactorAdmin/Index/dist/img/user3-128x128.jpg
INFO: [ app_init ] --START--
INFO: Run Behavior\BuildLiteBehavior [ RunTime:0.000007s ]
INFO: [ app_init ] --END-- [ RunTime:0.000220s ]

[ 2016-11-27T21:28:26+08:00 ] ::1 /jb555host/PersonalTailor/index.php/ManufactorAdmin/Product/dist/img/user3-128x128.jpg
INFO: [ app_init ] --START--
INFO: Run Behavior\BuildLiteBehavior [ RunTime:0.000009s ]
INFO: [ app_init ] --END-- [ RunTime:0.000214s ]

[ 2016-11-27T21:28:26+08:00 ] ::1 /jb555host/PersonalTailor/index.php/ManufactorAdmin/Product/dist/img/user2-160x160.jpg
INFO: [ app_init ] --START--
INFO: Run Behavior\BuildLiteBehavior [ RunTime:0.000023s ]
INFO: [ app_init ] --END-- [ RunTime:0.000336s ]

[ 2016-11-27T21:28:26+08:00 ] ::1 /jb555host/PersonalTailor/index.php/ManufactorAdmin/Product/dist/img/user4-128x128.jpg
INFO: [ app_init ] --START--
INFO: Run Behavior\BuildLiteBehavior [ RunTime:0.000012s ]
INFO: [ app_init ] --END-- [ RunTime:0.000354s ]

[ 2016-11-27T21:28:28+08:00 ] ::1 /jb555host/PersonalTailor/index.php/ManufactorAdmin/Product/dist/img/user4-128x128.jpg
INFO: [ app_init ] --START--
INFO: Run Behavior\BuildLiteBehavior [ RunTime:0.000009s ]
INFO: [ app_init ] --END-- [ RunTime:0.000225s ]

[ 2016-11-27T21:28:28+08:00 ] ::1 /jb555host/PersonalTailor/index.php/ManufactorAdmin/Product/dist/img/user3-128x128.jpg
INFO: [ app_init ] --START--
INFO: Run Behavior\BuildLiteBehavior [ RunTime:0.000008s ]
INFO: [ app_init ] --END-- [ RunTime:0.000267s ]

[ 2016-11-27T21:28:28+08:00 ] ::1 /jb555host/PersonalTailor/index.php/ManufactorAdmin/Product/dist/img/user2-160x160.jpg
INFO: [ app_init ] --START--
INFO: Run Behavior\BuildLiteBehavior [ RunTime:0.000009s ]
INFO: [ app_init ] --END-- [ RunTime:0.000268s ]

[ 2016-11-27T21:28:51+08:00 ] ::1 /jb555host/PersonalTailor/index.php/ManufactorAdmin/Product/dist/img/user4-128x128.jpg
INFO: [ app_init ] --START--
INFO: Run Behavior\BuildLiteBehavior [ RunTime:0.000007s ]
INFO: [ app_init ] --END-- [ RunTime:0.000208s ]

[ 2016-11-27T21:28:51+08:00 ] ::1 /jb555host/PersonalTailor/index.php/ManufactorAdmin/Product/dist/img/user2-160x160.jpg
INFO: [ app_init ] --START--
INFO: Run Behavior\BuildLiteBehavior [ RunTime:0.000008s ]
INFO: [ app_init ] --END-- [ RunTime:0.000243s ]

[ 2016-11-27T21:28:51+08:00 ] ::1 /jb555host/PersonalTailor/index.php/ManufactorAdmin/Product/dist/img/user3-128x128.jpg
INFO: [ app_init ] --START--
INFO: Run Behavior\BuildLiteBehavior [ RunTime:0.000007s ]
INFO: [ app_init ] --END-- [ RunTime:0.000221s ]

[ 2016-11-27T21:31:46+08:00 ] ::1 /jb555host/PersonalTailor/index.php/ManufactorAdmin/Index/dist/img/user2-160x160.jpg
INFO: [ app_init ] --START--
INFO: Run Behavior\BuildLiteBehavior [ RunTime:0.000008s ]
INFO: [ app_init ] --END-- [ RunTime:0.000294s ]

[ 2016-11-27T21:31:46+08:00 ] ::1 /jb555host/PersonalTailor/index.php/ManufactorAdmin/Index/dist/img/user4-128x128.jpg
INFO: [ app_init ] --START--
INFO: Run Behavior\BuildLiteBehavior [ RunTime:0.000009s ]
INFO: [ app_init ] --END-- [ RunTime:0.000310s ]

[ 2016-11-27T21:31:46+08:00 ] ::1 /jb555host/PersonalTailor/index.php/ManufactorAdmin/Index/dist/img/user3-128x128.jpg
INFO: [ app_init ] --START--
INFO: Run Behavior\BuildLiteBehavior [ RunTime:0.000011s ]
INFO: [ app_init ] --END-- [ RunTime:0.000334s ]

[ 2016-11-27T21:31:50+08:00 ] ::1 /jb555host/PersonalTailor/index.php/ManufactorAdmin/Product/dist/img/user3-128x128.jpg
INFO: [ app_init ] --START--
INFO: Run Behavior\BuildLiteBehavior [ RunTime:0.000009s ]
INFO: [ app_init ] --END-- [ RunTime:0.000238s ]

[ 2016-11-27T21:31:50+08:00 ] ::1 /jb555host/PersonalTailor/index.php/ManufactorAdmin/Product/dist/img/user4-128x128.jpg
INFO: [ app_init ] --START--
INFO: Run Behavior\BuildLiteBehavior [ RunTime:0.000007s ]
INFO: [ app_init ] --END-- [ RunTime:0.000227s ]

[ 2016-11-27T21:31:50+08:00 ] ::1 /jb555host/PersonalTailor/index.php/ManufactorAdmin/Product/dist/img/user2-160x160.jpg
INFO: [ app_init ] --START--
INFO: Run Behavior\BuildLiteBehavior [ RunTime:0.000007s ]
INFO: [ app_init ] --END-- [ RunTime:0.000323s ]

[ 2016-11-27T21:32:35+08:00 ] ::1 /jb555host/PersonalTailor/index.php/ManufactorAdmin/Product/dist/img/user2-160x160.jpg
INFO: [ app_init ] --START--
INFO: Run Behavior\BuildLiteBehavior [ RunTime:0.000022s ]
INFO: [ app_init ] --END-- [ RunTime:0.000499s ]

[ 2016-11-27T21:32:35+08:00 ] ::1 /jb555host/PersonalTailor/index.php/ManufactorAdmin/Product/dist/img/user3-128x128.jpg
INFO: [ app_init ] --START--
INFO: Run Behavior\BuildLiteBehavior [ RunTime:0.000009s ]
INFO: [ app_init ] --END-- [ RunTime:0.000250s ]

[ 2016-11-27T21:32:35+08:00 ] ::1 /jb555host/PersonalTailor/index.php/ManufactorAdmin/Product/dist/img/user4-128x128.jpg
INFO: [ app_init ] --START--
INFO: Run Behavior\BuildLiteBehavior [ RunTime:0.000009s ]
INFO: [ app_init ] --END-- [ RunTime:0.000453s ]

[ 2016-11-27T21:32:36+08:00 ] ::1 /jb555host/PersonalTailor/index.php/ManufactorAdmin/Index/dist/img/user4-128x128.jpg
INFO: [ app_init ] --START--
INFO: Run Behavior\BuildLiteBehavior [ RunTime:0.000009s ]
INFO: [ app_init ] --END-- [ RunTime:0.000243s ]

[ 2016-11-27T21:32:36+08:00 ] ::1 /jb555host/PersonalTailor/index.php/ManufactorAdmin/Index/dist/img/user2-160x160.jpg
INFO: [ app_init ] --START--
INFO: Run Behavior\BuildLiteBehavior [ RunTime:0.000009s ]
INFO: [ app_init ] --END-- [ RunTime:0.000403s ]

[ 2016-11-27T21:32:36+08:00 ] ::1 /jb555host/PersonalTailor/index.php/ManufactorAdmin/Index/dist/img/user3-128x128.jpg
INFO: [ app_init ] --START--
INFO: Run Behavior\BuildLiteBehavior [ RunTime:0.000009s ]
INFO: [ app_init ] --END-- [ RunTime:0.000262s ]

[ 2016-11-27T21:32:46+08:00 ] ::1 /jb555host/PersonalTailor/index.php/ManufactorAdmin/Index/dist/img/user2-160x160.jpg
INFO: [ app_init ] --START--
INFO: Run Behavior\BuildLiteBehavior [ RunTime:0.000007s ]
INFO: [ app_init ] --END-- [ RunTime:0.000228s ]

[ 2016-11-27T21:32:46+08:00 ] ::1 /jb555host/PersonalTailor/index.php/ManufactorAdmin/Index/dist/img/user3-128x128.jpg
INFO: [ app_init ] --START--
INFO: Run Behavior\BuildLiteBehavior [ RunTime:0.000008s ]
INFO: [ app_init ] --END-- [ RunTime:0.000227s ]

[ 2016-11-27T21:32:46+08:00 ] ::1 /jb555host/PersonalTailor/index.php/ManufactorAdmin/Index/dist/img/user4-128x128.jpg
INFO: [ app_init ] --START--
INFO: Run Behavior\BuildLiteBehavior [ RunTime:0.000008s ]
INFO: [ app_init ] --END-- [ RunTime:0.000263s ]

[ 2016-11-27T21:35:04+08:00 ] ::1 /jb555host/PersonalTailor/index.php/ManufactorAdmin/Index/dist/img/user2-160x160.jpg
INFO: [ app_init ] --START--
INFO: Run Behavior\BuildLiteBehavior [ RunTime:0.000012s ]
INFO: [ app_init ] --END-- [ RunTime:0.000384s ]

[ 2016-11-27T21:35:04+08:00 ] ::1 /jb555host/PersonalTailor/index.php/ManufactorAdmin/Index/dist/img/user4-128x128.jpg
INFO: [ app_init ] --START--
INFO: Run Behavior\BuildLiteBehavior [ RunTime:0.000011s ]
INFO: [ app_init ] --END-- [ RunTime:0.000348s ]

[ 2016-11-27T21:35:04+08:00 ] ::1 /jb555host/PersonalTailor/index.php/ManufactorAdmin/Index/dist/img/user3-128x128.jpg
INFO: [ app_init ] --START--
INFO: Run Behavior\BuildLiteBehavior [ RunTime:0.000008s ]
INFO: [ app_init ] --END-- [ RunTime:0.000248s ]

[ 2016-11-27T21:35:07+08:00 ] ::1 /jb555host/PersonalTailor/index.php/ManufactorAdmin/Product/dist/img/user3-128x128.jpg
INFO: [ app_init ] --START--
INFO: Run Behavior\BuildLiteBehavior [ RunTime:0.000009s ]
INFO: [ app_init ] --END-- [ RunTime:0.000236s ]

[ 2016-11-27T21:35:07+08:00 ] ::1 /jb555host/PersonalTailor/index.php/ManufactorAdmin/Product/dist/img/user2-160x160.jpg
INFO: [ app_init ] --START--
INFO: Run Behavior\BuildLiteBehavior [ RunTime:0.000009s ]
INFO: [ app_init ] --END-- [ RunTime:0.000234s ]

[ 2016-11-27T21:35:07+08:00 ] ::1 /jb555host/PersonalTailor/index.php/ManufactorAdmin/Product/dist/img/user4-128x128.jpg
INFO: [ app_init ] --START--
INFO: Run Behavior\BuildLiteBehavior [ RunTime:0.000010s ]
INFO: [ app_init ] --END-- [ RunTime:0.000409s ]

[ 2016-11-27T21:35:08+08:00 ] ::1 /jb555host/PersonalTailor/index.php/ManufactorAdmin/Product/dist/img/user3-128x128.jpg
INFO: [ app_init ] --START--
INFO: Run Behavior\BuildLiteBehavior [ RunTime:0.000008s ]
INFO: [ app_init ] --END-- [ RunTime:0.000252s ]

[ 2016-11-27T21:35:08+08:00 ] ::1 /jb555host/PersonalTailor/index.php/ManufactorAdmin/Product/dist/img/user2-160x160.jpg
INFO: [ app_init ] --START--
INFO: Run Behavior\BuildLiteBehavior [ RunTime:0.000010s ]
INFO: [ app_init ] --END-- [ RunTime:0.000258s ]

[ 2016-11-27T21:35:08+08:00 ] ::1 /jb555host/PersonalTailor/index.php/ManufactorAdmin/Product/dist/img/user4-128x128.jpg
INFO: [ app_init ] --START--
INFO: Run Behavior\BuildLiteBehavior [ RunTime:0.000008s ]
INFO: [ app_init ] --END-- [ RunTime:0.000246s ]

[ 2016-11-27T21:36:36+08:00 ] ::1 /jb555host/PersonalTailor/index.php/ManufactorAdmin/Product/dist/img/user2-160x160.jpg
INFO: [ app_init ] --START--
INFO: Run Behavior\BuildLiteBehavior [ RunTime:0.000012s ]
INFO: [ app_init ] --END-- [ RunTime:0.000293s ]

[ 2016-11-27T21:36:36+08:00 ] ::1 /jb555host/PersonalTailor/index.php/ManufactorAdmin/Product/dist/img/user4-128x128.jpg
INFO: [ app_init ] --START--
INFO: Run Behavior\BuildLiteBehavior [ RunTime:0.000019s ]
INFO: [ app_init ] --END-- [ RunTime:0.000248s ]

[ 2016-11-27T21:36:36+08:00 ] ::1 /jb555host/PersonalTailor/index.php/ManufactorAdmin/Product/dist/img/user3-128x128.jpg
INFO: [ app_init ] --START--
INFO: Run Behavior\BuildLiteBehavior [ RunTime:0.000023s ]
INFO: [ app_init ] --END-- [ RunTime:0.000396s ]

[ 2016-11-27T21:37:05+08:00 ] ::1 /jb555host/PersonalTailor/index.php/ManufactorAdmin/Product/dist/img/user2-160x160.jpg
INFO: [ app_init ] --START--
INFO: Run Behavior\BuildLiteBehavior [ RunTime:0.000012s ]
INFO: [ app_init ] --END-- [ RunTime:0.000340s ]

[ 2016-11-27T21:37:05+08:00 ] ::1 /jb555host/PersonalTailor/index.php/ManufactorAdmin/Product/dist/img/user4-128x128.jpg
INFO: [ app_init ] --START--
INFO: Run Behavior\BuildLiteBehavior [ RunTime:0.000008s ]
INFO: [ app_init ] --END-- [ RunTime:0.000227s ]

[ 2016-11-27T21:37:05+08:00 ] ::1 /jb555host/PersonalTailor/index.php/ManufactorAdmin/Product/dist/img/user3-128x128.jpg
INFO: [ app_init ] --START--
INFO: Run Behavior\BuildLiteBehavior [ RunTime:0.000008s ]
INFO: [ app_init ] --END-- [ RunTime:0.000249s ]

[ 2016-11-27T21:38:42+08:00 ] ::1 /jb555host/PersonalTailor/index.php/ManufactorAdmin/Product/dist/img/user2-160x160.jpg
INFO: [ app_init ] --START--
INFO: Run Behavior\BuildLiteBehavior [ RunTime:0.000008s ]
INFO: [ app_init ] --END-- [ RunTime:0.000294s ]

[ 2016-11-27T21:38:42+08:00 ] ::1 /jb555host/PersonalTailor/index.php/ManufactorAdmin/Product/dist/img/user4-128x128.jpg
INFO: [ app_init ] --START--
INFO: Run Behavior\BuildLiteBehavior [ RunTime:0.000008s ]
INFO: [ app_init ] --END-- [ RunTime:0.000273s ]

[ 2016-11-27T21:38:42+08:00 ] ::1 /jb555host/PersonalTailor/index.php/ManufactorAdmin/Product/dist/img/user3-128x128.jpg
INFO: [ app_init ] --START--
INFO: Run Behavior\BuildLiteBehavior [ RunTime:0.000009s ]
INFO: [ app_init ] --END-- [ RunTime:0.000272s ]

[ 2016-11-27T21:41:35+08:00 ] ::1 /jb555host/PersonalTailor/index.php/ManufactorAdmin/Product/dist/img/user2-160x160.jpg
INFO: [ app_init ] --START--
INFO: Run Behavior\BuildLiteBehavior [ RunTime:0.000009s ]
INFO: [ app_init ] --END-- [ RunTime:0.000248s ]

[ 2016-11-27T21:41:35+08:00 ] ::1 /jb555host/PersonalTailor/index.php/ManufactorAdmin/Product/dist/img/user4-128x128.jpg
INFO: [ app_init ] --START--
INFO: Run Behavior\BuildLiteBehavior [ RunTime:0.000009s ]
INFO: [ app_init ] --END-- [ RunTime:0.000252s ]

[ 2016-11-27T21:41:35+08:00 ] ::1 /jb555host/PersonalTailor/index.php/ManufactorAdmin/Product/dist/img/user3-128x128.jpg
INFO: [ app_init ] --START--
INFO: Run Behavior\BuildLiteBehavior [ RunTime:0.000007s ]
INFO: [ app_init ] --END-- [ RunTime:0.000280s ]

[ 2016-11-27T21:42:54+08:00 ] ::1 /jb555host/PersonalTailor/index.php/ManufactorAdmin/Product/dist/img/user2-160x160.jpg
INFO: [ app_init ] --START--
INFO: Run Behavior\BuildLiteBehavior [ RunTime:0.000009s ]
INFO: [ app_init ] --END-- [ RunTime:0.000284s ]

[ 2016-11-27T21:42:54+08:00 ] ::1 /jb555host/PersonalTailor/index.php/ManufactorAdmin/Product/dist/img/user4-128x128.jpg
INFO: [ app_init ] --START--
INFO: Run Behavior\BuildLiteBehavior [ RunTime:0.000008s ]
INFO: [ app_init ] --END-- [ RunTime:0.000241s ]

[ 2016-11-27T21:42:54+08:00 ] ::1 /jb555host/PersonalTailor/index.php/ManufactorAdmin/Product/dist/img/user3-128x128.jpg
INFO: [ app_init ] --START--
INFO: Run Behavior\BuildLiteBehavior [ RunTime:0.000011s ]
INFO: [ app_init ] --END-- [ RunTime:0.000362s ]

[ 2016-11-27T22:02:13+08:00 ] ::1 /jb555host/PersonalTailor/index.php/ManufactorAdmin/Product/dist/img/user2-160x160.jpg
INFO: [ app_init ] --START--
INFO: Run Behavior\BuildLiteBehavior [ RunTime:0.000011s ]
INFO: [ app_init ] --END-- [ RunTime:0.000349s ]

[ 2016-11-27T22:02:13+08:00 ] ::1 /jb555host/PersonalTailor/index.php/ManufactorAdmin/Product/dist/img/user3-128x128.jpg
INFO: [ app_init ] --START--
INFO: Run Behavior\BuildLiteBehavior [ RunTime:0.000010s ]
INFO: [ app_init ] --END-- [ RunTime:0.000332s ]

[ 2016-11-27T22:02:13+08:00 ] ::1 /jb555host/PersonalTailor/index.php/ManufactorAdmin/Product/dist/img/user4-128x128.jpg
INFO: [ app_init ] --START--
INFO: Run Behavior\BuildLiteBehavior [ RunTime:0.000014s ]
INFO: [ app_init ] --END-- [ RunTime:0.000466s ]

[ 2016-11-27T22:02:17+08:00 ] ::1 /jb555host/PersonalTailor/index.php/ManufactorAdmin/Product/dist/img/user2-160x160.jpg
INFO: [ app_init ] --START--
INFO: Run Behavior\BuildLiteBehavior [ RunTime:0.000008s ]
INFO: [ app_init ] --END-- [ RunTime:0.000246s ]

[ 2016-11-27T22:02:17+08:00 ] ::1 /jb555host/PersonalTailor/index.php/ManufactorAdmin/Product/dist/img/user4-128x128.jpg
INFO: [ app_init ] --START--
INFO: Run Behavior\BuildLiteBehavior [ RunTime:0.000008s ]
INFO: [ app_init ] --END-- [ RunTime:0.000240s ]

[ 2016-11-27T22:02:17+08:00 ] ::1 /jb555host/PersonalTailor/index.php/ManufactorAdmin/Product/dist/img/user3-128x128.jpg
INFO: [ app_init ] --START--
INFO: Run Behavior\BuildLiteBehavior [ RunTime:0.000022s ]
INFO: [ app_init ] --END-- [ RunTime:0.000430s ]

[ 2016-11-27T22:02:23+08:00 ] ::1 /jb555host/PersonalTailor/index.php/ManufactorAdmin/Product/dist/img/user2-160x160.jpg
INFO: [ app_init ] --START--
INFO: Run Behavior\BuildLiteBehavior [ RunTime:0.000009s ]
INFO: [ app_init ] --END-- [ RunTime:0.000309s ]

[ 2016-11-27T22:02:23+08:00 ] ::1 /jb555host/PersonalTailor/index.php/ManufactorAdmin/Product/dist/img/user4-128x128.jpg
INFO: [ app_init ] --START--
INFO: Run Behavior\BuildLiteBehavior [ RunTime:0.000010s ]
INFO: [ app_init ] --END-- [ RunTime:0.000307s ]

[ 2016-11-27T22:02:23+08:00 ] ::1 /jb555host/PersonalTailor/index.php/ManufactorAdmin/Product/dist/img/user3-128x128.jpg
INFO: [ app_init ] --START--
INFO: Run Behavior\BuildLiteBehavior [ RunTime:0.000013s ]
INFO: [ app_init ] --END-- [ RunTime:0.000384s ]

[ 2016-11-27T22:03:07+08:00 ] ::1 /jb555host/PersonalTailor/index.php/ManufactorAdmin/Product/dist/img/user2-160x160.jpg
INFO: [ app_init ] --START--
INFO: Run Behavior\BuildLiteBehavior [ RunTime:0.000009s ]
INFO: [ app_init ] --END-- [ RunTime:0.000253s ]

[ 2016-11-27T22:03:07+08:00 ] ::1 /jb555host/PersonalTailor/index.php/ManufactorAdmin/Product/dist/img/user3-128x128.jpg
INFO: [ app_init ] --START--
INFO: Run Behavior\BuildLiteBehavior [ RunTime:0.000008s ]
INFO: [ app_init ] --END-- [ RunTime:0.000244s ]

[ 2016-11-27T22:03:07+08:00 ] ::1 /jb555host/PersonalTailor/index.php/ManufactorAdmin/Product/dist/img/user4-128x128.jpg
INFO: [ app_init ] --START--
INFO: Run Behavior\BuildLiteBehavior [ RunTime:0.000019s ]
INFO: [ app_init ] --END-- [ RunTime:0.000398s ]

[ 2016-11-27T22:03:31+08:00 ] ::1 /jb555host/PersonalTailor/index.php/ManufactorAdmin/Product/dist/img/user2-160x160.jpg
INFO: [ app_init ] --START--
INFO: Run Behavior\BuildLiteBehavior [ RunTime:0.000013s ]
INFO: [ app_init ] --END-- [ RunTime:0.000450s ]

[ 2016-11-27T22:03:31+08:00 ] ::1 /jb555host/PersonalTailor/index.php/ManufactorAdmin/Product/dist/img/user3-128x128.jpg
INFO: [ app_init ] --START--
INFO: Run Behavior\BuildLiteBehavior [ RunTime:0.000011s ]
INFO: [ app_init ] --END-- [ RunTime:0.000419s ]

[ 2016-11-27T22:03:31+08:00 ] ::1 /jb555host/PersonalTailor/index.php/ManufactorAdmin/Product/dist/img/user4-128x128.jpg
INFO: [ app_init ] --START--
INFO: Run Behavior\BuildLiteBehavior [ RunTime:0.000010s ]
INFO: [ app_init ] --END-- [ RunTime:0.000365s ]

[ 2016-11-27T22:04:24+08:00 ] ::1 /jb555host/PersonalTailor/index.php/ManufactorAdmin/Product/dist/img/user2-160x160.jpg
INFO: [ app_init ] --START--
INFO: Run Behavior\BuildLiteBehavior [ RunTime:0.000007s ]
INFO: [ app_init ] --END-- [ RunTime:0.000249s ]

[ 2016-11-27T22:04:24+08:00 ] ::1 /jb555host/PersonalTailor/index.php/ManufactorAdmin/Product/dist/img/user3-128x128.jpg
INFO: [ app_init ] --START--
INFO: Run Behavior\BuildLiteBehavior [ RunTime:0.000011s ]
INFO: [ app_init ] --END-- [ RunTime:0.000426s ]

[ 2016-11-27T22:04:24+08:00 ] ::1 /jb555host/PersonalTailor/index.php/ManufactorAdmin/Product/dist/img/user4-128x128.jpg
INFO: [ app_init ] --START--
INFO: Run Behavior\BuildLiteBehavior [ RunTime:0.000013s ]
INFO: [ app_init ] --END-- [ RunTime:0.000441s ]

[ 2016-11-27T22:06:21+08:00 ] ::1 /jb555host/PersonalTailor/index.php/ManufactorAdmin/Product/dist/img/user2-160x160.jpg
INFO: [ app_init ] --START--
INFO: Run Behavior\BuildLiteBehavior [ RunTime:0.000011s ]
INFO: [ app_init ] --END-- [ RunTime:0.000365s ]

[ 2016-11-27T22:06:21+08:00 ] ::1 /jb555host/PersonalTailor/index.php/ManufactorAdmin/Product/dist/img/user4-128x128.jpg
INFO: [ app_init ] --START--
INFO: Run Behavior\BuildLiteBehavior [ RunTime:0.000009s ]
INFO: [ app_init ] --END-- [ RunTime:0.000332s ]

[ 2016-11-27T22:06:21+08:00 ] ::1 /jb555host/PersonalTailor/index.php/ManufactorAdmin/Product/dist/img/user3-128x128.jpg
INFO: [ app_init ] --START--
INFO: Run Behavior\BuildLiteBehavior [ RunTime:0.000008s ]
INFO: [ app_init ] --END-- [ RunTime:0.000240s ]

[ 2016-11-27T22:06:46+08:00 ] ::1 /jb555host/PersonalTailor/index.php/ManufactorAdmin/Product/dist/img/user2-160x160.jpg
INFO: [ app_init ] --START--
INFO: Run Behavior\BuildLiteBehavior [ RunTime:0.000008s ]
INFO: [ app_init ] --END-- [ RunTime:0.000344s ]

[ 2016-11-27T22:06:46+08:00 ] ::1 /jb555host/PersonalTailor/index.php/ManufactorAdmin/Product/dist/img/user4-128x128.jpg
INFO: [ app_init ] --START--
INFO: Run Behavior\BuildLiteBehavior [ RunTime:0.000009s ]
INFO: [ app_init ] --END-- [ RunTime:0.000265s ]

[ 2016-11-27T22:11:34+08:00 ] ::1 /jb555host/PersonalTailor/index.php/ManufactorAdmin/Product/dist/img/user2-160x160.jpg
INFO: [ app_init ] --START--
INFO: Run Behavior\BuildLiteBehavior [ RunTime:0.000013s ]
INFO: [ app_init ] --END-- [ RunTime:0.000520s ]

[ 2016-11-27T22:11:34+08:00 ] ::1 /jb555host/PersonalTailor/index.php/ManufactorAdmin/Product/dist/img/user3-128x128.jpg
INFO: [ app_init ] --START--
INFO: Run Behavior\BuildLiteBehavior [ RunTime:0.000013s ]
INFO: [ app_init ] --END-- [ RunTime:0.000375s ]

[ 2016-11-27T22:11:54+08:00 ] ::1 /jb555host/PersonalTailor/index.php/ManufactorAdmin/Product/dist/img/user2-160x160.jpg
INFO: [ app_init ] --START--
INFO: Run Behavior\BuildLiteBehavior [ RunTime:0.000012s ]
INFO: [ app_init ] --END-- [ RunTime:0.000372s ]

[ 2016-11-27T22:11:54+08:00 ] ::1 /jb555host/PersonalTailor/index.php/ManufactorAdmin/Product/dist/img/user3-128x128.jpg
INFO: [ app_init ] --START--
INFO: Run Behavior\BuildLiteBehavior [ RunTime:0.000012s ]
INFO: [ app_init ] --END-- [ RunTime:0.000356s ]

[ 2016-11-27T22:11:54+08:00 ] ::1 /jb555host/PersonalTailor/index.php/ManufactorAdmin/Product/dist/img/user4-128x128.jpg
INFO: [ app_init ] --START--
INFO: Run Behavior\BuildLiteBehavior [ RunTime:0.000012s ]
INFO: [ app_init ] --END-- [ RunTime:0.000443s ]

[ 2016-11-27T22:15:22+08:00 ] ::1 /jb555host/PersonalTailor/index.php/ManufactorAdmin/Product/dist/img/user3-128x128.jpg
INFO: [ app_init ] --START--
INFO: Run Behavior\BuildLiteBehavior [ RunTime:0.000013s ]
INFO: [ app_init ] --END-- [ RunTime:0.000271s ]

[ 2016-11-27T22:15:22+08:00 ] ::1 /jb555host/PersonalTailor/index.php/ManufactorAdmin/Product/dist/img/user2-160x160.jpg
INFO: [ app_init ] --START--
INFO: Run Behavior\BuildLiteBehavior [ RunTime:0.000008s ]
INFO: [ app_init ] --END-- [ RunTime:0.000251s ]

[ 2016-11-27T22:15:22+08:00 ] ::1 /jb555host/PersonalTailor/index.php/ManufactorAdmin/Product/dist/img/user4-128x128.jpg
INFO: [ app_init ] --START--
INFO: Run Behavior\BuildLiteBehavior [ RunTime:0.000019s ]
INFO: [ app_init ] --END-- [ RunTime:0.000410s ]

[ 2016-11-27T22:17:54+08:00 ] ::1 /jb555host/PersonalTailor/index.php/ManufactorAdmin/Product/dist/img/user2-160x160.jpg
INFO: [ app_init ] --START--
INFO: Run Behavior\BuildLiteBehavior [ RunTime:0.000010s ]
INFO: [ app_init ] --END-- [ RunTime:0.000329s ]

[ 2016-11-27T22:17:54+08:00 ] ::1 /jb555host/PersonalTailor/index.php/ManufactorAdmin/Product/dist/img/user3-128x128.jpg
INFO: [ app_init ] --START--
INFO: Run Behavior\BuildLiteBehavior [ RunTime:0.000011s ]
INFO: [ app_init ] --END-- [ RunTime:0.000370s ]

[ 2016-11-27T22:17:54+08:00 ] ::1 /jb555host/PersonalTailor/index.php/ManufactorAdmin/Product/dist/img/user4-128x128.jpg
INFO: [ app_init ] --START--
INFO: Run Behavior\BuildLiteBehavior [ RunTime:0.000010s ]
INFO: [ app_init ] --END-- [ RunTime:0.000302s ]

