[ 2016-12-05T10:17:52+08:00 ] ::1 /PersonalTailor/index.php/ManufactorAdmin/Index/dist/img/user2-160x160.jpg
INFO: [ app_init ] --START--
INFO: Run Behavior\BuildLiteBehavior [ RunTime:0.000014s ]
INFO: [ app_init ] --END-- [ RunTime:0.000396s ]

[ 2016-12-05T10:17:52+08:00 ] ::1 /PersonalTailor/index.php/ManufactorAdmin/Index/dist/img/user3-128x128.jpg
INFO: [ app_init ] --START--
INFO: Run Behavior\BuildLiteBehavior [ RunTime:0.000012s ]
INFO: [ app_init ] --END-- [ RunTime:0.000354s ]

[ 2016-12-05T10:17:52+08:00 ] ::1 /PersonalTailor/index.php/ManufactorAdmin/Index/dist/img/user4-128x128.jpg
INFO: [ app_init ] --START--
INFO: Run Behavior\BuildLiteBehavior [ RunTime:0.000012s ]
INFO: [ app_init ] --END-- [ RunTime:0.000328s ]

[ 2016-12-05T10:17:52+08:00 ] ::1 /PersonalTailor/index.php/ManufactorAdmin/Index/dist/img/user3-128x128.jpg
INFO: [ app_init ] --START--
INFO: Run Behavior\BuildLiteBehavior [ RunTime:0.000007s ]
INFO: [ app_init ] --END-- [ RunTime:0.000233s ]

[ 2016-12-05T10:17:52+08:00 ] ::1 /PersonalTailor/index.php/ManufactorAdmin/Index/dist/img/user4-128x128.jpg
INFO: [ app_init ] --START--
INFO: Run Behavior\BuildLiteBehavior [ RunTime:0.000009s ]
INFO: [ app_init ] --END-- [ RunTime:0.000249s ]

[ 2016-12-05T10:17:52+08:00 ] ::1 /PersonalTailor/index.php/ManufactorAdmin/Index/dist/img/user2-160x160.jpg
INFO: [ app_init ] --START--
INFO: Run Behavior\BuildLiteBehavior [ RunTime:0.000011s ]
INFO: [ app_init ] --END-- [ RunTime:0.000342s ]

[ 2016-12-05T10:18:02+08:00 ] ::1 /PersonalTailor/index.php/ManufactorAdmin/Activity/dist/img/user2-160x160.jpg
INFO: [ app_init ] --START--
INFO: Run Behavior\BuildLiteBehavior [ RunTime:0.000008s ]
INFO: [ app_init ] --END-- [ RunTime:0.000240s ]

[ 2016-12-05T10:18:02+08:00 ] ::1 /PersonalTailor/index.php/ManufactorAdmin/Activity/dist/img/user3-128x128.jpg
INFO: [ app_init ] --START--
INFO: Run Behavior\BuildLiteBehavior [ RunTime:0.000009s ]
INFO: [ app_init ] --END-- [ RunTime:0.000222s ]

[ 2016-12-05T10:18:02+08:00 ] ::1 /PersonalTailor/index.php/ManufactorAdmin/Activity/dist/img/user4-128x128.jpg
INFO: [ app_init ] --START--
INFO: Run Behavior\BuildLiteBehavior [ RunTime:0.000008s ]
INFO: [ app_init ] --END-- [ RunTime:0.000246s ]

[ 2016-12-05T10:24:18+08:00 ] ::1 /PersonalTailor/index.php/ManufactorAdmin/Activity/dist/img/user2-160x160.jpg
INFO: [ app_init ] --START--
INFO: Run Behavior\BuildLiteBehavior [ RunTime:0.000007s ]
INFO: [ app_init ] --END-- [ RunTime:0.000208s ]

[ 2016-12-05T10:24:18+08:00 ] ::1 /PersonalTailor/index.php/ManufactorAdmin/Activity/dist/img/user3-128x128.jpg
INFO: [ app_init ] --START--
INFO: Run Behavior\BuildLiteBehavior [ RunTime:0.000008s ]
INFO: [ app_init ] --END-- [ RunTime:0.000254s ]

[ 2016-12-05T10:24:18+08:00 ] ::1 /PersonalTailor/index.php/ManufactorAdmin/Activity/dist/img/user4-128x128.jpg
INFO: [ app_init ] --START--
INFO: Run Behavior\BuildLiteBehavior [ RunTime:0.000009s ]
INFO: [ app_init ] --END-- [ RunTime:0.000266s ]

[ 2016-12-05T10:24:20+08:00 ] ::1 /PersonalTailor/index.php/ManufactorAdmin/Activity/dist/img/user3-128x128.jpg
INFO: [ app_init ] --START--
INFO: Run Behavior\BuildLiteBehavior [ RunTime:0.000009s ]
INFO: [ app_init ] --END-- [ RunTime:0.000285s ]

[ 2016-12-05T10:24:20+08:00 ] ::1 /PersonalTailor/index.php/ManufactorAdmin/Activity/dist/img/user4-128x128.jpg
INFO: [ app_init ] --START--
INFO: Run Behavior\BuildLiteBehavior [ RunTime:0.000009s ]
INFO: [ app_init ] --END-- [ RunTime:0.000270s ]

[ 2016-12-05T10:24:20+08:00 ] ::1 /PersonalTailor/index.php/ManufactorAdmin/Activity/dist/img/user2-160x160.jpg
INFO: [ app_init ] --START--
INFO: Run Behavior\BuildLiteBehavior [ RunTime:0.000008s ]
INFO: [ app_init ] --END-- [ RunTime:0.000225s ]

[ 2016-12-05T10:24:23+08:00 ] ::1 /PersonalTailor/index.php/ManufactorAdmin/Activity/dist/img/user3-128x128.jpg
INFO: [ app_init ] --START--
INFO: Run Behavior\BuildLiteBehavior [ RunTime:0.000008s ]
INFO: [ app_init ] --END-- [ RunTime:0.000242s ]

[ 2016-12-05T10:24:23+08:00 ] ::1 /PersonalTailor/index.php/ManufactorAdmin/Activity/dist/img/user4-128x128.jpg
INFO: [ app_init ] --START--
INFO: Run Behavior\BuildLiteBehavior [ RunTime:0.000009s ]
INFO: [ app_init ] --END-- [ RunTime:0.000230s ]

[ 2016-12-05T10:24:23+08:00 ] ::1 /PersonalTailor/index.php/ManufactorAdmin/Activity/dist/img/user2-160x160.jpg
INFO: [ app_init ] --START--
INFO: Run Behavior\BuildLiteBehavior [ RunTime:0.000011s ]
INFO: [ app_init ] --END-- [ RunTime:0.000407s ]

[ 2016-12-05T10:24:25+08:00 ] ::1 /PersonalTailor/index.php/ManufactorAdmin/Activity/dist/img/user2-160x160.jpg
INFO: [ app_init ] --START--
INFO: Run Behavior\BuildLiteBehavior [ RunTime:0.000008s ]
INFO: [ app_init ] --END-- [ RunTime:0.000235s ]

[ 2016-12-05T10:24:25+08:00 ] ::1 /PersonalTailor/index.php/ManufactorAdmin/Activity/dist/img/user3-128x128.jpg
INFO: [ app_init ] --START--
INFO: Run Behavior\BuildLiteBehavior [ RunTime:0.000008s ]
INFO: [ app_init ] --END-- [ RunTime:0.000210s ]

[ 2016-12-05T10:24:25+08:00 ] ::1 /PersonalTailor/index.php/ManufactorAdmin/Activity/dist/img/user4-128x128.jpg
INFO: [ app_init ] --START--
INFO: Run Behavior\BuildLiteBehavior [ RunTime:0.000007s ]
INFO: [ app_init ] --END-- [ RunTime:0.000224s ]

[ 2016-12-05T10:24:25+08:00 ] ::1 /PersonalTailor/index.php/ManufactorAdmin/Activity/dist/img/user3-128x128.jpg
INFO: [ app_init ] --START--
INFO: Run Behavior\BuildLiteBehavior [ RunTime:0.000010s ]
INFO: [ app_init ] --END-- [ RunTime:0.000296s ]

[ 2016-12-05T10:24:25+08:00 ] ::1 /PersonalTailor/index.php/ManufactorAdmin/Activity/dist/img/user2-160x160.jpg
INFO: [ app_init ] --START--
INFO: Run Behavior\BuildLiteBehavior [ RunTime:0.000011s ]
INFO: [ app_init ] --END-- [ RunTime:0.000379s ]

[ 2016-12-05T10:24:25+08:00 ] ::1 /PersonalTailor/index.php/ManufactorAdmin/Activity/dist/img/user4-128x128.jpg
INFO: [ app_init ] --START--
INFO: Run Behavior\BuildLiteBehavior [ RunTime:0.000012s ]
INFO: [ app_init ] --END-- [ RunTime:0.000331s ]

[ 2016-12-05T10:24:27+08:00 ] ::1 /PersonalTailor/index.php/ManufactorAdmin/Activity/dist/img/user3-128x128.jpg
INFO: [ app_init ] --START--
INFO: Run Behavior\BuildLiteBehavior [ RunTime:0.000010s ]
INFO: [ app_init ] --END-- [ RunTime:0.000243s ]

[ 2016-12-05T10:24:27+08:00 ] ::1 /PersonalTailor/index.php/ManufactorAdmin/Activity/dist/img/user2-160x160.jpg
INFO: [ app_init ] --START--
INFO: Run Behavior\BuildLiteBehavior [ RunTime:0.000010s ]
INFO: [ app_init ] --END-- [ RunTime:0.000235s ]

[ 2016-12-05T10:24:27+08:00 ] ::1 /PersonalTailor/index.php/ManufactorAdmin/Activity/dist/img/user4-128x128.jpg
INFO: [ app_init ] --START--
INFO: Run Behavior\BuildLiteBehavior [ RunTime:0.000009s ]
INFO: [ app_init ] --END-- [ RunTime:0.000232s ]

[ 2016-12-05T10:30:07+08:00 ] ::1 /PersonalTailor/index.php/ManufactorAdmin/Activity/dist/img/user2-160x160.jpg
INFO: [ app_init ] --START--
INFO: Run Behavior\BuildLiteBehavior [ RunTime:0.000017s ]
INFO: [ app_init ] --END-- [ RunTime:0.000428s ]

[ 2016-12-05T10:30:07+08:00 ] ::1 /PersonalTailor/index.php/ManufactorAdmin/Activity/dist/img/user3-128x128.jpg
INFO: [ app_init ] --START--
INFO: Run Behavior\BuildLiteBehavior [ RunTime:0.000016s ]
INFO: [ app_init ] --END-- [ RunTime:0.000313s ]

[ 2016-12-05T10:30:07+08:00 ] ::1 /PersonalTailor/index.php/ManufactorAdmin/Activity/dist/img/user4-128x128.jpg
INFO: [ app_init ] --START--
INFO: Run Behavior\BuildLiteBehavior [ RunTime:0.000011s ]
INFO: [ app_init ] --END-- [ RunTime:0.000262s ]

[ 2016-12-05T10:31:11+08:00 ] ::1 /PersonalTailor/index.php/ManufactorAdmin/Activity/dist/img/user2-160x160.jpg
INFO: [ app_init ] --START--
INFO: Run Behavior\BuildLiteBehavior [ RunTime:0.000008s ]
INFO: [ app_init ] --END-- [ RunTime:0.000226s ]

[ 2016-12-05T10:31:11+08:00 ] ::1 /PersonalTailor/index.php/ManufactorAdmin/Activity/dist/img/user3-128x128.jpg
INFO: [ app_init ] --START--
INFO: Run Behavior\BuildLiteBehavior [ RunTime:0.000014s ]
INFO: [ app_init ] --END-- [ RunTime:0.000333s ]

[ 2016-12-05T10:31:11+08:00 ] ::1 /PersonalTailor/index.php/ManufactorAdmin/Activity/dist/img/user4-128x128.jpg
INFO: [ app_init ] --START--
INFO: Run Behavior\BuildLiteBehavior [ RunTime:0.000009s ]
INFO: [ app_init ] --END-- [ RunTime:0.000328s ]

[ 2016-12-05T10:31:14+08:00 ] ::1 /PersonalTailor/index.php/ManufactorAdmin/Activity/dist/img/user2-160x160.jpg
INFO: [ app_init ] --START--
INFO: Run Behavior\BuildLiteBehavior [ RunTime:0.000007s ]
INFO: [ app_init ] --END-- [ RunTime:0.000234s ]

[ 2016-12-05T10:31:14+08:00 ] ::1 /PersonalTailor/index.php/ManufactorAdmin/Activity/dist/img/user3-128x128.jpg
INFO: [ app_init ] --START--
INFO: Run Behavior\BuildLiteBehavior [ RunTime:0.000007s ]
INFO: [ app_init ] --END-- [ RunTime:0.000203s ]

[ 2016-12-05T10:31:14+08:00 ] ::1 /PersonalTailor/index.php/ManufactorAdmin/Activity/dist/img/user4-128x128.jpg
INFO: [ app_init ] --START--
INFO: Run Behavior\BuildLiteBehavior [ RunTime:0.000008s ]
INFO: [ app_init ] --END-- [ RunTime:0.000206s ]

[ 2016-12-05T10:31:14+08:00 ] ::1 /PersonalTailor/index.php/ManufactorAdmin/Activity/dist/img/user2-160x160.jpg
INFO: [ app_init ] --START--
INFO: Run Behavior\BuildLiteBehavior [ RunTime:0.000008s ]
INFO: [ app_init ] --END-- [ RunTime:0.000259s ]

[ 2016-12-05T10:31:14+08:00 ] ::1 /PersonalTailor/index.php/ManufactorAdmin/Activity/dist/img/user3-128x128.jpg
INFO: [ app_init ] --START--
INFO: Run Behavior\BuildLiteBehavior [ RunTime:0.000008s ]
INFO: [ app_init ] --END-- [ RunTime:0.000263s ]

[ 2016-12-05T10:31:14+08:00 ] ::1 /PersonalTailor/index.php/ManufactorAdmin/Activity/dist/img/user4-128x128.jpg
INFO: [ app_init ] --START--
INFO: Run Behavior\BuildLiteBehavior [ RunTime:0.000013s ]
INFO: [ app_init ] --END-- [ RunTime:0.000240s ]

[ 2016-12-05T10:31:16+08:00 ] ::1 /PersonalTailor/index.php/ManufactorAdmin/Activity/dist/img/user4-128x128.jpg
INFO: [ app_init ] --START--
INFO: Run Behavior\BuildLiteBehavior [ RunTime:0.000008s ]
INFO: [ app_init ] --END-- [ RunTime:0.000282s ]

[ 2016-12-05T10:31:16+08:00 ] ::1 /PersonalTailor/index.php/ManufactorAdmin/Activity/dist/img/user2-160x160.jpg
INFO: [ app_init ] --START--
INFO: Run Behavior\BuildLiteBehavior [ RunTime:0.000008s ]
INFO: [ app_init ] --END-- [ RunTime:0.000258s ]

[ 2016-12-05T10:31:16+08:00 ] ::1 /PersonalTailor/index.php/ManufactorAdmin/Activity/dist/img/user3-128x128.jpg
INFO: [ app_init ] --START--
INFO: Run Behavior\BuildLiteBehavior [ RunTime:0.000011s ]
INFO: [ app_init ] --END-- [ RunTime:0.000308s ]

[ 2016-12-05T10:31:17+08:00 ] ::1 /PersonalTailor/index.php/ManufactorAdmin/Activity/dist/img/user4-128x128.jpg
INFO: [ app_init ] --START--
INFO: Run Behavior\BuildLiteBehavior [ RunTime:0.000009s ]
INFO: [ app_init ] --END-- [ RunTime:0.000219s ]

[ 2016-12-05T10:31:17+08:00 ] ::1 /PersonalTailor/index.php/ManufactorAdmin/Activity/dist/img/user3-128x128.jpg
INFO: [ app_init ] --START--
INFO: Run Behavior\BuildLiteBehavior [ RunTime:0.000007s ]
INFO: [ app_init ] --END-- [ RunTime:0.000261s ]

[ 2016-12-05T10:31:17+08:00 ] ::1 /PersonalTailor/index.php/ManufactorAdmin/Activity/dist/img/user2-160x160.jpg
INFO: [ app_init ] --START--
INFO: Run Behavior\BuildLiteBehavior [ RunTime:0.000009s ]
INFO: [ app_init ] --END-- [ RunTime:0.000277s ]

[ 2016-12-05T10:31:39+08:00 ] ::1 /PersonalTailor/index.php/ManufactorAdmin/Activity/dist/img/user3-128x128.jpg
INFO: [ app_init ] --START--
INFO: Run Behavior\BuildLiteBehavior [ RunTime:0.000009s ]
INFO: [ app_init ] --END-- [ RunTime:0.000225s ]

[ 2016-12-05T10:31:39+08:00 ] ::1 /PersonalTailor/index.php/ManufactorAdmin/Activity/dist/img/user2-160x160.jpg
INFO: [ app_init ] --START--
INFO: Run Behavior\BuildLiteBehavior [ RunTime:0.000008s ]
INFO: [ app_init ] --END-- [ RunTime:0.000271s ]

[ 2016-12-05T10:31:39+08:00 ] ::1 /PersonalTailor/index.php/ManufactorAdmin/Activity/dist/img/user4-128x128.jpg
INFO: [ app_init ] --START--
INFO: Run Behavior\BuildLiteBehavior [ RunTime:0.000008s ]
INFO: [ app_init ] --END-- [ RunTime:0.000228s ]

[ 2016-12-05T10:32:44+08:00 ] ::1 /PersonalTailor/index.php/ManufactorAdmin/Activity/dist/img/user3-128x128.jpg
INFO: [ app_init ] --START--
INFO: Run Behavior\BuildLiteBehavior [ RunTime:0.000026s ]
INFO: [ app_init ] --END-- [ RunTime:0.000495s ]

[ 2016-12-05T10:32:44+08:00 ] ::1 /PersonalTailor/index.php/ManufactorAdmin/Activity/dist/img/user2-160x160.jpg
INFO: [ app_init ] --START--
INFO: Run Behavior\BuildLiteBehavior [ RunTime:0.000011s ]
INFO: [ app_init ] --END-- [ RunTime:0.000365s ]

[ 2016-12-05T10:32:44+08:00 ] ::1 /PersonalTailor/index.php/ManufactorAdmin/Activity/dist/img/user4-128x128.jpg
INFO: [ app_init ] --START--
INFO: Run Behavior\BuildLiteBehavior [ RunTime:0.000016s ]
INFO: [ app_init ] --END-- [ RunTime:0.000240s ]

[ 2016-12-05T10:34:07+08:00 ] ::1 /PersonalTailor/index.php/ManufactorAdmin/Activity/dist/img/user2-160x160.jpg
INFO: [ app_init ] --START--
INFO: Run Behavior\BuildLiteBehavior [ RunTime:0.000008s ]
INFO: [ app_init ] --END-- [ RunTime:0.000218s ]

[ 2016-12-05T10:34:07+08:00 ] ::1 /PersonalTailor/index.php/ManufactorAdmin/Activity/dist/img/user3-128x128.jpg
INFO: [ app_init ] --START--
INFO: Run Behavior\BuildLiteBehavior [ RunTime:0.000008s ]
INFO: [ app_init ] --END-- [ RunTime:0.000237s ]

[ 2016-12-05T10:34:07+08:00 ] ::1 /PersonalTailor/index.php/ManufactorAdmin/Activity/dist/img/user4-128x128.jpg
INFO: [ app_init ] --START--
INFO: Run Behavior\BuildLiteBehavior [ RunTime:0.000008s ]
INFO: [ app_init ] --END-- [ RunTime:0.000264s ]

[ 2016-12-05T10:34:14+08:00 ] ::1 /PersonalTailor/index.php/ManufactorAdmin/Activity/dist/img/user2-160x160.jpg
INFO: [ app_init ] --START--
INFO: Run Behavior\BuildLiteBehavior [ RunTime:0.000007s ]
INFO: [ app_init ] --END-- [ RunTime:0.000215s ]

[ 2016-12-05T10:34:14+08:00 ] ::1 /PersonalTailor/index.php/ManufactorAdmin/Activity/dist/img/user3-128x128.jpg
INFO: [ app_init ] --START--
INFO: Run Behavior\BuildLiteBehavior [ RunTime:0.000008s ]
INFO: [ app_init ] --END-- [ RunTime:0.000229s ]

[ 2016-12-05T10:34:14+08:00 ] ::1 /PersonalTailor/index.php/ManufactorAdmin/Activity/dist/img/user4-128x128.jpg
INFO: [ app_init ] --START--
INFO: Run Behavior\BuildLiteBehavior [ RunTime:0.000008s ]
INFO: [ app_init ] --END-- [ RunTime:0.000249s ]

[ 2016-12-05T10:34:14+08:00 ] ::1 /PersonalTailor/index.php/ManufactorAdmin/Activity/dist/img/user2-160x160.jpg
INFO: [ app_init ] --START--
INFO: Run Behavior\BuildLiteBehavior [ RunTime:0.000023s ]
INFO: [ app_init ] --END-- [ RunTime:0.000338s ]

[ 2016-12-05T10:34:14+08:00 ] ::1 /PersonalTailor/index.php/ManufactorAdmin/Activity/dist/img/user3-128x128.jpg
INFO: [ app_init ] --START--
INFO: Run Behavior\BuildLiteBehavior [ RunTime:0.000008s ]
INFO: [ app_init ] --END-- [ RunTime:0.000293s ]

[ 2016-12-05T10:34:14+08:00 ] ::1 /PersonalTailor/index.php/ManufactorAdmin/Activity/dist/img/user4-128x128.jpg
INFO: [ app_init ] --START--
INFO: Run Behavior\BuildLiteBehavior [ RunTime:0.000020s ]
INFO: [ app_init ] --END-- [ RunTime:0.000286s ]

[ 2016-12-05T10:35:23+08:00 ] ::1 /PersonalTailor/index.php/ManufactorAdmin/Activity/dist/img/user2-160x160.jpg
INFO: [ app_init ] --START--
INFO: Run Behavior\BuildLiteBehavior [ RunTime:0.000008s ]
INFO: [ app_init ] --END-- [ RunTime:0.000210s ]

[ 2016-12-05T10:35:23+08:00 ] ::1 /PersonalTailor/index.php/ManufactorAdmin/Activity/dist/img/user3-128x128.jpg
INFO: [ app_init ] --START--
INFO: Run Behavior\BuildLiteBehavior [ RunTime:0.000008s ]
INFO: [ app_init ] --END-- [ RunTime:0.000232s ]

[ 2016-12-05T10:35:23+08:00 ] ::1 /PersonalTailor/index.php/ManufactorAdmin/Activity/dist/img/user4-128x128.jpg
INFO: [ app_init ] --START--
INFO: Run Behavior\BuildLiteBehavior [ RunTime:0.000012s ]
INFO: [ app_init ] --END-- [ RunTime:0.000325s ]

[ 2016-12-05T10:35:24+08:00 ] ::1 /PersonalTailor/index.php/ManufactorAdmin/Activity/dist/img/user2-160x160.jpg
INFO: [ app_init ] --START--
INFO: Run Behavior\BuildLiteBehavior [ RunTime:0.000008s ]
INFO: [ app_init ] --END-- [ RunTime:0.000233s ]

[ 2016-12-05T10:35:24+08:00 ] ::1 /PersonalTailor/index.php/ManufactorAdmin/Activity/dist/img/user3-128x128.jpg
INFO: [ app_init ] --START--
INFO: Run Behavior\BuildLiteBehavior [ RunTime:0.000011s ]
INFO: [ app_init ] --END-- [ RunTime:0.000286s ]

[ 2016-12-05T10:35:24+08:00 ] ::1 /PersonalTailor/index.php/ManufactorAdmin/Activity/dist/img/user4-128x128.jpg
INFO: [ app_init ] --START--
INFO: Run Behavior\BuildLiteBehavior [ RunTime:0.000011s ]
INFO: [ app_init ] --END-- [ RunTime:0.000297s ]

[ 2016-12-05T10:35:25+08:00 ] ::1 /PersonalTailor/index.php/ManufactorAdmin/Activity/dist/img/user2-160x160.jpg
INFO: [ app_init ] --START--
INFO: Run Behavior\BuildLiteBehavior [ RunTime:0.000009s ]
INFO: [ app_init ] --END-- [ RunTime:0.000271s ]

[ 2016-12-05T10:35:25+08:00 ] ::1 /PersonalTailor/index.php/ManufactorAdmin/Activity/dist/img/user4-128x128.jpg
INFO: [ app_init ] --START--
INFO: Run Behavior\BuildLiteBehavior [ RunTime:0.000008s ]
INFO: [ app_init ] --END-- [ RunTime:0.000214s ]

[ 2016-12-05T10:35:25+08:00 ] ::1 /PersonalTailor/index.php/ManufactorAdmin/Activity/dist/img/user3-128x128.jpg
INFO: [ app_init ] --START--
INFO: Run Behavior\BuildLiteBehavior [ RunTime:0.000008s ]
INFO: [ app_init ] --END-- [ RunTime:0.000210s ]

[ 2016-12-05T10:35:30+08:00 ] ::1 /PersonalTailor/index.php/ManufactorAdmin/Activity/dist/img/user2-160x160.jpg
INFO: [ app_init ] --START--
INFO: Run Behavior\BuildLiteBehavior [ RunTime:0.000008s ]
INFO: [ app_init ] --END-- [ RunTime:0.000285s ]

[ 2016-12-05T10:35:30+08:00 ] ::1 /PersonalTailor/index.php/ManufactorAdmin/Activity/dist/img/user4-128x128.jpg
INFO: [ app_init ] --START--
INFO: Run Behavior\BuildLiteBehavior [ RunTime:0.000017s ]
INFO: [ app_init ] --END-- [ RunTime:0.000258s ]

[ 2016-12-05T10:35:30+08:00 ] ::1 /PersonalTailor/index.php/ManufactorAdmin/Activity/dist/img/user3-128x128.jpg
INFO: [ app_init ] --START--
INFO: Run Behavior\BuildLiteBehavior [ RunTime:0.000008s ]
INFO: [ app_init ] --END-- [ RunTime:0.000221s ]

[ 2016-12-05T10:35:50+08:00 ] ::1 /PersonalTailor/index.php/ManufactorAdmin/Activity/dist/img/user2-160x160.jpg
INFO: [ app_init ] --START--
INFO: Run Behavior\BuildLiteBehavior [ RunTime:0.000012s ]
INFO: [ app_init ] --END-- [ RunTime:0.000271s ]

[ 2016-12-05T10:35:50+08:00 ] ::1 /PersonalTailor/index.php/ManufactorAdmin/Activity/dist/img/user4-128x128.jpg
INFO: [ app_init ] --START--
INFO: Run Behavior\BuildLiteBehavior [ RunTime:0.000009s ]
INFO: [ app_init ] --END-- [ RunTime:0.000215s ]

[ 2016-12-05T10:35:50+08:00 ] ::1 /PersonalTailor/index.php/ManufactorAdmin/Activity/dist/img/user3-128x128.jpg
INFO: [ app_init ] --START--
INFO: Run Behavior\BuildLiteBehavior [ RunTime:0.000008s ]
INFO: [ app_init ] --END-- [ RunTime:0.000216s ]

[ 2016-12-05T10:35:53+08:00 ] ::1 /PersonalTailor/index.php/ManufactorAdmin/Activity/dist/img/user4-128x128.jpg
INFO: [ app_init ] --START--
INFO: Run Behavior\BuildLiteBehavior [ RunTime:0.000009s ]
INFO: [ app_init ] --END-- [ RunTime:0.000270s ]

[ 2016-12-05T10:35:53+08:00 ] ::1 /PersonalTailor/index.php/ManufactorAdmin/Activity/dist/img/user3-128x128.jpg
INFO: [ app_init ] --START--
INFO: Run Behavior\BuildLiteBehavior [ RunTime:0.000008s ]
INFO: [ app_init ] --END-- [ RunTime:0.000267s ]

[ 2016-12-05T10:35:53+08:00 ] ::1 /PersonalTailor/index.php/ManufactorAdmin/Activity/dist/img/user2-160x160.jpg
INFO: [ app_init ] --START--
INFO: Run Behavior\BuildLiteBehavior [ RunTime:0.000011s ]
INFO: [ app_init ] --END-- [ RunTime:0.000292s ]

[ 2016-12-05T10:35:55+08:00 ] ::1 /PersonalTailor/index.php/ManufactorAdmin/Product/dist/img/user4-128x128.jpg
INFO: [ app_init ] --START--
INFO: Run Behavior\BuildLiteBehavior [ RunTime:0.000007s ]
INFO: [ app_init ] --END-- [ RunTime:0.000221s ]

[ 2016-12-05T10:35:55+08:00 ] ::1 /PersonalTailor/index.php/ManufactorAdmin/Product/dist/img/user3-128x128.jpg
INFO: [ app_init ] --START--
INFO: Run Behavior\BuildLiteBehavior [ RunTime:0.000008s ]
INFO: [ app_init ] --END-- [ RunTime:0.000213s ]

[ 2016-12-05T10:35:55+08:00 ] ::1 /PersonalTailor/index.php/ManufactorAdmin/Product/dist/img/user2-160x160.jpg
INFO: [ app_init ] --START--
INFO: Run Behavior\BuildLiteBehavior [ RunTime:0.000011s ]
INFO: [ app_init ] --END-- [ RunTime:0.000300s ]

[ 2016-12-05T10:43:29+08:00 ] ::1 /PersonalTailor/index.php/ManufactorAdmin/Product/dist/img/user2-160x160.jpg
INFO: [ app_init ] --START--
INFO: Run Behavior\BuildLiteBehavior [ RunTime:0.000009s ]
INFO: [ app_init ] --END-- [ RunTime:0.000320s ]

[ 2016-12-05T10:43:29+08:00 ] ::1 /PersonalTailor/index.php/ManufactorAdmin/Product/dist/img/user3-128x128.jpg
INFO: [ app_init ] --START--
INFO: Run Behavior\BuildLiteBehavior [ RunTime:0.000009s ]
INFO: [ app_init ] --END-- [ RunTime:0.000266s ]

[ 2016-12-05T10:43:29+08:00 ] ::1 /PersonalTailor/index.php/ManufactorAdmin/Product/dist/img/user4-128x128.jpg
INFO: [ app_init ] --START--
INFO: Run Behavior\BuildLiteBehavior [ RunTime:0.000008s ]
INFO: [ app_init ] --END-- [ RunTime:0.000265s ]

[ 2016-12-05T10:44:19+08:00 ] ::1 /PersonalTailor/index.php/ManufactorAdmin/Product/dist/img/user2-160x160.jpg
INFO: [ app_init ] --START--
INFO: Run Behavior\BuildLiteBehavior [ RunTime:0.000010s ]
INFO: [ app_init ] --END-- [ RunTime:0.000264s ]

[ 2016-12-05T10:44:19+08:00 ] ::1 /PersonalTailor/index.php/ManufactorAdmin/Product/dist/img/user4-128x128.jpg
INFO: [ app_init ] --START--
INFO: Run Behavior\BuildLiteBehavior [ RunTime:0.000011s ]
INFO: [ app_init ] --END-- [ RunTime:0.000297s ]

[ 2016-12-05T10:44:19+08:00 ] ::1 /PersonalTailor/index.php/ManufactorAdmin/Product/dist/img/user3-128x128.jpg
INFO: [ app_init ] --START--
INFO: Run Behavior\BuildLiteBehavior [ RunTime:0.000013s ]
INFO: [ app_init ] --END-- [ RunTime:0.000365s ]

[ 2016-12-05T10:53:00+08:00 ] ::1 /PersonalTailor/index.php/ManufactorAdmin/Product/dist/img/user2-160x160.jpg
INFO: [ app_init ] --START--
INFO: Run Behavior\BuildLiteBehavior [ RunTime:0.000012s ]
INFO: [ app_init ] --END-- [ RunTime:0.000312s ]

[ 2016-12-05T10:53:00+08:00 ] ::1 /PersonalTailor/index.php/ManufactorAdmin/Product/dist/img/user3-128x128.jpg
INFO: [ app_init ] --START--
INFO: Run Behavior\BuildLiteBehavior [ RunTime:0.000009s ]
INFO: [ app_init ] --END-- [ RunTime:0.000232s ]

[ 2016-12-05T10:53:00+08:00 ] ::1 /PersonalTailor/index.php/ManufactorAdmin/Product/dist/img/user4-128x128.jpg
INFO: [ app_init ] --START--
INFO: Run Behavior\BuildLiteBehavior [ RunTime:0.000012s ]
INFO: [ app_init ] --END-- [ RunTime:0.000329s ]

[ 2016-12-05T10:53:03+08:00 ] ::1 /PersonalTailor/index.php/ManufactorAdmin/Product/dist/img/user4-128x128.jpg
INFO: [ app_init ] --START--
INFO: Run Behavior\BuildLiteBehavior [ RunTime:0.000010s ]
INFO: [ app_init ] --END-- [ RunTime:0.000232s ]

[ 2016-12-05T10:53:03+08:00 ] ::1 /PersonalTailor/index.php/ManufactorAdmin/Product/dist/img/user3-128x128.jpg
INFO: [ app_init ] --START--
INFO: Run Behavior\BuildLiteBehavior [ RunTime:0.000008s ]
INFO: [ app_init ] --END-- [ RunTime:0.000227s ]

[ 2016-12-05T10:53:03+08:00 ] ::1 /PersonalTailor/index.php/ManufactorAdmin/Product/dist/img/user2-160x160.jpg
INFO: [ app_init ] --START--
INFO: Run Behavior\BuildLiteBehavior [ RunTime:0.000009s ]
INFO: [ app_init ] --END-- [ RunTime:0.000240s ]

[ 2016-12-05T10:53:18+08:00 ] ::1 /PersonalTailor/index.php/ManufactorAdmin/Activity/dist/img/user2-160x160.jpg
INFO: [ app_init ] --START--
INFO: Run Behavior\BuildLiteBehavior [ RunTime:0.000008s ]
INFO: [ app_init ] --END-- [ RunTime:0.000227s ]

[ 2016-12-05T10:53:18+08:00 ] ::1 /PersonalTailor/index.php/ManufactorAdmin/Activity/dist/img/user4-128x128.jpg
INFO: [ app_init ] --START--
INFO: Run Behavior\BuildLiteBehavior [ RunTime:0.000007s ]
INFO: [ app_init ] --END-- [ RunTime:0.000213s ]

[ 2016-12-05T10:53:18+08:00 ] ::1 /PersonalTailor/index.php/ManufactorAdmin/Activity/dist/img/user3-128x128.jpg
INFO: [ app_init ] --START--
INFO: Run Behavior\BuildLiteBehavior [ RunTime:0.000012s ]
INFO: [ app_init ] --END-- [ RunTime:0.000336s ]

[ 2016-12-05T10:53:35+08:00 ] ::1 /PersonalTailor/index.php/ManufactorAdmin/Activity/dist/img/user2-160x160.jpg
INFO: [ app_init ] --START--
INFO: Run Behavior\BuildLiteBehavior [ RunTime:0.000010s ]
INFO: [ app_init ] --END-- [ RunTime:0.000356s ]

[ 2016-12-05T10:53:35+08:00 ] ::1 /PersonalTailor/index.php/ManufactorAdmin/Activity/dist/img/user3-128x128.jpg
INFO: [ app_init ] --START--
INFO: Run Behavior\BuildLiteBehavior [ RunTime:0.000011s ]
INFO: [ app_init ] --END-- [ RunTime:0.000321s ]

[ 2016-12-05T10:53:35+08:00 ] ::1 /PersonalTailor/index.php/ManufactorAdmin/Activity/dist/img/user4-128x128.jpg
INFO: [ app_init ] --START--
INFO: Run Behavior\BuildLiteBehavior [ RunTime:0.000009s ]
INFO: [ app_init ] --END-- [ RunTime:0.000213s ]

[ 2016-12-05T10:55:14+08:00 ] ::1 /PersonalTailor/index.php/ManufactorAdmin/Activity/dist/img/user2-160x160.jpg
INFO: [ app_init ] --START--
INFO: Run Behavior\BuildLiteBehavior [ RunTime:0.000010s ]
INFO: [ app_init ] --END-- [ RunTime:0.000226s ]

[ 2016-12-05T10:55:14+08:00 ] ::1 /PersonalTailor/index.php/ManufactorAdmin/Activity/dist/img/user4-128x128.jpg
INFO: [ app_init ] --START--
INFO: Run Behavior\BuildLiteBehavior [ RunTime:0.000009s ]
INFO: [ app_init ] --END-- [ RunTime:0.000237s ]

[ 2016-12-05T10:58:45+08:00 ] ::1 /PersonalTailor/index.php/ManufactorAdmin/Activity/dist/img/user2-160x160.jpg
INFO: [ app_init ] --START--
INFO: Run Behavior\BuildLiteBehavior [ RunTime:0.000009s ]
INFO: [ app_init ] --END-- [ RunTime:0.000223s ]

[ 2016-12-05T10:58:45+08:00 ] ::1 /PersonalTailor/index.php/ManufactorAdmin/Activity/dist/img/user3-128x128.jpg
INFO: [ app_init ] --START--
INFO: Run Behavior\BuildLiteBehavior [ RunTime:0.000008s ]
INFO: [ app_init ] --END-- [ RunTime:0.000232s ]

[ 2016-12-05T10:58:45+08:00 ] ::1 /PersonalTailor/index.php/ManufactorAdmin/Activity/dist/img/user4-128x128.jpg
INFO: [ app_init ] --START--
INFO: Run Behavior\BuildLiteBehavior [ RunTime:0.000009s ]
INFO: [ app_init ] --END-- [ RunTime:0.000230s ]

[ 2016-12-05T10:59:13+08:00 ] ::1 /PersonalTailor/index.php/ManufactorAdmin/Activity/dist/img/user3-128x128.jpg
INFO: [ app_init ] --START--
INFO: Run Behavior\BuildLiteBehavior [ RunTime:0.000009s ]
INFO: [ app_init ] --END-- [ RunTime:0.000242s ]

[ 2016-12-05T10:59:13+08:00 ] ::1 /PersonalTailor/index.php/ManufactorAdmin/Activity/dist/img/user2-160x160.jpg
INFO: [ app_init ] --START--
INFO: Run Behavior\BuildLiteBehavior [ RunTime:0.000011s ]
INFO: [ app_init ] --END-- [ RunTime:0.000291s ]

[ 2016-12-05T10:59:13+08:00 ] ::1 /PersonalTailor/index.php/ManufactorAdmin/Activity/dist/img/user4-128x128.jpg
INFO: [ app_init ] --START--
INFO: Run Behavior\BuildLiteBehavior [ RunTime:0.000009s ]
INFO: [ app_init ] --END-- [ RunTime:0.000209s ]

[ 2016-12-05T10:59:20+08:00 ] ::1 /PersonalTailor/index.php/ManufactorAdmin/Activity/dist/img/user2-160x160.jpg
INFO: [ app_init ] --START--
INFO: Run Behavior\BuildLiteBehavior [ RunTime:0.000014s ]
INFO: [ app_init ] --END-- [ RunTime:0.000317s ]

[ 2016-12-05T10:59:20+08:00 ] ::1 /PersonalTailor/index.php/ManufactorAdmin/Activity/dist/img/user3-128x128.jpg
INFO: [ app_init ] --START--
INFO: Run Behavior\BuildLiteBehavior [ RunTime:0.000011s ]
INFO: [ app_init ] --END-- [ RunTime:0.000292s ]

[ 2016-12-05T10:59:20+08:00 ] ::1 /PersonalTailor/index.php/ManufactorAdmin/Activity/dist/img/user4-128x128.jpg
INFO: [ app_init ] --START--
INFO: Run Behavior\BuildLiteBehavior [ RunTime:0.000011s ]
INFO: [ app_init ] --END-- [ RunTime:0.000304s ]

[ 2016-12-05T10:59:21+08:00 ] ::1 /PersonalTailor/index.php/ManufactorAdmin/Activity/dist/img/user2-160x160.jpg
INFO: [ app_init ] --START--
INFO: Run Behavior\BuildLiteBehavior [ RunTime:0.000008s ]
INFO: [ app_init ] --END-- [ RunTime:0.000209s ]

[ 2016-12-05T10:59:21+08:00 ] ::1 /PersonalTailor/index.php/ManufactorAdmin/Activity/dist/img/user3-128x128.jpg
INFO: [ app_init ] --START--
INFO: Run Behavior\BuildLiteBehavior [ RunTime:0.000010s ]
INFO: [ app_init ] --END-- [ RunTime:0.000223s ]

[ 2016-12-05T10:59:21+08:00 ] ::1 /PersonalTailor/index.php/ManufactorAdmin/Activity/dist/img/user4-128x128.jpg
INFO: [ app_init ] --START--
INFO: Run Behavior\BuildLiteBehavior [ RunTime:0.000009s ]
INFO: [ app_init ] --END-- [ RunTime:0.000222s ]

[ 2016-12-05T10:59:36+08:00 ] ::1 /PersonalTailor/index.php/ManufactorAdmin/Activity/dist/img/user3-128x128.jpg
INFO: [ app_init ] --START--
INFO: Run Behavior\BuildLiteBehavior [ RunTime:0.000014s ]
INFO: [ app_init ] --END-- [ RunTime:0.000253s ]

[ 2016-12-05T10:59:36+08:00 ] ::1 /PersonalTailor/index.php/ManufactorAdmin/Activity/dist/img/user4-128x128.jpg
INFO: [ app_init ] --START--
INFO: Run Behavior\BuildLiteBehavior [ RunTime:0.000012s ]
INFO: [ app_init ] --END-- [ RunTime:0.000284s ]

[ 2016-12-05T10:59:36+08:00 ] ::1 /PersonalTailor/index.php/ManufactorAdmin/Activity/dist/img/user2-160x160.jpg
INFO: [ app_init ] --START--
INFO: Run Behavior\BuildLiteBehavior [ RunTime:0.000009s ]
INFO: [ app_init ] --END-- [ RunTime:0.000342s ]

[ 2016-12-05T10:59:40+08:00 ] ::1 /PersonalTailor/index.php/ManufactorAdmin/Activity/dist/img/user3-128x128.jpg
INFO: [ app_init ] --START--
INFO: Run Behavior\BuildLiteBehavior [ RunTime:0.000008s ]
INFO: [ app_init ] --END-- [ RunTime:0.000210s ]

[ 2016-12-05T10:59:40+08:00 ] ::1 /PersonalTailor/index.php/ManufactorAdmin/Activity/dist/img/user2-160x160.jpg
INFO: [ app_init ] --START--
INFO: Run Behavior\BuildLiteBehavior [ RunTime:0.000007s ]
INFO: [ app_init ] --END-- [ RunTime:0.000229s ]

[ 2016-12-05T10:59:40+08:00 ] ::1 /PersonalTailor/index.php/ManufactorAdmin/Activity/dist/img/user4-128x128.jpg
INFO: [ app_init ] --START--
INFO: Run Behavior\BuildLiteBehavior [ RunTime:0.000009s ]
INFO: [ app_init ] --END-- [ RunTime:0.000399s ]

[ 2016-12-05T10:59:40+08:00 ] ::1 /PersonalTailor/index.php/ManufactorAdmin/Activity/dist/img/user3-128x128.jpg
INFO: [ app_init ] --START--
INFO: Run Behavior\BuildLiteBehavior [ RunTime:0.000010s ]
INFO: [ app_init ] --END-- [ RunTime:0.000279s ]

[ 2016-12-05T10:59:40+08:00 ] ::1 /PersonalTailor/index.php/ManufactorAdmin/Activity/dist/img/user4-128x128.jpg
INFO: [ app_init ] --START--
INFO: Run Behavior\BuildLiteBehavior [ RunTime:0.000011s ]
INFO: [ app_init ] --END-- [ RunTime:0.000281s ]

[ 2016-12-05T10:59:40+08:00 ] ::1 /PersonalTailor/index.php/ManufactorAdmin/Activity/dist/img/user2-160x160.jpg
INFO: [ app_init ] --START--
INFO: Run Behavior\BuildLiteBehavior [ RunTime:0.000009s ]
INFO: [ app_init ] --END-- [ RunTime:0.000323s ]

[ 2016-12-05T10:59:42+08:00 ] ::1 /PersonalTailor/index.php/ManufactorAdmin/Activity/dist/img/user4-128x128.jpg
INFO: [ app_init ] --START--
INFO: Run Behavior\BuildLiteBehavior [ RunTime:0.000008s ]
INFO: [ app_init ] --END-- [ RunTime:0.000238s ]

[ 2016-12-05T10:59:42+08:00 ] ::1 /PersonalTailor/index.php/ManufactorAdmin/Activity/dist/img/user3-128x128.jpg
INFO: [ app_init ] --START--
INFO: Run Behavior\BuildLiteBehavior [ RunTime:0.000008s ]
INFO: [ app_init ] --END-- [ RunTime:0.000253s ]

[ 2016-12-05T10:59:42+08:00 ] ::1 /PersonalTailor/index.php/ManufactorAdmin/Activity/dist/img/user2-160x160.jpg
INFO: [ app_init ] --START--
INFO: Run Behavior\BuildLiteBehavior [ RunTime:0.000009s ]
INFO: [ app_init ] --END-- [ RunTime:0.000282s ]

[ 2016-12-05T10:59:58+08:00 ] ::1 /PersonalTailor/index.php/ManufactorAdmin/Activity/dist/img/user2-160x160.jpg
INFO: [ app_init ] --START--
INFO: Run Behavior\BuildLiteBehavior [ RunTime:0.000012s ]
INFO: [ app_init ] --END-- [ RunTime:0.000272s ]

[ 2016-12-05T10:59:58+08:00 ] ::1 /PersonalTailor/index.php/ManufactorAdmin/Activity/dist/img/user4-128x128.jpg
INFO: [ app_init ] --START--
INFO: Run Behavior\BuildLiteBehavior [ RunTime:0.000011s ]
INFO: [ app_init ] --END-- [ RunTime:0.000367s ]

[ 2016-12-05T10:59:58+08:00 ] ::1 /PersonalTailor/index.php/ManufactorAdmin/Activity/dist/img/user3-128x128.jpg
INFO: [ app_init ] --START--
INFO: Run Behavior\BuildLiteBehavior [ RunTime:0.000011s ]
INFO: [ app_init ] --END-- [ RunTime:0.000553s ]

[ 2016-12-05T11:00:01+08:00 ] ::1 /PersonalTailor/index.php/ManufactorAdmin/Activity/dist/img/user3-128x128.jpg
INFO: [ app_init ] --START--
INFO: Run Behavior\BuildLiteBehavior [ RunTime:0.000008s ]
INFO: [ app_init ] --END-- [ RunTime:0.000224s ]

[ 2016-12-05T11:00:01+08:00 ] ::1 /PersonalTailor/index.php/ManufactorAdmin/Activity/dist/img/user4-128x128.jpg
INFO: [ app_init ] --START--
INFO: Run Behavior\BuildLiteBehavior [ RunTime:0.000008s ]
INFO: [ app_init ] --END-- [ RunTime:0.000219s ]

[ 2016-12-05T11:00:01+08:00 ] ::1 /PersonalTailor/index.php/ManufactorAdmin/Activity/dist/img/user2-160x160.jpg
INFO: [ app_init ] --START--
INFO: Run Behavior\BuildLiteBehavior [ RunTime:0.000009s ]
INFO: [ app_init ] --END-- [ RunTime:0.000300s ]

[ 2016-12-05T11:00:06+08:00 ] ::1 /PersonalTailor/index.php/ManufactorAdmin/Activity/dist/img/user3-128x128.jpg
INFO: [ app_init ] --START--
INFO: Run Behavior\BuildLiteBehavior [ RunTime:0.000008s ]
INFO: [ app_init ] --END-- [ RunTime:0.000221s ]

[ 2016-12-05T11:00:06+08:00 ] ::1 /PersonalTailor/index.php/ManufactorAdmin/Activity/dist/img/user4-128x128.jpg
INFO: [ app_init ] --START--
INFO: Run Behavior\BuildLiteBehavior [ RunTime:0.000008s ]
INFO: [ app_init ] --END-- [ RunTime:0.000212s ]

[ 2016-12-05T11:00:06+08:00 ] ::1 /PersonalTailor/index.php/ManufactorAdmin/Activity/dist/img/user2-160x160.jpg
INFO: [ app_init ] --START--
INFO: Run Behavior\BuildLiteBehavior [ RunTime:0.000010s ]
INFO: [ app_init ] --END-- [ RunTime:0.000401s ]

[ 2016-12-05T11:00:06+08:00 ] ::1 /PersonalTailor/index.php/ManufactorAdmin/Activity/dist/img/user2-160x160.jpg
INFO: [ app_init ] --START--
INFO: Run Behavior\BuildLiteBehavior [ RunTime:0.000008s ]
INFO: [ app_init ] --END-- [ RunTime:0.000213s ]

[ 2016-12-05T11:00:06+08:00 ] ::1 /PersonalTailor/index.php/ManufactorAdmin/Activity/dist/img/user3-128x128.jpg
INFO: [ app_init ] --START--
INFO: Run Behavior\BuildLiteBehavior [ RunTime:0.000007s ]
INFO: [ app_init ] --END-- [ RunTime:0.000209s ]

[ 2016-12-05T11:00:06+08:00 ] ::1 /PersonalTailor/index.php/ManufactorAdmin/Activity/dist/img/user4-128x128.jpg
INFO: [ app_init ] --START--
INFO: Run Behavior\BuildLiteBehavior [ RunTime:0.000007s ]
INFO: [ app_init ] --END-- [ RunTime:0.000204s ]

[ 2016-12-05T11:00:07+08:00 ] ::1 /PersonalTailor/index.php/ManufactorAdmin/Activity/dist/img/user2-160x160.jpg
INFO: [ app_init ] --START--
INFO: Run Behavior\BuildLiteBehavior [ RunTime:0.000007s ]
INFO: [ app_init ] --END-- [ RunTime:0.000276s ]

[ 2016-12-05T11:00:22+08:00 ] ::1 /PersonalTailor/index.php/ManufactorAdmin/Activity/dist/img/user3-128x128.jpg
INFO: [ app_init ] --START--
INFO: Run Behavior\BuildLiteBehavior [ RunTime:0.000008s ]
INFO: [ app_init ] --END-- [ RunTime:0.000216s ]

[ 2016-12-05T11:00:22+08:00 ] ::1 /PersonalTailor/index.php/ManufactorAdmin/Activity/dist/img/user2-160x160.jpg
INFO: [ app_init ] --START--
INFO: Run Behavior\BuildLiteBehavior [ RunTime:0.000009s ]
INFO: [ app_init ] --END-- [ RunTime:0.000322s ]

[ 2016-12-05T11:00:22+08:00 ] ::1 /PersonalTailor/index.php/ManufactorAdmin/Activity/dist/img/user4-128x128.jpg
INFO: [ app_init ] --START--
INFO: Run Behavior\BuildLiteBehavior [ RunTime:0.000009s ]
INFO: [ app_init ] --END-- [ RunTime:0.000330s ]

[ 2016-12-05T11:00:25+08:00 ] ::1 /PersonalTailor/index.php/ManufactorAdmin/Activity/dist/img/user4-128x128.jpg
INFO: [ app_init ] --START--
INFO: Run Behavior\BuildLiteBehavior [ RunTime:0.000008s ]
INFO: [ app_init ] --END-- [ RunTime:0.000210s ]

[ 2016-12-05T11:00:25+08:00 ] ::1 /PersonalTailor/index.php/ManufactorAdmin/Activity/dist/img/user2-160x160.jpg
INFO: [ app_init ] --START--
INFO: Run Behavior\BuildLiteBehavior [ RunTime:0.000009s ]
INFO: [ app_init ] --END-- [ RunTime:0.000271s ]

[ 2016-12-05T11:00:25+08:00 ] ::1 /PersonalTailor/index.php/ManufactorAdmin/Activity/dist/img/user3-128x128.jpg
INFO: [ app_init ] --START--
INFO: Run Behavior\BuildLiteBehavior [ RunTime:0.000013s ]
INFO: [ app_init ] --END-- [ RunTime:0.000404s ]

[ 2016-12-05T11:00:25+08:00 ] ::1 /PersonalTailor/index.php/ManufactorAdmin/Activity/dist/img/user3-128x128.jpg
INFO: [ app_init ] --START--
INFO: Run Behavior\BuildLiteBehavior [ RunTime:0.000008s ]
INFO: [ app_init ] --END-- [ RunTime:0.000239s ]

[ 2016-12-05T11:00:25+08:00 ] ::1 /PersonalTailor/index.php/ManufactorAdmin/Activity/dist/img/user4-128x128.jpg
INFO: [ app_init ] --START--
INFO: Run Behavior\BuildLiteBehavior [ RunTime:0.000015s ]
INFO: [ app_init ] --END-- [ RunTime:0.000466s ]

[ 2016-12-05T11:00:25+08:00 ] ::1 /PersonalTailor/index.php/ManufactorAdmin/Activity/dist/img/user2-160x160.jpg
INFO: [ app_init ] --START--
INFO: Run Behavior\BuildLiteBehavior [ RunTime:0.000009s ]
INFO: [ app_init ] --END-- [ RunTime:0.000342s ]

[ 2016-12-05T11:00:28+08:00 ] ::1 /PersonalTailor/index.php/ManufactorAdmin/Activity/dist/img/user3-128x128.jpg
INFO: [ app_init ] --START--
INFO: Run Behavior\BuildLiteBehavior [ RunTime:0.000012s ]
INFO: [ app_init ] --END-- [ RunTime:0.000345s ]

[ 2016-12-05T11:00:28+08:00 ] ::1 /PersonalTailor/index.php/ManufactorAdmin/Activity/dist/img/user2-160x160.jpg
INFO: [ app_init ] --START--
INFO: Run Behavior\BuildLiteBehavior [ RunTime:0.000011s ]
INFO: [ app_init ] --END-- [ RunTime:0.000283s ]

[ 2016-12-05T11:00:28+08:00 ] ::1 /PersonalTailor/index.php/ManufactorAdmin/Activity/dist/img/user4-128x128.jpg
INFO: [ app_init ] --START--
INFO: Run Behavior\BuildLiteBehavior [ RunTime:0.000011s ]
INFO: [ app_init ] --END-- [ RunTime:0.000490s ]

[ 2016-12-05T11:01:38+08:00 ] ::1 /PersonalTailor/index.php/ManufactorAdmin/Activity/dist/img/user3-128x128.jpg
INFO: [ app_init ] --START--
INFO: Run Behavior\BuildLiteBehavior [ RunTime:0.000009s ]
INFO: [ app_init ] --END-- [ RunTime:0.000247s ]

[ 2016-12-05T11:01:38+08:00 ] ::1 /PersonalTailor/index.php/ManufactorAdmin/Activity/dist/img/user2-160x160.jpg
INFO: [ app_init ] --START--
INFO: Run Behavior\BuildLiteBehavior [ RunTime:0.000009s ]
INFO: [ app_init ] --END-- [ RunTime:0.000272s ]

[ 2016-12-05T11:01:38+08:00 ] ::1 /PersonalTailor/index.php/ManufactorAdmin/Activity/dist/img/user4-128x128.jpg
INFO: [ app_init ] --START--
INFO: Run Behavior\BuildLiteBehavior [ RunTime:0.000024s ]
INFO: [ app_init ] --END-- [ RunTime:0.000429s ]

[ 2016-12-05T11:02:56+08:00 ] ::1 /PersonalTailor/index.php/ManufactorAdmin/Product/dist/img/user2-160x160.jpg
INFO: [ app_init ] --START--
INFO: Run Behavior\BuildLiteBehavior [ RunTime:0.000008s ]
INFO: [ app_init ] --END-- [ RunTime:0.000221s ]

[ 2016-12-05T11:02:56+08:00 ] ::1 /PersonalTailor/index.php/ManufactorAdmin/Product/dist/img/user4-128x128.jpg
INFO: [ app_init ] --START--
INFO: Run Behavior\BuildLiteBehavior [ RunTime:0.000008s ]
INFO: [ app_init ] --END-- [ RunTime:0.000252s ]

[ 2016-12-05T11:02:56+08:00 ] ::1 /PersonalTailor/index.php/ManufactorAdmin/Product/dist/img/user3-128x128.jpg
INFO: [ app_init ] --START--
INFO: Run Behavior\BuildLiteBehavior [ RunTime:0.000022s ]
INFO: [ app_init ] --END-- [ RunTime:0.000403s ]

[ 2016-12-05T11:02:57+08:00 ] ::1 /PersonalTailor/index.php/ManufactorAdmin/Product/dist/img/user4-128x128.jpg
INFO: [ app_init ] --START--
INFO: Run Behavior\BuildLiteBehavior [ RunTime:0.000011s ]
INFO: [ app_init ] --END-- [ RunTime:0.000254s ]

[ 2016-12-05T11:02:57+08:00 ] ::1 /PersonalTailor/index.php/ManufactorAdmin/Product/dist/img/user2-160x160.jpg
INFO: [ app_init ] --START--
INFO: Run Behavior\BuildLiteBehavior [ RunTime:0.000008s ]
INFO: [ app_init ] --END-- [ RunTime:0.000247s ]

[ 2016-12-05T11:02:57+08:00 ] ::1 /PersonalTailor/index.php/ManufactorAdmin/Product/dist/img/user3-128x128.jpg
INFO: [ app_init ] --START--
INFO: Run Behavior\BuildLiteBehavior [ RunTime:0.000008s ]
INFO: [ app_init ] --END-- [ RunTime:0.000261s ]

[ 2016-12-05T11:02:59+08:00 ] ::1 /PersonalTailor/index.php/ManufactorAdmin/Product/dist/img/user3-128x128.jpg
INFO: [ app_init ] --START--
INFO: Run Behavior\BuildLiteBehavior [ RunTime:0.000008s ]
INFO: [ app_init ] --END-- [ RunTime:0.000220s ]

[ 2016-12-05T11:02:59+08:00 ] ::1 /PersonalTailor/index.php/ManufactorAdmin/Product/dist/img/user4-128x128.jpg
INFO: [ app_init ] --START--
INFO: Run Behavior\BuildLiteBehavior [ RunTime:0.000009s ]
INFO: [ app_init ] --END-- [ RunTime:0.000256s ]

[ 2016-12-05T11:02:59+08:00 ] ::1 /PersonalTailor/index.php/ManufactorAdmin/Product/dist/img/user2-160x160.jpg
INFO: [ app_init ] --START--
INFO: Run Behavior\BuildLiteBehavior [ RunTime:0.000008s ]
INFO: [ app_init ] --END-- [ RunTime:0.000242s ]

[ 2016-12-05T11:03:01+08:00 ] ::1 /PersonalTailor/index.php/ManufactorAdmin/Product/dist/img/user2-160x160.jpg
INFO: [ app_init ] --START--
INFO: Run Behavior\BuildLiteBehavior [ RunTime:0.000014s ]
INFO: [ app_init ] --END-- [ RunTime:0.000241s ]

[ 2016-12-05T11:03:01+08:00 ] ::1 /PersonalTailor/index.php/ManufactorAdmin/Product/dist/img/user4-128x128.jpg
INFO: [ app_init ] --START--
INFO: Run Behavior\BuildLiteBehavior [ RunTime:0.000009s ]
INFO: [ app_init ] --END-- [ RunTime:0.000293s ]

[ 2016-12-05T11:03:01+08:00 ] ::1 /PersonalTailor/index.php/ManufactorAdmin/Product/dist/img/user3-128x128.jpg
INFO: [ app_init ] --START--
INFO: Run Behavior\BuildLiteBehavior [ RunTime:0.000012s ]
INFO: [ app_init ] --END-- [ RunTime:0.000251s ]

[ 2016-12-05T11:03:40+08:00 ] ::1 /PersonalTailor/index.php/ManufactorAdmin/Activity/dist/img/user2-160x160.jpg
INFO: [ app_init ] --START--
INFO: Run Behavior\BuildLiteBehavior [ RunTime:0.000008s ]
INFO: [ app_init ] --END-- [ RunTime:0.000278s ]

[ 2016-12-05T11:03:40+08:00 ] ::1 /PersonalTailor/index.php/ManufactorAdmin/Activity/dist/img/user3-128x128.jpg
INFO: [ app_init ] --START--
INFO: Run Behavior\BuildLiteBehavior [ RunTime:0.000011s ]
INFO: [ app_init ] --END-- [ RunTime:0.000373s ]

[ 2016-12-05T11:03:40+08:00 ] ::1 /PersonalTailor/index.php/ManufactorAdmin/Activity/dist/img/user4-128x128.jpg
INFO: [ app_init ] --START--
INFO: Run Behavior\BuildLiteBehavior [ RunTime:0.000009s ]
INFO: [ app_init ] --END-- [ RunTime:0.000260s ]

[ 2016-12-05T11:03:49+08:00 ] ::1 /PersonalTailor/index.php/ManufactorAdmin/Activity/dist/img/user3-128x128.jpg
INFO: [ app_init ] --START--
INFO: Run Behavior\BuildLiteBehavior [ RunTime:0.000009s ]
INFO: [ app_init ] --END-- [ RunTime:0.000253s ]

[ 2016-12-05T11:03:49+08:00 ] ::1 /PersonalTailor/index.php/ManufactorAdmin/Activity/dist/img/user2-160x160.jpg
INFO: [ app_init ] --START--
INFO: Run Behavior\BuildLiteBehavior [ RunTime:0.000009s ]
INFO: [ app_init ] --END-- [ RunTime:0.000237s ]

[ 2016-12-05T11:03:49+08:00 ] ::1 /PersonalTailor/index.php/ManufactorAdmin/Activity/dist/img/user4-128x128.jpg
INFO: [ app_init ] --START--
INFO: Run Behavior\BuildLiteBehavior [ RunTime:0.000012s ]
INFO: [ app_init ] --END-- [ RunTime:0.000342s ]

[ 2016-12-05T11:03:53+08:00 ] ::1 /PersonalTailor/index.php/ManufactorAdmin/Product/dist/img/user2-160x160.jpg
INFO: [ app_init ] --START--
INFO: Run Behavior\BuildLiteBehavior [ RunTime:0.000009s ]
INFO: [ app_init ] --END-- [ RunTime:0.000236s ]

[ 2016-12-05T11:03:53+08:00 ] ::1 /PersonalTailor/index.php/ManufactorAdmin/Product/dist/img/user3-128x128.jpg
INFO: [ app_init ] --START--
INFO: Run Behavior\BuildLiteBehavior [ RunTime:0.000008s ]
INFO: [ app_init ] --END-- [ RunTime:0.000267s ]

[ 2016-12-05T11:03:53+08:00 ] ::1 /PersonalTailor/index.php/ManufactorAdmin/Product/dist/img/user4-128x128.jpg
INFO: [ app_init ] --START--
INFO: Run Behavior\BuildLiteBehavior [ RunTime:0.000008s ]
INFO: [ app_init ] --END-- [ RunTime:0.000242s ]

[ 2016-12-05T11:03:57+08:00 ] ::1 /PersonalTailor/index.php/ManufactorAdmin/Activity/dist/img/user2-160x160.jpg
INFO: [ app_init ] --START--
INFO: Run Behavior\BuildLiteBehavior [ RunTime:0.000009s ]
INFO: [ app_init ] --END-- [ RunTime:0.000254s ]

[ 2016-12-05T11:03:57+08:00 ] ::1 /PersonalTailor/index.php/ManufactorAdmin/Activity/dist/img/user4-128x128.jpg
INFO: [ app_init ] --START--
INFO: Run Behavior\BuildLiteBehavior [ RunTime:0.000009s ]
INFO: [ app_init ] --END-- [ RunTime:0.000215s ]

[ 2016-12-05T11:03:57+08:00 ] ::1 /PersonalTailor/index.php/ManufactorAdmin/Activity/dist/img/user3-128x128.jpg
INFO: [ app_init ] --START--
INFO: Run Behavior\BuildLiteBehavior [ RunTime:0.000009s ]
INFO: [ app_init ] --END-- [ RunTime:0.000265s ]

[ 2016-12-05T11:03:59+08:00 ] ::1 /PersonalTailor/index.php/ManufactorAdmin/Activity/dist/img/user2-160x160.jpg
INFO: [ app_init ] --START--
INFO: Run Behavior\BuildLiteBehavior [ RunTime:0.000008s ]
INFO: [ app_init ] --END-- [ RunTime:0.000219s ]

[ 2016-12-05T11:03:59+08:00 ] ::1 /PersonalTailor/index.php/ManufactorAdmin/Activity/dist/img/user3-128x128.jpg
INFO: [ app_init ] --START--
INFO: Run Behavior\BuildLiteBehavior [ RunTime:0.000009s ]
INFO: [ app_init ] --END-- [ RunTime:0.000270s ]

[ 2016-12-05T11:03:59+08:00 ] ::1 /PersonalTailor/index.php/ManufactorAdmin/Activity/dist/img/user4-128x128.jpg
INFO: [ app_init ] --START--
INFO: Run Behavior\BuildLiteBehavior [ RunTime:0.000009s ]
INFO: [ app_init ] --END-- [ RunTime:0.000247s ]

[ 2016-12-05T11:04:02+08:00 ] ::1 /PersonalTailor/index.php/ManufactorAdmin/Activity/dist/img/user4-128x128.jpg
INFO: [ app_init ] --START--
INFO: Run Behavior\BuildLiteBehavior [ RunTime:0.000010s ]
INFO: [ app_init ] --END-- [ RunTime:0.000273s ]

[ 2016-12-05T11:04:02+08:00 ] ::1 /PersonalTailor/index.php/ManufactorAdmin/Activity/dist/img/user3-128x128.jpg
INFO: [ app_init ] --START--
INFO: Run Behavior\BuildLiteBehavior [ RunTime:0.000008s ]
INFO: [ app_init ] --END-- [ RunTime:0.000249s ]

[ 2016-12-05T11:04:02+08:00 ] ::1 /PersonalTailor/index.php/ManufactorAdmin/Activity/dist/img/user2-160x160.jpg
INFO: [ app_init ] --START--
INFO: Run Behavior\BuildLiteBehavior [ RunTime:0.000009s ]
INFO: [ app_init ] --END-- [ RunTime:0.000271s ]

[ 2016-12-05T11:04:05+08:00 ] ::1 /PersonalTailor/index.php/ManufactorAdmin/Activity/dist/img/user3-128x128.jpg
INFO: [ app_init ] --START--
INFO: Run Behavior\BuildLiteBehavior [ RunTime:0.000010s ]
INFO: [ app_init ] --END-- [ RunTime:0.000439s ]

[ 2016-12-05T11:04:05+08:00 ] ::1 /PersonalTailor/index.php/ManufactorAdmin/Activity/dist/img/user2-160x160.jpg
INFO: [ app_init ] --START--
INFO: Run Behavior\BuildLiteBehavior [ RunTime:0.000012s ]
INFO: [ app_init ] --END-- [ RunTime:0.000342s ]

[ 2016-12-05T11:04:05+08:00 ] ::1 /PersonalTailor/index.php/ManufactorAdmin/Activity/dist/img/user4-128x128.jpg
INFO: [ app_init ] --START--
INFO: Run Behavior\BuildLiteBehavior [ RunTime:0.000009s ]
INFO: [ app_init ] --END-- [ RunTime:0.000273s ]

[ 2016-12-05T11:04:06+08:00 ] ::1 /PersonalTailor/index.php/ManufactorAdmin/Activity/dist/img/user2-160x160.jpg
INFO: [ app_init ] --START--
INFO: Run Behavior\BuildLiteBehavior [ RunTime:0.000008s ]
INFO: [ app_init ] --END-- [ RunTime:0.000220s ]

[ 2016-12-05T11:04:06+08:00 ] ::1 /PersonalTailor/index.php/ManufactorAdmin/Activity/dist/img/user4-128x128.jpg
INFO: [ app_init ] --START--
INFO: Run Behavior\BuildLiteBehavior [ RunTime:0.000008s ]
INFO: [ app_init ] --END-- [ RunTime:0.000281s ]

[ 2016-12-05T11:04:06+08:00 ] ::1 /PersonalTailor/index.php/ManufactorAdmin/Activity/dist/img/user3-128x128.jpg
INFO: [ app_init ] --START--
INFO: Run Behavior\BuildLiteBehavior [ RunTime:0.000008s ]
INFO: [ app_init ] --END-- [ RunTime:0.000257s ]

[ 2016-12-05T11:05:00+08:00 ] ::1 /PersonalTailor/index.php/ManufactorAdmin/Activity/dist/img/user2-160x160.jpg
INFO: [ app_init ] --START--
INFO: Run Behavior\BuildLiteBehavior [ RunTime:0.000009s ]
INFO: [ app_init ] --END-- [ RunTime:0.000250s ]

[ 2016-12-05T11:05:00+08:00 ] ::1 /PersonalTailor/index.php/ManufactorAdmin/Activity/dist/img/user4-128x128.jpg
INFO: [ app_init ] --START--
INFO: Run Behavior\BuildLiteBehavior [ RunTime:0.000009s ]
INFO: [ app_init ] --END-- [ RunTime:0.000239s ]

[ 2016-12-05T11:05:00+08:00 ] ::1 /PersonalTailor/index.php/ManufactorAdmin/Activity/dist/img/user3-128x128.jpg
INFO: [ app_init ] --START--
INFO: Run Behavior\BuildLiteBehavior [ RunTime:0.000012s ]
INFO: [ app_init ] --END-- [ RunTime:0.000367s ]

[ 2016-12-05T11:05:01+08:00 ] ::1 /PersonalTailor/index.php/ManufactorAdmin/Activity/dist/img/user3-128x128.jpg
INFO: [ app_init ] --START--
INFO: Run Behavior\BuildLiteBehavior [ RunTime:0.000008s ]
INFO: [ app_init ] --END-- [ RunTime:0.000224s ]

[ 2016-12-05T11:05:01+08:00 ] ::1 /PersonalTailor/index.php/ManufactorAdmin/Activity/dist/img/user4-128x128.jpg
INFO: [ app_init ] --START--
INFO: Run Behavior\BuildLiteBehavior [ RunTime:0.000009s ]
INFO: [ app_init ] --END-- [ RunTime:0.000274s ]

[ 2016-12-05T11:05:01+08:00 ] ::1 /PersonalTailor/index.php/ManufactorAdmin/Activity/dist/img/user2-160x160.jpg
INFO: [ app_init ] --START--
INFO: Run Behavior\BuildLiteBehavior [ RunTime:0.000008s ]
INFO: [ app_init ] --END-- [ RunTime:0.000258s ]

[ 2016-12-05T11:05:03+08:00 ] ::1 /PersonalTailor/index.php/ManufactorAdmin/Activity/dist/img/user2-160x160.jpg
INFO: [ app_init ] --START--
INFO: Run Behavior\BuildLiteBehavior [ RunTime:0.000023s ]
INFO: [ app_init ] --END-- [ RunTime:0.000361s ]

[ 2016-12-05T11:05:03+08:00 ] ::1 /PersonalTailor/index.php/ManufactorAdmin/Activity/dist/img/user4-128x128.jpg
INFO: [ app_init ] --START--
INFO: Run Behavior\BuildLiteBehavior [ RunTime:0.000009s ]
INFO: [ app_init ] --END-- [ RunTime:0.000258s ]

[ 2016-12-05T11:05:03+08:00 ] ::1 /PersonalTailor/index.php/ManufactorAdmin/Activity/dist/img/user3-128x128.jpg
INFO: [ app_init ] --START--
INFO: Run Behavior\BuildLiteBehavior [ RunTime:0.000009s ]
INFO: [ app_init ] --END-- [ RunTime:0.000241s ]

[ 2016-12-05T11:05:04+08:00 ] ::1 /PersonalTailor/index.php/ManufactorAdmin/Activity/dist/img/user3-128x128.jpg
INFO: [ app_init ] --START--
INFO: Run Behavior\BuildLiteBehavior [ RunTime:0.000010s ]
INFO: [ app_init ] --END-- [ RunTime:0.000249s ]

[ 2016-12-05T11:05:04+08:00 ] ::1 /PersonalTailor/index.php/ManufactorAdmin/Activity/dist/img/user2-160x160.jpg
INFO: [ app_init ] --START--
INFO: Run Behavior\BuildLiteBehavior [ RunTime:0.000007s ]
INFO: [ app_init ] --END-- [ RunTime:0.000242s ]

[ 2016-12-05T11:05:04+08:00 ] ::1 /PersonalTailor/index.php/ManufactorAdmin/Activity/dist/img/user4-128x128.jpg
INFO: [ app_init ] --START--
INFO: Run Behavior\BuildLiteBehavior [ RunTime:0.000008s ]
INFO: [ app_init ] --END-- [ RunTime:0.000237s ]

[ 2016-12-05T11:05:11+08:00 ] ::1 /PersonalTailor/index.php/ManufactorAdmin/Activity/dist/img/user2-160x160.jpg
INFO: [ app_init ] --START--
INFO: Run Behavior\BuildLiteBehavior [ RunTime:0.000008s ]
INFO: [ app_init ] --END-- [ RunTime:0.000207s ]

[ 2016-12-05T11:05:11+08:00 ] ::1 /PersonalTailor/index.php/ManufactorAdmin/Activity/dist/img/user3-128x128.jpg
INFO: [ app_init ] --START--
INFO: Run Behavior\BuildLiteBehavior [ RunTime:0.000010s ]
INFO: [ app_init ] --END-- [ RunTime:0.000248s ]

[ 2016-12-05T11:05:11+08:00 ] ::1 /PersonalTailor/index.php/ManufactorAdmin/Activity/dist/img/user4-128x128.jpg
INFO: [ app_init ] --START--
INFO: Run Behavior\BuildLiteBehavior [ RunTime:0.000009s ]
INFO: [ app_init ] --END-- [ RunTime:0.000260s ]

[ 2016-12-05T11:05:12+08:00 ] ::1 /PersonalTailor/index.php/ManufactorAdmin/Product/dist/img/user4-128x128.jpg
INFO: [ app_init ] --START--
INFO: Run Behavior\BuildLiteBehavior [ RunTime:0.000008s ]
INFO: [ app_init ] --END-- [ RunTime:0.000253s ]

[ 2016-12-05T11:05:12+08:00 ] ::1 /PersonalTailor/index.php/ManufactorAdmin/Product/dist/img/user3-128x128.jpg
INFO: [ app_init ] --START--
INFO: Run Behavior\BuildLiteBehavior [ RunTime:0.000012s ]
INFO: [ app_init ] --END-- [ RunTime:0.000337s ]

[ 2016-12-05T11:05:12+08:00 ] ::1 /PersonalTailor/index.php/ManufactorAdmin/Product/dist/img/user2-160x160.jpg
INFO: [ app_init ] --START--
INFO: Run Behavior\BuildLiteBehavior [ RunTime:0.000012s ]
INFO: [ app_init ] --END-- [ RunTime:0.000327s ]

[ 2016-12-05T11:05:14+08:00 ] ::1 /PersonalTailor/index.php/ManufactorAdmin/Product/dist/img/user3-128x128.jpg
INFO: [ app_init ] --START--
INFO: Run Behavior\BuildLiteBehavior [ RunTime:0.000014s ]
INFO: [ app_init ] --END-- [ RunTime:0.000333s ]

[ 2016-12-05T11:05:14+08:00 ] ::1 /PersonalTailor/index.php/ManufactorAdmin/Product/dist/img/user2-160x160.jpg
INFO: [ app_init ] --START--
INFO: Run Behavior\BuildLiteBehavior [ RunTime:0.000008s ]
INFO: [ app_init ] --END-- [ RunTime:0.000246s ]

[ 2016-12-05T11:05:14+08:00 ] ::1 /PersonalTailor/index.php/ManufactorAdmin/Product/dist/img/user4-128x128.jpg
INFO: [ app_init ] --START--
INFO: Run Behavior\BuildLiteBehavior [ RunTime:0.000010s ]
INFO: [ app_init ] --END-- [ RunTime:0.000248s ]

[ 2016-12-05T11:05:16+08:00 ] ::1 /PersonalTailor/index.php/ManufactorAdmin/Product/dist/img/user2-160x160.jpg
INFO: [ app_init ] --START--
INFO: Run Behavior\BuildLiteBehavior [ RunTime:0.000017s ]
INFO: [ app_init ] --END-- [ RunTime:0.000248s ]

[ 2016-12-05T11:05:16+08:00 ] ::1 /PersonalTailor/index.php/ManufactorAdmin/Product/dist/img/user3-128x128.jpg
INFO: [ app_init ] --START--
INFO: Run Behavior\BuildLiteBehavior [ RunTime:0.000008s ]
INFO: [ app_init ] --END-- [ RunTime:0.000244s ]

[ 2016-12-05T11:05:16+08:00 ] ::1 /PersonalTailor/index.php/ManufactorAdmin/Product/dist/img/user4-128x128.jpg
INFO: [ app_init ] --START--
INFO: Run Behavior\BuildLiteBehavior [ RunTime:0.000009s ]
INFO: [ app_init ] --END-- [ RunTime:0.000248s ]

[ 2016-12-05T11:05:17+08:00 ] ::1 /PersonalTailor/index.php/ManufactorAdmin/Product/dist/img/user3-128x128.jpg
INFO: [ app_init ] --START--
INFO: Run Behavior\BuildLiteBehavior [ RunTime:0.000008s ]
INFO: [ app_init ] --END-- [ RunTime:0.000252s ]

[ 2016-12-05T11:05:17+08:00 ] ::1 /PersonalTailor/index.php/ManufactorAdmin/Product/dist/img/user4-128x128.jpg
INFO: [ app_init ] --START--
INFO: Run Behavior\BuildLiteBehavior [ RunTime:0.000009s ]
INFO: [ app_init ] --END-- [ RunTime:0.000287s ]

[ 2016-12-05T11:05:17+08:00 ] ::1 /PersonalTailor/index.php/ManufactorAdmin/Product/dist/img/user2-160x160.jpg
INFO: [ app_init ] --START--
INFO: Run Behavior\BuildLiteBehavior [ RunTime:0.000010s ]
INFO: [ app_init ] --END-- [ RunTime:0.000315s ]

[ 2016-12-05T11:06:03+08:00 ] ::1 /PersonalTailor/index.php/ManufactorAdmin/Activity/dist/img/user2-160x160.jpg
INFO: [ app_init ] --START--
INFO: Run Behavior\BuildLiteBehavior [ RunTime:0.000008s ]
INFO: [ app_init ] --END-- [ RunTime:0.000258s ]

[ 2016-12-05T11:06:03+08:00 ] ::1 /PersonalTailor/index.php/ManufactorAdmin/Activity/dist/img/user3-128x128.jpg
INFO: [ app_init ] --START--
INFO: Run Behavior\BuildLiteBehavior [ RunTime:0.000008s ]
INFO: [ app_init ] --END-- [ RunTime:0.000240s ]

[ 2016-12-05T11:06:03+08:00 ] ::1 /PersonalTailor/index.php/ManufactorAdmin/Activity/dist/img/user4-128x128.jpg
INFO: [ app_init ] --START--
INFO: Run Behavior\BuildLiteBehavior [ RunTime:0.000008s ]
INFO: [ app_init ] --END-- [ RunTime:0.000229s ]

[ 2016-12-05T11:06:04+08:00 ] ::1 /PersonalTailor/index.php/ManufactorAdmin/Activity/dist/img/user3-128x128.jpg
INFO: [ app_init ] --START--
INFO: Run Behavior\BuildLiteBehavior [ RunTime:0.000009s ]
INFO: [ app_init ] --END-- [ RunTime:0.000254s ]

[ 2016-12-05T11:06:04+08:00 ] ::1 /PersonalTailor/index.php/ManufactorAdmin/Activity/dist/img/user2-160x160.jpg
INFO: [ app_init ] --START--
INFO: Run Behavior\BuildLiteBehavior [ RunTime:0.000009s ]
INFO: [ app_init ] --END-- [ RunTime:0.000247s ]

[ 2016-12-05T11:06:04+08:00 ] ::1 /PersonalTailor/index.php/ManufactorAdmin/Activity/dist/img/user4-128x128.jpg
INFO: [ app_init ] --START--
INFO: Run Behavior\BuildLiteBehavior [ RunTime:0.000009s ]
INFO: [ app_init ] --END-- [ RunTime:0.000246s ]

[ 2016-12-05T11:06:15+08:00 ] ::1 /PersonalTailor/index.php/ManufactorAdmin/Activity/dist/img/user2-160x160.jpg
INFO: [ app_init ] --START--
INFO: Run Behavior\BuildLiteBehavior [ RunTime:0.000007s ]
INFO: [ app_init ] --END-- [ RunTime:0.000241s ]

[ 2016-12-05T11:06:15+08:00 ] ::1 /PersonalTailor/index.php/ManufactorAdmin/Activity/dist/img/user3-128x128.jpg
INFO: [ app_init ] --START--
INFO: Run Behavior\BuildLiteBehavior [ RunTime:0.000007s ]
INFO: [ app_init ] --END-- [ RunTime:0.000235s ]

[ 2016-12-05T11:06:15+08:00 ] ::1 /PersonalTailor/index.php/ManufactorAdmin/Activity/dist/img/user4-128x128.jpg
INFO: [ app_init ] --START--
INFO: Run Behavior\BuildLiteBehavior [ RunTime:0.000017s ]
INFO: [ app_init ] --END-- [ RunTime:0.000322s ]

[ 2016-12-05T11:06:15+08:00 ] ::1 /PersonalTailor/index.php/ManufactorAdmin/Activity/dist/img/user3-128x128.jpg
INFO: [ app_init ] --START--
INFO: Run Behavior\BuildLiteBehavior [ RunTime:0.000008s ]
INFO: [ app_init ] --END-- [ RunTime:0.000230s ]

[ 2016-12-05T11:06:15+08:00 ] ::1 /PersonalTailor/index.php/ManufactorAdmin/Activity/dist/img/user4-128x128.jpg
INFO: [ app_init ] --START--
INFO: Run Behavior\BuildLiteBehavior [ RunTime:0.000008s ]
INFO: [ app_init ] --END-- [ RunTime:0.000242s ]

[ 2016-12-05T11:06:15+08:00 ] ::1 /PersonalTailor/index.php/ManufactorAdmin/Activity/dist/img/user2-160x160.jpg
INFO: [ app_init ] --START--
INFO: Run Behavior\BuildLiteBehavior [ RunTime:0.000010s ]
INFO: [ app_init ] --END-- [ RunTime:0.000291s ]

[ 2016-12-05T11:06:22+08:00 ] ::1 /PersonalTailor/index.php/ManufactorAdmin/Activity/dist/img/user2-160x160.jpg
INFO: [ app_init ] --START--
INFO: Run Behavior\BuildLiteBehavior [ RunTime:0.000008s ]
INFO: [ app_init ] --END-- [ RunTime:0.000232s ]

[ 2016-12-05T11:06:22+08:00 ] ::1 /PersonalTailor/index.php/ManufactorAdmin/Activity/dist/img/user4-128x128.jpg
INFO: [ app_init ] --START--
INFO: Run Behavior\BuildLiteBehavior [ RunTime:0.000008s ]
INFO: [ app_init ] --END-- [ RunTime:0.000222s ]

[ 2016-12-05T11:06:22+08:00 ] ::1 /PersonalTailor/index.php/ManufactorAdmin/Activity/dist/img/user3-128x128.jpg
INFO: [ app_init ] --START--
INFO: Run Behavior\BuildLiteBehavior [ RunTime:0.000011s ]
INFO: [ app_init ] --END-- [ RunTime:0.000342s ]

[ 2016-12-05T11:06:23+08:00 ] ::1 /PersonalTailor/index.php/ManufactorAdmin/Activity/dist/img/user2-160x160.jpg
INFO: [ app_init ] --START--
INFO: Run Behavior\BuildLiteBehavior [ RunTime:0.000008s ]
INFO: [ app_init ] --END-- [ RunTime:0.000206s ]

[ 2016-12-05T11:06:23+08:00 ] ::1 /PersonalTailor/index.php/ManufactorAdmin/Activity/dist/img/user3-128x128.jpg
INFO: [ app_init ] --START--
INFO: Run Behavior\BuildLiteBehavior [ RunTime:0.000008s ]
INFO: [ app_init ] --END-- [ RunTime:0.000217s ]

[ 2016-12-05T11:06:23+08:00 ] ::1 /PersonalTailor/index.php/ManufactorAdmin/Activity/dist/img/user4-128x128.jpg
INFO: [ app_init ] --START--
INFO: Run Behavior\BuildLiteBehavior [ RunTime:0.000008s ]
INFO: [ app_init ] --END-- [ RunTime:0.000228s ]

[ 2016-12-05T11:06:23+08:00 ] ::1 /PersonalTailor/index.php/ManufactorAdmin/Activity/dist/img/user2-160x160.jpg
INFO: [ app_init ] --START--
INFO: Run Behavior\BuildLiteBehavior [ RunTime:0.000008s ]
INFO: [ app_init ] --END-- [ RunTime:0.000227s ]

