[ 2016-12-02T13:43:56+08:00 ] ::1 /jb555host/PersonalTailor/index.php/ManufactorAdmin/Index/dist/img/user2-160x160.jpg
INFO: [ app_init ] --START--
INFO: Run Behavior\BuildLiteBehavior [ RunTime:0.000009s ]
INFO: [ app_init ] --END-- [ RunTime:0.000247s ]

[ 2016-12-02T13:43:56+08:00 ] ::1 /jb555host/PersonalTailor/index.php/ManufactorAdmin/Index/dist/img/user3-128x128.jpg
INFO: [ app_init ] --START--
INFO: Run Behavior\BuildLiteBehavior [ RunTime:0.000009s ]
INFO: [ app_init ] --END-- [ RunTime:0.000233s ]

[ 2016-12-02T13:43:56+08:00 ] ::1 /jb555host/PersonalTailor/index.php/ManufactorAdmin/Index/dist/img/user4-128x128.jpg
INFO: [ app_init ] --START--
INFO: Run Behavior\BuildLiteBehavior [ RunTime:0.000030s ]
INFO: [ app_init ] --END-- [ RunTime:0.000604s ]

[ 2016-12-02T13:44:21+08:00 ] ::1 /jb555host/PersonalTailor/index.php/ManufactorAdmin/Shop/dist/img/user2-160x160.jpg
INFO: [ app_init ] --START--
INFO: Run Behavior\BuildLiteBehavior [ RunTime:0.000010s ]
INFO: [ app_init ] --END-- [ RunTime:0.000306s ]

[ 2016-12-02T13:44:21+08:00 ] ::1 /jb555host/PersonalTailor/index.php/ManufactorAdmin/Shop/dist/img/user3-128x128.jpg
INFO: [ app_init ] --START--
INFO: Run Behavior\BuildLiteBehavior [ RunTime:0.000012s ]
INFO: [ app_init ] --END-- [ RunTime:0.000356s ]

[ 2016-12-02T13:44:21+08:00 ] ::1 /jb555host/PersonalTailor/index.php/ManufactorAdmin/Shop/dist/img/user4-128x128.jpg
INFO: [ app_init ] --START--
INFO: Run Behavior\BuildLiteBehavior [ RunTime:0.000009s ]
INFO: [ app_init ] --END-- [ RunTime:0.000312s ]

[ 2016-12-02T13:44:23+08:00 ] ::1 /jb555host/PersonalTailor/index.php/ManufactorAdmin/Product/dist/img/user2-160x160.jpg
INFO: [ app_init ] --START--
INFO: Run Behavior\BuildLiteBehavior [ RunTime:0.000008s ]
INFO: [ app_init ] --END-- [ RunTime:0.000226s ]

[ 2016-12-02T13:44:23+08:00 ] ::1 /jb555host/PersonalTailor/index.php/ManufactorAdmin/Product/dist/img/user4-128x128.jpg
INFO: [ app_init ] --START--
INFO: Run Behavior\BuildLiteBehavior [ RunTime:0.000007s ]
INFO: [ app_init ] --END-- [ RunTime:0.000211s ]

[ 2016-12-02T13:44:23+08:00 ] ::1 /jb555host/PersonalTailor/index.php/ManufactorAdmin/Product/dist/img/user3-128x128.jpg
INFO: [ app_init ] --START--
INFO: Run Behavior\BuildLiteBehavior [ RunTime:0.000012s ]
INFO: [ app_init ] --END-- [ RunTime:0.000294s ]

[ 2016-12-02T13:44:26+08:00 ] ::1 /jb555host/PersonalTailor/index.php/ManufactorAdmin/Product/dist/img/user3-128x128.jpg
INFO: [ app_init ] --START--
INFO: Run Behavior\BuildLiteBehavior [ RunTime:0.000020s ]
INFO: [ app_init ] --END-- [ RunTime:0.000305s ]

[ 2016-12-02T13:44:26+08:00 ] ::1 /jb555host/PersonalTailor/index.php/ManufactorAdmin/Product/dist/img/user2-160x160.jpg
INFO: [ app_init ] --START--
INFO: Run Behavior\BuildLiteBehavior [ RunTime:0.000013s ]
INFO: [ app_init ] --END-- [ RunTime:0.000324s ]

[ 2016-12-02T13:44:26+08:00 ] ::1 /jb555host/PersonalTailor/index.php/ManufactorAdmin/Product/dist/img/user4-128x128.jpg
INFO: [ app_init ] --START--
INFO: Run Behavior\BuildLiteBehavior [ RunTime:0.000021s ]
INFO: [ app_init ] --END-- [ RunTime:0.000321s ]

[ 2016-12-02T13:45:01+08:00 ] ::1 /jb555host/PersonalTailor/index.php/ManufactorAdmin/Product/dist/img/user2-160x160.jpg
INFO: [ app_init ] --START--
INFO: Run Behavior\BuildLiteBehavior [ RunTime:0.000012s ]
INFO: [ app_init ] --END-- [ RunTime:0.000294s ]

[ 2016-12-02T13:45:01+08:00 ] ::1 /jb555host/PersonalTailor/index.php/ManufactorAdmin/Product/dist/img/user4-128x128.jpg
INFO: [ app_init ] --START--
INFO: Run Behavior\BuildLiteBehavior [ RunTime:0.000010s ]
INFO: [ app_init ] --END-- [ RunTime:0.000295s ]

[ 2016-12-02T13:45:01+08:00 ] ::1 /jb555host/PersonalTailor/index.php/ManufactorAdmin/Product/dist/img/user3-128x128.jpg
INFO: [ app_init ] --START--
INFO: Run Behavior\BuildLiteBehavior [ RunTime:0.000015s ]
INFO: [ app_init ] --END-- [ RunTime:0.000372s ]

[ 2016-12-02T13:45:13+08:00 ] ::1 /jb555host/PersonalTailor/index.php/ManufactorAdmin/Shop/dist/img/user2-160x160.jpg
INFO: [ app_init ] --START--
INFO: Run Behavior\BuildLiteBehavior [ RunTime:0.000008s ]
INFO: [ app_init ] --END-- [ RunTime:0.000242s ]

[ 2016-12-02T13:45:13+08:00 ] ::1 /jb555host/PersonalTailor/index.php/ManufactorAdmin/Shop/dist/img/user3-128x128.jpg
INFO: [ app_init ] --START--
INFO: Run Behavior\BuildLiteBehavior [ RunTime:0.000013s ]
INFO: [ app_init ] --END-- [ RunTime:0.000311s ]

[ 2016-12-02T13:45:13+08:00 ] ::1 /jb555host/PersonalTailor/index.php/ManufactorAdmin/Shop/dist/img/user4-128x128.jpg
INFO: [ app_init ] --START--
INFO: Run Behavior\BuildLiteBehavior [ RunTime:0.000011s ]
INFO: [ app_init ] --END-- [ RunTime:0.000301s ]

[ 2016-12-02T14:23:44+08:00 ] ::1 /jb555host/PersonalTailor/index.php/ManufactorAdmin/Shop/dist/img/user2-160x160.jpg
INFO: [ app_init ] --START--
INFO: Run Behavior\BuildLiteBehavior [ RunTime:0.000013s ]
INFO: [ app_init ] --END-- [ RunTime:0.000352s ]

[ 2016-12-02T14:23:44+08:00 ] ::1 /jb555host/PersonalTailor/index.php/ManufactorAdmin/Shop/dist/img/user3-128x128.jpg
INFO: [ app_init ] --START--
INFO: Run Behavior\BuildLiteBehavior [ RunTime:0.000014s ]
INFO: [ app_init ] --END-- [ RunTime:0.000366s ]

[ 2016-12-02T14:23:44+08:00 ] ::1 /jb555host/PersonalTailor/index.php/ManufactorAdmin/Shop/dist/img/user4-128x128.jpg
INFO: [ app_init ] --START--
INFO: Run Behavior\BuildLiteBehavior [ RunTime:0.000017s ]
INFO: [ app_init ] --END-- [ RunTime:0.000403s ]

[ 2016-12-02T14:23:46+08:00 ] ::1 /jb555host/PersonalTailor/index.php/ManufactorAdmin/Index/dist/img/user2-160x160.jpg
INFO: [ app_init ] --START--
INFO: Run Behavior\BuildLiteBehavior [ RunTime:0.000007s ]
INFO: [ app_init ] --END-- [ RunTime:0.000206s ]

[ 2016-12-02T14:23:46+08:00 ] ::1 /jb555host/PersonalTailor/index.php/ManufactorAdmin/Index/dist/img/user4-128x128.jpg
INFO: [ app_init ] --START--
INFO: Run Behavior\BuildLiteBehavior [ RunTime:0.000014s ]
INFO: [ app_init ] --END-- [ RunTime:0.000404s ]

[ 2016-12-02T14:23:46+08:00 ] ::1 /jb555host/PersonalTailor/index.php/ManufactorAdmin/Index/dist/img/user3-128x128.jpg
INFO: [ app_init ] --START--
INFO: Run Behavior\BuildLiteBehavior [ RunTime:0.000014s ]
INFO: [ app_init ] --END-- [ RunTime:0.000400s ]

[ 2016-12-02T14:23:48+08:00 ] ::1 /jb555host/PersonalTailor/index.php/ManufactorAdmin/Shop/dist/img/user2-160x160.jpg
INFO: [ app_init ] --START--
INFO: Run Behavior\BuildLiteBehavior [ RunTime:0.000008s ]
INFO: [ app_init ] --END-- [ RunTime:0.000210s ]

[ 2016-12-02T14:23:48+08:00 ] ::1 /jb555host/PersonalTailor/index.php/ManufactorAdmin/Shop/dist/img/user4-128x128.jpg
INFO: [ app_init ] --START--
INFO: Run Behavior\BuildLiteBehavior [ RunTime:0.000007s ]
INFO: [ app_init ] --END-- [ RunTime:0.000205s ]

[ 2016-12-02T14:23:48+08:00 ] ::1 /jb555host/PersonalTailor/index.php/ManufactorAdmin/Shop/dist/img/user3-128x128.jpg
INFO: [ app_init ] --START--
INFO: Run Behavior\BuildLiteBehavior [ RunTime:0.000011s ]
INFO: [ app_init ] --END-- [ RunTime:0.000304s ]

[ 2016-12-02T14:36:05+08:00 ] ::1 /jb555host/PersonalTailor/index.php/ManufactorAdmin/Shop/dist/img/user2-160x160.jpg
INFO: [ app_init ] --START--
INFO: Run Behavior\BuildLiteBehavior [ RunTime:0.000008s ]
INFO: [ app_init ] --END-- [ RunTime:0.000223s ]

[ 2016-12-02T14:36:05+08:00 ] ::1 /jb555host/PersonalTailor/index.php/ManufactorAdmin/Shop/dist/img/user4-128x128.jpg
INFO: [ app_init ] --START--
INFO: Run Behavior\BuildLiteBehavior [ RunTime:0.000008s ]
INFO: [ app_init ] --END-- [ RunTime:0.000231s ]

[ 2016-12-02T14:36:05+08:00 ] ::1 /jb555host/PersonalTailor/index.php/ManufactorAdmin/Shop/dist/img/user3-128x128.jpg
INFO: [ app_init ] --START--
INFO: Run Behavior\BuildLiteBehavior [ RunTime:0.000014s ]
INFO: [ app_init ] --END-- [ RunTime:0.000342s ]

[ 2016-12-02T14:36:06+08:00 ] ::1 /jb555host/PersonalTailor/index.php/ManufactorAdmin/Index/dist/img/user2-160x160.jpg
INFO: [ app_init ] --START--
INFO: Run Behavior\BuildLiteBehavior [ RunTime:0.000008s ]
INFO: [ app_init ] --END-- [ RunTime:0.000231s ]

[ 2016-12-02T14:36:06+08:00 ] ::1 /jb555host/PersonalTailor/index.php/ManufactorAdmin/Index/dist/img/user4-128x128.jpg
INFO: [ app_init ] --START--
INFO: Run Behavior\BuildLiteBehavior [ RunTime:0.000008s ]
INFO: [ app_init ] --END-- [ RunTime:0.000213s ]

[ 2016-12-02T14:36:06+08:00 ] ::1 /jb555host/PersonalTailor/index.php/ManufactorAdmin/Index/dist/img/user3-128x128.jpg
INFO: [ app_init ] --START--
INFO: Run Behavior\BuildLiteBehavior [ RunTime:0.000008s ]
INFO: [ app_init ] --END-- [ RunTime:0.000207s ]

[ 2016-12-02T14:36:08+08:00 ] ::1 /jb555host/PersonalTailor/index.php/ManufactorAdmin/Activity/dist/img/user2-160x160.jpg
INFO: [ app_init ] --START--
INFO: Run Behavior\BuildLiteBehavior [ RunTime:0.000009s ]
INFO: [ app_init ] --END-- [ RunTime:0.000273s ]

[ 2016-12-02T14:36:08+08:00 ] ::1 /jb555host/PersonalTailor/index.php/ManufactorAdmin/Activity/dist/img/user3-128x128.jpg
INFO: [ app_init ] --START--
INFO: Run Behavior\BuildLiteBehavior [ RunTime:0.000010s ]
INFO: [ app_init ] --END-- [ RunTime:0.000274s ]

[ 2016-12-02T14:36:08+08:00 ] ::1 /jb555host/PersonalTailor/index.php/ManufactorAdmin/Activity/dist/img/user4-128x128.jpg
INFO: [ app_init ] --START--
INFO: Run Behavior\BuildLiteBehavior [ RunTime:0.000012s ]
INFO: [ app_init ] --END-- [ RunTime:0.000278s ]

[ 2016-12-02T14:37:28+08:00 ] ::1 /jb555host/PersonalTailor/index.php/ManufactorAdmin/Activity/dist/img/user3-128x128.jpg
INFO: [ app_init ] --START--
INFO: Run Behavior\BuildLiteBehavior [ RunTime:0.000008s ]
INFO: [ app_init ] --END-- [ RunTime:0.000206s ]

[ 2016-12-02T14:37:28+08:00 ] ::1 /jb555host/PersonalTailor/index.php/ManufactorAdmin/Activity/dist/img/user2-160x160.jpg
INFO: [ app_init ] --START--
INFO: Run Behavior\BuildLiteBehavior [ RunTime:0.000011s ]
INFO: [ app_init ] --END-- [ RunTime:0.000262s ]

[ 2016-12-02T14:37:28+08:00 ] ::1 /jb555host/PersonalTailor/index.php/ManufactorAdmin/Activity/dist/img/user4-128x128.jpg
INFO: [ app_init ] --START--
INFO: Run Behavior\BuildLiteBehavior [ RunTime:0.000023s ]
INFO: [ app_init ] --END-- [ RunTime:0.000520s ]

[ 2016-12-02T14:38:44+08:00 ] ::1 /jb555host/PersonalTailor/index.php/ManufactorAdmin/Activity/dist/img/user2-160x160.jpg
INFO: [ app_init ] --START--
INFO: Run Behavior\BuildLiteBehavior [ RunTime:0.000008s ]
INFO: [ app_init ] --END-- [ RunTime:0.000214s ]

[ 2016-12-02T14:38:44+08:00 ] ::1 /jb555host/PersonalTailor/index.php/ManufactorAdmin/Activity/dist/img/user3-128x128.jpg
INFO: [ app_init ] --START--
INFO: Run Behavior\BuildLiteBehavior [ RunTime:0.000008s ]
INFO: [ app_init ] --END-- [ RunTime:0.000203s ]

[ 2016-12-02T14:38:44+08:00 ] ::1 /jb555host/PersonalTailor/index.php/ManufactorAdmin/Activity/dist/img/user4-128x128.jpg
INFO: [ app_init ] --START--
INFO: Run Behavior\BuildLiteBehavior [ RunTime:0.000009s ]
INFO: [ app_init ] --END-- [ RunTime:0.000253s ]

[ 2016-12-02T14:38:45+08:00 ] ::1 /jb555host/PersonalTailor/index.php/ManufactorAdmin/Activity/dist/img/user3-128x128.jpg
INFO: [ app_init ] --START--
INFO: Run Behavior\BuildLiteBehavior [ RunTime:0.000009s ]
INFO: [ app_init ] --END-- [ RunTime:0.000241s ]

[ 2016-12-02T14:38:45+08:00 ] ::1 /jb555host/PersonalTailor/index.php/ManufactorAdmin/Activity/dist/img/user2-160x160.jpg
INFO: [ app_init ] --START--
INFO: Run Behavior\BuildLiteBehavior [ RunTime:0.000008s ]
INFO: [ app_init ] --END-- [ RunTime:0.000250s ]

[ 2016-12-02T14:38:45+08:00 ] ::1 /jb555host/PersonalTailor/index.php/ManufactorAdmin/Activity/dist/img/user4-128x128.jpg
INFO: [ app_init ] --START--
INFO: Run Behavior\BuildLiteBehavior [ RunTime:0.000009s ]
INFO: [ app_init ] --END-- [ RunTime:0.000265s ]

[ 2016-12-02T14:38:46+08:00 ] ::1 /jb555host/PersonalTailor/index.php/ManufactorAdmin/Activity/dist/img/user4-128x128.jpg
INFO: [ app_init ] --START--
INFO: Run Behavior\BuildLiteBehavior [ RunTime:0.000012s ]
INFO: [ app_init ] --END-- [ RunTime:0.000271s ]

[ 2016-12-02T14:38:46+08:00 ] ::1 /jb555host/PersonalTailor/index.php/ManufactorAdmin/Activity/dist/img/user3-128x128.jpg
INFO: [ app_init ] --START--
INFO: Run Behavior\BuildLiteBehavior [ RunTime:0.000013s ]
INFO: [ app_init ] --END-- [ RunTime:0.000309s ]

[ 2016-12-02T14:38:46+08:00 ] ::1 /jb555host/PersonalTailor/index.php/ManufactorAdmin/Activity/dist/img/user2-160x160.jpg
INFO: [ app_init ] --START--
INFO: Run Behavior\BuildLiteBehavior [ RunTime:0.000008s ]
INFO: [ app_init ] --END-- [ RunTime:0.000235s ]

[ 2016-12-02T14:39:11+08:00 ] ::1 /jb555host/PersonalTailor/index.php/ManufactorAdmin/Activity/dist/img/user2-160x160.jpg
INFO: [ app_init ] --START--
INFO: Run Behavior\BuildLiteBehavior [ RunTime:0.000009s ]
INFO: [ app_init ] --END-- [ RunTime:0.000216s ]

[ 2016-12-02T14:39:11+08:00 ] ::1 /jb555host/PersonalTailor/index.php/ManufactorAdmin/Activity/dist/img/user3-128x128.jpg
INFO: [ app_init ] --START--
INFO: Run Behavior\BuildLiteBehavior [ RunTime:0.000013s ]
INFO: [ app_init ] --END-- [ RunTime:0.000246s ]

[ 2016-12-02T14:40:01+08:00 ] ::1 /jb555host/PersonalTailor/Template/Public/notify-js/bootstrap-notify.js
INFO: [ app_init ] --START--
INFO: Run Behavior\BuildLiteBehavior [ RunTime:0.000008s ]
INFO: [ app_init ] --END-- [ RunTime:0.000223s ]
ERR: 无法加载模块:Template

[ 2016-12-02T14:40:01+08:00 ] ::1 /jb555host/PersonalTailor/index.php/ManufactorAdmin/Activity/dist/img/user3-128x128.jpg
INFO: [ app_init ] --START--
INFO: Run Behavior\BuildLiteBehavior [ RunTime:0.000012s ]
INFO: [ app_init ] --END-- [ RunTime:0.000223s ]

[ 2016-12-02T14:40:01+08:00 ] ::1 /jb555host/PersonalTailor/index.php/ManufactorAdmin/Activity/dist/img/user2-160x160.jpg
INFO: [ app_init ] --START--
INFO: Run Behavior\BuildLiteBehavior [ RunTime:0.000009s ]
INFO: [ app_init ] --END-- [ RunTime:0.000258s ]

[ 2016-12-02T14:40:01+08:00 ] ::1 /jb555host/PersonalTailor/index.php/ManufactorAdmin/Activity/dist/img/user4-128x128.jpg
INFO: [ app_init ] --START--
INFO: Run Behavior\BuildLiteBehavior [ RunTime:0.000014s ]
INFO: [ app_init ] --END-- [ RunTime:0.000313s ]

[ 2016-12-02T14:40:01+08:00 ] ::1 /jb555host/PersonalTailor/Template/Public/notify-js/bootstrap-notify.min.js
INFO: [ app_init ] --START--
INFO: Run Behavior\BuildLiteBehavior [ RunTime:0.000011s ]
INFO: [ app_init ] --END-- [ RunTime:0.000265s ]
ERR: 无法加载模块:Template

[ 2016-12-02T14:40:07+08:00 ] ::1 /jb555host/PersonalTailor/Template/Public/notify-js/bootstrap-notify.js
INFO: [ app_init ] --START--
INFO: Run Behavior\BuildLiteBehavior [ RunTime:0.000009s ]
INFO: [ app_init ] --END-- [ RunTime:0.000264s ]
ERR: 无法加载模块:Template

[ 2016-12-02T14:40:07+08:00 ] ::1 /jb555host/PersonalTailor/Template/Public/notify-js/bootstrap-notify.min.js
INFO: [ app_init ] --START--
INFO: Run Behavior\BuildLiteBehavior [ RunTime:0.000007s ]
INFO: [ app_init ] --END-- [ RunTime:0.000224s ]
ERR: 无法加载模块:Template

[ 2016-12-02T14:44:34+08:00 ] ::1 /jb555host/PersonalTailor/Template/Public/notify-js/bootstrap-notify.js
INFO: [ app_init ] --START--
INFO: Run Behavior\BuildLiteBehavior [ RunTime:0.000008s ]
INFO: [ app_init ] --END-- [ RunTime:0.000238s ]
ERR: 无法加载模块:Template

[ 2016-12-02T14:44:34+08:00 ] ::1 /jb555host/PersonalTailor/Template/Public/notify-js/bootstrap-notify.min.js
INFO: [ app_init ] --START--
INFO: Run Behavior\BuildLiteBehavior [ RunTime:0.000013s ]
INFO: [ app_init ] --END-- [ RunTime:0.000369s ]
ERR: 无法加载模块:Template

[ 2016-12-02T14:44:34+08:00 ] ::1 /jb555host/PersonalTailor/index.php/ManufactorAdmin/Activity/dist/img/user4-128x128.jpg
INFO: [ app_init ] --START--
INFO: Run Behavior\BuildLiteBehavior [ RunTime:0.000009s ]
INFO: [ app_init ] --END-- [ RunTime:0.000269s ]

[ 2016-12-02T14:44:34+08:00 ] ::1 /jb555host/PersonalTailor/index.php/ManufactorAdmin/Activity/dist/img/user2-160x160.jpg
INFO: [ app_init ] --START--
INFO: Run Behavior\BuildLiteBehavior [ RunTime:0.000009s ]
INFO: [ app_init ] --END-- [ RunTime:0.000242s ]

[ 2016-12-02T14:44:34+08:00 ] ::1 /jb555host/PersonalTailor/index.php/ManufactorAdmin/Activity/dist/img/user3-128x128.jpg
INFO: [ app_init ] --START--
INFO: Run Behavior\BuildLiteBehavior [ RunTime:0.000015s ]
INFO: [ app_init ] --END-- [ RunTime:0.000373s ]

[ 2016-12-02T14:44:39+08:00 ] ::1 /jb555host/PersonalTailor/Template/Public/notify-js/bootstrap-notify.js
INFO: [ app_init ] --START--
INFO: Run Behavior\BuildLiteBehavior [ RunTime:0.000007s ]
INFO: [ app_init ] --END-- [ RunTime:0.000200s ]
ERR: 无法加载模块:Template

[ 2016-12-02T14:44:39+08:00 ] ::1 /jb555host/PersonalTailor/Template/Public/notify-js/bootstrap-notify.min.js
INFO: [ app_init ] --START--
INFO: Run Behavior\BuildLiteBehavior [ RunTime:0.000008s ]
INFO: [ app_init ] --END-- [ RunTime:0.000202s ]
ERR: 无法加载模块:Template

[ 2016-12-02T14:45:46+08:00 ] ::1 /jb555host/PersonalTailor/Template/Public/notify-js/bootstrap-notify.js
INFO: [ app_init ] --START--
INFO: Run Behavior\BuildLiteBehavior [ RunTime:0.000011s ]
INFO: [ app_init ] --END-- [ RunTime:0.000258s ]
ERR: 无法加载模块:Template

[ 2016-12-02T14:45:46+08:00 ] ::1 /jb555host/PersonalTailor/Template/Public/notify-js/bootstrap-notify.min.js
INFO: [ app_init ] --START--
INFO: Run Behavior\BuildLiteBehavior [ RunTime:0.000009s ]
INFO: [ app_init ] --END-- [ RunTime:0.000222s ]
ERR: 无法加载模块:Template

[ 2016-12-02T14:45:46+08:00 ] ::1 /jb555host/PersonalTailor/index.php/ManufactorAdmin/Activity/dist/img/user4-128x128.jpg
INFO: [ app_init ] --START--
INFO: Run Behavior\BuildLiteBehavior [ RunTime:0.000015s ]
INFO: [ app_init ] --END-- [ RunTime:0.000336s ]

[ 2016-12-02T14:45:46+08:00 ] ::1 /jb555host/PersonalTailor/index.php/ManufactorAdmin/Activity/dist/img/user2-160x160.jpg
INFO: [ app_init ] --START--
INFO: Run Behavior\BuildLiteBehavior [ RunTime:0.000011s ]
INFO: [ app_init ] --END-- [ RunTime:0.000291s ]

[ 2016-12-02T14:45:46+08:00 ] ::1 /jb555host/PersonalTailor/index.php/ManufactorAdmin/Activity/dist/img/user3-128x128.jpg
INFO: [ app_init ] --START--
INFO: Run Behavior\BuildLiteBehavior [ RunTime:0.000021s ]
INFO: [ app_init ] --END-- [ RunTime:0.000276s ]

[ 2016-12-02T14:45:46+08:00 ] ::1 /jb555host/PersonalTailor/Template/Public/notify-js/bootstrap-notify.js
INFO: [ app_init ] --START--
INFO: Run Behavior\BuildLiteBehavior [ RunTime:0.000008s ]
INFO: [ app_init ] --END-- [ RunTime:0.000208s ]
ERR: 无法加载模块:Template

[ 2016-12-02T14:45:46+08:00 ] ::1 /jb555host/PersonalTailor/Template/Public/notify-js/bootstrap-notify.min.js
INFO: [ app_init ] --START--
INFO: Run Behavior\BuildLiteBehavior [ RunTime:0.000010s ]
INFO: [ app_init ] --END-- [ RunTime:0.000211s ]
ERR: 无法加载模块:Template

[ 2016-12-02T14:46:39+08:00 ] ::1 /jb555host/PersonalTailor/Template/Public/notify-js/bootstrap-notify.js
INFO: [ app_init ] --START--
INFO: Run Behavior\BuildLiteBehavior [ RunTime:0.000009s ]
INFO: [ app_init ] --END-- [ RunTime:0.000295s ]
ERR: 无法加载模块:Template

[ 2016-12-02T14:46:39+08:00 ] ::1 /jb555host/PersonalTailor/Template/Public/notify-js/bootstrap-notify.min.js
INFO: [ app_init ] --START--
INFO: Run Behavior\BuildLiteBehavior [ RunTime:0.000012s ]
INFO: [ app_init ] --END-- [ RunTime:0.000250s ]
ERR: 无法加载模块:Template

[ 2016-12-02T14:46:39+08:00 ] ::1 /jb555host/PersonalTailor/index.php/ManufactorAdmin/Activity/dist/img/user4-128x128.jpg
INFO: [ app_init ] --START--
INFO: Run Behavior\BuildLiteBehavior [ RunTime:0.000013s ]
INFO: [ app_init ] --END-- [ RunTime:0.000383s ]

[ 2016-12-02T14:46:39+08:00 ] ::1 /jb555host/PersonalTailor/index.php/ManufactorAdmin/Activity/dist/img/user3-128x128.jpg
INFO: [ app_init ] --START--
INFO: Run Behavior\BuildLiteBehavior [ RunTime:0.000012s ]
INFO: [ app_init ] --END-- [ RunTime:0.000392s ]

[ 2016-12-02T14:46:39+08:00 ] ::1 /jb555host/PersonalTailor/index.php/ManufactorAdmin/Activity/dist/img/user2-160x160.jpg
INFO: [ app_init ] --START--
INFO: Run Behavior\BuildLiteBehavior [ RunTime:0.000010s ]
INFO: [ app_init ] --END-- [ RunTime:0.000255s ]

[ 2016-12-02T14:46:39+08:00 ] ::1 /jb555host/PersonalTailor/Template/Public/notify-js/bootstrap-notify.js
INFO: [ app_init ] --START--
INFO: Run Behavior\BuildLiteBehavior [ RunTime:0.000009s ]
INFO: [ app_init ] --END-- [ RunTime:0.000231s ]
ERR: 无法加载模块:Template

[ 2016-12-02T14:46:39+08:00 ] ::1 /jb555host/PersonalTailor/Template/Public/notify-js/bootstrap-notify.min.js
INFO: [ app_init ] --START--
INFO: Run Behavior\BuildLiteBehavior [ RunTime:0.000007s ]
INFO: [ app_init ] --END-- [ RunTime:0.000260s ]
ERR: 无法加载模块:Template

[ 2016-12-02T14:46:58+08:00 ] ::1 /jb555host/PersonalTailor/Template/Public/notify-js/bootstrap-notify.js
INFO: [ app_init ] --START--
INFO: Run Behavior\BuildLiteBehavior [ RunTime:0.000008s ]
INFO: [ app_init ] --END-- [ RunTime:0.000219s ]
ERR: 无法加载模块:Template

[ 2016-12-02T14:46:58+08:00 ] ::1 /jb555host/PersonalTailor/Template/Public/notify-js/bootstrap-notify.min.js
INFO: [ app_init ] --START--
INFO: Run Behavior\BuildLiteBehavior [ RunTime:0.000010s ]
INFO: [ app_init ] --END-- [ RunTime:0.000260s ]
ERR: 无法加载模块:Template

[ 2016-12-02T14:46:58+08:00 ] ::1 /jb555host/PersonalTailor/index.php/ManufactorAdmin/Activity/dist/img/user2-160x160.jpg
INFO: [ app_init ] --START--
INFO: Run Behavior\BuildLiteBehavior [ RunTime:0.000009s ]
INFO: [ app_init ] --END-- [ RunTime:0.000232s ]

[ 2016-12-02T14:46:58+08:00 ] ::1 /jb555host/PersonalTailor/index.php/ManufactorAdmin/Activity/dist/img/user3-128x128.jpg
INFO: [ app_init ] --START--
INFO: Run Behavior\BuildLiteBehavior [ RunTime:0.000007s ]
INFO: [ app_init ] --END-- [ RunTime:0.000217s ]

[ 2016-12-02T14:46:58+08:00 ] ::1 /jb555host/PersonalTailor/index.php/ManufactorAdmin/Activity/dist/img/user4-128x128.jpg
INFO: [ app_init ] --START--
INFO: Run Behavior\BuildLiteBehavior [ RunTime:0.000008s ]
INFO: [ app_init ] --END-- [ RunTime:0.000214s ]

[ 2016-12-02T14:46:59+08:00 ] ::1 /jb555host/PersonalTailor/index.php/ManufactorAdmin/Activity/dist/img/user2-160x160.jpg
INFO: [ app_init ] --START--
INFO: Run Behavior\BuildLiteBehavior [ RunTime:0.000008s ]
INFO: [ app_init ] --END-- [ RunTime:0.000216s ]

[ 2016-12-02T14:46:59+08:00 ] ::1 /jb555host/PersonalTailor/index.php/ManufactorAdmin/Activity/dist/img/user3-128x128.jpg
INFO: [ app_init ] --START--
INFO: Run Behavior\BuildLiteBehavior [ RunTime:0.000015s ]
INFO: [ app_init ] --END-- [ RunTime:0.000304s ]

[ 2016-12-02T14:46:59+08:00 ] ::1 /jb555host/PersonalTailor/index.php/ManufactorAdmin/Activity/dist/img/user4-128x128.jpg
INFO: [ app_init ] --START--
INFO: Run Behavior\BuildLiteBehavior [ RunTime:0.000009s ]
INFO: [ app_init ] --END-- [ RunTime:0.000213s ]

[ 2016-12-02T14:46:59+08:00 ] ::1 /jb555host/PersonalTailor/Template/Public/notify-js/bootstrap-notify.js
INFO: [ app_init ] --START--
INFO: Run Behavior\BuildLiteBehavior [ RunTime:0.000016s ]
INFO: [ app_init ] --END-- [ RunTime:0.000314s ]
ERR: 无法加载模块:Template

[ 2016-12-02T14:46:59+08:00 ] ::1 /jb555host/PersonalTailor/Template/Public/notify-js/bootstrap-notify.min.js
INFO: [ app_init ] --START--
INFO: Run Behavior\BuildLiteBehavior [ RunTime:0.000024s ]
INFO: [ app_init ] --END-- [ RunTime:0.000441s ]
ERR: 无法加载模块:Template

[ 2016-12-02T14:47:48+08:00 ] ::1 /jb555host/PersonalTailor/Template/Public/notify-js/bootstrap-notify.js
INFO: [ app_init ] --START--
INFO: Run Behavior\BuildLiteBehavior [ RunTime:0.000010s ]
INFO: [ app_init ] --END-- [ RunTime:0.000289s ]
ERR: 无法加载模块:Template

[ 2016-12-02T14:47:48+08:00 ] ::1 /jb555host/PersonalTailor/Template/Public/notify-js/bootstrap-notify.min.js
INFO: [ app_init ] --START--
INFO: Run Behavior\BuildLiteBehavior [ RunTime:0.000010s ]
INFO: [ app_init ] --END-- [ RunTime:0.000238s ]
ERR: 无法加载模块:Template

[ 2016-12-02T14:47:48+08:00 ] ::1 /jb555host/PersonalTailor/index.php/ManufactorAdmin/Activity/dist/img/user3-128x128.jpg
INFO: [ app_init ] --START--
INFO: Run Behavior\BuildLiteBehavior [ RunTime:0.000012s ]
INFO: [ app_init ] --END-- [ RunTime:0.000308s ]

[ 2016-12-02T14:47:48+08:00 ] ::1 /jb555host/PersonalTailor/index.php/ManufactorAdmin/Activity/dist/img/user2-160x160.jpg
INFO: [ app_init ] --START--
INFO: Run Behavior\BuildLiteBehavior [ RunTime:0.000012s ]
INFO: [ app_init ] --END-- [ RunTime:0.000346s ]

[ 2016-12-02T14:47:48+08:00 ] ::1 /jb555host/PersonalTailor/index.php/ManufactorAdmin/Activity/dist/img/user4-128x128.jpg
INFO: [ app_init ] --START--
INFO: Run Behavior\BuildLiteBehavior [ RunTime:0.000011s ]
INFO: [ app_init ] --END-- [ RunTime:0.000304s ]

[ 2016-12-02T14:47:48+08:00 ] ::1 /jb555host/PersonalTailor/Template/Public/notify-js/bootstrap-notify.js
INFO: [ app_init ] --START--
INFO: Run Behavior\BuildLiteBehavior [ RunTime:0.000008s ]
INFO: [ app_init ] --END-- [ RunTime:0.000210s ]
ERR: 无法加载模块:Template

[ 2016-12-02T14:47:48+08:00 ] ::1 /jb555host/PersonalTailor/Template/Public/notify-js/bootstrap-notify.min.js
INFO: [ app_init ] --START--
INFO: Run Behavior\BuildLiteBehavior [ RunTime:0.000007s ]
INFO: [ app_init ] --END-- [ RunTime:0.000201s ]
ERR: 无法加载模块:Template

[ 2016-12-02T14:53:49+08:00 ] ::1 /jb555host/PersonalTailor/index.php/ManufactorAdmin/Activity/dist/img/user2-160x160.jpg
INFO: [ app_init ] --START--
INFO: Run Behavior\BuildLiteBehavior [ RunTime:0.000007s ]
INFO: [ app_init ] --END-- [ RunTime:0.000239s ]

[ 2016-12-02T14:53:49+08:00 ] ::1 /jb555host/PersonalTailor/Template/Public/notify-js/bootstrap-notify.js
INFO: [ app_init ] --START--
INFO: Run Behavior\BuildLiteBehavior [ RunTime:0.000014s ]
INFO: [ app_init ] --END-- [ RunTime:0.000501s ]
ERR: 无法加载模块:Template

[ 2016-12-02T14:53:49+08:00 ] ::1 /jb555host/PersonalTailor/index.php/ManufactorAdmin/Activity/dist/img/user3-128x128.jpg
INFO: [ app_init ] --START--
INFO: Run Behavior\BuildLiteBehavior [ RunTime:0.000014s ]
INFO: [ app_init ] --END-- [ RunTime:0.000346s ]

[ 2016-12-02T14:53:49+08:00 ] ::1 /jb555host/PersonalTailor/Template/Public/notify-js/bootstrap-notify.min.js
INFO: [ app_init ] --START--
INFO: Run Behavior\BuildLiteBehavior [ RunTime:0.000009s ]
INFO: [ app_init ] --END-- [ RunTime:0.000289s ]
ERR: 无法加载模块:Template

[ 2016-12-02T14:53:49+08:00 ] ::1 /jb555host/PersonalTailor/index.php/ManufactorAdmin/Activity/dist/img/user4-128x128.jpg
INFO: [ app_init ] --START--
INFO: Run Behavior\BuildLiteBehavior [ RunTime:0.000011s ]
INFO: [ app_init ] --END-- [ RunTime:0.000352s ]

[ 2016-12-02T14:56:53+08:00 ] ::1 /jb555host/PersonalTailor/index.php/ManufactorAdmin/Activity/dist/img/user2-160x160.jpg
INFO: [ app_init ] --START--
INFO: Run Behavior\BuildLiteBehavior [ RunTime:0.000013s ]
INFO: [ app_init ] --END-- [ RunTime:0.000435s ]

[ 2016-12-02T14:56:53+08:00 ] ::1 /jb555host/PersonalTailor/index.php/ManufactorAdmin/Activity/dist/img/user3-128x128.jpg
INFO: [ app_init ] --START--
INFO: Run Behavior\BuildLiteBehavior [ RunTime:0.000015s ]
INFO: [ app_init ] --END-- [ RunTime:0.000355s ]

[ 2016-12-02T14:56:53+08:00 ] ::1 /jb555host/PersonalTailor/index.php/ManufactorAdmin/Activity/dist/img/user4-128x128.jpg
INFO: [ app_init ] --START--
INFO: Run Behavior\BuildLiteBehavior [ RunTime:0.000010s ]
INFO: [ app_init ] --END-- [ RunTime:0.000354s ]

[ 2016-12-02T14:56:53+08:00 ] ::1 /jb555host/PersonalTailor/Template/Public/notify-js/bootstrap-notify.js
INFO: [ app_init ] --START--
INFO: Run Behavior\BuildLiteBehavior [ RunTime:0.000010s ]
INFO: [ app_init ] --END-- [ RunTime:0.000409s ]
ERR: 无法加载模块:Template

[ 2016-12-02T14:56:53+08:00 ] ::1 /jb555host/PersonalTailor/Template/Public/notify-js/bootstrap-notify.min.js
INFO: [ app_init ] --START--
INFO: Run Behavior\BuildLiteBehavior [ RunTime:0.000012s ]
INFO: [ app_init ] --END-- [ RunTime:0.000452s ]
ERR: 无法加载模块:Template

[ 2016-12-02T14:56:53+08:00 ] ::1 /jb555host/PersonalTailor/Template/Public/notify-js/bootstrap-notify.min.js
INFO: [ app_init ] --START--
INFO: Run Behavior\BuildLiteBehavior [ RunTime:0.000009s ]
INFO: [ app_init ] --END-- [ RunTime:0.000283s ]
ERR: 无法加载模块:Template

[ 2016-12-02T15:06:07+08:00 ] ::1 /jb555host/PersonalTailor/index.php/ManufactorAdmin/Activity/dist/img/user2-160x160.jpg
INFO: [ app_init ] --START--
INFO: Run Behavior\BuildLiteBehavior [ RunTime:0.000014s ]
INFO: [ app_init ] --END-- [ RunTime:0.000449s ]

[ 2016-12-02T15:06:07+08:00 ] ::1 /jb555host/PersonalTailor/index.php/ManufactorAdmin/Activity/dist/img/user3-128x128.jpg
INFO: [ app_init ] --START--
INFO: Run Behavior\BuildLiteBehavior [ RunTime:0.000012s ]
INFO: [ app_init ] --END-- [ RunTime:0.000339s ]

[ 2016-12-02T15:06:07+08:00 ] ::1 /jb555host/PersonalTailor/Template/Public/notify-js/bootstrap-notify.js
INFO: [ app_init ] --START--
INFO: Run Behavior\BuildLiteBehavior [ RunTime:0.000008s ]
INFO: [ app_init ] --END-- [ RunTime:0.000236s ]
ERR: 无法加载模块:Template

[ 2016-12-02T15:06:07+08:00 ] ::1 /jb555host/PersonalTailor/Template/Public/notify-js/bootstrap-notify.min.js
INFO: [ app_init ] --START--
INFO: Run Behavior\BuildLiteBehavior [ RunTime:0.000013s ]
INFO: [ app_init ] --END-- [ RunTime:0.000333s ]
ERR: 无法加载模块:Template

[ 2016-12-02T15:06:07+08:00 ] ::1 /jb555host/PersonalTailor/index.php/ManufactorAdmin/Activity/dist/img/user4-128x128.jpg
INFO: [ app_init ] --START--
INFO: Run Behavior\BuildLiteBehavior [ RunTime:0.000013s ]
INFO: [ app_init ] --END-- [ RunTime:0.000361s ]

[ 2016-12-02T15:06:07+08:00 ] ::1 /jb555host/PersonalTailor/Template/Public/notify-js/bootstrap-notify.min.js
INFO: [ app_init ] --START--
INFO: Run Behavior\BuildLiteBehavior [ RunTime:0.000007s ]
INFO: [ app_init ] --END-- [ RunTime:0.000212s ]
ERR: 无法加载模块:Template

[ 2016-12-02T15:12:56+08:00 ] ::1 /jb555host/PersonalTailor/index.php/ManufactorAdmin/Activity/dist/img/user2-160x160.jpg
INFO: [ app_init ] --START--
INFO: Run Behavior\BuildLiteBehavior [ RunTime:0.000007s ]
INFO: [ app_init ] --END-- [ RunTime:0.000202s ]

[ 2016-12-02T15:12:57+08:00 ] ::1 /jb555host/PersonalTailor/Template/Public/notify-js/bootstrap-notify.js
INFO: [ app_init ] --START--
INFO: Run Behavior\BuildLiteBehavior [ RunTime:0.000009s ]
INFO: [ app_init ] --END-- [ RunTime:0.000249s ]
ERR: 无法加载模块:Template

[ 2016-12-02T15:12:57+08:00 ] ::1 /jb555host/PersonalTailor/index.php/ManufactorAdmin/Activity/dist/img/user4-128x128.jpg
INFO: [ app_init ] --START--
INFO: Run Behavior\BuildLiteBehavior [ RunTime:0.000010s ]
INFO: [ app_init ] --END-- [ RunTime:0.000296s ]

[ 2016-12-02T15:12:57+08:00 ] ::1 /jb555host/PersonalTailor/Template/Public/notify-js/bootstrap-notify.min.js
INFO: [ app_init ] --START--
INFO: Run Behavior\BuildLiteBehavior [ RunTime:0.000008s ]
INFO: [ app_init ] --END-- [ RunTime:0.000235s ]
ERR: 无法加载模块:Template

[ 2016-12-02T15:12:57+08:00 ] ::1 /jb555host/PersonalTailor/index.php/ManufactorAdmin/Activity/dist/img/user3-128x128.jpg
INFO: [ app_init ] --START--
INFO: Run Behavior\BuildLiteBehavior [ RunTime:0.000008s ]
INFO: [ app_init ] --END-- [ RunTime:0.000241s ]

[ 2016-12-02T15:12:57+08:00 ] ::1 /jb555host/PersonalTailor/Template/Public/notify-js/bootstrap-notify.min.js
INFO: [ app_init ] --START--
INFO: Run Behavior\BuildLiteBehavior [ RunTime:0.000008s ]
INFO: [ app_init ] --END-- [ RunTime:0.000206s ]
ERR: 无法加载模块:Template

[ 2016-12-02T15:13:27+08:00 ] ::1 /jb555host/PersonalTailor/index.php/ManufactorAdmin/Activity/dist/img/user2-160x160.jpg
INFO: [ app_init ] --START--
INFO: Run Behavior\BuildLiteBehavior [ RunTime:0.000007s ]
INFO: [ app_init ] --END-- [ RunTime:0.000204s ]

[ 2016-12-02T15:13:27+08:00 ] ::1 /jb555host/PersonalTailor/index.php/ManufactorAdmin/Activity/dist/img/user4-128x128.jpg
INFO: [ app_init ] --START--
INFO: Run Behavior\BuildLiteBehavior [ RunTime:0.000011s ]
INFO: [ app_init ] --END-- [ RunTime:0.000300s ]

[ 2016-12-02T15:13:27+08:00 ] ::1 /jb555host/PersonalTailor/Template/Public/notify-js/bootstrap-notify.min.js
INFO: [ app_init ] --START--
INFO: Run Behavior\BuildLiteBehavior [ RunTime:0.000008s ]
INFO: [ app_init ] --END-- [ RunTime:0.000253s ]
ERR: 无法加载模块:Template

[ 2016-12-02T15:13:27+08:00 ] ::1 /jb555host/PersonalTailor/index.php/ManufactorAdmin/Activity/dist/img/user3-128x128.jpg
INFO: [ app_init ] --START--
INFO: Run Behavior\BuildLiteBehavior [ RunTime:0.000010s ]
INFO: [ app_init ] --END-- [ RunTime:0.000345s ]

[ 2016-12-02T15:13:27+08:00 ] ::1 /jb555host/PersonalTailor/Template/Public/notify-js/bootstrap-notify.js
INFO: [ app_init ] --START--
INFO: Run Behavior\BuildLiteBehavior [ RunTime:0.000008s ]
INFO: [ app_init ] --END-- [ RunTime:0.000233s ]
ERR: 无法加载模块:Template

[ 2016-12-02T15:16:09+08:00 ] ::1 /jb555host/PersonalTailor/index.php/ManufactorAdmin/Activity/dist/img/user2-160x160.jpg
INFO: [ app_init ] --START--
INFO: Run Behavior\BuildLiteBehavior [ RunTime:0.000008s ]
INFO: [ app_init ] --END-- [ RunTime:0.000258s ]

[ 2016-12-02T15:16:09+08:00 ] ::1 /jb555host/PersonalTailor/index.php/ManufactorAdmin/Activity/dist/img/user4-128x128.jpg
INFO: [ app_init ] --START--
INFO: Run Behavior\BuildLiteBehavior [ RunTime:0.000009s ]
INFO: [ app_init ] --END-- [ RunTime:0.000306s ]

[ 2016-12-02T15:16:09+08:00 ] ::1 /jb555host/PersonalTailor/index.php/ManufactorAdmin/Activity/dist/img/user3-128x128.jpg
INFO: [ app_init ] --START--
INFO: Run Behavior\BuildLiteBehavior [ RunTime:0.000012s ]
INFO: [ app_init ] --END-- [ RunTime:0.000359s ]

[ 2016-12-02T15:16:09+08:00 ] ::1 /jb555host/PersonalTailor/Template/Public/notify-js/bootstrap-notify.js
INFO: [ app_init ] --START--
INFO: Run Behavior\BuildLiteBehavior [ RunTime:0.000012s ]
INFO: [ app_init ] --END-- [ RunTime:0.000325s ]
ERR: 无法加载模块:Template

[ 2016-12-02T15:16:09+08:00 ] ::1 /jb555host/PersonalTailor/Template/Public/notify-js/bootstrap-notify.min.js
INFO: [ app_init ] --START--
INFO: Run Behavior\BuildLiteBehavior [ RunTime:0.000009s ]
INFO: [ app_init ] --END-- [ RunTime:0.000272s ]
ERR: 无法加载模块:Template

[ 2016-12-02T15:16:33+08:00 ] ::1 /jb555host/PersonalTailor/index.php/ManufactorAdmin/Activity/dist/img/user2-160x160.jpg
INFO: [ app_init ] --START--
INFO: Run Behavior\BuildLiteBehavior [ RunTime:0.000011s ]
INFO: [ app_init ] --END-- [ RunTime:0.000288s ]

[ 2016-12-02T15:16:33+08:00 ] ::1 /jb555host/PersonalTailor/index.php/ManufactorAdmin/Activity/dist/img/user4-128x128.jpg
INFO: [ app_init ] --START--
INFO: Run Behavior\BuildLiteBehavior [ RunTime:0.000008s ]
INFO: [ app_init ] --END-- [ RunTime:0.000214s ]

[ 2016-12-02T15:16:33+08:00 ] ::1 /jb555host/PersonalTailor/Template/Public/notify-js/bootstrap-notify.js
INFO: [ app_init ] --START--
INFO: Run Behavior\BuildLiteBehavior [ RunTime:0.000011s ]
INFO: [ app_init ] --END-- [ RunTime:0.000313s ]
ERR: 无法加载模块:Template

[ 2016-12-02T15:16:33+08:00 ] ::1 /jb555host/PersonalTailor/Template/Public/notify-js/bootstrap-notify.min.js
INFO: [ app_init ] --START--
INFO: Run Behavior\BuildLiteBehavior [ RunTime:0.000007s ]
INFO: [ app_init ] --END-- [ RunTime:0.000277s ]
ERR: 无法加载模块:Template

[ 2016-12-02T15:16:33+08:00 ] ::1 /jb555host/PersonalTailor/index.php/ManufactorAdmin/Activity/dist/img/user3-128x128.jpg
INFO: [ app_init ] --START--
INFO: Run Behavior\BuildLiteBehavior [ RunTime:0.000013s ]
INFO: [ app_init ] --END-- [ RunTime:0.000377s ]

[ 2016-12-02T15:16:33+08:00 ] ::1 /jb555host/PersonalTailor/Template/Public/notify-js/bootstrap-notify.min.js
INFO: [ app_init ] --START--
INFO: Run Behavior\BuildLiteBehavior [ RunTime:0.000037s ]
INFO: [ app_init ] --END-- [ RunTime:0.000378s ]
ERR: 无法加载模块:Template

[ 2016-12-02T15:48:25+08:00 ] ::1 /jb555host/PersonalTailor/index.php/ManufactorAdmin/Index/dist/img/user2-160x160.jpg
INFO: [ app_init ] --START--
INFO: Run Behavior\BuildLiteBehavior [ RunTime:0.000013s ]
INFO: [ app_init ] --END-- [ RunTime:0.000378s ]

[ 2016-12-02T15:48:25+08:00 ] ::1 /jb555host/PersonalTailor/index.php/ManufactorAdmin/Index/dist/img/user3-128x128.jpg
INFO: [ app_init ] --START--
INFO: Run Behavior\BuildLiteBehavior [ RunTime:0.000016s ]
INFO: [ app_init ] --END-- [ RunTime:0.000391s ]

[ 2016-12-02T15:48:25+08:00 ] ::1 /jb555host/PersonalTailor/index.php/ManufactorAdmin/Index/dist/img/user4-128x128.jpg
INFO: [ app_init ] --START--
INFO: Run Behavior\BuildLiteBehavior [ RunTime:0.000009s ]
INFO: [ app_init ] --END-- [ RunTime:0.000370s ]

[ 2016-12-02T15:48:25+08:00 ] ::1 /jb555host/PersonalTailor/Template/Public/notify-js/bootstrap-notify.js
INFO: [ app_init ] --START--
INFO: Run Behavior\BuildLiteBehavior [ RunTime:0.000009s ]
INFO: [ app_init ] --END-- [ RunTime:0.000253s ]
ERR: 无法加载模块:Template



[ 2016-12-02T15:48:25+08:00 ] ::1 /jb555host/PersonalTailor/Template/Public/notify-js/bootstrap-notify.min.js
INFO: [ app_init ] --START--
INFO: Run Behavior\BuildLiteBehavior [ RunTime:0.000007s ]
INFO: [ app_init ] --END-- [ RunTime:0.000217s ]
ERR: 无法加载模块:Template

[ 2016-12-02T15:48:29+08:00 ] ::1 /jb555host/PersonalTailor/index.php/ManufactorAdmin/Activity/dist/img/user2-160x160.jpg
INFO: [ app_init ] --START--
INFO: Run Behavior\BuildLiteBehavior [ RunTime:0.000008s ]
INFO: [ app_init ] --END-- [ RunTime:0.000203s ]

[ 2016-12-02T15:48:29+08:00 ] ::1 /jb555host/PersonalTailor/Template/Public/notify-js/bootstrap-notify.js
INFO: [ app_init ] --START--
INFO: Run Behavior\BuildLiteBehavior [ RunTime:0.000011s ]
INFO: [ app_init ] --END-- [ RunTime:0.000317s ]
ERR: 无法加载模块:Template

[ 2016-12-02T15:48:29+08:00 ] ::1 /jb555host/PersonalTailor/Template/Public/notify-js/bootstrap-notify.min.js
INFO: [ app_init ] --START--
INFO: Run Behavior\BuildLiteBehavior [ RunTime:0.000012s ]
INFO: [ app_init ] --END-- [ RunTime:0.000302s ]
ERR: 无法加载模块:Template

[ 2016-12-02T15:48:29+08:00 ] ::1 /jb555host/PersonalTailor/index.php/ManufactorAdmin/Activity/dist/img/user4-128x128.jpg
INFO: [ app_init ] --START--
INFO: Run Behavior\BuildLiteBehavior [ RunTime:0.000012s ]
INFO: [ app_init ] --END-- [ RunTime:0.000304s ]

[ 2016-12-02T15:48:29+08:00 ] ::1 /jb555host/PersonalTailor/index.php/ManufactorAdmin/Activity/dist/img/user3-128x128.jpg
INFO: [ app_init ] --START--
INFO: Run Behavior\BuildLiteBehavior [ RunTime:0.000012s ]
INFO: [ app_init ] --END-- [ RunTime:0.000350s ]

[ 2016-12-02T15:48:29+08:00 ] ::1 /jb555host/PersonalTailor/Template/Public/notify-js/bootstrap-notify.min.js
INFO: [ app_init ] --START--
INFO: Run Behavior\BuildLiteBehavior [ RunTime:0.000009s ]
INFO: [ app_init ] --END-- [ RunTime:0.000241s ]
ERR: 无法加载模块:Template

[ 2016-12-02T15:55:46+08:00 ] ::1 /jb555host/PersonalTailor/index.php/ManufactorAdmin/Activity/dist/img/user2-160x160.jpg
INFO: [ app_init ] --START--
INFO: Run Behavior\BuildLiteBehavior [ RunTime:0.000007s ]
INFO: [ app_init ] --END-- [ RunTime:0.000238s ]

[ 2016-12-02T15:55:46+08:00 ] ::1 /jb555host/PersonalTailor/index.php/ManufactorAdmin/Activity/dist/img/user4-128x128.jpg
INFO: [ app_init ] --START--
INFO: Run Behavior\BuildLiteBehavior [ RunTime:0.000009s ]
INFO: [ app_init ] --END-- [ RunTime:0.000347s ]

[ 2016-12-02T15:55:46+08:00 ] ::1 /jb555host/PersonalTailor/index.php/ManufactorAdmin/Activity/dist/img/user3-128x128.jpg
INFO: [ app_init ] --START--
INFO: Run Behavior\BuildLiteBehavior [ RunTime:0.000008s ]
INFO: [ app_init ] --END-- [ RunTime:0.000244s ]

[ 2016-12-02T15:55:46+08:00 ] ::1 /jb555host/PersonalTailor/Template/Public/notify-js/bootstrap-notify.js
INFO: [ app_init ] --START--
INFO: Run Behavior\BuildLiteBehavior [ RunTime:0.000011s ]
INFO: [ app_init ] --END-- [ RunTime:0.000373s ]
ERR: 无法加载模块:Template

[ 2016-12-02T15:55:46+08:00 ] ::1 /jb555host/PersonalTailor/Template/Public/notify-js/bootstrap-notify.min.js
INFO: [ app_init ] --START--
INFO: Run Behavior\BuildLiteBehavior [ RunTime:0.000008s ]
INFO: [ app_init ] --END-- [ RunTime:0.000375s ]
ERR: 无法加载模块:Template

[ 2016-12-02T15:55:46+08:00 ] ::1 /jb555host/PersonalTailor/Template/Public/notify-js/bootstrap-notify.min.js
INFO: [ app_init ] --START--
INFO: Run Behavior\BuildLiteBehavior [ RunTime:0.000007s ]
INFO: [ app_init ] --END-- [ RunTime:0.000241s ]
ERR: 无法加载模块:Template

[ 2016-12-02T15:56:55+08:00 ] ::1 /jb555host/PersonalTailor/index.php/ManufactorAdmin/Activity/dist/img/user2-160x160.jpg
INFO: [ app_init ] --START--
INFO: Run Behavior\BuildLiteBehavior [ RunTime:0.000014s ]
INFO: [ app_init ] --END-- [ RunTime:0.000386s ]

[ 2016-12-02T15:56:55+08:00 ] ::1 /jb555host/PersonalTailor/index.php/ManufactorAdmin/Activity/dist/img/user4-128x128.jpg
INFO: [ app_init ] --START--
INFO: Run Behavior\BuildLiteBehavior [ RunTime:0.000013s ]
INFO: [ app_init ] --END-- [ RunTime:0.000309s ]

[ 2016-12-02T15:56:55+08:00 ] ::1 /jb555host/PersonalTailor/index.php/ManufactorAdmin/Activity/dist/img/user3-128x128.jpg
INFO: [ app_init ] --START--
INFO: Run Behavior\BuildLiteBehavior [ RunTime:0.000015s ]
INFO: [ app_init ] --END-- [ RunTime:0.000294s ]

[ 2016-12-02T15:56:55+08:00 ] ::1 /jb555host/PersonalTailor/Template/Public/notify-js/bootstrap-notify.min.js
INFO: [ app_init ] --START--
INFO: Run Behavior\BuildLiteBehavior [ RunTime:0.000008s ]
INFO: [ app_init ] --END-- [ RunTime:0.000262s ]
ERR: 无法加载模块:Template

[ 2016-12-02T15:56:55+08:00 ] ::1 /jb555host/PersonalTailor/Template/Public/notify-js/bootstrap-notify.js
INFO: [ app_init ] --START--
INFO: Run Behavior\BuildLiteBehavior [ RunTime:0.000008s ]
INFO: [ app_init ] --END-- [ RunTime:0.000252s ]
ERR: 无法加载模块:Template

[ 2016-12-02T15:56:55+08:00 ] ::1 /jb555host/PersonalTailor/Template/Public/notify-js/bootstrap-notify.min.js
INFO: [ app_init ] --START--
INFO: Run Behavior\BuildLiteBehavior [ RunTime:0.000007s ]
INFO: [ app_init ] --END-- [ RunTime:0.000280s ]
ERR: 无法加载模块:Template

[ 2016-12-02T15:57:00+08:00 ] ::1 /jb555host/PersonalTailor/index.php/ManufactorAdmin/Index/dist/img/user4-128x128.jpg
INFO: [ app_init ] --START--
INFO: Run Behavior\BuildLiteBehavior [ RunTime:0.000008s ]
INFO: [ app_init ] --END-- [ RunTime:0.000226s ]

[ 2016-12-02T15:57:00+08:00 ] ::1 /jb555host/PersonalTailor/Template/Public/notify-js/bootstrap-notify.min.js
INFO: [ app_init ] --START--
INFO: Run Behavior\BuildLiteBehavior [ RunTime:0.000009s ]
INFO: [ app_init ] --END-- [ RunTime:0.000234s ]
ERR: 无法加载模块:Template

[ 2016-12-02T15:57:00+08:00 ] ::1 /jb555host/PersonalTailor/index.php/ManufactorAdmin/Index/dist/img/user2-160x160.jpg
INFO: [ app_init ] --START--
INFO: Run Behavior\BuildLiteBehavior [ RunTime:0.000009s ]
INFO: [ app_init ] --END-- [ RunTime:0.000375s ]

[ 2016-12-02T15:57:00+08:00 ] ::1 /jb555host/PersonalTailor/index.php/ManufactorAdmin/Index/dist/img/user3-128x128.jpg
INFO: [ app_init ] --START--
INFO: Run Behavior\BuildLiteBehavior [ RunTime:0.000008s ]
INFO: [ app_init ] --END-- [ RunTime:0.000262s ]

[ 2016-12-02T15:57:00+08:00 ] ::1 /jb555host/PersonalTailor/Template/Public/notify-js/bootstrap-notify.js
INFO: [ app_init ] --START--
INFO: Run Behavior\BuildLiteBehavior [ RunTime:0.000012s ]
INFO: [ app_init ] --END-- [ RunTime:0.000374s ]
ERR: 无法加载模块:Template

[ 2016-12-02T15:57:11+08:00 ] ::1 /jb555host/PersonalTailor/index.php/ManufactorAdmin/Activity/dist/img/user2-160x160.jpg
INFO: [ app_init ] --START--
INFO: Run Behavior\BuildLiteBehavior [ RunTime:0.000009s ]
INFO: [ app_init ] --END-- [ RunTime:0.000222s ]

[ 2016-12-02T15:57:11+08:00 ] ::1 /jb555host/PersonalTailor/Template/Public/notify-js/bootstrap-notify.js
INFO: [ app_init ] --START--
INFO: Run Behavior\BuildLiteBehavior [ RunTime:0.000014s ]
INFO: [ app_init ] --END-- [ RunTime:0.000351s ]
ERR: 无法加载模块:Template

[ 2016-12-02T15:57:11+08:00 ] ::1 /jb555host/PersonalTailor/index.php/ManufactorAdmin/Activity/dist/img/user4-128x128.jpg
INFO: [ app_init ] --START--
INFO: Run Behavior\BuildLiteBehavior [ RunTime:0.000010s ]
INFO: [ app_init ] --END-- [ RunTime:0.000380s ]

[ 2016-12-02T15:57:11+08:00 ] ::1 /jb555host/PersonalTailor/index.php/ManufactorAdmin/Activity/dist/img/user3-128x128.jpg
INFO: [ app_init ] --START--
INFO: Run Behavior\BuildLiteBehavior [ RunTime:0.000008s ]
INFO: [ app_init ] --END-- [ RunTime:0.000254s ]

[ 2016-12-02T15:57:11+08:00 ] ::1 /jb555host/PersonalTailor/Template/Public/notify-js/bootstrap-notify.min.js
INFO: [ app_init ] --START--
INFO: Run Behavior\BuildLiteBehavior [ RunTime:0.000007s ]
INFO: [ app_init ] --END-- [ RunTime:0.000255s ]
ERR: 无法加载模块:Template

[ 2016-12-02T15:57:11+08:00 ] ::1 /jb555host/PersonalTailor/Template/Public/notify-js/bootstrap-notify.min.js
INFO: [ app_init ] --START--
INFO: Run Behavior\BuildLiteBehavior [ RunTime:0.000008s ]
INFO: [ app_init ] --END-- [ RunTime:0.000246s ]
ERR: 无法加载模块:Template

[ 2016-12-02T16:02:48+08:00 ] ::1 /jb555host/PersonalTailor/index.php/ManufactorAdmin/Activity/dist/img/user2-160x160.jpg
INFO: [ app_init ] --START--
INFO: Run Behavior\BuildLiteBehavior [ RunTime:0.000009s ]
INFO: [ app_init ] --END-- [ RunTime:0.000263s ]

[ 2016-12-02T16:02:48+08:00 ] ::1 /jb555host/PersonalTailor/index.php/ManufactorAdmin/Activity/dist/img/user4-128x128.jpg
INFO: [ app_init ] --START--
INFO: Run Behavior\BuildLiteBehavior [ RunTime:0.000013s ]
INFO: [ app_init ] --END-- [ RunTime:0.000363s ]

[ 2016-12-02T16:02:48+08:00 ] ::1 /jb555host/PersonalTailor/index.php/ManufactorAdmin/Activity/dist/img/user3-128x128.jpg
INFO: [ app_init ] --START--
INFO: Run Behavior\BuildLiteBehavior [ RunTime:0.000013s ]
INFO: [ app_init ] --END-- [ RunTime:0.000389s ]

[ 2016-12-02T16:02:48+08:00 ] ::1 /jb555host/PersonalTailor/Template/Public/notify-js/bootstrap-notify.js
INFO: [ app_init ] --START--
INFO: Run Behavior\BuildLiteBehavior [ RunTime:0.000011s ]
INFO: [ app_init ] --END-- [ RunTime:0.000379s ]
ERR: 无法加载模块:Template

[ 2016-12-02T16:02:48+08:00 ] ::1 /jb555host/PersonalTailor/Template/Public/notify-js/bootstrap-notify.min.js
INFO: [ app_init ] --START--
INFO: Run Behavior\BuildLiteBehavior [ RunTime:0.000011s ]
INFO: [ app_init ] --END-- [ RunTime:0.000359s ]
ERR: 无法加载模块:Template

[ 2016-12-02T16:03:30+08:00 ] ::1 /jb555host/PersonalTailor/index.php/ManufactorAdmin/Activity/dist/img/user2-160x160.jpg
INFO: [ app_init ] --START--
INFO: Run Behavior\BuildLiteBehavior [ RunTime:0.000008s ]
INFO: [ app_init ] --END-- [ RunTime:0.000274s ]

[ 2016-12-02T16:03:30+08:00 ] ::1 /jb555host/PersonalTailor/Template/Public/notify-js/bootstrap-notify.min.js
INFO: [ app_init ] --START--
INFO: Run Behavior\BuildLiteBehavior [ RunTime:0.000009s ]
INFO: [ app_init ] --END-- [ RunTime:0.000228s ]
ERR: 无法加载模块:Template

[ 2016-12-02T16:03:30+08:00 ] ::1 /jb555host/PersonalTailor/index.php/ManufactorAdmin/Activity/dist/img/user3-128x128.jpg
INFO: [ app_init ] --START--
INFO: Run Behavior\BuildLiteBehavior [ RunTime:0.000008s ]
INFO: [ app_init ] --END-- [ RunTime:0.000297s ]

[ 2016-12-02T16:03:30+08:00 ] ::1 /jb555host/PersonalTailor/index.php/ManufactorAdmin/Activity/dist/img/user4-128x128.jpg
INFO: [ app_init ] --START--
INFO: Run Behavior\BuildLiteBehavior [ RunTime:0.000012s ]
INFO: [ app_init ] --END-- [ RunTime:0.000370s ]

[ 2016-12-02T16:03:30+08:00 ] ::1 /jb555host/PersonalTailor/Template/Public/notify-js/bootstrap-notify.js
INFO: [ app_init ] --START--
INFO: Run Behavior\BuildLiteBehavior [ RunTime:0.000008s ]
INFO: [ app_init ] --END-- [ RunTime:0.000250s ]
ERR: 无法加载模块:Template

[ 2016-12-02T16:03:43+08:00 ] ::1 /jb555host/PersonalTailor/index.php/ManufactorAdmin/Activity/dist/img/user2-160x160.jpg
INFO: [ app_init ] --START--
INFO: Run Behavior\BuildLiteBehavior [ RunTime:0.000010s ]
INFO: [ app_init ] --END-- [ RunTime:0.000270s ]

[ 2016-12-02T16:03:43+08:00 ] ::1 /jb555host/PersonalTailor/Template/Public/notify-js/bootstrap-notify.js
INFO: [ app_init ] --START--
INFO: Run Behavior\BuildLiteBehavior [ RunTime:0.000015s ]
INFO: [ app_init ] --END-- [ RunTime:0.000313s ]
ERR: 无法加载模块:Template

[ 2016-12-02T16:03:43+08:00 ] ::1 /jb555host/PersonalTailor/index.php/ManufactorAdmin/Activity/dist/img/user3-128x128.jpg
INFO: [ app_init ] --START--
INFO: Run Behavior\BuildLiteBehavior [ RunTime:0.000012s ]
INFO: [ app_init ] --END-- [ RunTime:0.000314s ]

[ 2016-12-02T16:03:43+08:00 ] ::1 /jb555host/PersonalTailor/Template/Public/notify-js/bootstrap-notify.min.js
INFO: [ app_init ] --START--
INFO: Run Behavior\BuildLiteBehavior [ RunTime:0.000009s ]
INFO: [ app_init ] --END-- [ RunTime:0.000265s ]
ERR: 无法加载模块:Template

[ 2016-12-02T16:03:43+08:00 ] ::1 /jb555host/PersonalTailor/Template/Public/notify-js/bootstrap-notify.min.js
INFO: [ app_init ] --START--
INFO: Run Behavior\BuildLiteBehavior [ RunTime:0.000008s ]
INFO: [ app_init ] --END-- [ RunTime:0.000208s ]
ERR: 无法加载模块:Template

[ 2016-12-02T16:04:59+08:00 ] ::1 /jb555host/PersonalTailor/index.php/ManufactorAdmin/Activity/dist/img/user2-160x160.jpg
INFO: [ app_init ] --START--
INFO: Run Behavior\BuildLiteBehavior [ RunTime:0.000013s ]
INFO: [ app_init ] --END-- [ RunTime:0.000388s ]

[ 2016-12-02T16:04:59+08:00 ] ::1 /jb555host/PersonalTailor/index.php/ManufactorAdmin/Activity/dist/img/user4-128x128.jpg
INFO: [ app_init ] --START--
INFO: Run Behavior\BuildLiteBehavior [ RunTime:0.000013s ]
INFO: [ app_init ] --END-- [ RunTime:0.000341s ]

[ 2016-12-02T16:04:59+08:00 ] ::1 /jb555host/PersonalTailor/Template/Public/notify-js/bootstrap-notify.min.js
INFO: [ app_init ] --START--
INFO: Run Behavior\BuildLiteBehavior [ RunTime:0.000009s ]
INFO: [ app_init ] --END-- [ RunTime:0.000231s ]
ERR: 无法加载模块:Template

[ 2016-12-02T16:04:59+08:00 ] ::1 /jb555host/PersonalTailor/index.php/ManufactorAdmin/Activity/dist/img/user3-128x128.jpg
INFO: [ app_init ] --START--
INFO: Run Behavior\BuildLiteBehavior [ RunTime:0.000008s ]
INFO: [ app_init ] --END-- [ RunTime:0.000257s ]

[ 2016-12-02T16:04:59+08:00 ] ::1 /jb555host/PersonalTailor/Template/Public/notify-js/bootstrap-notify.js
INFO: [ app_init ] --START--
INFO: Run Behavior\BuildLiteBehavior [ RunTime:0.000008s ]
INFO: [ app_init ] --END-- [ RunTime:0.000282s ]
ERR: 无法加载模块:Template

[ 2016-12-02T16:04:59+08:00 ] ::1 /jb555host/PersonalTailor/Template/Public/notify-js/bootstrap-notify.min.js
INFO: [ app_init ] --START--
INFO: Run Behavior\BuildLiteBehavior [ RunTime:0.000008s ]
INFO: [ app_init ] --END-- [ RunTime:0.000273s ]
ERR: 无法加载模块:Template

[ 2016-12-02T16:05:11+08:00 ] ::1 /jb555host/PersonalTailor/index.php/ManufactorAdmin/Activity/dist/img/user2-160x160.jpg
INFO: [ app_init ] --START--
INFO: Run Behavior\BuildLiteBehavior [ RunTime:0.000009s ]
INFO: [ app_init ] --END-- [ RunTime:0.000260s ]

[ 2016-12-02T16:05:11+08:00 ] ::1 /jb555host/PersonalTailor/Template/Public/notify-js/bootstrap-notify.js
INFO: [ app_init ] --START--
INFO: Run Behavior\BuildLiteBehavior [ RunTime:0.000013s ]
INFO: [ app_init ] --END-- [ RunTime:0.000352s ]
ERR: 无法加载模块:Template

[ 2016-12-02T16:05:11+08:00 ] ::1 /jb555host/PersonalTailor/Template/Public/notify-js/bootstrap-notify.min.js
INFO: [ app_init ] --START--
INFO: Run Behavior\BuildLiteBehavior [ RunTime:0.000015s ]
INFO: [ app_init ] --END-- [ RunTime:0.000303s ]
ERR: 无法加载模块:Template

[ 2016-12-02T16:05:11+08:00 ] ::1 /jb555host/PersonalTailor/index.php/ManufactorAdmin/Activity/dist/img/user4-128x128.jpg
INFO: [ app_init ] --START--
INFO: Run Behavior\BuildLiteBehavior [ RunTime:0.000008s ]
INFO: [ app_init ] --END-- [ RunTime:0.000270s ]

[ 2016-12-02T16:05:11+08:00 ] ::1 /jb555host/PersonalTailor/index.php/ManufactorAdmin/Activity/dist/img/user3-128x128.jpg
INFO: [ app_init ] --START--
INFO: Run Behavior\BuildLiteBehavior [ RunTime:0.000008s ]
INFO: [ app_init ] --END-- [ RunTime:0.000271s ]

[ 2016-12-02T16:05:11+08:00 ] ::1 /jb555host/PersonalTailor/Template/Public/notify-js/bootstrap-notify.min.js
INFO: [ app_init ] --START--
INFO: Run Behavior\BuildLiteBehavior [ RunTime:0.000008s ]
INFO: [ app_init ] --END-- [ RunTime:0.000205s ]
ERR: 无法加载模块:Template

[ 2016-12-02T16:05:23+08:00 ] ::1 /jb555host/PersonalTailor/Template/Public/lib/kindeditor/attached/img/image/20161202/20161202090523_45570.jpg
INFO: [ app_init ] --START--
INFO: Run Behavior\BuildLiteBehavior [ RunTime:0.000009s ]
INFO: [ app_init ] --END-- [ RunTime:0.000315s ]

[ 2016-12-02T16:08:20+08:00 ] ::1 /jb555host/PersonalTailor/Template/Public/lib/kindeditor/attached/img/image/20161202/20161202090523_45570.jpg
INFO: [ app_init ] --START--
INFO: Run Behavior\BuildLiteBehavior [ RunTime:0.000009s ]
INFO: [ app_init ] --END-- [ RunTime:0.000259s ]

[ 2016-12-02T16:08:26+08:00 ] ::1 /jb555host/PersonalTailor/Template/Public/notify-js/bootstrap-notify.js
INFO: [ app_init ] --START--
INFO: Run Behavior\BuildLiteBehavior [ RunTime:0.000014s ]
INFO: [ app_init ] --END-- [ RunTime:0.000267s ]
ERR: 无法加载模块:Template

[ 2016-12-02T16:08:26+08:00 ] ::1 /jb555host/PersonalTailor/Template/Public/notify-js/bootstrap-notify.min.js
INFO: [ app_init ] --START--
INFO: Run Behavior\BuildLiteBehavior [ RunTime:0.000013s ]
INFO: [ app_init ] --END-- [ RunTime:0.000373s ]
ERR: 无法加载模块:Template

[ 2016-12-02T16:08:26+08:00 ] ::1 /jb555host/PersonalTailor/index.php/ManufactorAdmin/Activity/dist/img/user4-128x128.jpg
INFO: [ app_init ] --START--
INFO: Run Behavior\BuildLiteBehavior [ RunTime:0.000013s ]
INFO: [ app_init ] --END-- [ RunTime:0.000352s ]

[ 2016-12-02T16:08:26+08:00 ] ::1 /jb555host/PersonalTailor/index.php/ManufactorAdmin/Activity/dist/img/user3-128x128.jpg
INFO: [ app_init ] --START--
INFO: Run Behavior\BuildLiteBehavior [ RunTime:0.000008s ]
INFO: [ app_init ] --END-- [ RunTime:0.000342s ]

[ 2016-12-02T16:08:26+08:00 ] ::1 /jb555host/PersonalTailor/index.php/ManufactorAdmin/Activity/dist/img/user2-160x160.jpg
INFO: [ app_init ] --START--
INFO: Run Behavior\BuildLiteBehavior [ RunTime:0.000012s ]
INFO: [ app_init ] --END-- [ RunTime:0.000344s ]

[ 2016-12-02T16:08:26+08:00 ] ::1 /jb555host/PersonalTailor/Template/Public/notify-js/bootstrap-notify.js
INFO: [ app_init ] --START--
INFO: Run Behavior\BuildLiteBehavior [ RunTime:0.000009s ]
INFO: [ app_init ] --END-- [ RunTime:0.000250s ]
ERR: 无法加载模块:Template

[ 2016-12-02T16:08:26+08:00 ] ::1 /jb555host/PersonalTailor/Template/Public/notify-js/bootstrap-notify.min.js
INFO: [ app_init ] --START--
INFO: Run Behavior\BuildLiteBehavior [ RunTime:0.000009s ]
INFO: [ app_init ] --END-- [ RunTime:0.000250s ]
ERR: 无法加载模块:Template

[ 2016-12-02T16:08:50+08:00 ] ::1 /jb555host/PersonalTailor/Template/Public/notify-js/bootstrap-notify.js
INFO: [ app_init ] --START--
INFO: Run Behavior\BuildLiteBehavior [ RunTime:0.000011s ]
INFO: [ app_init ] --END-- [ RunTime:0.000302s ]
ERR: 无法加载模块:Template

[ 2016-12-02T16:08:50+08:00 ] ::1 /jb555host/PersonalTailor/Template/Public/notify-js/bootstrap-notify.min.js
INFO: [ app_init ] --START--
INFO: Run Behavior\BuildLiteBehavior [ RunTime:0.000012s ]
INFO: [ app_init ] --END-- [ RunTime:0.000375s ]
ERR: 无法加载模块:Template

[ 2016-12-02T16:08:50+08:00 ] ::1 /jb555host/PersonalTailor/index.php/ManufactorAdmin/Activity/dist/img/user4-128x128.jpg
INFO: [ app_init ] --START--
INFO: Run Behavior\BuildLiteBehavior [ RunTime:0.000014s ]
INFO: [ app_init ] --END-- [ RunTime:0.000303s ]

[ 2016-12-02T16:08:50+08:00 ] ::1 /jb555host/PersonalTailor/index.php/ManufactorAdmin/Activity/dist/img/user3-128x128.jpg
INFO: [ app_init ] --START--
INFO: Run Behavior\BuildLiteBehavior [ RunTime:0.000010s ]
INFO: [ app_init ] --END-- [ RunTime:0.000282s ]

[ 2016-12-02T16:08:50+08:00 ] ::1 /jb555host/PersonalTailor/index.php/ManufactorAdmin/Activity/dist/img/user2-160x160.jpg
INFO: [ app_init ] --START--
INFO: Run Behavior\BuildLiteBehavior [ RunTime:0.000012s ]
INFO: [ app_init ] --END-- [ RunTime:0.000438s ]

[ 2016-12-02T16:08:50+08:00 ] ::1 /jb555host/PersonalTailor/Template/Public/notify-js/bootstrap-notify.js
INFO: [ app_init ] --START--
INFO: Run Behavior\BuildLiteBehavior [ RunTime:0.000013s ]
INFO: [ app_init ] --END-- [ RunTime:0.000392s ]
ERR: 无法加载模块:Template

[ 2016-12-02T16:08:50+08:00 ] ::1 /jb555host/PersonalTailor/Template/Public/notify-js/bootstrap-notify.min.js
INFO: [ app_init ] --START--
INFO: Run Behavior\BuildLiteBehavior [ RunTime:0.000011s ]
INFO: [ app_init ] --END-- [ RunTime:0.000317s ]
ERR: 无法加载模块:Template

[ 2016-12-02T16:11:39+08:00 ] ::1 /jb555host/PersonalTailor/Template/Public/notify-js/bootstrap-notify.js
INFO: [ app_init ] --START--
INFO: Run Behavior\BuildLiteBehavior [ RunTime:0.000012s ]
INFO: [ app_init ] --END-- [ RunTime:0.000296s ]
ERR: 无法加载模块:Template

[ 2016-12-02T16:11:39+08:00 ] ::1 /jb555host/PersonalTailor/Template/Public/notify-js/bootstrap-notify.min.js
INFO: [ app_init ] --START--
INFO: Run Behavior\BuildLiteBehavior [ RunTime:0.000010s ]
INFO: [ app_init ] --END-- [ RunTime:0.000364s ]
ERR: 无法加载模块:Template

[ 2016-12-02T16:11:39+08:00 ] ::1 /jb555host/PersonalTailor/index.php/ManufactorAdmin/Activity/dist/img/user3-128x128.jpg
INFO: [ app_init ] --START--
INFO: Run Behavior\BuildLiteBehavior [ RunTime:0.000009s ]
INFO: [ app_init ] --END-- [ RunTime:0.000251s ]

[ 2016-12-02T16:11:39+08:00 ] ::1 /jb555host/PersonalTailor/index.php/ManufactorAdmin/Activity/dist/img/user4-128x128.jpg
INFO: [ app_init ] --START--
INFO: Run Behavior\BuildLiteBehavior [ RunTime:0.000016s ]
INFO: [ app_init ] --END-- [ RunTime:0.000438s ]

[ 2016-12-02T16:11:39+08:00 ] ::1 /jb555host/PersonalTailor/index.php/ManufactorAdmin/Activity/dist/img/user2-160x160.jpg
INFO: [ app_init ] --START--
INFO: Run Behavior\BuildLiteBehavior [ RunTime:0.000012s ]
INFO: [ app_init ] --END-- [ RunTime:0.000388s ]

[ 2016-12-02T16:11:42+08:00 ] ::1 /jb555host/PersonalTailor/Template/Public/notify-js/bootstrap-notify.js
INFO: [ app_init ] --START--
INFO: Run Behavior\BuildLiteBehavior [ RunTime:0.000008s ]
INFO: [ app_init ] --END-- [ RunTime:0.000227s ]
ERR: 无法加载模块:Template

[ 2016-12-02T16:11:42+08:00 ] ::1 /jb555host/PersonalTailor/Template/Public/notify-js/bootstrap-notify.min.js
INFO: [ app_init ] --START--
INFO: Run Behavior\BuildLiteBehavior [ RunTime:0.000009s ]
INFO: [ app_init ] --END-- [ RunTime:0.000229s ]
ERR: 无法加载模块:Template

[ 2016-12-02T16:26:34+08:00 ] ::1 /jb555host/PersonalTailor/index.php/ManufactorAdmin/Activity/dist/img/user2-160x160.jpg
INFO: [ app_init ] --START--
INFO: Run Behavior\BuildLiteBehavior [ RunTime:0.000009s ]
INFO: [ app_init ] --END-- [ RunTime:0.000258s ]

[ 2016-12-02T16:26:34+08:00 ] ::1 /jb555host/PersonalTailor/index.php/ManufactorAdmin/Activity/dist/img/user3-128x128.jpg
INFO: [ app_init ] --START--
INFO: Run Behavior\BuildLiteBehavior [ RunTime:0.000010s ]
INFO: [ app_init ] --END-- [ RunTime:0.000288s ]

[ 2016-12-02T16:26:34+08:00 ] ::1 /jb555host/PersonalTailor/Template/Public/notify-js/bootstrap-notify.min.js
INFO: [ app_init ] --START--
INFO: Run Behavior\BuildLiteBehavior [ RunTime:0.000010s ]
INFO: [ app_init ] --END-- [ RunTime:0.000279s ]
ERR: 无法加载模块:Template

[ 2016-12-02T16:26:34+08:00 ] ::1 /jb555host/PersonalTailor/index.php/ManufactorAdmin/Activity/dist/img/user4-128x128.jpg
INFO: [ app_init ] --START--
INFO: Run Behavior\BuildLiteBehavior [ RunTime:0.000008s ]
INFO: [ app_init ] --END-- [ RunTime:0.000275s ]

[ 2016-12-02T16:26:34+08:00 ] ::1 /jb555host/PersonalTailor/Template/Public/notify-js/bootstrap-notify.js
INFO: [ app_init ] --START--
INFO: Run Behavior\BuildLiteBehavior [ RunTime:0.000012s ]
INFO: [ app_init ] --END-- [ RunTime:0.000401s ]
ERR: 无法加载模块:Template

[ 2016-12-02T16:27:08+08:00 ] ::1 /jb555host/PersonalTailor/index.php/ManufactorAdmin/Activity/dist/img/user2-160x160.jpg
INFO: [ app_init ] --START--
INFO: Run Behavior\BuildLiteBehavior [ RunTime:0.000013s ]
INFO: [ app_init ] --END-- [ RunTime:0.000464s ]

[ 2016-12-02T16:27:08+08:00 ] ::1 /jb555host/PersonalTailor/index.php/ManufactorAdmin/Activity/dist/img/user4-128x128.jpg
INFO: [ app_init ] --START--
INFO: Run Behavior\BuildLiteBehavior [ RunTime:0.000009s ]
INFO: [ app_init ] --END-- [ RunTime:0.000255s ]

[ 2016-12-02T16:27:08+08:00 ] ::1 /jb555host/PersonalTailor/Template/Public/notify-js/bootstrap-notify.js
INFO: [ app_init ] --START--
INFO: Run Behavior\BuildLiteBehavior [ RunTime:0.000013s ]
INFO: [ app_init ] --END-- [ RunTime:0.000328s ]
ERR: 无法加载模块:Template

[ 2016-12-02T16:27:08+08:00 ] ::1 /jb555host/PersonalTailor/Template/Public/notify-js/bootstrap-notify.min.js
INFO: [ app_init ] --START--
INFO: Run Behavior\BuildLiteBehavior [ RunTime:0.000008s ]
INFO: [ app_init ] --END-- [ RunTime:0.000273s ]
ERR: 无法加载模块:Template

[ 2016-12-02T16:27:08+08:00 ] ::1 /jb555host/PersonalTailor/index.php/ManufactorAdmin/Activity/dist/img/user3-128x128.jpg
INFO: [ app_init ] --START--
INFO: Run Behavior\BuildLiteBehavior [ RunTime:0.000009s ]
INFO: [ app_init ] --END-- [ RunTime:0.000267s ]

[ 2016-12-02T16:27:08+08:00 ] ::1 /jb555host/PersonalTailor/Template/Public/notify-js/bootstrap-notify.min.js
INFO: [ app_init ] --START--
INFO: Run Behavior\BuildLiteBehavior [ RunTime:0.000007s ]
INFO: [ app_init ] --END-- [ RunTime:0.000241s ]
ERR: 无法加载模块:Template

[ 2016-12-02T16:27:50+08:00 ] ::1 /jb555host/PersonalTailor/index.php/ManufactorAdmin/Activity/dist/img/user2-160x160.jpg
INFO: [ app_init ] --START--
INFO: Run Behavior\BuildLiteBehavior [ RunTime:0.000009s ]
INFO: [ app_init ] --END-- [ RunTime:0.000245s ]

[ 2016-12-02T16:27:50+08:00 ] ::1 /jb555host/PersonalTailor/index.php/ManufactorAdmin/Activity/dist/img/user3-128x128.jpg
INFO: [ app_init ] --START--
INFO: Run Behavior\BuildLiteBehavior [ RunTime:0.000022s ]
INFO: [ app_init ] --END-- [ RunTime:0.000390s ]

[ 2016-12-02T16:27:50+08:00 ] ::1 /jb555host/PersonalTailor/Template/Public/notify-js/bootstrap-notify.js
INFO: [ app_init ] --START--
INFO: Run Behavior\BuildLiteBehavior [ RunTime:0.000008s ]
INFO: [ app_init ] --END-- [ RunTime:0.000303s ]
ERR: 无法加载模块:Template

[ 2016-12-02T16:27:50+08:00 ] ::1 /jb555host/PersonalTailor/Template/Public/notify-js/bootstrap-notify.min.js
INFO: [ app_init ] --START--
INFO: Run Behavior\BuildLiteBehavior [ RunTime:0.000010s ]
INFO: [ app_init ] --END-- [ RunTime:0.000377s ]
ERR: 无法加载模块:Template

[ 2016-12-02T16:27:50+08:00 ] ::1 /jb555host/PersonalTailor/index.php/ManufactorAdmin/Activity/dist/img/user4-128x128.jpg
INFO: [ app_init ] --START--
INFO: Run Behavior\BuildLiteBehavior [ RunTime:0.000014s ]
INFO: [ app_init ] --END-- [ RunTime:0.000421s ]

[ 2016-12-02T16:46:30+08:00 ] ::1 /jb555host/PersonalTailor/Template/Public/notify-js/bootstrap-notify.js
INFO: [ app_init ] --START--
INFO: Run Behavior\BuildLiteBehavior [ RunTime:0.000012s ]
INFO: [ app_init ] --END-- [ RunTime:0.000373s ]
ERR: 无法加载模块:Template

[ 2016-12-02T16:46:30+08:00 ] ::1 /jb555host/PersonalTailor/Template/Public/notify-js/bootstrap-notify.min.js
INFO: [ app_init ] --START--
INFO: Run Behavior\BuildLiteBehavior [ RunTime:0.000012s ]
INFO: [ app_init ] --END-- [ RunTime:0.000374s ]
ERR: 无法加载模块:Template

[ 2016-12-02T16:46:30+08:00 ] ::1 /jb555host/PersonalTailor/dist/img/user2-160x160.jpg
INFO: [ app_init ] --START--
INFO: Run Behavior\BuildLiteBehavior [ RunTime:0.000010s ]
INFO: [ app_init ] --END-- [ RunTime:0.000366s ]

[ 2016-12-02T16:46:30+08:00 ] ::1 /jb555host/PersonalTailor/dist/img/user3-128x128.jpg
INFO: [ app_init ] --START--
INFO: Run Behavior\BuildLiteBehavior [ RunTime:0.000011s ]
INFO: [ app_init ] --END-- [ RunTime:0.000341s ]

[ 2016-12-02T16:46:30+08:00 ] ::1 /jb555host/PersonalTailor/Template/Public/notify-js/bootstrap-notify.min.js
INFO: [ app_init ] --START--
INFO: Run Behavior\BuildLiteBehavior [ RunTime:0.000009s ]
INFO: [ app_init ] --END-- [ RunTime:0.000267s ]
ERR: 无法加载模块:Template

[ 2016-12-02T16:46:34+08:00 ] ::1 /jb555host/PersonalTailor/pages/charts/chartjs.html
INFO: [ app_init ] --START--
INFO: Run Behavior\BuildLiteBehavior [ RunTime:0.000010s ]
INFO: [ app_init ] --END-- [ RunTime:0.000281s ]
ERR: 无法加载模块:Pages

[ 2016-12-02T16:46:37+08:00 ] ::1 /jb555host/PersonalTailor/index.php/ManufactorAdmin/Activity/dist/img/user2-160x160.jpg
INFO: [ app_init ] --START--
INFO: Run Behavior\BuildLiteBehavior [ RunTime:0.000009s ]
INFO: [ app_init ] --END-- [ RunTime:0.000266s ]

[ 2016-12-02T16:46:37+08:00 ] ::1 /jb555host/PersonalTailor/index.php/ManufactorAdmin/Activity/dist/img/user4-128x128.jpg
INFO: [ app_init ] --START--
INFO: Run Behavior\BuildLiteBehavior [ RunTime:0.000009s ]
INFO: [ app_init ] --END-- [ RunTime:0.000445s ]

[ 2016-12-02T16:46:37+08:00 ] ::1 /jb555host/PersonalTailor/Template/Public/notify-js/bootstrap-notify.min.js
INFO: [ app_init ] --START--
INFO: Run Behavior\BuildLiteBehavior [ RunTime:0.000012s ]
INFO: [ app_init ] --END-- [ RunTime:0.000371s ]
ERR: 无法加载模块:Template

[ 2016-12-02T16:46:37+08:00 ] ::1 /jb555host/PersonalTailor/Template/Public/notify-js/bootstrap-notify.js
INFO: [ app_init ] --START--
INFO: Run Behavior\BuildLiteBehavior [ RunTime:0.000011s ]
INFO: [ app_init ] --END-- [ RunTime:0.000387s ]
ERR: 无法加载模块:Template

[ 2016-12-02T19:09:54+08:00 ] ::1 /jb555host/PersonalTailor/Template/Public/lib/kindeditor/attached/image/20161202/20161202094722_65829.jpg
INFO: [ app_init ] --START--
INFO: Run Behavior\BuildLiteBehavior [ RunTime:0.000008s ]
INFO: [ app_init ] --END-- [ RunTime:0.000256s ]

[ 2016-12-02T19:09:54+08:00 ] ::1 /jb555host/PersonalTailor/Template/Public/lib/kindeditor/attached/image/20161202/20161202114409_41236.jpg
INFO: [ app_init ] --START--
INFO: Run Behavior\BuildLiteBehavior [ RunTime:0.000010s ]
INFO: [ app_init ] --END-- [ RunTime:0.000260s ]

[ 2016-12-02T19:09:59+08:00 ] ::1 /jb555host/PersonalTailor/Template/Public/notify-js/bootstrap-notify.js
INFO: [ app_init ] --START--
INFO: Run Behavior\BuildLiteBehavior [ RunTime:0.000011s ]
INFO: [ app_init ] --END-- [ RunTime:0.000274s ]
ERR: 无法加载模块:Template

[ 2016-12-02T19:09:59+08:00 ] ::1 /jb555host/PersonalTailor/Template/Public/notify-js/bootstrap-notify.min.js
INFO: [ app_init ] --START--
INFO: Run Behavior\BuildLiteBehavior [ RunTime:0.000012s ]
INFO: [ app_init ] --END-- [ RunTime:0.000388s ]
ERR: 无法加载模块:Template

[ 2016-12-02T19:09:59+08:00 ] ::1 /jb555host/PersonalTailor/index.php/ManufactorAdmin/Activity/dist/img/user2-160x160.jpg
INFO: [ app_init ] --START--
INFO: Run Behavior\BuildLiteBehavior [ RunTime:0.000029s ]
INFO: [ app_init ] --END-- [ RunTime:0.000612s ]

[ 2016-12-02T19:09:59+08:00 ] ::1 /jb555host/PersonalTailor/index.php/ManufactorAdmin/Activity/dist/img/user3-128x128.jpg
INFO: [ app_init ] --START--
INFO: Run Behavior\BuildLiteBehavior [ RunTime:0.000018s ]
INFO: [ app_init ] --END-- [ RunTime:0.000497s ]

[ 2016-12-02T19:09:59+08:00 ] ::1 /jb555host/PersonalTailor/index.php/ManufactorAdmin/Activity/dist/img/user4-128x128.jpg
INFO: [ app_init ] --START--
INFO: Run Behavior\BuildLiteBehavior [ RunTime:0.000015s ]
INFO: [ app_init ] --END-- [ RunTime:0.000407s ]

[ 2016-12-02T19:09:59+08:00 ] ::1 /jb555host/PersonalTailor/Template/Public/notify-js/bootstrap-notify.js
INFO: [ app_init ] --START--
INFO: Run Behavior\BuildLiteBehavior [ RunTime:0.000009s ]
INFO: [ app_init ] --END-- [ RunTime:0.000385s ]
ERR: 无法加载模块:Template

[ 2016-12-02T19:09:59+08:00 ] ::1 /jb555host/PersonalTailor/Template/Public/notify-js/bootstrap-notify.min.js
INFO: [ app_init ] --START--
INFO: Run Behavior\BuildLiteBehavior [ RunTime:0.000009s ]
INFO: [ app_init ] --END-- [ RunTime:0.000248s ]
ERR: 无法加载模块:Template

[ 2016-12-02T19:17:57+08:00 ] ::1 /jb555host/PersonalTailor/Template/Public/lib/kindeditor/attached/image/20161202/20161202121019_81787.jpg
INFO: [ app_init ] --START--
INFO: Run Behavior\BuildLiteBehavior [ RunTime:0.000008s ]
INFO: [ app_init ] --END-- [ RunTime:0.000237s ]

[ 2016-12-02T19:17:57+08:00 ] ::1 /jb555host/PersonalTailor/Template/Public/lib/kindeditor/attached/image/20161202/20161202121040_59828.jpeg
INFO: [ app_init ] --START--
INFO: Run Behavior\BuildLiteBehavior [ RunTime:0.000009s ]
INFO: [ app_init ] --END-- [ RunTime:0.000286s ]
ERR: 无法加载模块:Template

[ 2016-12-02T19:18:00+08:00 ] ::1 /jb555host/PersonalTailor/Template/Public/notify-js/bootstrap-notify.js
INFO: [ app_init ] --START--
INFO: Run Behavior\BuildLiteBehavior [ RunTime:0.000009s ]
INFO: [ app_init ] --END-- [ RunTime:0.000236s ]
ERR: 无法加载模块:Template

[ 2016-12-02T19:18:00+08:00 ] ::1 /jb555host/PersonalTailor/Template/Public/notify-js/bootstrap-notify.min.js
INFO: [ app_init ] --START--
INFO: Run Behavior\BuildLiteBehavior [ RunTime:0.000007s ]
INFO: [ app_init ] --END-- [ RunTime:0.000202s ]
ERR: 无法加载模块:Template

[ 2016-12-02T19:18:00+08:00 ] ::1 /jb555host/PersonalTailor/index.php/ManufactorAdmin/Activity/dist/img/user3-128x128.jpg
INFO: [ app_init ] --START--
INFO: Run Behavior\BuildLiteBehavior [ RunTime:0.000009s ]
INFO: [ app_init ] --END-- [ RunTime:0.000289s ]

[ 2016-12-02T19:18:00+08:00 ] ::1 /jb555host/PersonalTailor/index.php/ManufactorAdmin/Activity/dist/img/user4-128x128.jpg
INFO: [ app_init ] --START--
INFO: Run Behavior\BuildLiteBehavior [ RunTime:0.000009s ]
INFO: [ app_init ] --END-- [ RunTime:0.000252s ]

[ 2016-12-02T19:18:00+08:00 ] ::1 /jb555host/PersonalTailor/index.php/ManufactorAdmin/Activity/dist/img/user2-160x160.jpg
INFO: [ app_init ] --START--
INFO: Run Behavior\BuildLiteBehavior [ RunTime:0.000039s ]
INFO: [ app_init ] --END-- [ RunTime:0.001140s ]

[ 2016-12-02T19:18:02+08:00 ] ::1 /jb555host/PersonalTailor/Template/Public/notify-js/bootstrap-notify.js
INFO: [ app_init ] --START--
INFO: Run Behavior\BuildLiteBehavior [ RunTime:0.000009s ]
INFO: [ app_init ] --END-- [ RunTime:0.000266s ]
ERR: 无法加载模块:Template

[ 2016-12-02T19:18:02+08:00 ] ::1 /jb555host/PersonalTailor/Template/Public/notify-js/bootstrap-notify.min.js
INFO: [ app_init ] --START--
INFO: Run Behavior\BuildLiteBehavior [ RunTime:0.000023s ]
INFO: [ app_init ] --END-- [ RunTime:0.000384s ]
ERR: 无法加载模块:Template

[ 2016-12-02T19:21:55+08:00 ] ::1 /jb555host/PersonalTailor/Template/Public/lib/kindeditor/attached/image/20161202/20161202122030_66694.jpg
INFO: [ app_init ] --START--
INFO: Run Behavior\BuildLiteBehavior [ RunTime:0.000016s ]
INFO: [ app_init ] --END-- [ RunTime:0.000515s ]

[ 2016-12-02T19:23:30+08:00 ] ::1 /jb555host/PersonalTailor/Template/Public/lib/kindeditor/attached/image/20161202/20161202122204_78343.jpg
INFO: [ app_init ] --START--
INFO: Run Behavior\BuildLiteBehavior [ RunTime:0.000009s ]
INFO: [ app_init ] --END-- [ RunTime:0.000393s ]

[ 2016-12-02T19:23:31+08:00 ] ::1 /jb555host/PersonalTailor/index.php/ManufactorAdmin/Activity/dist/img/user2-160x160.jpg
INFO: [ app_init ] --START--
INFO: Run Behavior\BuildLiteBehavior [ RunTime:0.000013s ]
INFO: [ app_init ] --END-- [ RunTime:0.000302s ]

[ 2016-12-02T19:23:31+08:00 ] ::1 /jb555host/PersonalTailor/index.php/ManufactorAdmin/Activity/dist/img/user3-128x128.jpg
INFO: [ app_init ] --START--
INFO: Run Behavior\BuildLiteBehavior [ RunTime:0.000009s ]
INFO: [ app_init ] --END-- [ RunTime:0.000249s ]

[ 2016-12-02T19:23:31+08:00 ] ::1 /jb555host/PersonalTailor/index.php/ManufactorAdmin/Activity/dist/img/user4-128x128.jpg
INFO: [ app_init ] --START--
INFO: Run Behavior\BuildLiteBehavior [ RunTime:0.000010s ]
INFO: [ app_init ] --END-- [ RunTime:0.000367s ]

[ 2016-12-02T19:23:31+08:00 ] ::1 /jb555host/PersonalTailor/Template/Public/notify-js/bootstrap-notify.min.js
INFO: [ app_init ] --START--
INFO: Run Behavior\BuildLiteBehavior [ RunTime:0.000007s ]
INFO: [ app_init ] --END-- [ RunTime:0.000252s ]
ERR: 无法加载模块:Template

[ 2016-12-02T19:23:31+08:00 ] ::1 /jb555host/PersonalTailor/Template/Public/notify-js/bootstrap-notify.js
INFO: [ app_init ] --START--
INFO: Run Behavior\BuildLiteBehavior [ RunTime:0.000008s ]
INFO: [ app_init ] --END-- [ RunTime:0.000305s ]
ERR: 无法加载模块:Template

[ 2016-12-02T19:23:31+08:00 ] ::1 /jb555host/PersonalTailor/Template/Public/notify-js/bootstrap-notify.min.js
INFO: [ app_init ] --START--
INFO: Run Behavior\BuildLiteBehavior [ RunTime:0.000008s ]
INFO: [ app_init ] --END-- [ RunTime:0.000267s ]
ERR: 无法加载模块:Template

[ 2016-12-02T19:24:08+08:00 ] ::1 /jb555host/PersonalTailor/Template/Public/lib/kindeditor/attached/image/20161202/20161202122341_91307.jpg
INFO: [ app_init ] --START--
INFO: Run Behavior\BuildLiteBehavior [ RunTime:0.000008s ]
INFO: [ app_init ] --END-- [ RunTime:0.000230s ]

[ 2016-12-02T19:24:10+08:00 ] ::1 /jb555host/PersonalTailor/index.php/ManufactorAdmin/Activity/dist/img/user2-160x160.jpg
INFO: [ app_init ] --START--
INFO: Run Behavior\BuildLiteBehavior [ RunTime:0.000012s ]
INFO: [ app_init ] --END-- [ RunTime:0.000302s ]

[ 2016-12-02T19:24:10+08:00 ] ::1 /jb555host/PersonalTailor/index.php/ManufactorAdmin/Activity/dist/img/user3-128x128.jpg
INFO: [ app_init ] --START--
INFO: Run Behavior\BuildLiteBehavior [ RunTime:0.000009s ]
INFO: [ app_init ] --END-- [ RunTime:0.000278s ]

[ 2016-12-02T19:24:10+08:00 ] ::1 /jb555host/PersonalTailor/index.php/ManufactorAdmin/Activity/dist/img/user4-128x128.jpg
INFO: [ app_init ] --START--
INFO: Run Behavior\BuildLiteBehavior [ RunTime:0.000012s ]
INFO: [ app_init ] --END-- [ RunTime:0.000310s ]

[ 2016-12-02T19:24:10+08:00 ] ::1 /jb555host/PersonalTailor/Template/Public/notify-js/bootstrap-notify.js
INFO: [ app_init ] --START--
INFO: Run Behavior\BuildLiteBehavior [ RunTime:0.000012s ]
INFO: [ app_init ] --END-- [ RunTime:0.000366s ]
ERR: 无法加载模块:Template

[ 2016-12-02T19:24:10+08:00 ] ::1 /jb555host/PersonalTailor/Template/Public/notify-js/bootstrap-notify.min.js
INFO: [ app_init ] --START--
INFO: Run Behavior\BuildLiteBehavior [ RunTime:0.000009s ]
INFO: [ app_init ] --END-- [ RunTime:0.000241s ]
ERR: 无法加载模块:Template

[ 2016-12-02T19:24:10+08:00 ] ::1 /jb555host/PersonalTailor/Template/Public/notify-js/bootstrap-notify.min.js
INFO: [ app_init ] --START--
INFO: Run Behavior\BuildLiteBehavior [ RunTime:0.000007s ]
INFO: [ app_init ] --END-- [ RunTime:0.000239s ]
ERR: 无法加载模块:Template

[ 2016-12-02T19:24:54+08:00 ] ::1 /jb555host/PersonalTailor/Template/Public/lib/kindeditor/attached/image/20161202/20161202122418_78258.jpg
INFO: [ app_init ] --START--
INFO: Run Behavior\BuildLiteBehavior [ RunTime:0.000008s ]
INFO: [ app_init ] --END-- [ RunTime:0.000202s ]

[ 2016-12-02T19:26:14+08:00 ] ::1 /jb555host/PersonalTailor/Template/Public/lib/kindeditor/attached/image/20161202/20161202122502_41393.jpg
INFO: [ app_init ] --START--
INFO: Run Behavior\BuildLiteBehavior [ RunTime:0.000008s ]
INFO: [ app_init ] --END-- [ RunTime:0.000228s ]

[ 2016-12-02T19:37:31+08:00 ] ::1 /jb555host/PersonalTailor/Template/Public/lib/kindeditor/attached/image/20161202/20161202122631_30909.jpg
INFO: [ app_init ] --START--
INFO: Run Behavior\BuildLiteBehavior [ RunTime:0.000010s ]
INFO: [ app_init ] --END-- [ RunTime:0.000255s ]

[ 2016-12-02T19:59:15+08:00 ] ::1 /jb555host/PersonalTailor/Template/Public/lib/kindeditor/attached/image/20161202/20161202125808_33370.jpg
INFO: [ app_init ] --START--
INFO: Run Behavior\BuildLiteBehavior [ RunTime:0.000008s ]
INFO: [ app_init ] --END-- [ RunTime:0.000207s ]

[ 2016-12-02T19:59:16+08:00 ] ::1 /jb555host/PersonalTailor/Template/Public/notify-js/bootstrap-notify.js
INFO: [ app_init ] --START--
INFO: Run Behavior\BuildLiteBehavior [ RunTime:0.000008s ]
INFO: [ app_init ] --END-- [ RunTime:0.000256s ]
ERR: 无法加载模块:Template

[ 2016-12-02T19:59:16+08:00 ] ::1 /jb555host/PersonalTailor/Template/Public/notify-js/bootstrap-notify.min.js
INFO: [ app_init ] --START--
INFO: Run Behavior\BuildLiteBehavior [ RunTime:0.000023s ]
INFO: [ app_init ] --END-- [ RunTime:0.000346s ]
ERR: 无法加载模块:Template

[ 2016-12-02T19:59:16+08:00 ] ::1 /jb555host/PersonalTailor/index.php/ManufactorAdmin/Activity/dist/img/user3-128x128.jpg
INFO: [ app_init ] --START--
INFO: Run Behavior\BuildLiteBehavior [ RunTime:0.000010s ]
INFO: [ app_init ] --END-- [ RunTime:0.000364s ]

[ 2016-12-02T19:59:16+08:00 ] ::1 /jb555host/PersonalTailor/index.php/ManufactorAdmin/Activity/dist/img/user4-128x128.jpg
INFO: [ app_init ] --START--
INFO: Run Behavior\BuildLiteBehavior [ RunTime:0.000012s ]
INFO: [ app_init ] --END-- [ RunTime:0.000338s ]

[ 2016-12-02T19:59:23+08:00 ] ::1 /jb555host/PersonalTailor/Template/Public/notify-js/bootstrap-notify.js
INFO: [ app_init ] --START--
INFO: Run Behavior\BuildLiteBehavior [ RunTime:0.000009s ]
INFO: [ app_init ] --END-- [ RunTime:0.000292s ]
ERR: 无法加载模块:Template

[ 2016-12-02T19:59:24+08:00 ] ::1 /jb555host/PersonalTailor/index.php/ManufactorAdmin/Activity/dist/img/user2-160x160.jpg
INFO: [ app_init ] --START--
INFO: Run Behavior\BuildLiteBehavior [ RunTime:0.000009s ]
INFO: [ app_init ] --END-- [ RunTime:0.000230s ]

[ 2016-12-02T19:59:24+08:00 ] ::1 /jb555host/PersonalTailor/Template/Public/notify-js/bootstrap-notify.js
INFO: [ app_init ] --START--
INFO: Run Behavior\BuildLiteBehavior [ RunTime:0.000013s ]
INFO: [ app_init ] --END-- [ RunTime:0.000307s ]
ERR: 无法加载模块:Template

[ 2016-12-02T19:59:24+08:00 ] ::1 /jb555host/PersonalTailor/Template/Public/notify-js/bootstrap-notify.min.js
INFO: [ app_init ] --START--
INFO: Run Behavior\BuildLiteBehavior [ RunTime:0.000012s ]
INFO: [ app_init ] --END-- [ RunTime:0.000313s ]
ERR: 无法加载模块:Template

[ 2016-12-02T19:59:24+08:00 ] ::1 /jb555host/PersonalTailor/index.php/ManufactorAdmin/Activity/dist/img/user3-128x128.jpg
INFO: [ app_init ] --START--
INFO: Run Behavior\BuildLiteBehavior [ RunTime:0.000013s ]
INFO: [ app_init ] --END-- [ RunTime:0.000336s ]

[ 2016-12-02T19:59:24+08:00 ] ::1 /jb555host/PersonalTailor/index.php/ManufactorAdmin/Activity/dist/img/user4-128x128.jpg
INFO: [ app_init ] --START--
INFO: Run Behavior\BuildLiteBehavior [ RunTime:0.000013s ]
INFO: [ app_init ] --END-- [ RunTime:0.000446s ]

[ 2016-12-02T19:59:50+08:00 ] ::1 /jb555host/PersonalTailor/Template/Public/notify-js/bootstrap-notify.js
INFO: [ app_init ] --START--
INFO: Run Behavior\BuildLiteBehavior [ RunTime:0.000040s ]
INFO: [ app_init ] --END-- [ RunTime:0.000460s ]
ERR: 无法加载模块:Template

[ 2016-12-02T19:59:50+08:00 ] ::1 /jb555host/PersonalTailor/Template/Public/notify-js/bootstrap-notify.min.js
INFO: [ app_init ] --START--
INFO: Run Behavior\BuildLiteBehavior [ RunTime:0.000007s ]
INFO: [ app_init ] --END-- [ RunTime:0.000203s ]
ERR: 无法加载模块:Template

[ 2016-12-02T20:01:28+08:00 ] ::1 /jb555host/PersonalTailor/Template/Public/lib/kindeditor/attached/image/20161202/20161202130034_30346.png
INFO: [ app_init ] --START--
INFO: Run Behavior\BuildLiteBehavior [ RunTime:0.000008s ]
INFO: [ app_init ] --END-- [ RunTime:0.000283s ]

[ 2016-12-02T20:01:39+08:00 ] ::1 /jb555host/PersonalTailor/Template/Public/lib/kindeditor/attached/image/20161202/20161202130034_30346.png
INFO: [ app_init ] --START--
INFO: Run Behavior\BuildLiteBehavior [ RunTime:0.000008s ]
INFO: [ app_init ] --END-- [ RunTime:0.000244s ]

[ 2016-12-02T20:19:59+08:00 ] ::1 /jb555host/PersonalTailor/Template/Public/lib/kindeditor/attached/image/20161202/20161202130136_10524.jpg
INFO: [ app_init ] --START--
INFO: Run Behavior\BuildLiteBehavior [ RunTime:0.000008s ]
INFO: [ app_init ] --END-- [ RunTime:0.000249s ]

[ 2016-12-02T20:19:59+08:00 ] ::1 /jb555host/PersonalTailor/Template/Public/lib/kindeditor/attached/image/20161202/20161202130146_46243.jpg
INFO: [ app_init ] --START--
INFO: Run Behavior\BuildLiteBehavior [ RunTime:0.000008s ]
INFO: [ app_init ] --END-- [ RunTime:0.000237s ]

[ 2016-12-02T20:19:59+08:00 ] ::1 /jb555host/PersonalTailor/Template/Public/lib/kindeditor/attached/image/20161202/20161202130034_30346.png
INFO: [ app_init ] --START--
INFO: Run Behavior\BuildLiteBehavior [ RunTime:0.000032s ]
INFO: [ app_init ] --END-- [ RunTime:0.000468s ]

[ 2016-12-02T20:20:01+08:00 ] ::1 /jb555host/PersonalTailor/index.php/ManufactorAdmin/Activity/dist/img/user2-160x160.jpg
INFO: [ app_init ] --START--
INFO: Run Behavior\BuildLiteBehavior [ RunTime:0.000010s ]
INFO: [ app_init ] --END-- [ RunTime:0.000245s ]

[ 2016-12-02T20:20:01+08:00 ] ::1 /jb555host/PersonalTailor/Template/Public/notify-js/bootstrap-notify.min.js
INFO: [ app_init ] --START--
INFO: Run Behavior\BuildLiteBehavior [ RunTime:0.000013s ]
INFO: [ app_init ] --END-- [ RunTime:0.000322s ]
ERR: 无法加载模块:Template

[ 2016-12-02T20:20:01+08:00 ] ::1 /jb555host/PersonalTailor/Template/Public/notify-js/bootstrap-notify.js
INFO: [ app_init ] --START--
INFO: Run Behavior\BuildLiteBehavior [ RunTime:0.000012s ]
INFO: [ app_init ] --END-- [ RunTime:0.000366s ]
ERR: 无法加载模块:Template

[ 2016-12-02T20:20:01+08:00 ] ::1 /jb555host/PersonalTailor/index.php/ManufactorAdmin/Activity/dist/img/user3-128x128.jpg
INFO: [ app_init ] --START--
INFO: Run Behavior\BuildLiteBehavior [ RunTime:0.000008s ]
INFO: [ app_init ] --END-- [ RunTime:0.000286s ]

[ 2016-12-02T20:20:01+08:00 ] ::1 /jb555host/PersonalTailor/index.php/ManufactorAdmin/Activity/dist/img/user4-128x128.jpg
INFO: [ app_init ] --START--
INFO: Run Behavior\BuildLiteBehavior [ RunTime:0.000011s ]
INFO: [ app_init ] --END-- [ RunTime:0.000376s ]

[ 2016-12-02T20:50:07+08:00 ] ::1 /jb555host/PersonalTailor/Template/Public/lib/kindeditor/attached/image/20161202/20161202133510_75783.png
INFO: [ app_init ] --START--
INFO: Run Behavior\BuildLiteBehavior [ RunTime:0.000008s ]
INFO: [ app_init ] --END-- [ RunTime:0.000315s ]

[ 2016-12-02T20:50:09+08:00 ] ::1 /jb555host/PersonalTailor/index.php/ManufactorAdmin/Activity/dist/img/user2-160x160.jpg
INFO: [ app_init ] --START--
INFO: Run Behavior\BuildLiteBehavior [ RunTime:0.000009s ]
INFO: [ app_init ] --END-- [ RunTime:0.000229s ]

[ 2016-12-02T20:50:09+08:00 ] ::1 /jb555host/PersonalTailor/Template/Public/notify-js/bootstrap-notify.min.js
INFO: [ app_init ] --START--
INFO: Run Behavior\BuildLiteBehavior [ RunTime:0.000009s ]
INFO: [ app_init ] --END-- [ RunTime:0.000246s ]
ERR: 无法加载模块:Template

[ 2016-12-02T20:50:09+08:00 ] ::1 /jb555host/PersonalTailor/index.php/ManufactorAdmin/Activity/dist/img/user3-128x128.jpg
INFO: [ app_init ] --START--
INFO: Run Behavior\BuildLiteBehavior [ RunTime:0.000008s ]
INFO: [ app_init ] --END-- [ RunTime:0.000241s ]

[ 2016-12-02T20:50:09+08:00 ] ::1 /jb555host/PersonalTailor/Template/Public/notify-js/bootstrap-notify.js
INFO: [ app_init ] --START--
INFO: Run Behavior\BuildLiteBehavior [ RunTime:0.000008s ]
INFO: [ app_init ] --END-- [ RunTime:0.000236s ]
ERR: 无法加载模块:Template

[ 2016-12-02T20:50:09+08:00 ] ::1 /jb555host/PersonalTailor/index.php/ManufactorAdmin/Activity/dist/img/user4-128x128.jpg
INFO: [ app_init ] --START--
INFO: Run Behavior\BuildLiteBehavior [ RunTime:0.000011s ]
INFO: [ app_init ] --END-- [ RunTime:0.000341s ]

[ 2016-12-02T20:50:09+08:00 ] ::1 /jb555host/PersonalTailor/Template/Public/notify-js/bootstrap-notify.min.js
INFO: [ app_init ] --START--
INFO: Run Behavior\BuildLiteBehavior [ RunTime:0.000008s ]
INFO: [ app_init ] --END-- [ RunTime:0.000205s ]
ERR: 无法加载模块:Template

[ 2016-12-02T20:53:44+08:00 ] ::1 /jb555host/PersonalTailor/Template/Public/lib/kindeditor/attached/image/20161202/20161202135135_72383.jpg
INFO: [ app_init ] --START--
INFO: Run Behavior\BuildLiteBehavior [ RunTime:0.000015s ]
INFO: [ app_init ] --END-- [ RunTime:0.000340s ]

[ 2016-12-02T20:53:44+08:00 ] ::1 /jb555host/PersonalTailor/Template/Public/lib/kindeditor/attached/image/20161202/20161202135113_96492.jpeg
INFO: [ app_init ] --START--
INFO: Run Behavior\BuildLiteBehavior [ RunTime:0.000015s ]
INFO: [ app_init ] --END-- [ RunTime:0.000401s ]
ERR: 无法加载模块:Template

[ 2016-12-02T20:55:27+08:00 ] ::1 /jb555host/PersonalTailor/Template/Public/lib/kindeditor/attached/image/20161202/20161202135402_62616.jpg
INFO: [ app_init ] --START--
INFO: Run Behavior\BuildLiteBehavior [ RunTime:0.000014s ]
INFO: [ app_init ] --END-- [ RunTime:0.000379s ]

[ 2016-12-02T21:52:43+08:00 ] ::1 /jb555host/PersonalTailor/index.php/ManufactorAdmin/Index/dist/img/user2-160x160.jpg
INFO: [ app_init ] --START--
INFO: Run Behavior\BuildLiteBehavior [ RunTime:0.000013s ]
INFO: [ app_init ] --END-- [ RunTime:0.000305s ]

[ 2016-12-02T21:52:43+08:00 ] ::1 /jb555host/PersonalTailor/index.php/ManufactorAdmin/Index/dist/img/user3-128x128.jpg
INFO: [ app_init ] --START--
INFO: Run Behavior\BuildLiteBehavior [ RunTime:0.000012s ]
INFO: [ app_init ] --END-- [ RunTime:0.000343s ]

[ 2016-12-02T21:52:43+08:00 ] ::1 /jb555host/PersonalTailor/index.php/ManufactorAdmin/Index/dist/img/user4-128x128.jpg
INFO: [ app_init ] --START--
INFO: Run Behavior\BuildLiteBehavior [ RunTime:0.000007s ]
INFO: [ app_init ] --END-- [ RunTime:0.000237s ]

[ 2016-12-02T21:52:43+08:00 ] ::1 /jb555host/PersonalTailor/Template/Public/notify-js/bootstrap-notify.js
INFO: [ app_init ] --START--
INFO: Run Behavior\BuildLiteBehavior [ RunTime:0.000013s ]
INFO: [ app_init ] --END-- [ RunTime:0.000347s ]
ERR: 无法加载模块:Template

[ 2016-12-02T21:52:43+08:00 ] ::1 /jb555host/PersonalTailor/Template/Public/notify-js/bootstrap-notify.min.js
INFO: [ app_init ] --START--
INFO: Run Behavior\BuildLiteBehavior [ RunTime:0.000011s ]
INFO: [ app_init ] --END-- [ RunTime:0.000360s ]
ERR: 无法加载模块:Template

[ 2016-12-02T21:52:43+08:00 ] ::1 /jb555host/PersonalTailor/Template/Public/notify-js/bootstrap-notify.min.js
INFO: [ app_init ] --START--
INFO: Run Behavior\BuildLiteBehavior [ RunTime:0.000010s ]
INFO: [ app_init ] --END-- [ RunTime:0.000298s ]
ERR: 无法加载模块:Template

[ 2016-12-02T21:52:48+08:00 ] ::1 /jb555host/PersonalTailor/index.php/ManufactorAdmin/Activity/dist/img/user2-160x160.jpg
INFO: [ app_init ] --START--
INFO: Run Behavior\BuildLiteBehavior [ RunTime:0.000008s ]
INFO: [ app_init ] --END-- [ RunTime:0.000201s ]

[ 2016-12-02T21:52:48+08:00 ] ::1 /jb555host/PersonalTailor/Template/Public/notify-js/bootstrap-notify.js
INFO: [ app_init ] --START--
INFO: Run Behavior\BuildLiteBehavior [ RunTime:0.000012s ]
INFO: [ app_init ] --END-- [ RunTime:0.000303s ]
ERR: 无法加载模块:Template

[ 2016-12-02T21:52:48+08:00 ] ::1 /jb555host/PersonalTailor/index.php/ManufactorAdmin/Activity/dist/img/user3-128x128.jpg
INFO: [ app_init ] --START--
INFO: Run Behavior\BuildLiteBehavior [ RunTime:0.000010s ]
INFO: [ app_init ] --END-- [ RunTime:0.000294s ]

[ 2016-12-02T21:52:48+08:00 ] ::1 /jb555host/PersonalTailor/Template/Public/notify-js/bootstrap-notify.min.js
INFO: [ app_init ] --START--
INFO: Run Behavior\BuildLiteBehavior [ RunTime:0.000011s ]
INFO: [ app_init ] --END-- [ RunTime:0.000336s ]
ERR: 无法加载模块:Template

[ 2016-12-02T21:52:48+08:00 ] ::1 /jb555host/PersonalTailor/index.php/ManufactorAdmin/Activity/dist/img/user4-128x128.jpg
INFO: [ app_init ] --START--
INFO: Run Behavior\BuildLiteBehavior [ RunTime:0.000008s ]
INFO: [ app_init ] --END-- [ RunTime:0.000226s ]

[ 2016-12-02T21:52:48+08:00 ] ::1 /jb555host/PersonalTailor/Template/Public/notify-js/bootstrap-notify.min.js
INFO: [ app_init ] --START--
INFO: Run Behavior\BuildLiteBehavior [ RunTime:0.000008s ]
INFO: [ app_init ] --END-- [ RunTime:0.000223s ]
ERR: 无法加载模块:Template

