[ 2016-12-01T16:30:05+08:00 ] ::1 /jb555host/PersonalTailor/index.php/ManufactorAdmin/Index/dist/img/user2-160x160.jpg
INFO: [ app_init ] --START--
INFO: Run Behavior\BuildLiteBehavior [ RunTime:0.000012s ]
INFO: [ app_init ] --END-- [ RunTime:0.000247s ]

[ 2016-12-01T16:30:05+08:00 ] ::1 /jb555host/PersonalTailor/index.php/ManufactorAdmin/Index/dist/img/user4-128x128.jpg
INFO: [ app_init ] --START--
INFO: Run Behavior\BuildLiteBehavior [ RunTime:0.000014s ]
INFO: [ app_init ] --END-- [ RunTime:0.000417s ]

[ 2016-12-01T16:30:05+08:00 ] ::1 /jb555host/PersonalTailor/index.php/ManufactorAdmin/Index/dist/img/user3-128x128.jpg
INFO: [ app_init ] --START--
INFO: Run Behavior\BuildLiteBehavior [ RunTime:0.000021s ]
INFO: [ app_init ] --END-- [ RunTime:0.000340s ]

[ 2016-12-01T16:30:12+08:00 ] ::1 /jb555host/PersonalTailor/index.php/ManufactorAdmin/Product/dist/img/user3-128x128.jpg
INFO: [ app_init ] --START--
INFO: Run Behavior\BuildLiteBehavior [ RunTime:0.000012s ]
INFO: [ app_init ] --END-- [ RunTime:0.000320s ]

[ 2016-12-01T16:30:12+08:00 ] ::1 /jb555host/PersonalTailor/index.php/ManufactorAdmin/Product/dist/img/user4-128x128.jpg
INFO: [ app_init ] --START--
INFO: Run Behavior\BuildLiteBehavior [ RunTime:0.000017s ]
INFO: [ app_init ] --END-- [ RunTime:0.000328s ]

[ 2016-12-01T16:30:12+08:00 ] ::1 /jb555host/PersonalTailor/index.php/ManufactorAdmin/Product/dist/img/user2-160x160.jpg
INFO: [ app_init ] --START--
INFO: Run Behavior\BuildLiteBehavior [ RunTime:0.000009s ]
INFO: [ app_init ] --END-- [ RunTime:0.000264s ]

[ 2016-12-01T16:32:45+08:00 ] ::1 /jb555host/PersonalTailor/index.php/ManufactorAdmin/Product/dist/img/user4-128x128.jpg
INFO: [ app_init ] --START--
INFO: Run Behavior\BuildLiteBehavior [ RunTime:0.000013s ]
INFO: [ app_init ] --END-- [ RunTime:0.000253s ]

[ 2016-12-01T16:32:45+08:00 ] ::1 /jb555host/PersonalTailor/index.php/ManufactorAdmin/Product/dist/img/user2-160x160.jpg
INFO: [ app_init ] --START--
INFO: Run Behavior\BuildLiteBehavior [ RunTime:0.000012s ]
INFO: [ app_init ] --END-- [ RunTime:0.000297s ]

[ 2016-12-01T16:32:45+08:00 ] ::1 /jb555host/PersonalTailor/index.php/ManufactorAdmin/Product/dist/img/user3-128x128.jpg
INFO: [ app_init ] --START--
INFO: Run Behavior\BuildLiteBehavior [ RunTime:0.000012s ]
INFO: [ app_init ] --END-- [ RunTime:0.000379s ]

[ 2016-12-01T16:32:49+08:00 ] ::1 /jb555host/PersonalTailor/index.php/ManufactorAdmin/Product/dist/img/user3-128x128.jpg
INFO: [ app_init ] --START--
INFO: Run Behavior\BuildLiteBehavior [ RunTime:0.000009s ]
INFO: [ app_init ] --END-- [ RunTime:0.000222s ]

[ 2016-12-01T16:32:49+08:00 ] ::1 /jb555host/PersonalTailor/index.php/ManufactorAdmin/Product/dist/img/user2-160x160.jpg
INFO: [ app_init ] --START--
INFO: Run Behavior\BuildLiteBehavior [ RunTime:0.000013s ]
INFO: [ app_init ] --END-- [ RunTime:0.000305s ]

[ 2016-12-01T16:32:49+08:00 ] ::1 /jb555host/PersonalTailor/index.php/ManufactorAdmin/Product/dist/img/user4-128x128.jpg
INFO: [ app_init ] --START--
INFO: Run Behavior\BuildLiteBehavior [ RunTime:0.000011s ]
INFO: [ app_init ] --END-- [ RunTime:0.000284s ]

[ 2016-12-01T16:32:53+08:00 ] ::1 /jb555host/PersonalTailor/index.php/ManufactorAdmin/Index/dist/img/user2-160x160.jpg
INFO: [ app_init ] --START--
INFO: Run Behavior\BuildLiteBehavior [ RunTime:0.000013s ]
INFO: [ app_init ] --END-- [ RunTime:0.000314s ]

[ 2016-12-01T16:32:53+08:00 ] ::1 /jb555host/PersonalTailor/index.php/ManufactorAdmin/Index/dist/img/user4-128x128.jpg
INFO: [ app_init ] --START--
INFO: Run Behavior\BuildLiteBehavior [ RunTime:0.000018s ]
INFO: [ app_init ] --END-- [ RunTime:0.000329s ]

[ 2016-12-01T16:32:53+08:00 ] ::1 /jb555host/PersonalTailor/index.php/ManufactorAdmin/Index/dist/img/user3-128x128.jpg
INFO: [ app_init ] --START--
INFO: Run Behavior\BuildLiteBehavior [ RunTime:0.000009s ]
INFO: [ app_init ] --END-- [ RunTime:0.000219s ]

[ 2016-12-01T16:34:21+08:00 ] ::1 /jb555host/PersonalTailor/index.php/ManufactorAdmin/Index/dist/img/user2-160x160.jpg
INFO: [ app_init ] --START--
INFO: Run Behavior\BuildLiteBehavior [ RunTime:0.000013s ]
INFO: [ app_init ] --END-- [ RunTime:0.000290s ]

[ 2016-12-01T16:34:21+08:00 ] ::1 /jb555host/PersonalTailor/index.php/ManufactorAdmin/Index/dist/img/user3-128x128.jpg
INFO: [ app_init ] --START--
INFO: Run Behavior\BuildLiteBehavior [ RunTime:0.000011s ]
INFO: [ app_init ] --END-- [ RunTime:0.000264s ]

[ 2016-12-01T16:34:21+08:00 ] ::1 /jb555host/PersonalTailor/index.php/ManufactorAdmin/Index/dist/img/user4-128x128.jpg
INFO: [ app_init ] --START--
INFO: Run Behavior\BuildLiteBehavior [ RunTime:0.000009s ]
INFO: [ app_init ] --END-- [ RunTime:0.000236s ]

[ 2016-12-01T16:34:24+08:00 ] ::1 /jb555host/PersonalTailor/index.php/ManufactorAdmin/Product/dist/img/user4-128x128.jpg
INFO: [ app_init ] --START--
INFO: Run Behavior\BuildLiteBehavior [ RunTime:0.000008s ]
INFO: [ app_init ] --END-- [ RunTime:0.000215s ]

[ 2016-12-01T16:34:24+08:00 ] ::1 /jb555host/PersonalTailor/index.php/ManufactorAdmin/Product/dist/img/user2-160x160.jpg
INFO: [ app_init ] --START--
INFO: Run Behavior\BuildLiteBehavior [ RunTime:0.000007s ]
INFO: [ app_init ] --END-- [ RunTime:0.000221s ]

[ 2016-12-01T16:34:24+08:00 ] ::1 /jb555host/PersonalTailor/index.php/ManufactorAdmin/Product/dist/img/user3-128x128.jpg
INFO: [ app_init ] --START--
INFO: Run Behavior\BuildLiteBehavior [ RunTime:0.000017s ]
INFO: [ app_init ] --END-- [ RunTime:0.000230s ]

[ 2016-12-01T17:04:35+08:00 ] ::1 /jb555host/PersonalTailor/index.php/ManufactorAdmin/Product/dist/img/user2-160x160.jpg
INFO: [ app_init ] --START--
INFO: Run Behavior\BuildLiteBehavior [ RunTime:0.000012s ]
INFO: [ app_init ] --END-- [ RunTime:0.000249s ]

[ 2016-12-01T17:04:35+08:00 ] ::1 /jb555host/PersonalTailor/index.php/ManufactorAdmin/Product/dist/img/user3-128x128.jpg
INFO: [ app_init ] --START--
INFO: Run Behavior\BuildLiteBehavior [ RunTime:0.000010s ]
INFO: [ app_init ] --END-- [ RunTime:0.000292s ]

[ 2016-12-01T17:04:35+08:00 ] ::1 /jb555host/PersonalTailor/index.php/ManufactorAdmin/Product/dist/img/user4-128x128.jpg
INFO: [ app_init ] --START--
INFO: Run Behavior\BuildLiteBehavior [ RunTime:0.000009s ]
INFO: [ app_init ] --END-- [ RunTime:0.000252s ]

[ 2016-12-01T17:04:55+08:00 ] ::1 /jb555host/PersonalTailor/index.php/ManufactorAdmin/Product/dist/img/user2-160x160.jpg
INFO: [ app_init ] --START--
INFO: Run Behavior\BuildLiteBehavior [ RunTime:0.000008s ]
INFO: [ app_init ] --END-- [ RunTime:0.000207s ]

[ 2016-12-01T17:04:55+08:00 ] ::1 /jb555host/PersonalTailor/index.php/ManufactorAdmin/Product/dist/img/user4-128x128.jpg
INFO: [ app_init ] --START--
INFO: Run Behavior\BuildLiteBehavior [ RunTime:0.000007s ]
INFO: [ app_init ] --END-- [ RunTime:0.000195s ]

[ 2016-12-01T17:04:55+08:00 ] ::1 /jb555host/PersonalTailor/index.php/ManufactorAdmin/Product/dist/img/user3-128x128.jpg
INFO: [ app_init ] --START--
INFO: Run Behavior\BuildLiteBehavior [ RunTime:0.000021s ]
INFO: [ app_init ] --END-- [ RunTime:0.000375s ]

[ 2016-12-01T17:06:24+08:00 ] ::1 /jb555host/PersonalTailor/index.php/ManufactorAdmin/Product/dist/img/user2-160x160.jpg
INFO: [ app_init ] --START--
INFO: Run Behavior\BuildLiteBehavior [ RunTime:0.000014s ]
INFO: [ app_init ] --END-- [ RunTime:0.000393s ]

[ 2016-12-01T17:06:24+08:00 ] ::1 /jb555host/PersonalTailor/index.php/ManufactorAdmin/Product/dist/img/user3-128x128.jpg
INFO: [ app_init ] --START--
INFO: Run Behavior\BuildLiteBehavior [ RunTime:0.000011s ]
INFO: [ app_init ] --END-- [ RunTime:0.000296s ]

[ 2016-12-01T17:06:24+08:00 ] ::1 /jb555host/PersonalTailor/index.php/ManufactorAdmin/Product/dist/img/user4-128x128.jpg
INFO: [ app_init ] --START--
INFO: Run Behavior\BuildLiteBehavior [ RunTime:0.000008s ]
INFO: [ app_init ] --END-- [ RunTime:0.000231s ]

[ 2016-12-01T17:09:42+08:00 ] ::1 /jb555host/PersonalTailor/index.php/ManufactorAdmin/Product/dist/img/user4-128x128.jpg
INFO: [ app_init ] --START--
INFO: Run Behavior\BuildLiteBehavior [ RunTime:0.000018s ]
INFO: [ app_init ] --END-- [ RunTime:0.000562s ]

[ 2016-12-01T17:09:42+08:00 ] ::1 /jb555host/PersonalTailor/index.php/ManufactorAdmin/Product/dist/img/user2-160x160.jpg
INFO: [ app_init ] --START--
INFO: Run Behavior\BuildLiteBehavior [ RunTime:0.000013s ]
INFO: [ app_init ] --END-- [ RunTime:0.000536s ]

[ 2016-12-01T17:09:42+08:00 ] ::1 /jb555host/PersonalTailor/index.php/ManufactorAdmin/Product/dist/img/user3-128x128.jpg
INFO: [ app_init ] --START--
INFO: Run Behavior\BuildLiteBehavior [ RunTime:0.000015s ]
INFO: [ app_init ] --END-- [ RunTime:0.000513s ]

[ 2016-12-01T17:10:01+08:00 ] ::1 /jb555host/PersonalTailor/index.php/ManufactorAdmin/Product/dist/img/user3-128x128.jpg
INFO: [ app_init ] --START--
INFO: Run Behavior\BuildLiteBehavior [ RunTime:0.000016s ]
INFO: [ app_init ] --END-- [ RunTime:0.000428s ]

[ 2016-12-01T17:10:01+08:00 ] ::1 /jb555host/PersonalTailor/index.php/ManufactorAdmin/Product/dist/img/user4-128x128.jpg
INFO: [ app_init ] --START--
INFO: Run Behavior\BuildLiteBehavior [ RunTime:0.000014s ]
INFO: [ app_init ] --END-- [ RunTime:0.000417s ]

[ 2016-12-01T17:10:01+08:00 ] ::1 /jb555host/PersonalTailor/index.php/ManufactorAdmin/Product/dist/img/user2-160x160.jpg
INFO: [ app_init ] --START--
INFO: Run Behavior\BuildLiteBehavior [ RunTime:0.000025s ]
INFO: [ app_init ] --END-- [ RunTime:0.000673s ]

[ 2016-12-01T17:12:08+08:00 ] ::1 /jb555host/PersonalTailor/index.php/ManufactorAdmin/Product/dist/img/user3-128x128.jpg
INFO: [ app_init ] --START--
INFO: Run Behavior\BuildLiteBehavior [ RunTime:0.000011s ]
INFO: [ app_init ] --END-- [ RunTime:0.000291s ]

[ 2016-12-01T17:12:08+08:00 ] ::1 /jb555host/PersonalTailor/index.php/ManufactorAdmin/Product/dist/img/user2-160x160.jpg
INFO: [ app_init ] --START--
INFO: Run Behavior\BuildLiteBehavior [ RunTime:0.000011s ]
INFO: [ app_init ] --END-- [ RunTime:0.000317s ]

[ 2016-12-01T17:12:08+08:00 ] ::1 /jb555host/PersonalTailor/index.php/ManufactorAdmin/Product/dist/img/user4-128x128.jpg
INFO: [ app_init ] --START--
INFO: Run Behavior\BuildLiteBehavior [ RunTime:0.000015s ]
INFO: [ app_init ] --END-- [ RunTime:0.000460s ]

[ 2016-12-01T17:12:23+08:00 ] ::1 /jb555host/PersonalTailor/index.php/ManufactorAdmin/Index/dist/img/user4-128x128.jpg
INFO: [ app_init ] --START--
INFO: Run Behavior\BuildLiteBehavior [ RunTime:0.000008s ]
INFO: [ app_init ] --END-- [ RunTime:0.000210s ]

[ 2016-12-01T17:12:23+08:00 ] ::1 /jb555host/PersonalTailor/index.php/ManufactorAdmin/Index/dist/img/user3-128x128.jpg
INFO: [ app_init ] --START--
INFO: Run Behavior\BuildLiteBehavior [ RunTime:0.000008s ]
INFO: [ app_init ] --END-- [ RunTime:0.000204s ]

[ 2016-12-01T17:12:23+08:00 ] ::1 /jb555host/PersonalTailor/index.php/ManufactorAdmin/Index/dist/img/user2-160x160.jpg
INFO: [ app_init ] --START--
INFO: Run Behavior\BuildLiteBehavior [ RunTime:0.000007s ]
INFO: [ app_init ] --END-- [ RunTime:0.000272s ]

[ 2016-12-01T17:12:32+08:00 ] ::1 /jb555host/PersonalTailor/index.php/ManufactorAdmin/Product/dist/img/user4-128x128.jpg
INFO: [ app_init ] --START--
INFO: Run Behavior\BuildLiteBehavior [ RunTime:0.000007s ]
INFO: [ app_init ] --END-- [ RunTime:0.000223s ]

[ 2016-12-01T17:12:32+08:00 ] ::1 /jb555host/PersonalTailor/index.php/ManufactorAdmin/Product/dist/img/user2-160x160.jpg
INFO: [ app_init ] --START--
INFO: Run Behavior\BuildLiteBehavior [ RunTime:0.000008s ]
INFO: [ app_init ] --END-- [ RunTime:0.000278s ]

[ 2016-12-01T17:12:32+08:00 ] ::1 /jb555host/PersonalTailor/index.php/ManufactorAdmin/Product/dist/img/user3-128x128.jpg
INFO: [ app_init ] --START--
INFO: Run Behavior\BuildLiteBehavior [ RunTime:0.000012s ]
INFO: [ app_init ] --END-- [ RunTime:0.000303s ]

[ 2016-12-01T17:12:46+08:00 ] ::1 /jb555host/PersonalTailor/index.php/ManufactorAdmin/Product/dist/img/user3-128x128.jpg
INFO: [ app_init ] --START--
INFO: Run Behavior\BuildLiteBehavior [ RunTime:0.000009s ]
INFO: [ app_init ] --END-- [ RunTime:0.000204s ]

[ 2016-12-01T17:12:46+08:00 ] ::1 /jb555host/PersonalTailor/index.php/ManufactorAdmin/Product/dist/img/user2-160x160.jpg
INFO: [ app_init ] --START--
INFO: Run Behavior\BuildLiteBehavior [ RunTime:0.000009s ]
INFO: [ app_init ] --END-- [ RunTime:0.000270s ]

[ 2016-12-01T17:13:07+08:00 ] ::1 /jb555host/PersonalTailor/index.php/ManufactorAdmin/Product/dist/img/user4-128x128.jpg
INFO: [ app_init ] --START--
INFO: Run Behavior\BuildLiteBehavior [ RunTime:0.000009s ]
INFO: [ app_init ] --END-- [ RunTime:0.000202s ]

[ 2016-12-01T17:13:07+08:00 ] ::1 /jb555host/PersonalTailor/index.php/ManufactorAdmin/Product/dist/img/user3-128x128.jpg
INFO: [ app_init ] --START--
INFO: Run Behavior\BuildLiteBehavior [ RunTime:0.000012s ]
INFO: [ app_init ] --END-- [ RunTime:0.000284s ]

[ 2016-12-01T17:13:07+08:00 ] ::1 /jb555host/PersonalTailor/index.php/ManufactorAdmin/Product/dist/img/user2-160x160.jpg
INFO: [ app_init ] --START--
INFO: Run Behavior\BuildLiteBehavior [ RunTime:0.000008s ]
INFO: [ app_init ] --END-- [ RunTime:0.000253s ]

[ 2016-12-01T17:13:11+08:00 ] ::1 /jb555host/PersonalTailor/index.php/ManufactorAdmin/Product/dist/img/user3-128x128.jpg
INFO: [ app_init ] --START--
INFO: Run Behavior\BuildLiteBehavior [ RunTime:0.000010s ]
INFO: [ app_init ] --END-- [ RunTime:0.000236s ]

[ 2016-12-01T17:13:11+08:00 ] ::1 /jb555host/PersonalTailor/index.php/ManufactorAdmin/Product/dist/img/user4-128x128.jpg
INFO: [ app_init ] --START--
INFO: Run Behavior\BuildLiteBehavior [ RunTime:0.000010s ]
INFO: [ app_init ] --END-- [ RunTime:0.000231s ]

[ 2016-12-01T17:13:11+08:00 ] ::1 /jb555host/PersonalTailor/index.php/ManufactorAdmin/Product/dist/img/user2-160x160.jpg
INFO: [ app_init ] --START--
INFO: Run Behavior\BuildLiteBehavior [ RunTime:0.000012s ]
INFO: [ app_init ] --END-- [ RunTime:0.000383s ]

[ 2016-12-01T17:13:13+08:00 ] ::1 /jb555host/PersonalTailor/index.php/ManufactorAdmin/Index/dist/img/user3-128x128.jpg
INFO: [ app_init ] --START--
INFO: Run Behavior\BuildLiteBehavior [ RunTime:0.000009s ]
INFO: [ app_init ] --END-- [ RunTime:0.000261s ]

[ 2016-12-01T17:13:13+08:00 ] ::1 /jb555host/PersonalTailor/index.php/ManufactorAdmin/Index/dist/img/user4-128x128.jpg
INFO: [ app_init ] --START--
INFO: Run Behavior\BuildLiteBehavior [ RunTime:0.000013s ]
INFO: [ app_init ] --END-- [ RunTime:0.000308s ]

[ 2016-12-01T17:13:13+08:00 ] ::1 /jb555host/PersonalTailor/index.php/ManufactorAdmin/Index/dist/img/user2-160x160.jpg
INFO: [ app_init ] --START--
INFO: Run Behavior\BuildLiteBehavior [ RunTime:0.000008s ]
INFO: [ app_init ] --END-- [ RunTime:0.000278s ]

[ 2016-12-01T17:13:18+08:00 ] ::1 /jb555host/PersonalTailor/index.php/ManufactorAdmin/Product/dist/img/user4-128x128.jpg
INFO: [ app_init ] --START--
INFO: Run Behavior\BuildLiteBehavior [ RunTime:0.000009s ]
INFO: [ app_init ] --END-- [ RunTime:0.000235s ]

[ 2016-12-01T17:13:18+08:00 ] ::1 /jb555host/PersonalTailor/index.php/ManufactorAdmin/Product/dist/img/user2-160x160.jpg
INFO: [ app_init ] --START--
INFO: Run Behavior\BuildLiteBehavior [ RunTime:0.000011s ]
INFO: [ app_init ] --END-- [ RunTime:0.000285s ]

[ 2016-12-01T17:13:18+08:00 ] ::1 /jb555host/PersonalTailor/index.php/ManufactorAdmin/Product/dist/img/user3-128x128.jpg
INFO: [ app_init ] --START--
INFO: Run Behavior\BuildLiteBehavior [ RunTime:0.000008s ]
INFO: [ app_init ] --END-- [ RunTime:0.000253s ]

[ 2016-12-01T17:17:08+08:00 ] ::1 /jb555host/PersonalTailor/index.php/ManufactorAdmin/Product/dist/img/user2-160x160.jpg
INFO: [ app_init ] --START--
INFO: Run Behavior\BuildLiteBehavior [ RunTime:0.000008s ]
INFO: [ app_init ] --END-- [ RunTime:0.000247s ]

[ 2016-12-01T17:17:08+08:00 ] ::1 /jb555host/PersonalTailor/index.php/ManufactorAdmin/Product/dist/img/user4-128x128.jpg
INFO: [ app_init ] --START--
INFO: Run Behavior\BuildLiteBehavior [ RunTime:0.000012s ]
INFO: [ app_init ] --END-- [ RunTime:0.000349s ]

[ 2016-12-01T17:17:08+08:00 ] ::1 /jb555host/PersonalTailor/index.php/ManufactorAdmin/Product/dist/img/user3-128x128.jpg
INFO: [ app_init ] --START--
INFO: Run Behavior\BuildLiteBehavior [ RunTime:0.000008s ]
INFO: [ app_init ] --END-- [ RunTime:0.000248s ]

[ 2016-12-01T17:17:55+08:00 ] ::1 /jb555host/PersonalTailor/index.php/ManufactorAdmin/Index/dist/img/user2-160x160.jpg
INFO: [ app_init ] --START--
INFO: Run Behavior\BuildLiteBehavior [ RunTime:0.000011s ]
INFO: [ app_init ] --END-- [ RunTime:0.000285s ]

[ 2016-12-01T17:17:55+08:00 ] ::1 /jb555host/PersonalTailor/index.php/ManufactorAdmin/Index/dist/img/user3-128x128.jpg
INFO: [ app_init ] --START--
INFO: Run Behavior\BuildLiteBehavior [ RunTime:0.000008s ]
INFO: [ app_init ] --END-- [ RunTime:0.000212s ]

[ 2016-12-01T17:17:55+08:00 ] ::1 /jb555host/PersonalTailor/index.php/ManufactorAdmin/Index/dist/img/user4-128x128.jpg
INFO: [ app_init ] --START--
INFO: Run Behavior\BuildLiteBehavior [ RunTime:0.000007s ]
INFO: [ app_init ] --END-- [ RunTime:0.000239s ]

[ 2016-12-01T17:18:03+08:00 ] ::1 /jb555host/PersonalTailor/dist/img/user3-128x128.jpg
INFO: [ app_init ] --START--
INFO: Run Behavior\BuildLiteBehavior [ RunTime:0.000007s ]
INFO: [ app_init ] --END-- [ RunTime:0.000206s ]

[ 2016-12-01T17:18:03+08:00 ] ::1 /jb555host/PersonalTailor/dist/img/user4-128x128.jpg
INFO: [ app_init ] --START--
INFO: Run Behavior\BuildLiteBehavior [ RunTime:0.000008s ]
INFO: [ app_init ] --END-- [ RunTime:0.000201s ]

[ 2016-12-01T17:18:03+08:00 ] ::1 /jb555host/PersonalTailor/dist/img/user2-160x160.jpg
INFO: [ app_init ] --START--
INFO: Run Behavior\BuildLiteBehavior [ RunTime:0.000012s ]
INFO: [ app_init ] --END-- [ RunTime:0.000421s ]

[ 2016-12-01T17:18:09+08:00 ] ::1 /jb555host/PersonalTailor/index.php/ManufactorAdmin/Product/dist/img/user2-160x160.jpg
INFO: [ app_init ] --START--
INFO: Run Behavior\BuildLiteBehavior [ RunTime:0.000009s ]
INFO: [ app_init ] --END-- [ RunTime:0.000257s ]

[ 2016-12-01T17:18:09+08:00 ] ::1 /jb555host/PersonalTailor/index.php/ManufactorAdmin/Product/dist/img/user3-128x128.jpg
INFO: [ app_init ] --START--
INFO: Run Behavior\BuildLiteBehavior [ RunTime:0.000008s ]
INFO: [ app_init ] --END-- [ RunTime:0.000211s ]

[ 2016-12-01T17:18:09+08:00 ] ::1 /jb555host/PersonalTailor/index.php/ManufactorAdmin/Product/dist/img/user4-128x128.jpg
INFO: [ app_init ] --START--
INFO: Run Behavior\BuildLiteBehavior [ RunTime:0.000008s ]
INFO: [ app_init ] --END-- [ RunTime:0.000247s ]

[ 2016-12-01T17:19:12+08:00 ] ::1 /jb555host/PersonalTailor/index.php/ManufactorAdmin/Product/dist/img/user2-160x160.jpg
INFO: [ app_init ] --START--
INFO: Run Behavior\BuildLiteBehavior [ RunTime:0.000009s ]
INFO: [ app_init ] --END-- [ RunTime:0.000236s ]

[ 2016-12-01T17:19:12+08:00 ] ::1 /jb555host/PersonalTailor/index.php/ManufactorAdmin/Product/dist/img/user3-128x128.jpg
INFO: [ app_init ] --START--
INFO: Run Behavior\BuildLiteBehavior [ RunTime:0.000008s ]
INFO: [ app_init ] --END-- [ RunTime:0.000283s ]

[ 2016-12-01T17:19:12+08:00 ] ::1 /jb555host/PersonalTailor/index.php/ManufactorAdmin/Product/dist/img/user4-128x128.jpg
INFO: [ app_init ] --START--
INFO: Run Behavior\BuildLiteBehavior [ RunTime:0.000011s ]
INFO: [ app_init ] --END-- [ RunTime:0.000336s ]

[ 2016-12-01T17:20:14+08:00 ] ::1 /jb555host/PersonalTailor/index.php/ManufactorAdmin/Index/dist/img/user2-160x160.jpg
INFO: [ app_init ] --START--
INFO: Run Behavior\BuildLiteBehavior [ RunTime:0.000009s ]
INFO: [ app_init ] --END-- [ RunTime:0.000269s ]

[ 2016-12-01T17:20:14+08:00 ] ::1 /jb555host/PersonalTailor/index.php/ManufactorAdmin/Index/dist/img/user4-128x128.jpg
INFO: [ app_init ] --START--
INFO: Run Behavior\BuildLiteBehavior [ RunTime:0.000008s ]
INFO: [ app_init ] --END-- [ RunTime:0.000208s ]

[ 2016-12-01T17:20:14+08:00 ] ::1 /jb555host/PersonalTailor/index.php/ManufactorAdmin/Index/dist/img/user3-128x128.jpg
INFO: [ app_init ] --START--
INFO: Run Behavior\BuildLiteBehavior [ RunTime:0.000011s ]
INFO: [ app_init ] --END-- [ RunTime:0.000335s ]

[ 2016-12-01T17:20:43+08:00 ] ::1 /jb555host/PersonalTailor/index.php/ManufactorAdmin/Product/dist/img/user4-128x128.jpg
INFO: [ app_init ] --START--
INFO: Run Behavior\BuildLiteBehavior [ RunTime:0.000008s ]
INFO: [ app_init ] --END-- [ RunTime:0.000208s ]

[ 2016-12-01T17:20:43+08:00 ] ::1 /jb555host/PersonalTailor/index.php/ManufactorAdmin/Product/dist/img/user3-128x128.jpg
INFO: [ app_init ] --START--
INFO: Run Behavior\BuildLiteBehavior [ RunTime:0.000008s ]
INFO: [ app_init ] --END-- [ RunTime:0.000224s ]

[ 2016-12-01T17:20:43+08:00 ] ::1 /jb555host/PersonalTailor/index.php/ManufactorAdmin/Product/dist/img/user2-160x160.jpg
INFO: [ app_init ] --START--
INFO: Run Behavior\BuildLiteBehavior [ RunTime:0.000012s ]
INFO: [ app_init ] --END-- [ RunTime:0.000300s ]

[ 2016-12-01T17:21:11+08:00 ] ::1 /jb555host/PersonalTailor/index.php/ManufactorAdmin/Product/dist/img/user2-160x160.jpg
INFO: [ app_init ] --START--
INFO: Run Behavior\BuildLiteBehavior [ RunTime:0.000008s ]
INFO: [ app_init ] --END-- [ RunTime:0.000213s ]

[ 2016-12-01T17:21:11+08:00 ] ::1 /jb555host/PersonalTailor/index.php/ManufactorAdmin/Product/dist/img/user3-128x128.jpg
INFO: [ app_init ] --START--
INFO: Run Behavior\BuildLiteBehavior [ RunTime:0.000008s ]
INFO: [ app_init ] --END-- [ RunTime:0.000243s ]

[ 2016-12-01T17:21:11+08:00 ] ::1 /jb555host/PersonalTailor/index.php/ManufactorAdmin/Product/dist/img/user4-128x128.jpg
INFO: [ app_init ] --START--
INFO: Run Behavior\BuildLiteBehavior [ RunTime:0.000017s ]
INFO: [ app_init ] --END-- [ RunTime:0.000327s ]

[ 2016-12-01T17:22:05+08:00 ] ::1 /jb555host/PersonalTailor/index.php/ManufactorAdmin/Product/dist/img/user2-160x160.jpg
INFO: [ app_init ] --START--
INFO: Run Behavior\BuildLiteBehavior [ RunTime:0.000010s ]
INFO: [ app_init ] --END-- [ RunTime:0.000263s ]

[ 2016-12-01T17:22:05+08:00 ] ::1 /jb555host/PersonalTailor/index.php/ManufactorAdmin/Product/dist/img/user4-128x128.jpg
INFO: [ app_init ] --START--
INFO: Run Behavior\BuildLiteBehavior [ RunTime:0.000011s ]
INFO: [ app_init ] --END-- [ RunTime:0.000359s ]

[ 2016-12-01T17:22:05+08:00 ] ::1 /jb555host/PersonalTailor/index.php/ManufactorAdmin/Product/dist/img/user3-128x128.jpg
INFO: [ app_init ] --START--
INFO: Run Behavior\BuildLiteBehavior [ RunTime:0.000010s ]
INFO: [ app_init ] --END-- [ RunTime:0.000346s ]

[ 2016-12-01T17:22:33+08:00 ] ::1 /jb555host/PersonalTailor/index.php/ManufactorAdmin/Product/dist/img/user2-160x160.jpg
INFO: [ app_init ] --START--
INFO: Run Behavior\BuildLiteBehavior [ RunTime:0.000010s ]
INFO: [ app_init ] --END-- [ RunTime:0.000273s ]

[ 2016-12-01T17:22:33+08:00 ] ::1 /jb555host/PersonalTailor/index.php/ManufactorAdmin/Product/dist/img/user4-128x128.jpg
INFO: [ app_init ] --START--
INFO: Run Behavior\BuildLiteBehavior [ RunTime:0.000009s ]
INFO: [ app_init ] --END-- [ RunTime:0.000240s ]

[ 2016-12-01T17:22:33+08:00 ] ::1 /jb555host/PersonalTailor/index.php/ManufactorAdmin/Product/dist/img/user3-128x128.jpg
INFO: [ app_init ] --START--
INFO: Run Behavior\BuildLiteBehavior [ RunTime:0.000010s ]
INFO: [ app_init ] --END-- [ RunTime:0.000262s ]

[ 2016-12-01T17:23:47+08:00 ] ::1 /jb555host/PersonalTailor/index.php/ManufactorAdmin/Product/dist/img/user4-128x128.jpg
INFO: [ app_init ] --START--
INFO: Run Behavior\BuildLiteBehavior [ RunTime:0.000013s ]
INFO: [ app_init ] --END-- [ RunTime:0.000383s ]

[ 2016-12-01T17:23:47+08:00 ] ::1 /jb555host/PersonalTailor/index.php/ManufactorAdmin/Product/dist/img/user2-160x160.jpg
INFO: [ app_init ] --START--
INFO: Run Behavior\BuildLiteBehavior [ RunTime:0.000018s ]
INFO: [ app_init ] --END-- [ RunTime:0.000495s ]

[ 2016-12-01T17:23:47+08:00 ] ::1 /jb555host/PersonalTailor/index.php/ManufactorAdmin/Product/dist/img/user3-128x128.jpg
INFO: [ app_init ] --START--
INFO: Run Behavior\BuildLiteBehavior [ RunTime:0.000012s ]
INFO: [ app_init ] --END-- [ RunTime:0.000379s ]

[ 2016-12-01T17:23:53+08:00 ] ::1 /jb555host/PersonalTailor/index.php/ManufactorAdmin/Product/dist/img/user2-160x160.jpg
INFO: [ app_init ] --START--
INFO: Run Behavior\BuildLiteBehavior [ RunTime:0.000015s ]
INFO: [ app_init ] --END-- [ RunTime:0.000384s ]

[ 2016-12-01T17:23:53+08:00 ] ::1 /jb555host/PersonalTailor/index.php/ManufactorAdmin/Product/dist/img/user3-128x128.jpg
INFO: [ app_init ] --START--
INFO: Run Behavior\BuildLiteBehavior [ RunTime:0.000020s ]
INFO: [ app_init ] --END-- [ RunTime:0.000531s ]

[ 2016-12-01T17:23:53+08:00 ] ::1 /jb555host/PersonalTailor/index.php/ManufactorAdmin/Product/dist/img/user4-128x128.jpg
INFO: [ app_init ] --START--
INFO: Run Behavior\BuildLiteBehavior [ RunTime:0.000022s ]
INFO: [ app_init ] --END-- [ RunTime:0.000469s ]

[ 2016-12-01T17:25:17+08:00 ] ::1 /jb555host/PersonalTailor/index.php/ManufactorAdmin/Product/dist/img/user2-160x160.jpg
INFO: [ app_init ] --START--
INFO: Run Behavior\BuildLiteBehavior [ RunTime:0.000008s ]
INFO: [ app_init ] --END-- [ RunTime:0.000236s ]

[ 2016-12-01T17:25:17+08:00 ] ::1 /jb555host/PersonalTailor/index.php/ManufactorAdmin/Product/dist/img/user3-128x128.jpg
INFO: [ app_init ] --START--
INFO: Run Behavior\BuildLiteBehavior [ RunTime:0.000009s ]
INFO: [ app_init ] --END-- [ RunTime:0.000248s ]

[ 2016-12-01T17:25:17+08:00 ] ::1 /jb555host/PersonalTailor/index.php/ManufactorAdmin/Product/dist/img/user4-128x128.jpg
INFO: [ app_init ] --START--
INFO: Run Behavior\BuildLiteBehavior [ RunTime:0.000008s ]
INFO: [ app_init ] --END-- [ RunTime:0.000234s ]

[ 2016-12-01T17:27:07+08:00 ] ::1 /jb555host/PersonalTailor/index.php/ManufactorAdmin/Product/dist/img/user2-160x160.jpg
INFO: [ app_init ] --START--
INFO: Run Behavior\BuildLiteBehavior [ RunTime:0.000015s ]
INFO: [ app_init ] --END-- [ RunTime:0.000364s ]

[ 2016-12-01T17:27:07+08:00 ] ::1 /jb555host/PersonalTailor/index.php/ManufactorAdmin/Product/dist/img/user3-128x128.jpg
INFO: [ app_init ] --START--
INFO: Run Behavior\BuildLiteBehavior [ RunTime:0.000020s ]
INFO: [ app_init ] --END-- [ RunTime:0.000544s ]

[ 2016-12-01T17:27:07+08:00 ] ::1 /jb555host/PersonalTailor/index.php/ManufactorAdmin/Product/dist/img/user4-128x128.jpg
INFO: [ app_init ] --START--
INFO: Run Behavior\BuildLiteBehavior [ RunTime:0.000013s ]
INFO: [ app_init ] --END-- [ RunTime:0.000411s ]

[ 2016-12-01T17:28:02+08:00 ] ::1 /jb555host/PersonalTailor/index.php/ManufactorAdmin/Product/dist/img/user2-160x160.jpg
INFO: [ app_init ] --START--
INFO: Run Behavior\BuildLiteBehavior [ RunTime:0.000012s ]
INFO: [ app_init ] --END-- [ RunTime:0.000410s ]

[ 2016-12-01T17:28:02+08:00 ] ::1 /jb555host/PersonalTailor/index.php/ManufactorAdmin/Product/dist/img/user3-128x128.jpg
INFO: [ app_init ] --START--
INFO: Run Behavior\BuildLiteBehavior [ RunTime:0.000019s ]
INFO: [ app_init ] --END-- [ RunTime:0.000550s ]

[ 2016-12-01T17:28:02+08:00 ] ::1 /jb555host/PersonalTailor/index.php/ManufactorAdmin/Product/dist/img/user4-128x128.jpg
INFO: [ app_init ] --START--
INFO: Run Behavior\BuildLiteBehavior [ RunTime:0.000013s ]
INFO: [ app_init ] --END-- [ RunTime:0.000419s ]

[ 2016-12-01T17:28:13+08:00 ] ::1 /jb555host/PersonalTailor/index.php/ManufactorAdmin/Product/dist/img/user2-160x160.jpg
INFO: [ app_init ] --START--
INFO: Run Behavior\BuildLiteBehavior [ RunTime:0.000013s ]
INFO: [ app_init ] --END-- [ RunTime:0.000380s ]

[ 2016-12-01T17:28:13+08:00 ] ::1 /jb555host/PersonalTailor/index.php/ManufactorAdmin/Product/dist/img/user4-128x128.jpg
INFO: [ app_init ] --START--
INFO: Run Behavior\BuildLiteBehavior [ RunTime:0.000014s ]
INFO: [ app_init ] --END-- [ RunTime:0.000311s ]

[ 2016-12-01T17:28:13+08:00 ] ::1 /jb555host/PersonalTailor/index.php/ManufactorAdmin/Product/dist/img/user3-128x128.jpg
INFO: [ app_init ] --START--
INFO: Run Behavior\BuildLiteBehavior [ RunTime:0.000019s ]
INFO: [ app_init ] --END-- [ RunTime:0.000312s ]

[ 2016-12-01T17:28:39+08:00 ] ::1 /jb555host/PersonalTailor/index.php/ManufactorAdmin/Product/dist/img/user2-160x160.jpg
INFO: [ app_init ] --START--
INFO: Run Behavior\BuildLiteBehavior [ RunTime:0.000012s ]
INFO: [ app_init ] --END-- [ RunTime:0.000304s ]

[ 2016-12-01T17:28:39+08:00 ] ::1 /jb555host/PersonalTailor/index.php/ManufactorAdmin/Product/dist/img/user4-128x128.jpg
INFO: [ app_init ] --START--
INFO: Run Behavior\BuildLiteBehavior [ RunTime:0.000013s ]
INFO: [ app_init ] --END-- [ RunTime:0.000353s ]

[ 2016-12-01T17:28:39+08:00 ] ::1 /jb555host/PersonalTailor/index.php/ManufactorAdmin/Product/dist/img/user3-128x128.jpg
INFO: [ app_init ] --START--
INFO: Run Behavior\BuildLiteBehavior [ RunTime:0.000012s ]
INFO: [ app_init ] --END-- [ RunTime:0.000359s ]

[ 2016-12-01T17:33:15+08:00 ] ::1 /jb555host/PersonalTailor/index.php/ManufactorAdmin/Product/dist/img/user2-160x160.jpg
INFO: [ app_init ] --START--
INFO: Run Behavior\BuildLiteBehavior [ RunTime:0.000008s ]
INFO: [ app_init ] --END-- [ RunTime:0.000208s ]

[ 2016-12-01T17:33:15+08:00 ] ::1 /jb555host/PersonalTailor/index.php/ManufactorAdmin/Product/dist/img/user4-128x128.jpg
INFO: [ app_init ] --START--
INFO: Run Behavior\BuildLiteBehavior [ RunTime:0.000009s ]
INFO: [ app_init ] --END-- [ RunTime:0.000227s ]

[ 2016-12-01T17:33:15+08:00 ] ::1 /jb555host/PersonalTailor/index.php/ManufactorAdmin/Product/dist/img/user3-128x128.jpg
INFO: [ app_init ] --START--
INFO: Run Behavior\BuildLiteBehavior [ RunTime:0.000008s ]
INFO: [ app_init ] --END-- [ RunTime:0.000231s ]

[ 2016-12-01T17:33:44+08:00 ] ::1 /jb555host/PersonalTailor/index.php/ManufactorAdmin/Product/dist/img/user2-160x160.jpg
INFO: [ app_init ] --START--
INFO: Run Behavior\BuildLiteBehavior [ RunTime:0.000010s ]
INFO: [ app_init ] --END-- [ RunTime:0.000216s ]

[ 2016-12-01T17:33:44+08:00 ] ::1 /jb555host/PersonalTailor/index.php/ManufactorAdmin/Product/dist/img/user3-128x128.jpg
INFO: [ app_init ] --START--
INFO: Run Behavior\BuildLiteBehavior [ RunTime:0.000007s ]
INFO: [ app_init ] --END-- [ RunTime:0.000212s ]

[ 2016-12-01T17:33:44+08:00 ] ::1 /jb555host/PersonalTailor/index.php/ManufactorAdmin/Product/dist/img/user4-128x128.jpg
INFO: [ app_init ] --START--
INFO: Run Behavior\BuildLiteBehavior [ RunTime:0.000012s ]
INFO: [ app_init ] --END-- [ RunTime:0.000520s ]

[ 2016-12-01T17:42:58+08:00 ] ::1 /jb555host/PersonalTailor/index.php/ManufactorAdmin/Product/dist/img/user3-128x128.jpg
INFO: [ app_init ] --START--
INFO: Run Behavior\BuildLiteBehavior [ RunTime:0.000009s ]
INFO: [ app_init ] --END-- [ RunTime:0.000286s ]

[ 2016-12-01T17:42:58+08:00 ] ::1 /jb555host/PersonalTailor/index.php/ManufactorAdmin/Product/dist/img/user2-160x160.jpg
INFO: [ app_init ] --START--
INFO: Run Behavior\BuildLiteBehavior [ RunTime:0.000012s ]
INFO: [ app_init ] --END-- [ RunTime:0.000404s ]

[ 2016-12-01T17:42:58+08:00 ] ::1 /jb555host/PersonalTailor/index.php/ManufactorAdmin/Product/dist/img/user4-128x128.jpg
INFO: [ app_init ] --START--
INFO: Run Behavior\BuildLiteBehavior [ RunTime:0.000012s ]
INFO: [ app_init ] --END-- [ RunTime:0.000276s ]

[ 2016-12-01T17:43:27+08:00 ] ::1 /jb555host/PersonalTailor/index.php/ManufactorAdmin/Product/dist/img/user2-160x160.jpg
INFO: [ app_init ] --START--
INFO: Run Behavior\BuildLiteBehavior [ RunTime:0.000012s ]
INFO: [ app_init ] --END-- [ RunTime:0.000261s ]

[ 2016-12-01T17:43:27+08:00 ] ::1 /jb555host/PersonalTailor/index.php/ManufactorAdmin/Product/dist/img/user3-128x128.jpg
INFO: [ app_init ] --START--
INFO: Run Behavior\BuildLiteBehavior [ RunTime:0.000008s ]
INFO: [ app_init ] --END-- [ RunTime:0.000248s ]

[ 2016-12-01T17:43:27+08:00 ] ::1 /jb555host/PersonalTailor/index.php/ManufactorAdmin/Product/dist/img/user4-128x128.jpg
INFO: [ app_init ] --START--
INFO: Run Behavior\BuildLiteBehavior [ RunTime:0.000007s ]
INFO: [ app_init ] --END-- [ RunTime:0.000238s ]

[ 2016-12-01T17:44:50+08:00 ] ::1 /jb555host/PersonalTailor/index.php/ManufactorAdmin/Product/dist/img/user2-160x160.jpg
INFO: [ app_init ] --START--
INFO: Run Behavior\BuildLiteBehavior [ RunTime:0.000012s ]
INFO: [ app_init ] --END-- [ RunTime:0.000285s ]

[ 2016-12-01T17:44:50+08:00 ] ::1 /jb555host/PersonalTailor/index.php/ManufactorAdmin/Product/dist/img/user3-128x128.jpg
INFO: [ app_init ] --START--
INFO: Run Behavior\BuildLiteBehavior [ RunTime:0.000008s ]
INFO: [ app_init ] --END-- [ RunTime:0.000214s ]

[ 2016-12-01T17:44:50+08:00 ] ::1 /jb555host/PersonalTailor/index.php/ManufactorAdmin/Product/dist/img/user4-128x128.jpg
INFO: [ app_init ] --START--
INFO: Run Behavior\BuildLiteBehavior [ RunTime:0.000008s ]
INFO: [ app_init ] --END-- [ RunTime:0.000282s ]

[ 2016-12-01T17:45:37+08:00 ] ::1 /jb555host/PersonalTailor/index.php/ManufactorAdmin/Product/dist/img/user3-128x128.jpg
INFO: [ app_init ] --START--
INFO: Run Behavior\BuildLiteBehavior [ RunTime:0.000013s ]
INFO: [ app_init ] --END-- [ RunTime:0.000328s ]

[ 2016-12-01T17:45:37+08:00 ] ::1 /jb555host/PersonalTailor/index.php/ManufactorAdmin/Product/dist/img/user4-128x128.jpg
INFO: [ app_init ] --START--
INFO: Run Behavior\BuildLiteBehavior [ RunTime:0.000014s ]
INFO: [ app_init ] --END-- [ RunTime:0.000334s ]

[ 2016-12-01T17:45:37+08:00 ] ::1 /jb555host/PersonalTailor/index.php/ManufactorAdmin/Product/dist/img/user2-160x160.jpg
INFO: [ app_init ] --START--
INFO: Run Behavior\BuildLiteBehavior [ RunTime:0.000009s ]
INFO: [ app_init ] --END-- [ RunTime:0.000268s ]

[ 2016-12-01T20:39:42+08:00 ] ::1 /jb555host/PersonalTailor/index.php/ManufactorAdmin/Index/dist/img/user2-160x160.jpg
INFO: [ app_init ] --START--
INFO: Run Behavior\BuildLiteBehavior [ RunTime:0.000013s ]
INFO: [ app_init ] --END-- [ RunTime:0.000335s ]

[ 2016-12-01T20:39:42+08:00 ] ::1 /jb555host/PersonalTailor/index.php/ManufactorAdmin/Index/dist/img/user3-128x128.jpg
INFO: [ app_init ] --START--
INFO: Run Behavior\BuildLiteBehavior [ RunTime:0.000013s ]
INFO: [ app_init ] --END-- [ RunTime:0.000334s ]

[ 2016-12-01T20:39:49+08:00 ] ::1 /jb555host/PersonalTailor/index.php/ManufactorAdmin/Product/dist/img/user2-160x160.jpg
INFO: [ app_init ] --START--
INFO: Run Behavior\BuildLiteBehavior [ RunTime:0.000014s ]
INFO: [ app_init ] --END-- [ RunTime:0.000320s ]

[ 2016-12-01T20:39:49+08:00 ] ::1 /jb555host/PersonalTailor/index.php/ManufactorAdmin/Product/dist/img/user4-128x128.jpg
INFO: [ app_init ] --START--
INFO: Run Behavior\BuildLiteBehavior [ RunTime:0.000014s ]
INFO: [ app_init ] --END-- [ RunTime:0.000333s ]

[ 2016-12-01T20:39:49+08:00 ] ::1 /jb555host/PersonalTailor/index.php/ManufactorAdmin/Product/dist/img/user3-128x128.jpg
INFO: [ app_init ] --START--
INFO: Run Behavior\BuildLiteBehavior [ RunTime:0.000013s ]
INFO: [ app_init ] --END-- [ RunTime:0.000314s ]

[ 2016-12-01T21:37:32+08:00 ] ::1 /jb555host/PersonalTailor/index.php/ManufactorAdmin/Product/dist/img/user2-160x160.jpg
INFO: [ app_init ] --START--
INFO: Run Behavior\BuildLiteBehavior [ RunTime:0.000010s ]
INFO: [ app_init ] --END-- [ RunTime:0.000260s ]

[ 2016-12-01T21:37:32+08:00 ] ::1 /jb555host/PersonalTailor/index.php/ManufactorAdmin/Product/dist/img/user4-128x128.jpg
INFO: [ app_init ] --START--
INFO: Run Behavior\BuildLiteBehavior [ RunTime:0.000013s ]
INFO: [ app_init ] --END-- [ RunTime:0.000349s ]

[ 2016-12-01T21:37:32+08:00 ] ::1 /jb555host/PersonalTailor/index.php/ManufactorAdmin/Product/dist/img/user3-128x128.jpg
INFO: [ app_init ] --START--
INFO: Run Behavior\BuildLiteBehavior [ RunTime:0.000011s ]
INFO: [ app_init ] --END-- [ RunTime:0.000414s ]

[ 2016-12-01T21:37:38+08:00 ] ::1 /jb555host/PersonalTailor/index.php/ManufactorAdmin/Product/dist/img/user3-128x128.jpg
INFO: [ app_init ] --START--
INFO: Run Behavior\BuildLiteBehavior [ RunTime:0.000008s ]
INFO: [ app_init ] --END-- [ RunTime:0.000257s ]

[ 2016-12-01T21:37:38+08:00 ] ::1 /jb555host/PersonalTailor/index.php/ManufactorAdmin/Product/dist/img/user2-160x160.jpg
INFO: [ app_init ] --START--
INFO: Run Behavior\BuildLiteBehavior [ RunTime:0.000009s ]
INFO: [ app_init ] --END-- [ RunTime:0.000214s ]

[ 2016-12-01T21:37:38+08:00 ] ::1 /jb555host/PersonalTailor/index.php/ManufactorAdmin/Product/dist/img/user4-128x128.jpg
INFO: [ app_init ] --START--
INFO: Run Behavior\BuildLiteBehavior [ RunTime:0.000011s ]
INFO: [ app_init ] --END-- [ RunTime:0.000331s ]

[ 2016-12-01T21:37:51+08:00 ] ::1 /jb555host/PersonalTailor/index.php/ManufactorAdmin/Index/dist/img/user3-128x128.jpg
INFO: [ app_init ] --START--
INFO: Run Behavior\BuildLiteBehavior [ RunTime:0.000012s ]
INFO: [ app_init ] --END-- [ RunTime:0.000289s ]

[ 2016-12-01T21:37:51+08:00 ] ::1 /jb555host/PersonalTailor/index.php/ManufactorAdmin/Index/dist/img/user4-128x128.jpg
INFO: [ app_init ] --START--
INFO: Run Behavior\BuildLiteBehavior [ RunTime:0.000011s ]
INFO: [ app_init ] --END-- [ RunTime:0.000298s ]

[ 2016-12-01T21:37:51+08:00 ] ::1 /jb555host/PersonalTailor/index.php/ManufactorAdmin/Index/dist/img/user2-160x160.jpg
INFO: [ app_init ] --START--
INFO: Run Behavior\BuildLiteBehavior [ RunTime:0.000020s ]
INFO: [ app_init ] --END-- [ RunTime:0.000677s ]

[ 2016-12-01T21:39:09+08:00 ] ::1 /jb555host/PersonalTailor/index.php/ManufactorAdmin/Product/dist/img/user4-128x128.jpg
INFO: [ app_init ] --START--
INFO: Run Behavior\BuildLiteBehavior [ RunTime:0.000008s ]
INFO: [ app_init ] --END-- [ RunTime:0.000218s ]

[ 2016-12-01T21:39:09+08:00 ] ::1 /jb555host/PersonalTailor/index.php/ManufactorAdmin/Product/dist/img/user3-128x128.jpg
INFO: [ app_init ] --START--
INFO: Run Behavior\BuildLiteBehavior [ RunTime:0.000012s ]
INFO: [ app_init ] --END-- [ RunTime:0.000292s ]

[ 2016-12-01T21:39:09+08:00 ] ::1 /jb555host/PersonalTailor/index.php/ManufactorAdmin/Product/dist/img/user2-160x160.jpg
INFO: [ app_init ] --START--
INFO: Run Behavior\BuildLiteBehavior [ RunTime:0.000027s ]
INFO: [ app_init ] --END-- [ RunTime:0.000781s ]

[ 2016-12-01T21:39:12+08:00 ] ::1 /jb555host/PersonalTailor/index.php/ManufactorAdmin/Product/dist/img/user2-160x160.jpg
INFO: [ app_init ] --START--
INFO: Run Behavior\BuildLiteBehavior [ RunTime:0.000009s ]
INFO: [ app_init ] --END-- [ RunTime:0.000212s ]

[ 2016-12-01T21:39:12+08:00 ] ::1 /jb555host/PersonalTailor/index.php/ManufactorAdmin/Product/dist/img/user3-128x128.jpg
INFO: [ app_init ] --START--
INFO: Run Behavior\BuildLiteBehavior [ RunTime:0.000014s ]
INFO: [ app_init ] --END-- [ RunTime:0.000303s ]

[ 2016-12-01T21:39:12+08:00 ] ::1 /jb555host/PersonalTailor/index.php/ManufactorAdmin/Product/dist/img/user4-128x128.jpg
INFO: [ app_init ] --START--
INFO: Run Behavior\BuildLiteBehavior [ RunTime:0.000012s ]
INFO: [ app_init ] --END-- [ RunTime:0.000297s ]

[ 2016-12-01T21:39:23+08:00 ] ::1 /jb555host/PersonalTailor/index.php/ManufactorAdmin/Product/dist/img/user2-160x160.jpg
INFO: [ app_init ] --START--
INFO: Run Behavior\BuildLiteBehavior [ RunTime:0.000009s ]
INFO: [ app_init ] --END-- [ RunTime:0.000216s ]

[ 2016-12-01T21:39:23+08:00 ] ::1 /jb555host/PersonalTailor/index.php/ManufactorAdmin/Product/dist/img/user4-128x128.jpg
INFO: [ app_init ] --START--
INFO: Run Behavior\BuildLiteBehavior [ RunTime:0.000014s ]
INFO: [ app_init ] --END-- [ RunTime:0.000310s ]

[ 2016-12-01T21:39:23+08:00 ] ::1 /jb555host/PersonalTailor/index.php/ManufactorAdmin/Product/dist/img/user3-128x128.jpg
INFO: [ app_init ] --START--
INFO: Run Behavior\BuildLiteBehavior [ RunTime:0.000010s ]
INFO: [ app_init ] --END-- [ RunTime:0.000259s ]

[ 2016-12-01T21:39:26+08:00 ] ::1 /jb555host/PersonalTailor/index.php/ManufactorAdmin/Product/dist/img/user2-160x160.jpg
INFO: [ app_init ] --START--
INFO: Run Behavior\BuildLiteBehavior [ RunTime:0.000008s ]
INFO: [ app_init ] --END-- [ RunTime:0.000225s ]

[ 2016-12-01T21:39:26+08:00 ] ::1 /jb555host/PersonalTailor/index.php/ManufactorAdmin/Product/dist/img/user3-128x128.jpg
INFO: [ app_init ] --START--
INFO: Run Behavior\BuildLiteBehavior [ RunTime:0.000008s ]
INFO: [ app_init ] --END-- [ RunTime:0.000222s ]

[ 2016-12-01T21:39:26+08:00 ] ::1 /jb555host/PersonalTailor/index.php/ManufactorAdmin/Product/dist/img/user4-128x128.jpg
INFO: [ app_init ] --START--
INFO: Run Behavior\BuildLiteBehavior [ RunTime:0.000010s ]
INFO: [ app_init ] --END-- [ RunTime:0.000229s ]

[ 2016-12-01T21:41:01+08:00 ] ::1 /jb555host/PersonalTailor/index.php/ManufactorAdmin/Product/dist/img/user2-160x160.jpg
INFO: [ app_init ] --START--
INFO: Run Behavior\BuildLiteBehavior [ RunTime:0.000008s ]
INFO: [ app_init ] --END-- [ RunTime:0.000207s ]

[ 2016-12-01T21:41:01+08:00 ] ::1 /jb555host/PersonalTailor/index.php/ManufactorAdmin/Product/dist/img/user3-128x128.jpg
INFO: [ app_init ] --START--
INFO: Run Behavior\BuildLiteBehavior [ RunTime:0.000023s ]
INFO: [ app_init ] --END-- [ RunTime:0.000353s ]

[ 2016-12-01T21:41:01+08:00 ] ::1 /jb555host/PersonalTailor/index.php/ManufactorAdmin/Product/dist/img/user4-128x128.jpg
INFO: [ app_init ] --START--
INFO: Run Behavior\BuildLiteBehavior [ RunTime:0.000024s ]
INFO: [ app_init ] --END-- [ RunTime:0.000422s ]

[ 2016-12-01T21:41:07+08:00 ] ::1 /jb555host/PersonalTailor/index.php/ManufactorAdmin/Product/dist/img/user3-128x128.jpg
INFO: [ app_init ] --START--
INFO: Run Behavior\BuildLiteBehavior [ RunTime:0.000009s ]
INFO: [ app_init ] --END-- [ RunTime:0.000276s ]

[ 2016-12-01T21:41:07+08:00 ] ::1 /jb555host/PersonalTailor/index.php/ManufactorAdmin/Product/dist/img/user2-160x160.jpg
INFO: [ app_init ] --START--
INFO: Run Behavior\BuildLiteBehavior [ RunTime:0.000022s ]
INFO: [ app_init ] --END-- [ RunTime:0.000317s ]

[ 2016-12-01T21:41:07+08:00 ] ::1 /jb555host/PersonalTailor/index.php/ManufactorAdmin/Product/dist/img/user4-128x128.jpg
INFO: [ app_init ] --START--
INFO: Run Behavior\BuildLiteBehavior [ RunTime:0.000011s ]
INFO: [ app_init ] --END-- [ RunTime:0.000383s ]

[ 2016-12-01T21:57:42+08:00 ] ::1 /jb555host/PersonalTailor/index.php/ManufactorAdmin/Product/dist/img/user2-160x160.jpg
INFO: [ app_init ] --START--
INFO: Run Behavior\BuildLiteBehavior [ RunTime:0.000019s ]
INFO: [ app_init ] --END-- [ RunTime:0.000393s ]

[ 2016-12-01T21:57:42+08:00 ] ::1 /jb555host/PersonalTailor/index.php/ManufactorAdmin/Product/dist/img/user3-128x128.jpg
INFO: [ app_init ] --START--
INFO: Run Behavior\BuildLiteBehavior [ RunTime:0.000019s ]
INFO: [ app_init ] --END-- [ RunTime:0.000391s ]

[ 2016-12-01T21:57:42+08:00 ] ::1 /jb555host/PersonalTailor/index.php/ManufactorAdmin/Product/dist/img/user4-128x128.jpg
INFO: [ app_init ] --START--
INFO: Run Behavior\BuildLiteBehavior [ RunTime:0.000024s ]
INFO: [ app_init ] --END-- [ RunTime:0.000660s ]

[ 2016-12-01T21:57:49+08:00 ] ::1 /jb555host/PersonalTailor/index.php/ManufactorAdmin/Product/dist/img/user2-160x160.jpg
INFO: [ app_init ] --START--
INFO: Run Behavior\BuildLiteBehavior [ RunTime:0.000009s ]
INFO: [ app_init ] --END-- [ RunTime:0.000221s ]

[ 2016-12-01T21:57:49+08:00 ] ::1 /jb555host/PersonalTailor/index.php/ManufactorAdmin/Product/dist/img/user3-128x128.jpg
INFO: [ app_init ] --START--
INFO: Run Behavior\BuildLiteBehavior [ RunTime:0.000009s ]
INFO: [ app_init ] --END-- [ RunTime:0.000221s ]

[ 2016-12-01T21:57:49+08:00 ] ::1 /jb555host/PersonalTailor/index.php/ManufactorAdmin/Product/dist/img/user4-128x128.jpg
INFO: [ app_init ] --START--
INFO: Run Behavior\BuildLiteBehavior [ RunTime:0.000014s ]
INFO: [ app_init ] --END-- [ RunTime:0.000413s ]

[ 2016-12-01T21:59:24+08:00 ] ::1 /jb555host/PersonalTailor/index.php/ManufactorAdmin/Product/dist/img/user3-128x128.jpg
INFO: [ app_init ] --START--
INFO: Run Behavior\BuildLiteBehavior [ RunTime:0.000009s ]
INFO: [ app_init ] --END-- [ RunTime:0.000215s ]

[ 2016-12-01T21:59:24+08:00 ] ::1 /jb555host/PersonalTailor/index.php/ManufactorAdmin/Product/dist/img/user4-128x128.jpg
INFO: [ app_init ] --START--
INFO: Run Behavior\BuildLiteBehavior [ RunTime:0.000010s ]
INFO: [ app_init ] --END-- [ RunTime:0.000249s ]

[ 2016-12-01T21:59:24+08:00 ] ::1 /jb555host/PersonalTailor/index.php/ManufactorAdmin/Product/dist/img/user2-160x160.jpg
INFO: [ app_init ] --START--
INFO: Run Behavior\BuildLiteBehavior [ RunTime:0.000008s ]
INFO: [ app_init ] --END-- [ RunTime:0.000566s ]

[ 2016-12-01T21:59:29+08:00 ] ::1 /jb555host/PersonalTailor/index.php/ManufactorAdmin/Product/dist/img/user2-160x160.jpg
INFO: [ app_init ] --START--
INFO: Run Behavior\BuildLiteBehavior [ RunTime:0.000013s ]
INFO: [ app_init ] --END-- [ RunTime:0.000309s ]

[ 2016-12-01T21:59:29+08:00 ] ::1 /jb555host/PersonalTailor/index.php/ManufactorAdmin/Product/dist/img/user4-128x128.jpg
INFO: [ app_init ] --START--
INFO: Run Behavior\BuildLiteBehavior [ RunTime:0.000012s ]
INFO: [ app_init ] --END-- [ RunTime:0.000287s ]

[ 2016-12-01T21:59:29+08:00 ] ::1 /jb555host/PersonalTailor/index.php/ManufactorAdmin/Product/dist/img/user3-128x128.jpg
INFO: [ app_init ] --START--
INFO: Run Behavior\BuildLiteBehavior [ RunTime:0.000016s ]
INFO: [ app_init ] --END-- [ RunTime:0.000345s ]

[ 2016-12-01T21:59:35+08:00 ] ::1 /jb555host/PersonalTailor/index.php/ManufactorAdmin/Product/dist/img/user3-128x128.jpg
INFO: [ app_init ] --START--
INFO: Run Behavior\BuildLiteBehavior [ RunTime:0.000042s ]
INFO: [ app_init ] --END-- [ RunTime:0.000392s ]

[ 2016-12-01T21:59:35+08:00 ] ::1 /jb555host/PersonalTailor/index.php/ManufactorAdmin/Product/dist/img/user4-128x128.jpg
INFO: [ app_init ] --START--
INFO: Run Behavior\BuildLiteBehavior [ RunTime:0.000012s ]
INFO: [ app_init ] --END-- [ RunTime:0.000307s ]

[ 2016-12-01T21:59:35+08:00 ] ::1 /jb555host/PersonalTailor/index.php/ManufactorAdmin/Product/dist/img/user2-160x160.jpg
INFO: [ app_init ] --START--
INFO: Run Behavior\BuildLiteBehavior [ RunTime:0.000010s ]
INFO: [ app_init ] --END-- [ RunTime:0.000326s ]

[ 2016-12-01T22:02:00+08:00 ] ::1 /jb555host/PersonalTailor/index.php/ManufactorAdmin/Product/dist/img/user2-160x160.jpg
INFO: [ app_init ] --START--
INFO: Run Behavior\BuildLiteBehavior [ RunTime:0.000009s ]
INFO: [ app_init ] --END-- [ RunTime:0.000251s ]

[ 2016-12-01T22:02:00+08:00 ] ::1 /jb555host/PersonalTailor/index.php/ManufactorAdmin/Product/dist/img/user4-128x128.jpg
INFO: [ app_init ] --START--
INFO: Run Behavior\BuildLiteBehavior [ RunTime:0.000011s ]
INFO: [ app_init ] --END-- [ RunTime:0.000274s ]

[ 2016-12-01T22:02:00+08:00 ] ::1 /jb555host/PersonalTailor/index.php/ManufactorAdmin/Product/dist/img/user3-128x128.jpg
INFO: [ app_init ] --START--
INFO: Run Behavior\BuildLiteBehavior [ RunTime:0.000012s ]
INFO: [ app_init ] --END-- [ RunTime:0.000261s ]

[ 2016-12-01T22:02:06+08:00 ] ::1 /jb555host/PersonalTailor/index.php/ManufactorAdmin/Product/dist/img/user3-128x128.jpg
INFO: [ app_init ] --START--
INFO: Run Behavior\BuildLiteBehavior [ RunTime:0.000009s ]
INFO: [ app_init ] --END-- [ RunTime:0.000228s ]

[ 2016-12-01T22:02:06+08:00 ] ::1 /jb555host/PersonalTailor/index.php/ManufactorAdmin/Product/dist/img/user2-160x160.jpg
INFO: [ app_init ] --START--
INFO: Run Behavior\BuildLiteBehavior [ RunTime:0.000011s ]
INFO: [ app_init ] --END-- [ RunTime:0.000284s ]

[ 2016-12-01T22:02:06+08:00 ] ::1 /jb555host/PersonalTailor/index.php/ManufactorAdmin/Product/dist/img/user4-128x128.jpg
INFO: [ app_init ] --START--
INFO: Run Behavior\BuildLiteBehavior [ RunTime:0.000008s ]
INFO: [ app_init ] --END-- [ RunTime:0.000219s ]

[ 2016-12-01T22:02:17+08:00 ] ::1 /jb555host/PersonalTailor/index.php/ManufactorAdmin/Product/dist/img/user2-160x160.jpg
INFO: [ app_init ] --START--
INFO: Run Behavior\BuildLiteBehavior [ RunTime:0.000017s ]
INFO: [ app_init ] --END-- [ RunTime:0.000279s ]

[ 2016-12-01T22:02:17+08:00 ] ::1 /jb555host/PersonalTailor/index.php/ManufactorAdmin/Product/dist/img/user4-128x128.jpg
INFO: [ app_init ] --START--
INFO: Run Behavior\BuildLiteBehavior [ RunTime:0.000007s ]
INFO: [ app_init ] --END-- [ RunTime:0.000218s ]

[ 2016-12-01T22:02:17+08:00 ] ::1 /jb555host/PersonalTailor/index.php/ManufactorAdmin/Product/dist/img/user3-128x128.jpg
INFO: [ app_init ] --START--
INFO: Run Behavior\BuildLiteBehavior [ RunTime:0.000011s ]
INFO: [ app_init ] --END-- [ RunTime:0.000344s ]

[ 2016-12-01T22:02:52+08:00 ] ::1 /jb555host/PersonalTailor/index.php/ManufactorAdmin/Product/dist/img/user3-128x128.jpg
INFO: [ app_init ] --START--
INFO: Run Behavior\BuildLiteBehavior [ RunTime:0.000008s ]
INFO: [ app_init ] --END-- [ RunTime:0.000241s ]

[ 2016-12-01T22:02:52+08:00 ] ::1 /jb555host/PersonalTailor/index.php/ManufactorAdmin/Product/dist/img/user2-160x160.jpg
INFO: [ app_init ] --START--
INFO: Run Behavior\BuildLiteBehavior [ RunTime:0.000012s ]
INFO: [ app_init ] --END-- [ RunTime:0.000300s ]

[ 2016-12-01T22:02:52+08:00 ] ::1 /jb555host/PersonalTailor/index.php/ManufactorAdmin/Product/dist/img/user4-128x128.jpg
INFO: [ app_init ] --START--
INFO: Run Behavior\BuildLiteBehavior [ RunTime:0.000008s ]
INFO: [ app_init ] --END-- [ RunTime:0.000282s ]

[ 2016-12-01T22:02:57+08:00 ] ::1 /jb555host/PersonalTailor/index.php/ManufactorAdmin/Product/dist/img/user4-128x128.jpg
INFO: [ app_init ] --START--
INFO: Run Behavior\BuildLiteBehavior [ RunTime:0.000008s ]
INFO: [ app_init ] --END-- [ RunTime:0.000242s ]

[ 2016-12-01T22:02:57+08:00 ] ::1 /jb555host/PersonalTailor/index.php/ManufactorAdmin/Product/dist/img/user2-160x160.jpg
INFO: [ app_init ] --START--
INFO: Run Behavior\BuildLiteBehavior [ RunTime:0.000012s ]
INFO: [ app_init ] --END-- [ RunTime:0.000311s ]

[ 2016-12-01T22:02:57+08:00 ] ::1 /jb555host/PersonalTailor/index.php/ManufactorAdmin/Product/dist/img/user3-128x128.jpg
INFO: [ app_init ] --START--
INFO: Run Behavior\BuildLiteBehavior [ RunTime:0.000008s ]
INFO: [ app_init ] --END-- [ RunTime:0.000280s ]

[ 2016-12-01T22:03:36+08:00 ] ::1 /jb555host/PersonalTailor/index.php/ManufactorAdmin/Product/dist/img/user3-128x128.jpg
INFO: [ app_init ] --START--
INFO: Run Behavior\BuildLiteBehavior [ RunTime:0.000008s ]
INFO: [ app_init ] --END-- [ RunTime:0.000206s ]

[ 2016-12-01T22:03:36+08:00 ] ::1 /jb555host/PersonalTailor/index.php/ManufactorAdmin/Product/dist/img/user4-128x128.jpg
INFO: [ app_init ] --START--
INFO: Run Behavior\BuildLiteBehavior [ RunTime:0.000010s ]
INFO: [ app_init ] --END-- [ RunTime:0.000218s ]

[ 2016-12-01T22:03:36+08:00 ] ::1 /jb555host/PersonalTailor/index.php/ManufactorAdmin/Product/dist/img/user2-160x160.jpg
INFO: [ app_init ] --START--
INFO: Run Behavior\BuildLiteBehavior [ RunTime:0.000008s ]
INFO: [ app_init ] --END-- [ RunTime:0.000257s ]

[ 2016-12-01T22:03:41+08:00 ] ::1 /jb555host/PersonalTailor/index.php/ManufactorAdmin/Product/dist/img/user2-160x160.jpg
INFO: [ app_init ] --START--
INFO: Run Behavior\BuildLiteBehavior [ RunTime:0.000022s ]
INFO: [ app_init ] --END-- [ RunTime:0.000558s ]

[ 2016-12-01T22:03:41+08:00 ] ::1 /jb555host/PersonalTailor/index.php/ManufactorAdmin/Product/dist/img/user3-128x128.jpg
INFO: [ app_init ] --START--
INFO: Run Behavior\BuildLiteBehavior [ RunTime:0.000011s ]
INFO: [ app_init ] --END-- [ RunTime:0.000328s ]

[ 2016-12-01T22:03:41+08:00 ] ::1 /jb555host/PersonalTailor/index.php/ManufactorAdmin/Product/dist/img/user4-128x128.jpg
INFO: [ app_init ] --START--
INFO: Run Behavior\BuildLiteBehavior [ RunTime:0.000009s ]
INFO: [ app_init ] --END-- [ RunTime:0.000266s ]

[ 2016-12-01T22:04:42+08:00 ] ::1 /jb555host/PersonalTailor/index.php/ManufactorAdmin/Product/dist/img/user2-160x160.jpg
INFO: [ app_init ] --START--
INFO: Run Behavior\BuildLiteBehavior [ RunTime:0.000009s ]
INFO: [ app_init ] --END-- [ RunTime:0.000285s ]

[ 2016-12-01T22:04:42+08:00 ] ::1 /jb555host/PersonalTailor/index.php/ManufactorAdmin/Product/dist/img/user4-128x128.jpg
INFO: [ app_init ] --START--
INFO: Run Behavior\BuildLiteBehavior [ RunTime:0.000012s ]
INFO: [ app_init ] --END-- [ RunTime:0.000260s ]

[ 2016-12-01T22:04:42+08:00 ] ::1 /jb555host/PersonalTailor/index.php/ManufactorAdmin/Product/dist/img/user3-128x128.jpg
INFO: [ app_init ] --START--
INFO: Run Behavior\BuildLiteBehavior [ RunTime:0.000015s ]
INFO: [ app_init ] --END-- [ RunTime:0.000355s ]

[ 2016-12-01T22:04:49+08:00 ] ::1 /jb555host/PersonalTailor/index.php/ManufactorAdmin/Product/dist/img/user3-128x128.jpg
INFO: [ app_init ] --START--
INFO: Run Behavior\BuildLiteBehavior [ RunTime:0.000008s ]
INFO: [ app_init ] --END-- [ RunTime:0.000212s ]

[ 2016-12-01T22:04:49+08:00 ] ::1 /jb555host/PersonalTailor/index.php/ManufactorAdmin/Product/dist/img/user4-128x128.jpg
INFO: [ app_init ] --START--
INFO: Run Behavior\BuildLiteBehavior [ RunTime:0.000012s ]
INFO: [ app_init ] --END-- [ RunTime:0.000413s ]

[ 2016-12-01T22:04:49+08:00 ] ::1 /jb555host/PersonalTailor/index.php/ManufactorAdmin/Product/dist/img/user2-160x160.jpg
INFO: [ app_init ] --START--
INFO: Run Behavior\BuildLiteBehavior [ RunTime:0.000014s ]
INFO: [ app_init ] --END-- [ RunTime:0.000395s ]

[ 2016-12-01T22:04:55+08:00 ] ::1 /jb555host/PersonalTailor/index.php/ManufactorAdmin/Product/dist/img/user3-128x128.jpg
INFO: [ app_init ] --START--
INFO: Run Behavior\BuildLiteBehavior [ RunTime:0.000009s ]
INFO: [ app_init ] --END-- [ RunTime:0.000219s ]

[ 2016-12-01T22:04:55+08:00 ] ::1 /jb555host/PersonalTailor/index.php/ManufactorAdmin/Product/dist/img/user2-160x160.jpg
INFO: [ app_init ] --START--
INFO: Run Behavior\BuildLiteBehavior [ RunTime:0.000012s ]
INFO: [ app_init ] --END-- [ RunTime:0.000288s ]

[ 2016-12-01T22:04:55+08:00 ] ::1 /jb555host/PersonalTailor/index.php/ManufactorAdmin/Product/dist/img/user4-128x128.jpg
INFO: [ app_init ] --START--
INFO: Run Behavior\BuildLiteBehavior [ RunTime:0.000008s ]
INFO: [ app_init ] --END-- [ RunTime:0.000292s ]

[ 2016-12-01T22:05:04+08:00 ] ::1 /jb555host/PersonalTailor/index.php/ManufactorAdmin/Product/dist/img/user2-160x160.jpg
INFO: [ app_init ] --START--
INFO: Run Behavior\BuildLiteBehavior [ RunTime:0.000009s ]
INFO: [ app_init ] --END-- [ RunTime:0.000225s ]

[ 2016-12-01T22:05:04+08:00 ] ::1 /jb555host/PersonalTailor/index.php/ManufactorAdmin/Product/dist/img/user3-128x128.jpg
INFO: [ app_init ] --START--
INFO: Run Behavior\BuildLiteBehavior [ RunTime:0.000008s ]
INFO: [ app_init ] --END-- [ RunTime:0.000227s ]

[ 2016-12-01T22:05:04+08:00 ] ::1 /jb555host/PersonalTailor/index.php/ManufactorAdmin/Product/dist/img/user4-128x128.jpg
INFO: [ app_init ] --START--
INFO: Run Behavior\BuildLiteBehavior [ RunTime:0.000008s ]
INFO: [ app_init ] --END-- [ RunTime:0.000259s ]

[ 2016-12-01T22:10:00+08:00 ] ::1 /jb555host/PersonalTailor/index.php/ManufactorAdmin/Product/dist/img/user2-160x160.jpg
INFO: [ app_init ] --START--
INFO: Run Behavior\BuildLiteBehavior [ RunTime:0.000012s ]
INFO: [ app_init ] --END-- [ RunTime:0.000383s ]

[ 2016-12-01T22:10:00+08:00 ] ::1 /jb555host/PersonalTailor/index.php/ManufactorAdmin/Product/dist/img/user3-128x128.jpg
INFO: [ app_init ] --START--
INFO: Run Behavior\BuildLiteBehavior [ RunTime:0.000012s ]
INFO: [ app_init ] --END-- [ RunTime:0.000334s ]

[ 2016-12-01T22:10:00+08:00 ] ::1 /jb555host/PersonalTailor/index.php/ManufactorAdmin/Product/dist/img/user4-128x128.jpg
INFO: [ app_init ] --START--
INFO: Run Behavior\BuildLiteBehavior [ RunTime:0.000019s ]
INFO: [ app_init ] --END-- [ RunTime:0.000582s ]

[ 2016-12-01T22:14:44+08:00 ] ::1 /jb555host/PersonalTailor/index.php/ManufactorAdmin/Product/dist/img/user2-160x160.jpg
INFO: [ app_init ] --START--
INFO: Run Behavior\BuildLiteBehavior [ RunTime:0.000019s ]
INFO: [ app_init ] --END-- [ RunTime:0.000418s ]

[ 2016-12-01T22:14:44+08:00 ] ::1 /jb555host/PersonalTailor/index.php/ManufactorAdmin/Product/dist/img/user4-128x128.jpg
INFO: [ app_init ] --START--
INFO: Run Behavior\BuildLiteBehavior [ RunTime:0.000011s ]
INFO: [ app_init ] --END-- [ RunTime:0.000409s ]

[ 2016-12-01T22:14:44+08:00 ] ::1 /jb555host/PersonalTailor/index.php/ManufactorAdmin/Product/dist/img/user3-128x128.jpg
INFO: [ app_init ] --START--
INFO: Run Behavior\BuildLiteBehavior [ RunTime:0.000012s ]
INFO: [ app_init ] --END-- [ RunTime:0.000497s ]

[ 2016-12-01T22:14:54+08:00 ] ::1 /jb555host/PersonalTailor/index.php/ManufactorAdmin/Index/dist/img/user3-128x128.jpg
INFO: [ app_init ] --START--
INFO: Run Behavior\BuildLiteBehavior [ RunTime:0.000007s ]
INFO: [ app_init ] --END-- [ RunTime:0.000203s ]

[ 2016-12-01T22:14:54+08:00 ] ::1 /jb555host/PersonalTailor/index.php/ManufactorAdmin/Index/dist/img/user2-160x160.jpg
INFO: [ app_init ] --START--
INFO: Run Behavior\BuildLiteBehavior [ RunTime:0.000007s ]
INFO: [ app_init ] --END-- [ RunTime:0.000244s ]

[ 2016-12-01T22:14:54+08:00 ] ::1 /jb555host/PersonalTailor/index.php/ManufactorAdmin/Index/dist/img/user4-128x128.jpg
INFO: [ app_init ] --START--
INFO: Run Behavior\BuildLiteBehavior [ RunTime:0.000011s ]
INFO: [ app_init ] --END-- [ RunTime:0.000349s ]

[ 2016-12-01T22:14:57+08:00 ] ::1 /jb555host/PersonalTailor/index.php/ManufactorAdmin/Product/dist/img/user4-128x128.jpg
INFO: [ app_init ] --START--
INFO: Run Behavior\BuildLiteBehavior [ RunTime:0.000009s ]
INFO: [ app_init ] --END-- [ RunTime:0.000239s ]

[ 2016-12-01T22:14:57+08:00 ] ::1 /jb555host/PersonalTailor/index.php/ManufactorAdmin/Product/dist/img/user2-160x160.jpg
INFO: [ app_init ] --START--
INFO: Run Behavior\BuildLiteBehavior [ RunTime:0.000009s ]
INFO: [ app_init ] --END-- [ RunTime:0.000236s ]

[ 2016-12-01T22:14:57+08:00 ] ::1 /jb555host/PersonalTailor/index.php/ManufactorAdmin/Product/dist/img/user3-128x128.jpg
INFO: [ app_init ] --START--
INFO: Run Behavior\BuildLiteBehavior [ RunTime:0.000013s ]
INFO: [ app_init ] --END-- [ RunTime:0.000298s ]

[ 2016-12-01T22:15:09+08:00 ] ::1 /jb555host/PersonalTailor/index.php/ManufactorAdmin/Product/dist/img/user2-160x160.jpg
INFO: [ app_init ] --START--
INFO: Run Behavior\BuildLiteBehavior [ RunTime:0.000012s ]
INFO: [ app_init ] --END-- [ RunTime:0.000345s ]

[ 2016-12-01T22:15:09+08:00 ] ::1 /jb555host/PersonalTailor/index.php/ManufactorAdmin/Product/dist/img/user3-128x128.jpg
INFO: [ app_init ] --START--
INFO: Run Behavior\BuildLiteBehavior [ RunTime:0.000013s ]
INFO: [ app_init ] --END-- [ RunTime:0.000351s ]

[ 2016-12-01T22:15:09+08:00 ] ::1 /jb555host/PersonalTailor/index.php/ManufactorAdmin/Product/dist/img/user4-128x128.jpg
INFO: [ app_init ] --START--
INFO: Run Behavior\BuildLiteBehavior [ RunTime:0.000015s ]
INFO: [ app_init ] --END-- [ RunTime:0.000322s ]

[ 2016-12-01T22:18:20+08:00 ] ::1 /jb555host/PersonalTailor/index.php/ManufactorAdmin/Product/dist/img/user2-160x160.jpg
INFO: [ app_init ] --START--
INFO: Run Behavior\BuildLiteBehavior [ RunTime:0.000008s ]
INFO: [ app_init ] --END-- [ RunTime:0.000247s ]

[ 2016-12-01T22:18:20+08:00 ] ::1 /jb555host/PersonalTailor/index.php/ManufactorAdmin/Product/dist/img/user3-128x128.jpg
INFO: [ app_init ] --START--
INFO: Run Behavior\BuildLiteBehavior [ RunTime:0.000008s ]
INFO: [ app_init ] --END-- [ RunTime:0.000237s ]

[ 2016-12-01T22:18:20+08:00 ] ::1 /jb555host/PersonalTailor/index.php/ManufactorAdmin/Product/dist/img/user4-128x128.jpg
INFO: [ app_init ] --START--
INFO: Run Behavior\BuildLiteBehavior [ RunTime:0.000009s ]
INFO: [ app_init ] --END-- [ RunTime:0.000241s ]

[ 2016-12-01T22:18:26+08:00 ] ::1 /jb555host/PersonalTailor/index.php/ManufactorAdmin/Product/dist/img/user3-128x128.jpg
INFO: [ app_init ] --START--
INFO: Run Behavior\BuildLiteBehavior [ RunTime:0.000009s ]
INFO: [ app_init ] --END-- [ RunTime:0.000214s ]

[ 2016-12-01T22:18:26+08:00 ] ::1 /jb555host/PersonalTailor/index.php/ManufactorAdmin/Product/dist/img/user4-128x128.jpg
INFO: [ app_init ] --START--
INFO: Run Behavior\BuildLiteBehavior [ RunTime:0.000013s ]
INFO: [ app_init ] --END-- [ RunTime:0.000319s ]

[ 2016-12-01T22:18:26+08:00 ] ::1 /jb555host/PersonalTailor/index.php/ManufactorAdmin/Product/dist/img/user2-160x160.jpg
INFO: [ app_init ] --START--
INFO: Run Behavior\BuildLiteBehavior [ RunTime:0.000008s ]
INFO: [ app_init ] --END-- [ RunTime:0.000282s ]

[ 2016-12-01T22:18:56+08:00 ] ::1 /jb555host/PersonalTailor/index.php/ManufactorAdmin/Product/dist/img/user4-128x128.jpg
INFO: [ app_init ] --START--
INFO: Run Behavior\BuildLiteBehavior [ RunTime:0.000008s ]
INFO: [ app_init ] --END-- [ RunTime:0.000218s ]

[ 2016-12-01T22:18:56+08:00 ] ::1 /jb555host/PersonalTailor/index.php/ManufactorAdmin/Product/dist/img/user2-160x160.jpg
INFO: [ app_init ] --START--
INFO: Run Behavior\BuildLiteBehavior [ RunTime:0.000012s ]
INFO: [ app_init ] --END-- [ RunTime:0.000276s ]

[ 2016-12-01T22:18:56+08:00 ] ::1 /jb555host/PersonalTailor/index.php/ManufactorAdmin/Product/dist/img/user3-128x128.jpg
INFO: [ app_init ] --START--
INFO: Run Behavior\BuildLiteBehavior [ RunTime:0.000007s ]
INFO: [ app_init ] --END-- [ RunTime:0.000227s ]

[ 2016-12-01T22:20:13+08:00 ] ::1 /jb555host/PersonalTailor/index.php/ManufactorAdmin/Product/dist/img/user3-128x128.jpg
INFO: [ app_init ] --START--
INFO: Run Behavior\BuildLiteBehavior [ RunTime:0.000013s ]
INFO: [ app_init ] --END-- [ RunTime:0.000311s ]

[ 2016-12-01T22:20:13+08:00 ] ::1 /jb555host/PersonalTailor/index.php/ManufactorAdmin/Product/dist/img/user2-160x160.jpg
INFO: [ app_init ] --START--
INFO: Run Behavior\BuildLiteBehavior [ RunTime:0.000008s ]
INFO: [ app_init ] --END-- [ RunTime:0.000240s ]

[ 2016-12-01T22:20:13+08:00 ] ::1 /jb555host/PersonalTailor/index.php/ManufactorAdmin/Product/dist/img/user4-128x128.jpg
INFO: [ app_init ] --START--
INFO: Run Behavior\BuildLiteBehavior [ RunTime:0.000008s ]
INFO: [ app_init ] --END-- [ RunTime:0.000278s ]

[ 2016-12-01T22:20:27+08:00 ] ::1 /jb555host/PersonalTailor/index.php/ManufactorAdmin/Product/dist/img/user2-160x160.jpg
INFO: [ app_init ] --START--
INFO: Run Behavior\BuildLiteBehavior [ RunTime:0.000009s ]
INFO: [ app_init ] --END-- [ RunTime:0.000211s ]

[ 2016-12-01T22:20:27+08:00 ] ::1 /jb555host/PersonalTailor/index.php/ManufactorAdmin/Product/dist/img/user4-128x128.jpg
INFO: [ app_init ] --START--
INFO: Run Behavior\BuildLiteBehavior [ RunTime:0.000009s ]
INFO: [ app_init ] --END-- [ RunTime:0.000242s ]

[ 2016-12-01T22:20:27+08:00 ] ::1 /jb555host/PersonalTailor/index.php/ManufactorAdmin/Product/dist/img/user3-128x128.jpg
INFO: [ app_init ] --START--
INFO: Run Behavior\BuildLiteBehavior [ RunTime:0.000015s ]
INFO: [ app_init ] --END-- [ RunTime:0.000363s ]

[ 2016-12-01T22:22:56+08:00 ] ::1 /jb555host/PersonalTailor/index.php/ManufactorAdmin/Product/dist/img/user2-160x160.jpg
INFO: [ app_init ] --START--
INFO: Run Behavior\BuildLiteBehavior [ RunTime:0.000008s ]
INFO: [ app_init ] --END-- [ RunTime:0.000220s ]

[ 2016-12-01T22:22:56+08:00 ] ::1 /jb555host/PersonalTailor/index.php/ManufactorAdmin/Product/dist/img/user3-128x128.jpg
INFO: [ app_init ] --START--
INFO: Run Behavior\BuildLiteBehavior [ RunTime:0.000018s ]
INFO: [ app_init ] --END-- [ RunTime:0.000343s ]

[ 2016-12-01T22:22:56+08:00 ] ::1 /jb555host/PersonalTailor/index.php/ManufactorAdmin/Product/dist/img/user4-128x128.jpg
INFO: [ app_init ] --START--
INFO: Run Behavior\BuildLiteBehavior [ RunTime:0.000012s ]
INFO: [ app_init ] --END-- [ RunTime:0.000441s ]

[ 2016-12-01T22:23:51+08:00 ] ::1 /jb555host/PersonalTailor/index.php/ManufactorAdmin/Product/dist/img/user3-128x128.jpg
INFO: [ app_init ] --START--
INFO: Run Behavior\BuildLiteBehavior [ RunTime:0.000009s ]
INFO: [ app_init ] --END-- [ RunTime:0.000217s ]

[ 2016-12-01T22:23:51+08:00 ] ::1 /jb555host/PersonalTailor/index.php/ManufactorAdmin/Product/dist/img/user2-160x160.jpg
INFO: [ app_init ] --START--
INFO: Run Behavior\BuildLiteBehavior [ RunTime:0.000008s ]
INFO: [ app_init ] --END-- [ RunTime:0.000206s ]

[ 2016-12-01T22:23:51+08:00 ] ::1 /jb555host/PersonalTailor/index.php/ManufactorAdmin/Product/dist/img/user4-128x128.jpg
INFO: [ app_init ] --START--
INFO: Run Behavior\BuildLiteBehavior [ RunTime:0.000008s ]
INFO: [ app_init ] --END-- [ RunTime:0.000272s ]

[ 2016-12-01T22:25:30+08:00 ] ::1 /jb555host/PersonalTailor/index.php/ManufactorAdmin/Product/dist/img/user2-160x160.jpg
INFO: [ app_init ] --START--
INFO: Run Behavior\BuildLiteBehavior [ RunTime:0.000014s ]
INFO: [ app_init ] --END-- [ RunTime:0.000317s ]

[ 2016-12-01T22:25:30+08:00 ] ::1 /jb555host/PersonalTailor/index.php/ManufactorAdmin/Product/dist/img/user3-128x128.jpg
INFO: [ app_init ] --START--
INFO: Run Behavior\BuildLiteBehavior [ RunTime:0.000008s ]
INFO: [ app_init ] --END-- [ RunTime:0.000241s ]

[ 2016-12-01T22:25:30+08:00 ] ::1 /jb555host/PersonalTailor/index.php/ManufactorAdmin/Product/dist/img/user4-128x128.jpg
INFO: [ app_init ] --START--
INFO: Run Behavior\BuildLiteBehavior [ RunTime:0.000010s ]
INFO: [ app_init ] --END-- [ RunTime:0.000349s ]

[ 2016-12-01T22:25:45+08:00 ] ::1 /jb555host/PersonalTailor/index.php/ManufactorAdmin/Product/dist/img/user4-128x128.jpg
INFO: [ app_init ] --START--
INFO: Run Behavior\BuildLiteBehavior [ RunTime:0.000022s ]
INFO: [ app_init ] --END-- [ RunTime:0.000277s ]

[ 2016-12-01T22:25:45+08:00 ] ::1 /jb555host/PersonalTailor/index.php/ManufactorAdmin/Product/dist/img/user2-160x160.jpg
INFO: [ app_init ] --START--
INFO: Run Behavior\BuildLiteBehavior [ RunTime:0.000012s ]
INFO: [ app_init ] --END-- [ RunTime:0.000319s ]

[ 2016-12-01T22:25:45+08:00 ] ::1 /jb555host/PersonalTailor/index.php/ManufactorAdmin/Product/dist/img/user3-128x128.jpg
INFO: [ app_init ] --START--
INFO: Run Behavior\BuildLiteBehavior [ RunTime:0.000010s ]
INFO: [ app_init ] --END-- [ RunTime:0.000304s ]

[ 2016-12-01T22:25:59+08:00 ] ::1 /jb555host/PersonalTailor/index.php/ManufactorAdmin/Index/dist/img/user3-128x128.jpg
INFO: [ app_init ] --START--
INFO: Run Behavior\BuildLiteBehavior [ RunTime:0.000008s ]
INFO: [ app_init ] --END-- [ RunTime:0.000251s ]

[ 2016-12-01T22:25:59+08:00 ] ::1 /jb555host/PersonalTailor/index.php/ManufactorAdmin/Index/dist/img/user4-128x128.jpg
INFO: [ app_init ] --START--
INFO: Run Behavior\BuildLiteBehavior [ RunTime:0.000009s ]
INFO: [ app_init ] --END-- [ RunTime:0.000239s ]

[ 2016-12-01T22:25:59+08:00 ] ::1 /jb555host/PersonalTailor/index.php/ManufactorAdmin/Index/dist/img/user2-160x160.jpg
INFO: [ app_init ] --START--
INFO: Run Behavior\BuildLiteBehavior [ RunTime:0.000018s ]
INFO: [ app_init ] --END-- [ RunTime:0.000497s ]

[ 2016-12-01T22:26:01+08:00 ] ::1 /jb555host/PersonalTailor/index.php/ManufactorAdmin/Product/dist/img/user3-128x128.jpg
INFO: [ app_init ] --START--
INFO: Run Behavior\BuildLiteBehavior [ RunTime:0.000013s ]
INFO: [ app_init ] --END-- [ RunTime:0.000288s ]

[ 2016-12-01T22:26:01+08:00 ] ::1 /jb555host/PersonalTailor/index.php/ManufactorAdmin/Product/dist/img/user4-128x128.jpg
INFO: [ app_init ] --START--
INFO: Run Behavior\BuildLiteBehavior [ RunTime:0.000010s ]
INFO: [ app_init ] --END-- [ RunTime:0.000252s ]

[ 2016-12-01T22:26:01+08:00 ] ::1 /jb555host/PersonalTailor/index.php/ManufactorAdmin/Product/dist/img/user2-160x160.jpg
INFO: [ app_init ] --START--
INFO: Run Behavior\BuildLiteBehavior [ RunTime:0.000013s ]
INFO: [ app_init ] --END-- [ RunTime:0.000412s ]

[ 2016-12-01T22:26:09+08:00 ] ::1 /jb555host/PersonalTailor/index.php/ManufactorAdmin/Product/dist/img/user3-128x128.jpg
INFO: [ app_init ] --START--
INFO: Run Behavior\BuildLiteBehavior [ RunTime:0.000007s ]
INFO: [ app_init ] --END-- [ RunTime:0.000212s ]

[ 2016-12-01T22:26:09+08:00 ] ::1 /jb555host/PersonalTailor/index.php/ManufactorAdmin/Product/dist/img/user2-160x160.jpg
INFO: [ app_init ] --START--
INFO: Run Behavior\BuildLiteBehavior [ RunTime:0.000014s ]
INFO: [ app_init ] --END-- [ RunTime:0.000357s ]

[ 2016-12-01T22:26:09+08:00 ] ::1 /jb555host/PersonalTailor/index.php/ManufactorAdmin/Product/dist/img/user4-128x128.jpg
INFO: [ app_init ] --START--
INFO: Run Behavior\BuildLiteBehavior [ RunTime:0.000009s ]
INFO: [ app_init ] --END-- [ RunTime:0.000352s ]

[ 2016-12-01T22:26:45+08:00 ] ::1 /jb555host/PersonalTailor/index.php/ManufactorAdmin/Product/dist/img/user4-128x128.jpg
INFO: [ app_init ] --START--
INFO: Run Behavior\BuildLiteBehavior [ RunTime:0.000014s ]
INFO: [ app_init ] --END-- [ RunTime:0.000313s ]

[ 2016-12-01T22:26:45+08:00 ] ::1 /jb555host/PersonalTailor/index.php/ManufactorAdmin/Product/dist/img/user3-128x128.jpg
INFO: [ app_init ] --START--
INFO: Run Behavior\BuildLiteBehavior [ RunTime:0.000014s ]
INFO: [ app_init ] --END-- [ RunTime:0.000373s ]

[ 2016-12-01T22:26:45+08:00 ] ::1 /jb555host/PersonalTailor/index.php/ManufactorAdmin/Product/dist/img/user2-160x160.jpg
INFO: [ app_init ] --START--
INFO: Run Behavior\BuildLiteBehavior [ RunTime:0.000014s ]
INFO: [ app_init ] --END-- [ RunTime:0.000444s ]

[ 2016-12-01T22:26:50+08:00 ] ::1 /jb555host/PersonalTailor/index.php/ManufactorAdmin/Product/dist/img/user2-160x160.jpg
INFO: [ app_init ] --START--
INFO: Run Behavior\BuildLiteBehavior [ RunTime:0.000019s ]
INFO: [ app_init ] --END-- [ RunTime:0.000431s ]

[ 2016-12-01T22:26:50+08:00 ] ::1 /jb555host/PersonalTailor/index.php/ManufactorAdmin/Product/dist/img/user3-128x128.jpg
INFO: [ app_init ] --START--
INFO: Run Behavior\BuildLiteBehavior [ RunTime:0.000009s ]
INFO: [ app_init ] --END-- [ RunTime:0.000264s ]

[ 2016-12-01T22:26:50+08:00 ] ::1 /jb555host/PersonalTailor/index.php/ManufactorAdmin/Product/dist/img/user4-128x128.jpg
INFO: [ app_init ] --START--
INFO: Run Behavior\BuildLiteBehavior [ RunTime:0.000021s ]
INFO: [ app_init ] --END-- [ RunTime:0.000538s ]

[ 2016-12-01T22:27:10+08:00 ] ::1 /jb555host/PersonalTailor/index.php/ManufactorAdmin/Product/dist/img/user2-160x160.jpg
INFO: [ app_init ] --START--
INFO: Run Behavior\BuildLiteBehavior [ RunTime:0.000016s ]
INFO: [ app_init ] --END-- [ RunTime:0.000354s ]

[ 2016-12-01T22:27:10+08:00 ] ::1 /jb555host/PersonalTailor/index.php/ManufactorAdmin/Product/dist/img/user4-128x128.jpg
INFO: [ app_init ] --START--
INFO: Run Behavior\BuildLiteBehavior [ RunTime:0.000013s ]
INFO: [ app_init ] --END-- [ RunTime:0.000314s ]

[ 2016-12-01T22:27:10+08:00 ] ::1 /jb555host/PersonalTailor/index.php/ManufactorAdmin/Product/dist/img/user3-128x128.jpg
INFO: [ app_init ] --START--
INFO: Run Behavior\BuildLiteBehavior [ RunTime:0.000028s ]
INFO: [ app_init ] --END-- [ RunTime:0.000719s ]

[ 2016-12-01T22:27:23+08:00 ] ::1 /jb555host/PersonalTailor/index.php/ManufactorAdmin/Product/dist/img/user4-128x128.jpg
INFO: [ app_init ] --START--
INFO: Run Behavior\BuildLiteBehavior [ RunTime:0.000008s ]
INFO: [ app_init ] --END-- [ RunTime:0.000225s ]

[ 2016-12-01T22:27:23+08:00 ] ::1 /jb555host/PersonalTailor/index.php/ManufactorAdmin/Product/dist/img/user2-160x160.jpg
INFO: [ app_init ] --START--
INFO: Run Behavior\BuildLiteBehavior [ RunTime:0.000008s ]
INFO: [ app_init ] --END-- [ RunTime:0.000231s ]

[ 2016-12-01T22:27:23+08:00 ] ::1 /jb555host/PersonalTailor/index.php/ManufactorAdmin/Product/dist/img/user3-128x128.jpg
INFO: [ app_init ] --START--
INFO: Run Behavior\BuildLiteBehavior [ RunTime:0.000008s ]
INFO: [ app_init ] --END-- [ RunTime:0.000318s ]

[ 2016-12-01T22:27:36+08:00 ] ::1 /jb555host/PersonalTailor/index.php/ManufactorAdmin/Product/dist/img/user2-160x160.jpg
INFO: [ app_init ] --START--
INFO: Run Behavior\BuildLiteBehavior [ RunTime:0.000009s ]
INFO: [ app_init ] --END-- [ RunTime:0.000247s ]

[ 2016-12-01T22:27:36+08:00 ] ::1 /jb555host/PersonalTailor/index.php/ManufactorAdmin/Product/dist/img/user3-128x128.jpg
INFO: [ app_init ] --START--
INFO: Run Behavior\BuildLiteBehavior [ RunTime:0.000008s ]
INFO: [ app_init ] --END-- [ RunTime:0.000261s ]

[ 2016-12-01T22:27:36+08:00 ] ::1 /jb555host/PersonalTailor/index.php/ManufactorAdmin/Product/dist/img/user4-128x128.jpg
INFO: [ app_init ] --START--
INFO: Run Behavior\BuildLiteBehavior [ RunTime:0.000019s ]
INFO: [ app_init ] --END-- [ RunTime:0.000485s ]

[ 2016-12-01T22:28:19+08:00 ] ::1 /jb555host/PersonalTailor/index.php/ManufactorAdmin/Product/dist/img/user2-160x160.jpg
INFO: [ app_init ] --START--
INFO: Run Behavior\BuildLiteBehavior [ RunTime:0.000009s ]
INFO: [ app_init ] --END-- [ RunTime:0.000210s ]

[ 2016-12-01T22:28:19+08:00 ] ::1 /jb555host/PersonalTailor/index.php/ManufactorAdmin/Product/dist/img/user3-128x128.jpg
INFO: [ app_init ] --START--
INFO: Run Behavior\BuildLiteBehavior [ RunTime:0.000010s ]
INFO: [ app_init ] --END-- [ RunTime:0.000256s ]

[ 2016-12-01T22:28:19+08:00 ] ::1 /jb555host/PersonalTailor/index.php/ManufactorAdmin/Product/dist/img/user4-128x128.jpg
INFO: [ app_init ] --START--
INFO: Run Behavior\BuildLiteBehavior [ RunTime:0.000007s ]
INFO: [ app_init ] --END-- [ RunTime:0.000241s ]

[ 2016-12-01T22:28:30+08:00 ] ::1 /jb555host/PersonalTailor/index.php/ManufactorAdmin/Product/dist/img/user2-160x160.jpg
INFO: [ app_init ] --START--
INFO: Run Behavior\BuildLiteBehavior [ RunTime:0.000008s ]
INFO: [ app_init ] --END-- [ RunTime:0.000227s ]

[ 2016-12-01T22:28:30+08:00 ] ::1 /jb555host/PersonalTailor/index.php/ManufactorAdmin/Product/dist/img/user3-128x128.jpg
INFO: [ app_init ] --START--
INFO: Run Behavior\BuildLiteBehavior [ RunTime:0.000016s ]
INFO: [ app_init ] --END-- [ RunTime:0.000402s ]

[ 2016-12-01T22:28:30+08:00 ] ::1 /jb555host/PersonalTailor/index.php/ManufactorAdmin/Product/dist/img/user4-128x128.jpg
INFO: [ app_init ] --START--
INFO: Run Behavior\BuildLiteBehavior [ RunTime:0.000014s ]
INFO: [ app_init ] --END-- [ RunTime:0.000384s ]

[ 2016-12-01T22:28:36+08:00 ] ::1 /jb555host/PersonalTailor/index.php/ManufactorAdmin/Product/dist/img/user4-128x128.jpg
INFO: [ app_init ] --START--
INFO: Run Behavior\BuildLiteBehavior [ RunTime:0.000021s ]
INFO: [ app_init ] --END-- [ RunTime:0.000596s ]

[ 2016-12-01T22:28:36+08:00 ] ::1 /jb555host/PersonalTailor/index.php/ManufactorAdmin/Product/dist/img/user2-160x160.jpg
INFO: [ app_init ] --START--
INFO: Run Behavior\BuildLiteBehavior [ RunTime:0.000014s ]
INFO: [ app_init ] --END-- [ RunTime:0.000431s ]

[ 2016-12-01T22:28:36+08:00 ] ::1 /jb555host/PersonalTailor/index.php/ManufactorAdmin/Product/dist/img/user3-128x128.jpg
INFO: [ app_init ] --START--
INFO: Run Behavior\BuildLiteBehavior [ RunTime:0.000014s ]
INFO: [ app_init ] --END-- [ RunTime:0.000463s ]

[ 2016-12-01T22:29:54+08:00 ] ::1 /jb555host/PersonalTailor/index.php/ManufactorAdmin/Product/dist/img/user3-128x128.jpg
INFO: [ app_init ] --START--
INFO: Run Behavior\BuildLiteBehavior [ RunTime:0.000008s ]
INFO: [ app_init ] --END-- [ RunTime:0.000289s ]

[ 2016-12-01T22:29:54+08:00 ] ::1 /jb555host/PersonalTailor/index.php/ManufactorAdmin/Product/dist/img/user2-160x160.jpg
INFO: [ app_init ] --START--
INFO: Run Behavior\BuildLiteBehavior [ RunTime:0.000011s ]
INFO: [ app_init ] --END-- [ RunTime:0.000335s ]

[ 2016-12-01T22:29:54+08:00 ] ::1 /jb555host/PersonalTailor/index.php/ManufactorAdmin/Product/dist/img/user4-128x128.jpg
INFO: [ app_init ] --START--
INFO: Run Behavior\BuildLiteBehavior [ RunTime:0.000017s ]
INFO: [ app_init ] --END-- [ RunTime:0.000236s ]

[ 2016-12-01T22:30:04+08:00 ] ::1 /jb555host/PersonalTailor/index.php/ManufactorAdmin/Product/dist/img/user2-160x160.jpg
INFO: [ app_init ] --START--
INFO: Run Behavior\BuildLiteBehavior [ RunTime:0.000010s ]
INFO: [ app_init ] --END-- [ RunTime:0.000310s ]

[ 2016-12-01T22:30:06+08:00 ] ::1 /jb555host/PersonalTailor/index.php/ManufactorAdmin/Product/dist/img/user4-128x128.jpg
INFO: [ app_init ] --START--
INFO: Run Behavior\BuildLiteBehavior [ RunTime:0.000017s ]
INFO: [ app_init ] --END-- [ RunTime:0.000481s ]

[ 2016-12-01T22:30:06+08:00 ] ::1 /jb555host/PersonalTailor/index.php/ManufactorAdmin/Product/dist/img/user3-128x128.jpg
INFO: [ app_init ] --START--
INFO: Run Behavior\BuildLiteBehavior [ RunTime:0.000019s ]
INFO: [ app_init ] --END-- [ RunTime:0.000648s ]

[ 2016-12-01T22:31:17+08:00 ] ::1 /jb555host/PersonalTailor/index.php/ManufactorAdmin/Product/dist/img/user2-160x160.jpg
INFO: [ app_init ] --START--
INFO: Run Behavior\BuildLiteBehavior [ RunTime:0.000011s ]
INFO: [ app_init ] --END-- [ RunTime:0.000311s ]

[ 2016-12-01T22:31:17+08:00 ] ::1 /jb555host/PersonalTailor/index.php/ManufactorAdmin/Product/dist/img/user3-128x128.jpg
INFO: [ app_init ] --START--
INFO: Run Behavior\BuildLiteBehavior [ RunTime:0.000008s ]
INFO: [ app_init ] --END-- [ RunTime:0.000231s ]

[ 2016-12-01T22:31:17+08:00 ] ::1 /jb555host/PersonalTailor/index.php/ManufactorAdmin/Product/dist/img/user4-128x128.jpg
INFO: [ app_init ] --START--
INFO: Run Behavior\BuildLiteBehavior [ RunTime:0.000007s ]
INFO: [ app_init ] --END-- [ RunTime:0.000219s ]

[ 2016-12-01T22:31:31+08:00 ] ::1 /jb555host/PersonalTailor/index.php/ManufactorAdmin/Product/dist/img/user4-128x128.jpg
INFO: [ app_init ] --START--
INFO: Run Behavior\BuildLiteBehavior [ RunTime:0.000016s ]
INFO: [ app_init ] --END-- [ RunTime:0.000329s ]

[ 2016-12-01T22:31:31+08:00 ] ::1 /jb555host/PersonalTailor/index.php/ManufactorAdmin/Product/dist/img/user2-160x160.jpg
INFO: [ app_init ] --START--
INFO: Run Behavior\BuildLiteBehavior [ RunTime:0.000014s ]
INFO: [ app_init ] --END-- [ RunTime:0.000330s ]

[ 2016-12-01T22:31:31+08:00 ] ::1 /jb555host/PersonalTailor/index.php/ManufactorAdmin/Product/dist/img/user3-128x128.jpg
INFO: [ app_init ] --START--
INFO: Run Behavior\BuildLiteBehavior [ RunTime:0.000009s ]
INFO: [ app_init ] --END-- [ RunTime:0.000222s ]

[ 2016-12-01T22:31:40+08:00 ] ::1 /jb555host/PersonalTailor/index.php/ManufactorAdmin/Product/dist/img/user2-160x160.jpg
INFO: [ app_init ] --START--
INFO: Run Behavior\BuildLiteBehavior [ RunTime:0.000020s ]
INFO: [ app_init ] --END-- [ RunTime:0.000526s ]

[ 2016-12-01T22:31:40+08:00 ] ::1 /jb555host/PersonalTailor/index.php/ManufactorAdmin/Product/dist/img/user3-128x128.jpg
INFO: [ app_init ] --START--
INFO: Run Behavior\BuildLiteBehavior [ RunTime:0.000015s ]
INFO: [ app_init ] --END-- [ RunTime:0.000333s ]

[ 2016-12-01T22:31:40+08:00 ] ::1 /jb555host/PersonalTailor/index.php/ManufactorAdmin/Product/dist/img/user4-128x128.jpg
INFO: [ app_init ] --START--
INFO: Run Behavior\BuildLiteBehavior [ RunTime:0.000009s ]
INFO: [ app_init ] --END-- [ RunTime:0.000261s ]

[ 2016-12-01T22:32:14+08:00 ] ::1 /jb555host/PersonalTailor/index.php/ManufactorAdmin/Product/dist/img/user3-128x128.jpg
INFO: [ app_init ] --START--
INFO: Run Behavior\BuildLiteBehavior [ RunTime:0.000009s ]
INFO: [ app_init ] --END-- [ RunTime:0.000228s ]

[ 2016-12-01T22:32:14+08:00 ] ::1 /jb555host/PersonalTailor/index.php/ManufactorAdmin/Product/dist/img/user2-160x160.jpg
INFO: [ app_init ] --START--
INFO: Run Behavior\BuildLiteBehavior [ RunTime:0.000013s ]
INFO: [ app_init ] --END-- [ RunTime:0.000346s ]

[ 2016-12-01T22:32:14+08:00 ] ::1 /jb555host/PersonalTailor/index.php/ManufactorAdmin/Product/dist/img/user4-128x128.jpg
INFO: [ app_init ] --START--
INFO: Run Behavior\BuildLiteBehavior [ RunTime:0.000012s ]
INFO: [ app_init ] --END-- [ RunTime:0.000341s ]

[ 2016-12-01T22:32:40+08:00 ] ::1 /jb555host/PersonalTailor/index.php/ManufactorAdmin/Product/dist/img/user2-160x160.jpg
INFO: [ app_init ] --START--
INFO: Run Behavior\BuildLiteBehavior [ RunTime:0.000008s ]
INFO: [ app_init ] --END-- [ RunTime:0.000210s ]

[ 2016-12-01T22:32:40+08:00 ] ::1 /jb555host/PersonalTailor/index.php/ManufactorAdmin/Product/dist/img/user3-128x128.jpg
INFO: [ app_init ] --START--
INFO: Run Behavior\BuildLiteBehavior [ RunTime:0.000007s ]
INFO: [ app_init ] --END-- [ RunTime:0.000205s ]

[ 2016-12-01T22:32:40+08:00 ] ::1 /jb555host/PersonalTailor/index.php/ManufactorAdmin/Product/dist/img/user4-128x128.jpg
INFO: [ app_init ] --START--
INFO: Run Behavior\BuildLiteBehavior [ RunTime:0.000009s ]
INFO: [ app_init ] --END-- [ RunTime:0.000232s ]

[ 2016-12-01T22:43:09+08:00 ] ::1 /jb555host/PersonalTailor/index.php/ManufactorAdmin/Index/dist/img/user2-160x160.jpg
INFO: [ app_init ] --START--
INFO: Run Behavior\BuildLiteBehavior [ RunTime:0.000008s ]
INFO: [ app_init ] --END-- [ RunTime:0.000212s ]

[ 2016-12-01T22:43:09+08:00 ] ::1 /jb555host/PersonalTailor/index.php/ManufactorAdmin/Index/dist/img/user3-128x128.jpg
INFO: [ app_init ] --START--
INFO: Run Behavior\BuildLiteBehavior [ RunTime:0.000011s ]
INFO: [ app_init ] --END-- [ RunTime:0.000325s ]

[ 2016-12-01T22:43:09+08:00 ] ::1 /jb555host/PersonalTailor/index.php/ManufactorAdmin/Index/dist/img/user4-128x128.jpg
INFO: [ app_init ] --START--
INFO: Run Behavior\BuildLiteBehavior [ RunTime:0.000010s ]
INFO: [ app_init ] --END-- [ RunTime:0.000314s ]

[ 2016-12-01T22:43:55+08:00 ] ::1 /jb555host/PersonalTailor/index.php/ManufactorAdmin/Product/dist/img/user2-160x160.jpg
INFO: [ app_init ] --START--
INFO: Run Behavior\BuildLiteBehavior [ RunTime:0.000012s ]
INFO: [ app_init ] --END-- [ RunTime:0.000287s ]

[ 2016-12-01T22:43:55+08:00 ] ::1 /jb555host/PersonalTailor/index.php/ManufactorAdmin/Product/dist/img/user4-128x128.jpg
INFO: [ app_init ] --START--
INFO: Run Behavior\BuildLiteBehavior [ RunTime:0.000020s ]
INFO: [ app_init ] --END-- [ RunTime:0.000308s ]

[ 2016-12-01T22:43:55+08:00 ] ::1 /jb555host/PersonalTailor/index.php/ManufactorAdmin/Product/dist/img/user3-128x128.jpg
INFO: [ app_init ] --START--
INFO: Run Behavior\BuildLiteBehavior [ RunTime:0.000015s ]
INFO: [ app_init ] --END-- [ RunTime:0.000361s ]

[ 2016-12-01T22:43:58+08:00 ] ::1 /jb555host/PersonalTailor/index.php/ManufactorAdmin/Product/dist/img/user4-128x128.jpg
INFO: [ app_init ] --START--
INFO: Run Behavior\BuildLiteBehavior [ RunTime:0.000013s ]
INFO: [ app_init ] --END-- [ RunTime:0.000316s ]

[ 2016-12-01T22:43:58+08:00 ] ::1 /jb555host/PersonalTailor/index.php/ManufactorAdmin/Product/dist/img/user3-128x128.jpg
INFO: [ app_init ] --START--
INFO: Run Behavior\BuildLiteBehavior [ RunTime:0.000011s ]
INFO: [ app_init ] --END-- [ RunTime:0.000309s ]

[ 2016-12-01T22:43:58+08:00 ] ::1 /jb555host/PersonalTailor/index.php/ManufactorAdmin/Product/dist/img/user2-160x160.jpg
INFO: [ app_init ] --START--
INFO: Run Behavior\BuildLiteBehavior [ RunTime:0.000012s ]
INFO: [ app_init ] --END-- [ RunTime:0.000351s ]

[ 2016-12-01T22:46:24+08:00 ] ::1 /jb555host/PersonalTailor/index.php/ManufactorAdmin/Product/dist/img/user2-160x160.jpg
INFO: [ app_init ] --START--
INFO: Run Behavior\BuildLiteBehavior [ RunTime:0.000012s ]
INFO: [ app_init ] --END-- [ RunTime:0.000306s ]

[ 2016-12-01T22:46:24+08:00 ] ::1 /jb555host/PersonalTailor/index.php/ManufactorAdmin/Product/dist/img/user4-128x128.jpg
INFO: [ app_init ] --START--
INFO: Run Behavior\BuildLiteBehavior [ RunTime:0.000016s ]
INFO: [ app_init ] --END-- [ RunTime:0.000330s ]

[ 2016-12-01T22:46:24+08:00 ] ::1 /jb555host/PersonalTailor/index.php/ManufactorAdmin/Product/dist/img/user3-128x128.jpg
INFO: [ app_init ] --START--
INFO: Run Behavior\BuildLiteBehavior [ RunTime:0.000012s ]
INFO: [ app_init ] --END-- [ RunTime:0.000339s ]

[ 2016-12-01T22:46:46+08:00 ] ::1 /jb555host/PersonalTailor/index.php/ManufactorAdmin/Product/dist/img/user3-128x128.jpg
INFO: [ app_init ] --START--
INFO: Run Behavior\BuildLiteBehavior [ RunTime:0.000008s ]
INFO: [ app_init ] --END-- [ RunTime:0.000235s ]

[ 2016-12-01T22:46:46+08:00 ] ::1 /jb555host/PersonalTailor/index.php/ManufactorAdmin/Product/dist/img/user2-160x160.jpg
INFO: [ app_init ] --START--
INFO: Run Behavior\BuildLiteBehavior [ RunTime:0.000009s ]
INFO: [ app_init ] --END-- [ RunTime:0.000209s ]

[ 2016-12-01T22:46:46+08:00 ] ::1 /jb555host/PersonalTailor/index.php/ManufactorAdmin/Product/dist/img/user4-128x128.jpg
INFO: [ app_init ] --START--
INFO: Run Behavior\BuildLiteBehavior [ RunTime:0.000008s ]
INFO: [ app_init ] --END-- [ RunTime:0.000224s ]

[ 2016-12-01T22:53:39+08:00 ] ::1 /jb555host/PersonalTailor/index.php/ManufactorAdmin/Product/dist/img/user2-160x160.jpg
INFO: [ app_init ] --START--
INFO: Run Behavior\BuildLiteBehavior [ RunTime:0.000012s ]
INFO: [ app_init ] --END-- [ RunTime:0.000295s ]

[ 2016-12-01T22:53:39+08:00 ] ::1 /jb555host/PersonalTailor/index.php/ManufactorAdmin/Product/dist/img/user4-128x128.jpg
INFO: [ app_init ] --START--
INFO: Run Behavior\BuildLiteBehavior [ RunTime:0.000013s ]
INFO: [ app_init ] --END-- [ RunTime:0.000358s ]

[ 2016-12-01T22:53:39+08:00 ] ::1 /jb555host/PersonalTailor/index.php/ManufactorAdmin/Product/dist/img/user3-128x128.jpg
INFO: [ app_init ] --START--
INFO: Run Behavior\BuildLiteBehavior [ RunTime:0.000016s ]
INFO: [ app_init ] --END-- [ RunTime:0.000401s ]

[ 2016-12-01T22:54:58+08:00 ] ::1 /jb555host/PersonalTailor/index.php/ManufactorAdmin/Product/dist/img/user3-128x128.jpg
INFO: [ app_init ] --START--
INFO: Run Behavior\BuildLiteBehavior [ RunTime:0.000008s ]
INFO: [ app_init ] --END-- [ RunTime:0.000208s ]

[ 2016-12-01T22:54:58+08:00 ] ::1 /jb555host/PersonalTailor/index.php/ManufactorAdmin/Product/dist/img/user2-160x160.jpg
INFO: [ app_init ] --START--
INFO: Run Behavior\BuildLiteBehavior [ RunTime:0.000011s ]
INFO: [ app_init ] --END-- [ RunTime:0.000294s ]

[ 2016-12-01T22:54:58+08:00 ] ::1 /jb555host/PersonalTailor/index.php/ManufactorAdmin/Product/dist/img/user4-128x128.jpg
INFO: [ app_init ] --START--
INFO: Run Behavior\BuildLiteBehavior [ RunTime:0.000007s ]
INFO: [ app_init ] --END-- [ RunTime:0.000229s ]

[ 2016-12-01T22:58:15+08:00 ] ::1 /jb555host/PersonalTailor/index.php/ManufactorAdmin/Product/dist/img/user2-160x160.jpg
INFO: [ app_init ] --START--
INFO: Run Behavior\BuildLiteBehavior [ RunTime:0.000013s ]
INFO: [ app_init ] --END-- [ RunTime:0.000368s ]

[ 2016-12-01T22:58:15+08:00 ] ::1 /jb555host/PersonalTailor/index.php/ManufactorAdmin/Product/dist/img/user3-128x128.jpg
INFO: [ app_init ] --START--
INFO: Run Behavior\BuildLiteBehavior [ RunTime:0.000013s ]
INFO: [ app_init ] --END-- [ RunTime:0.000352s ]

[ 2016-12-01T22:58:15+08:00 ] ::1 /jb555host/PersonalTailor/index.php/ManufactorAdmin/Product/dist/img/user4-128x128.jpg
INFO: [ app_init ] --START--
INFO: Run Behavior\BuildLiteBehavior [ RunTime:0.000009s ]
INFO: [ app_init ] --END-- [ RunTime:0.000208s ]

[ 2016-12-01T22:58:20+08:00 ] ::1 /jb555host/PersonalTailor/index.php/ManufactorAdmin/Product/dist/img/user4-128x128.jpg
INFO: [ app_init ] --START--
INFO: Run Behavior\BuildLiteBehavior [ RunTime:0.000008s ]
INFO: [ app_init ] --END-- [ RunTime:0.000213s ]

[ 2016-12-01T22:58:20+08:00 ] ::1 /jb555host/PersonalTailor/index.php/ManufactorAdmin/Product/dist/img/user3-128x128.jpg
INFO: [ app_init ] --START--
INFO: Run Behavior\BuildLiteBehavior [ RunTime:0.000009s ]
INFO: [ app_init ] --END-- [ RunTime:0.000285s ]

[ 2016-12-01T22:58:20+08:00 ] ::1 /jb555host/PersonalTailor/index.php/ManufactorAdmin/Product/dist/img/user2-160x160.jpg
INFO: [ app_init ] --START--
INFO: Run Behavior\BuildLiteBehavior [ RunTime:0.000012s ]
INFO: [ app_init ] --END-- [ RunTime:0.000409s ]

[ 2016-12-01T22:59:05+08:00 ] ::1 /jb555host/PersonalTailor/index.php/ManufactorAdmin/Product/dist/img/user4-128x128.jpg
INFO: [ app_init ] --START--
INFO: Run Behavior\BuildLiteBehavior [ RunTime:0.000010s ]
INFO: [ app_init ] --END-- [ RunTime:0.000288s ]

[ 2016-12-01T22:59:05+08:00 ] ::1 /jb555host/PersonalTailor/index.php/ManufactorAdmin/Product/dist/img/user2-160x160.jpg
INFO: [ app_init ] --START--
INFO: Run Behavior\BuildLiteBehavior [ RunTime:0.000008s ]
INFO: [ app_init ] --END-- [ RunTime:0.000211s ]

[ 2016-12-01T22:59:05+08:00 ] ::1 /jb555host/PersonalTailor/index.php/ManufactorAdmin/Product/dist/img/user3-128x128.jpg
INFO: [ app_init ] --START--
INFO: Run Behavior\BuildLiteBehavior [ RunTime:0.000011s ]
INFO: [ app_init ] --END-- [ RunTime:0.000316s ]

[ 2016-12-01T22:59:21+08:00 ] ::1 /jb555host/PersonalTailor/index.php/ManufactorAdmin/Product/dist/img/user3-128x128.jpg
INFO: [ app_init ] --START--
INFO: Run Behavior\BuildLiteBehavior [ RunTime:0.000008s ]
INFO: [ app_init ] --END-- [ RunTime:0.000213s ]

[ 2016-12-01T22:59:21+08:00 ] ::1 /jb555host/PersonalTailor/index.php/ManufactorAdmin/Product/dist/img/user2-160x160.jpg
INFO: [ app_init ] --START--
INFO: Run Behavior\BuildLiteBehavior [ RunTime:0.000007s ]
INFO: [ app_init ] --END-- [ RunTime:0.000246s ]

[ 2016-12-01T22:59:21+08:00 ] ::1 /jb555host/PersonalTailor/index.php/ManufactorAdmin/Product/dist/img/user4-128x128.jpg
INFO: [ app_init ] --START--
INFO: Run Behavior\BuildLiteBehavior [ RunTime:0.000010s ]
INFO: [ app_init ] --END-- [ RunTime:0.000270s ]

[ 2016-12-01T22:59:37+08:00 ] ::1 /jb555host/PersonalTailor/index.php/ManufactorAdmin/Product/dist/img/user2-160x160.jpg
INFO: [ app_init ] --START--
INFO: Run Behavior\BuildLiteBehavior [ RunTime:0.000013s ]
INFO: [ app_init ] --END-- [ RunTime:0.000306s ]

[ 2016-12-01T22:59:37+08:00 ] ::1 /jb555host/PersonalTailor/index.php/ManufactorAdmin/Product/dist/img/user3-128x128.jpg
INFO: [ app_init ] --START--
INFO: Run Behavior\BuildLiteBehavior [ RunTime:0.000009s ]
INFO: [ app_init ] --END-- [ RunTime:0.000285s ]

[ 2016-12-01T22:59:37+08:00 ] ::1 /jb555host/PersonalTailor/index.php/ManufactorAdmin/Product/dist/img/user4-128x128.jpg
INFO: [ app_init ] --START--
INFO: Run Behavior\BuildLiteBehavior [ RunTime:0.000009s ]
INFO: [ app_init ] --END-- [ RunTime:0.000286s ]

[ 2016-12-01T22:59:53+08:00 ] ::1 /jb555host/PersonalTailor/index.php/ManufactorAdmin/Product/dist/img/user3-128x128.jpg
INFO: [ app_init ] --START--
INFO: Run Behavior\BuildLiteBehavior [ RunTime:0.000007s ]
INFO: [ app_init ] --END-- [ RunTime:0.000216s ]

[ 2016-12-01T22:59:53+08:00 ] ::1 /jb555host/PersonalTailor/index.php/ManufactorAdmin/Product/dist/img/user4-128x128.jpg
INFO: [ app_init ] --START--
INFO: Run Behavior\BuildLiteBehavior [ RunTime:0.000010s ]
INFO: [ app_init ] --END-- [ RunTime:0.000269s ]

[ 2016-12-01T22:59:53+08:00 ] ::1 /jb555host/PersonalTailor/index.php/ManufactorAdmin/Product/dist/img/user2-160x160.jpg
INFO: [ app_init ] --START--
INFO: Run Behavior\BuildLiteBehavior [ RunTime:0.000008s ]
INFO: [ app_init ] --END-- [ RunTime:0.000238s ]

[ 2016-12-01T22:59:57+08:00 ] ::1 /jb555host/PersonalTailor/index.php/ManufactorAdmin/Product/dist/img/user4-128x128.jpg
INFO: [ app_init ] --START--
INFO: Run Behavior\BuildLiteBehavior [ RunTime:0.000019s ]
INFO: [ app_init ] --END-- [ RunTime:0.000513s ]

[ 2016-12-01T22:59:57+08:00 ] ::1 /jb555host/PersonalTailor/index.php/ManufactorAdmin/Product/dist/img/user3-128x128.jpg
INFO: [ app_init ] --START--
INFO: Run Behavior\BuildLiteBehavior [ RunTime:0.000023s ]
INFO: [ app_init ] --END-- [ RunTime:0.000528s ]

[ 2016-12-01T22:59:57+08:00 ] ::1 /jb555host/PersonalTailor/index.php/ManufactorAdmin/Product/dist/img/user2-160x160.jpg
INFO: [ app_init ] --START--
INFO: Run Behavior\BuildLiteBehavior [ RunTime:0.000020s ]
INFO: [ app_init ] --END-- [ RunTime:0.000589s ]

[ 2016-12-01T23:00:06+08:00 ] ::1 /jb555host/PersonalTailor/index.php/ManufactorAdmin/Product/dist/img/user2-160x160.jpg
INFO: [ app_init ] --START--
INFO: Run Behavior\BuildLiteBehavior [ RunTime:0.000008s ]
INFO: [ app_init ] --END-- [ RunTime:0.000218s ]

[ 2016-12-01T23:00:06+08:00 ] ::1 /jb555host/PersonalTailor/index.php/ManufactorAdmin/Product/dist/img/user3-128x128.jpg
INFO: [ app_init ] --START--
INFO: Run Behavior\BuildLiteBehavior [ RunTime:0.000008s ]
INFO: [ app_init ] --END-- [ RunTime:0.000204s ]

[ 2016-12-01T23:00:06+08:00 ] ::1 /jb555host/PersonalTailor/index.php/ManufactorAdmin/Product/dist/img/user4-128x128.jpg
INFO: [ app_init ] --START--
INFO: Run Behavior\BuildLiteBehavior [ RunTime:0.000017s ]
INFO: [ app_init ] --END-- [ RunTime:0.000418s ]

[ 2016-12-01T23:00:13+08:00 ] ::1 /jb555host/PersonalTailor/index.php/ManufactorAdmin/Product/dist/img/user3-128x128.jpg
INFO: [ app_init ] --START--
INFO: Run Behavior\BuildLiteBehavior [ RunTime:0.000018s ]
INFO: [ app_init ] --END-- [ RunTime:0.000527s ]

[ 2016-12-01T23:00:13+08:00 ] ::1 /jb555host/PersonalTailor/index.php/ManufactorAdmin/Product/dist/img/user2-160x160.jpg
INFO: [ app_init ] --START--
INFO: Run Behavior\BuildLiteBehavior [ RunTime:0.000023s ]
INFO: [ app_init ] --END-- [ RunTime:0.000512s ]

[ 2016-12-01T23:00:13+08:00 ] ::1 /jb555host/PersonalTailor/index.php/ManufactorAdmin/Product/dist/img/user4-128x128.jpg
INFO: [ app_init ] --START--
INFO: Run Behavior\BuildLiteBehavior [ RunTime:0.000016s ]
INFO: [ app_init ] --END-- [ RunTime:0.000494s ]

[ 2016-12-01T23:00:38+08:00 ] ::1 /jb555host/PersonalTailor/index.php/ManufactorAdmin/Product/dist/img/user2-160x160.jpg
INFO: [ app_init ] --START--
INFO: Run Behavior\BuildLiteBehavior [ RunTime:0.000008s ]
INFO: [ app_init ] --END-- [ RunTime:0.000386s ]

[ 2016-12-01T23:00:38+08:00 ] ::1 /jb555host/PersonalTailor/index.php/ManufactorAdmin/Product/dist/img/user3-128x128.jpg
INFO: [ app_init ] --START--
INFO: Run Behavior\BuildLiteBehavior [ RunTime:0.000018s ]
INFO: [ app_init ] --END-- [ RunTime:0.000269s ]

[ 2016-12-01T23:00:38+08:00 ] ::1 /jb555host/PersonalTailor/index.php/ManufactorAdmin/Product/dist/img/user4-128x128.jpg
INFO: [ app_init ] --START--
INFO: Run Behavior\BuildLiteBehavior [ RunTime:0.000018s ]
INFO: [ app_init ] --END-- [ RunTime:0.000253s ]

[ 2016-12-01T23:00:41+08:00 ] ::1 /jb555host/PersonalTailor/index.php/ManufactorAdmin/Product/dist/img/user3-128x128.jpg
INFO: [ app_init ] --START--
INFO: Run Behavior\BuildLiteBehavior [ RunTime:0.000007s ]
INFO: [ app_init ] --END-- [ RunTime:0.000284s ]

[ 2016-12-01T23:00:41+08:00 ] ::1 /jb555host/PersonalTailor/index.php/ManufactorAdmin/Product/dist/img/user2-160x160.jpg
INFO: [ app_init ] --START--
INFO: Run Behavior\BuildLiteBehavior [ RunTime:0.000012s ]
INFO: [ app_init ] --END-- [ RunTime:0.000327s ]

[ 2016-12-01T23:00:41+08:00 ] ::1 /jb555host/PersonalTailor/index.php/ManufactorAdmin/Product/dist/img/user4-128x128.jpg
INFO: [ app_init ] --START--
INFO: Run Behavior\BuildLiteBehavior [ RunTime:0.000012s ]
INFO: [ app_init ] --END-- [ RunTime:0.000331s ]

[ 2016-12-01T23:00:45+08:00 ] ::1 /jb555host/PersonalTailor/index.php/ManufactorAdmin/Product/dist/img/user2-160x160.jpg
INFO: [ app_init ] --START--
INFO: Run Behavior\BuildLiteBehavior [ RunTime:0.000017s ]
INFO: [ app_init ] --END-- [ RunTime:0.000446s ]

[ 2016-12-01T23:00:45+08:00 ] ::1 /jb555host/PersonalTailor/index.php/ManufactorAdmin/Product/dist/img/user4-128x128.jpg
INFO: [ app_init ] --START--
INFO: Run Behavior\BuildLiteBehavior [ RunTime:0.000009s ]
INFO: [ app_init ] --END-- [ RunTime:0.000236s ]

[ 2016-12-01T23:00:45+08:00 ] ::1 /jb555host/PersonalTailor/index.php/ManufactorAdmin/Product/dist/img/user3-128x128.jpg
INFO: [ app_init ] --START--
INFO: Run Behavior\BuildLiteBehavior [ RunTime:0.000009s ]
INFO: [ app_init ] --END-- [ RunTime:0.000249s ]

[ 2016-12-01T23:00:47+08:00 ] ::1 /jb555host/PersonalTailor/index.php/ManufactorAdmin/Product/dist/img/user2-160x160.jpg
INFO: [ app_init ] --START--
INFO: Run Behavior\BuildLiteBehavior [ RunTime:0.000009s ]
INFO: [ app_init ] --END-- [ RunTime:0.000206s ]

[ 2016-12-01T23:00:47+08:00 ] ::1 /jb555host/PersonalTailor/index.php/ManufactorAdmin/Product/dist/img/user3-128x128.jpg
INFO: [ app_init ] --START--
INFO: Run Behavior\BuildLiteBehavior [ RunTime:0.000012s ]
INFO: [ app_init ] --END-- [ RunTime:0.000307s ]

[ 2016-12-01T23:00:47+08:00 ] ::1 /jb555host/PersonalTailor/index.php/ManufactorAdmin/Product/dist/img/user4-128x128.jpg
INFO: [ app_init ] --START--
INFO: Run Behavior\BuildLiteBehavior [ RunTime:0.000008s ]
INFO: [ app_init ] --END-- [ RunTime:0.000313s ]

[ 2016-12-01T23:00:52+08:00 ] ::1 /jb555host/PersonalTailor/index.php/ManufactorAdmin/Product/dist/img/user2-160x160.jpg
INFO: [ app_init ] --START--
INFO: Run Behavior\BuildLiteBehavior [ RunTime:0.000016s ]
INFO: [ app_init ] --END-- [ RunTime:0.000441s ]

[ 2016-12-01T23:00:52+08:00 ] ::1 /jb555host/PersonalTailor/index.php/ManufactorAdmin/Product/dist/img/user3-128x128.jpg
INFO: [ app_init ] --START--
INFO: Run Behavior\BuildLiteBehavior [ RunTime:0.000023s ]
INFO: [ app_init ] --END-- [ RunTime:0.000564s ]

[ 2016-12-01T23:00:52+08:00 ] ::1 /jb555host/PersonalTailor/index.php/ManufactorAdmin/Product/dist/img/user4-128x128.jpg
INFO: [ app_init ] --START--
INFO: Run Behavior\BuildLiteBehavior [ RunTime:0.000019s ]
INFO: [ app_init ] --END-- [ RunTime:0.000571s ]

