[ 2016-11-23T21:37:19+08:00 ] ::1 /jb555host/PersonalTailor/bootstrap/css/bootstrap.min.css
INFO: [ app_init ] --START--
INFO: Run Behavior\BuildLiteBehavior [ RunTime:0.000022s ]
INFO: [ app_init ] --END-- [ RunTime:0.000376s ]
ERR: 无法加载模块:Bootstrap

[ 2016-11-23T21:37:19+08:00 ] ::1 /jb555host/PersonalTailor/plugins/iCheck/square/blue.css
INFO: [ app_init ] --START--
INFO: Run Behavior\BuildLiteBehavior [ RunTime:0.000015s ]
INFO: [ app_init ] --END-- [ RunTime:0.000435s ]
ERR: 无法加载模块:Plugins

[ 2016-11-23T21:37:19+08:00 ] ::1 /jb555host/PersonalTailor/dist/css/AdminLTE.min.css
INFO: [ app_init ] --START--
INFO: Run Behavior\BuildLiteBehavior [ RunTime:0.000013s ]
INFO: [ app_init ] --END-- [ RunTime:0.000538s ]
ERR: 无法加载模块:Dist

[ 2016-11-23T21:37:19+08:00 ] ::1 /jb555host/PersonalTailor/plugins/jQuery/jquery-2.2.3.min.js
INFO: [ app_init ] --START--
INFO: Run Behavior\BuildLiteBehavior [ RunTime:0.000013s ]
INFO: [ app_init ] --END-- [ RunTime:0.000535s ]
ERR: 无法加载模块:Plugins

[ 2016-11-23T21:37:19+08:00 ] ::1 /jb555host/PersonalTailor/bootstrap/js/bootstrap.min.js
INFO: [ app_init ] --START--
INFO: Run Behavior\BuildLiteBehavior [ RunTime:0.000013s ]
INFO: [ app_init ] --END-- [ RunTime:0.000572s ]
ERR: 无法加载模块:Bootstrap

[ 2016-11-23T21:37:19+08:00 ] ::1 /jb555host/PersonalTailor/plugins/iCheck/icheck.min.js
INFO: [ app_init ] --START--
INFO: Run Behavior\BuildLiteBehavior [ RunTime:0.000013s ]
INFO: [ app_init ] --END-- [ RunTime:0.000573s ]
ERR: 无法加载模块:Plugins

[ 2016-11-23T21:37:19+08:00 ] ::1 /jb555host/PersonalTailor/bootstrap/js/bootstrap.min.js
INFO: [ app_init ] --START--
INFO: Run Behavior\BuildLiteBehavior [ RunTime:0.000009s ]
INFO: [ app_init ] --END-- [ RunTime:0.000251s ]
ERR: 无法加载模块:Bootstrap

[ 2016-11-23T21:37:19+08:00 ] ::1 /jb555host/PersonalTailor/plugins/iCheck/icheck.min.js
INFO: [ app_init ] --START--
INFO: Run Behavior\BuildLiteBehavior [ RunTime:0.000010s ]
INFO: [ app_init ] --END-- [ RunTime:0.000258s ]
ERR: 无法加载模块:Plugins

[ 2016-11-23T22:21:00+08:00 ] ::1 /jb555host/PersonalTailor/index.html
INFO: [ app_init ] --START--
INFO: Run Behavior\BuildLiteBehavior [ RunTime:0.000009s ]
INFO: [ app_init ] --END-- [ RunTime:0.000244s ]
ERR: 无法加载模块:Index

[ 2016-11-23T22:33:18+08:00 ] ::1 /jb555host/PersonalTailor/index.php/index2.html
INFO: [ app_init ] --START--
INFO: Run Behavior\BuildLiteBehavior [ RunTime:0.000008s ]
INFO: [ app_init ] --END-- [ RunTime:0.000215s ]
ERR: 无法加载模块:Index2

