[ 2016-12-03T09:23:32+08:00 ] ::1 /jb555host/PersonalTailor/index.php/ManufactorAdmin/Index/dist/img/user2-160x160.jpg
INFO: [ app_init ] --START--
INFO: Run Behavior\BuildLiteBehavior [ RunTime:0.000009s ]
INFO: [ app_init ] --END-- [ RunTime:0.000245s ]

[ 2016-12-03T09:23:32+08:00 ] ::1 /jb555host/PersonalTailor/index.php/ManufactorAdmin/Index/dist/img/user3-128x128.jpg
INFO: [ app_init ] --START--
INFO: Run Behavior\BuildLiteBehavior [ RunTime:0.000009s ]
INFO: [ app_init ] --END-- [ RunTime:0.000294s ]

[ 2016-12-03T09:23:32+08:00 ] ::1 /jb555host/PersonalTailor/index.php/ManufactorAdmin/Index/dist/img/user4-128x128.jpg
INFO: [ app_init ] --START--
INFO: Run Behavior\BuildLiteBehavior [ RunTime:0.000008s ]
INFO: [ app_init ] --END-- [ RunTime:0.000241s ]

[ 2016-12-03T09:23:32+08:00 ] ::1 /jb555host/PersonalTailor/Template/Public/notify-js/bootstrap-notify.min.js
INFO: [ app_init ] --START--
INFO: Run Behavior\BuildLiteBehavior [ RunTime:0.000007s ]
INFO: [ app_init ] --END-- [ RunTime:0.000224s ]
ERR: 无法加载模块:Template

[ 2016-12-03T09:23:32+08:00 ] ::1 /jb555host/PersonalTailor/Template/Public/notify-js/bootstrap-notify.js
INFO: [ app_init ] --START--
INFO: Run Behavior\BuildLiteBehavior [ RunTime:0.000018s ]
INFO: [ app_init ] --END-- [ RunTime:0.000349s ]
ERR: 无法加载模块:Template

[ 2016-12-03T09:34:28+08:00 ] ::1 /jb555host/PersonalTailor/index.php/ManufactorAdmin/Product/dist/img/user2-160x160.jpg
INFO: [ app_init ] --START--
INFO: Run Behavior\BuildLiteBehavior [ RunTime:0.000012s ]
INFO: [ app_init ] --END-- [ RunTime:0.000305s ]

[ 2016-12-03T09:34:28+08:00 ] ::1 /jb555host/PersonalTailor/index.php/ManufactorAdmin/Product/dist/img/user3-128x128.jpg
INFO: [ app_init ] --START--
INFO: Run Behavior\BuildLiteBehavior [ RunTime:0.000009s ]
INFO: [ app_init ] --END-- [ RunTime:0.000235s ]

[ 2016-12-03T09:34:28+08:00 ] ::1 /jb555host/PersonalTailor/Template/Public/notify-js/bootstrap-notify.js
INFO: [ app_init ] --START--
INFO: Run Behavior\BuildLiteBehavior [ RunTime:0.000011s ]
INFO: [ app_init ] --END-- [ RunTime:0.000351s ]
ERR: 无法加载模块:Template

[ 2016-12-03T09:34:28+08:00 ] ::1 /jb555host/PersonalTailor/index.php/ManufactorAdmin/Product/dist/img/user4-128x128.jpg
INFO: [ app_init ] --START--
INFO: Run Behavior\BuildLiteBehavior [ RunTime:0.000013s ]
INFO: [ app_init ] --END-- [ RunTime:0.000285s ]

[ 2016-12-03T09:34:28+08:00 ] ::1 /jb555host/PersonalTailor/Template/Public/notify-js/bootstrap-notify.min.js
INFO: [ app_init ] --START--
INFO: Run Behavior\BuildLiteBehavior [ RunTime:0.000013s ]
INFO: [ app_init ] --END-- [ RunTime:0.000362s ]
ERR: 无法加载模块:Template

[ 2016-12-03T09:34:29+08:00 ] ::1 /jb555host/PersonalTailor/index.php/ManufactorAdmin/Product/dist/img/user2-160x160.jpg
INFO: [ app_init ] --START--
INFO: Run Behavior\BuildLiteBehavior [ RunTime:0.000009s ]
INFO: [ app_init ] --END-- [ RunTime:0.000238s ]

[ 2016-12-03T09:34:29+08:00 ] ::1 /jb555host/PersonalTailor/index.php/ManufactorAdmin/Product/dist/img/user3-128x128.jpg
INFO: [ app_init ] --START--
INFO: Run Behavior\BuildLiteBehavior [ RunTime:0.000008s ]
INFO: [ app_init ] --END-- [ RunTime:0.000205s ]

[ 2016-12-03T09:34:29+08:00 ] ::1 /jb555host/PersonalTailor/index.php/ManufactorAdmin/Product/dist/img/user4-128x128.jpg
INFO: [ app_init ] --START--
INFO: Run Behavior\BuildLiteBehavior [ RunTime:0.000008s ]
INFO: [ app_init ] --END-- [ RunTime:0.000215s ]

[ 2016-12-03T09:34:29+08:00 ] ::1 /jb555host/PersonalTailor/Template/Public/notify-js/bootstrap-notify.min.js
INFO: [ app_init ] --START--
INFO: Run Behavior\BuildLiteBehavior [ RunTime:0.000008s ]
INFO: [ app_init ] --END-- [ RunTime:0.000213s ]
ERR: 无法加载模块:Template

[ 2016-12-03T09:34:29+08:00 ] ::1 /jb555host/PersonalTailor/Template/Public/notify-js/bootstrap-notify.js
INFO: [ app_init ] --START--
INFO: Run Behavior\BuildLiteBehavior [ RunTime:0.000009s ]
INFO: [ app_init ] --END-- [ RunTime:0.000214s ]
ERR: 无法加载模块:Template

[ 2016-12-03T09:34:31+08:00 ] ::1 /jb555host/PersonalTailor/index.php/ManufactorAdmin/Product/dist/img/user2-160x160.jpg
INFO: [ app_init ] --START--
INFO: Run Behavior\BuildLiteBehavior [ RunTime:0.000008s ]
INFO: [ app_init ] --END-- [ RunTime:0.000219s ]

[ 2016-12-03T09:34:31+08:00 ] ::1 /jb555host/PersonalTailor/Template/Public/notify-js/bootstrap-notify.js
INFO: [ app_init ] --START--
INFO: Run Behavior\BuildLiteBehavior [ RunTime:0.000008s ]
INFO: [ app_init ] --END-- [ RunTime:0.000257s ]
ERR: 无法加载模块:Template

[ 2016-12-03T09:34:31+08:00 ] ::1 /jb555host/PersonalTailor/index.php/ManufactorAdmin/Product/dist/img/user3-128x128.jpg
INFO: [ app_init ] --START--
INFO: Run Behavior\BuildLiteBehavior [ RunTime:0.000018s ]
INFO: [ app_init ] --END-- [ RunTime:0.000331s ]

[ 2016-12-03T09:34:31+08:00 ] ::1 /jb555host/PersonalTailor/index.php/ManufactorAdmin/Product/dist/img/user4-128x128.jpg
INFO: [ app_init ] --START--
INFO: Run Behavior\BuildLiteBehavior [ RunTime:0.000020s ]
INFO: [ app_init ] --END-- [ RunTime:0.000314s ]

[ 2016-12-03T09:34:31+08:00 ] ::1 /jb555host/PersonalTailor/Template/Public/notify-js/bootstrap-notify.min.js
INFO: [ app_init ] --START--
INFO: Run Behavior\BuildLiteBehavior [ RunTime:0.000008s ]
INFO: [ app_init ] --END-- [ RunTime:0.000208s ]
ERR: 无法加载模块:Template

[ 2016-12-03T09:34:31+08:00 ] ::1 /jb555host/PersonalTailor/Template/Public/notify-js/bootstrap-notify.min.js
INFO: [ app_init ] --START--
INFO: Run Behavior\BuildLiteBehavior [ RunTime:0.000007s ]
INFO: [ app_init ] --END-- [ RunTime:0.000199s ]
ERR: 无法加载模块:Template

[ 2016-12-03T09:34:43+08:00 ] ::1 /jb555host/PersonalTailor/index.php/ManufactorAdmin/Product/dist/img/user2-160x160.jpg
INFO: [ app_init ] --START--
INFO: Run Behavior\BuildLiteBehavior [ RunTime:0.000008s ]
INFO: [ app_init ] --END-- [ RunTime:0.000208s ]

[ 2016-12-03T09:34:43+08:00 ] ::1 /jb555host/PersonalTailor/Template/Public/notify-js/bootstrap-notify.js
INFO: [ app_init ] --START--
INFO: Run Behavior\BuildLiteBehavior [ RunTime:0.000012s ]
INFO: [ app_init ] --END-- [ RunTime:0.000290s ]
ERR: 无法加载模块:Template

[ 2016-12-03T09:34:43+08:00 ] ::1 /jb555host/PersonalTailor/Template/Public/notify-js/bootstrap-notify.min.js
INFO: [ app_init ] --START--
INFO: Run Behavior\BuildLiteBehavior [ RunTime:0.000011s ]
INFO: [ app_init ] --END-- [ RunTime:0.000294s ]
ERR: 无法加载模块:Template

[ 2016-12-03T09:34:43+08:00 ] ::1 /jb555host/PersonalTailor/index.php/ManufactorAdmin/Product/dist/img/user3-128x128.jpg
INFO: [ app_init ] --START--
INFO: Run Behavior\BuildLiteBehavior [ RunTime:0.000008s ]
INFO: [ app_init ] --END-- [ RunTime:0.000207s ]

[ 2016-12-03T09:34:43+08:00 ] ::1 /jb555host/PersonalTailor/index.php/ManufactorAdmin/Product/dist/img/user4-128x128.jpg
INFO: [ app_init ] --START--
INFO: Run Behavior\BuildLiteBehavior [ RunTime:0.000011s ]
INFO: [ app_init ] --END-- [ RunTime:0.000280s ]

[ 2016-12-03T09:34:44+08:00 ] ::1 /jb555host/PersonalTailor/Template/Public/notify-js/bootstrap-notify.js
INFO: [ app_init ] --START--
INFO: Run Behavior\BuildLiteBehavior [ RunTime:0.000009s ]
INFO: [ app_init ] --END-- [ RunTime:0.000228s ]
ERR: 无法加载模块:Template

[ 2016-12-03T09:34:44+08:00 ] ::1 /jb555host/PersonalTailor/Template/Public/notify-js/bootstrap-notify.min.js
INFO: [ app_init ] --START--
INFO: Run Behavior\BuildLiteBehavior [ RunTime:0.000007s ]
INFO: [ app_init ] --END-- [ RunTime:0.000191s ]
ERR: 无法加载模块:Template

[ 2016-12-03T09:34:44+08:00 ] ::1 /jb555host/PersonalTailor/index.php/ManufactorAdmin/Product/dist/img/user3-128x128.jpg
INFO: [ app_init ] --START--
INFO: Run Behavior\BuildLiteBehavior [ RunTime:0.000013s ]
INFO: [ app_init ] --END-- [ RunTime:0.000308s ]

[ 2016-12-03T09:34:44+08:00 ] ::1 /jb555host/PersonalTailor/index.php/ManufactorAdmin/Product/dist/img/user4-128x128.jpg
INFO: [ app_init ] --START--
INFO: Run Behavior\BuildLiteBehavior [ RunTime:0.000011s ]
INFO: [ app_init ] --END-- [ RunTime:0.000304s ]

[ 2016-12-03T09:34:44+08:00 ] ::1 /jb555host/PersonalTailor/index.php/ManufactorAdmin/Product/dist/img/user2-160x160.jpg
INFO: [ app_init ] --START--
INFO: Run Behavior\BuildLiteBehavior [ RunTime:0.000012s ]
INFO: [ app_init ] --END-- [ RunTime:0.000320s ]

[ 2016-12-03T09:34:44+08:00 ] ::1 /jb555host/PersonalTailor/Template/Public/notify-js/bootstrap-notify.js
INFO: [ app_init ] --START--
INFO: Run Behavior\BuildLiteBehavior [ RunTime:0.000012s ]
INFO: [ app_init ] --END-- [ RunTime:0.000294s ]
ERR: 无法加载模块:Template

[ 2016-12-03T09:34:44+08:00 ] ::1 /jb555host/PersonalTailor/Template/Public/notify-js/bootstrap-notify.min.js
INFO: [ app_init ] --START--
INFO: Run Behavior\BuildLiteBehavior [ RunTime:0.000012s ]
INFO: [ app_init ] --END-- [ RunTime:0.000279s ]
ERR: 无法加载模块:Template

[ 2016-12-03T09:34:45+08:00 ] ::1 /jb555host/PersonalTailor/Template/Public/notify-js/bootstrap-notify.min.js
INFO: [ app_init ] --START--
INFO: Run Behavior\BuildLiteBehavior [ RunTime:0.000007s ]
INFO: [ app_init ] --END-- [ RunTime:0.000199s ]
ERR: 无法加载模块:Template

[ 2016-12-03T09:34:50+08:00 ] ::1 /jb555host/PersonalTailor/index.php/ManufactorAdmin/Product/dist/img/user2-160x160.jpg
INFO: [ app_init ] --START--
INFO: Run Behavior\BuildLiteBehavior [ RunTime:0.000011s ]
INFO: [ app_init ] --END-- [ RunTime:0.000325s ]

[ 2016-12-03T09:34:50+08:00 ] ::1 /jb555host/PersonalTailor/index.php/ManufactorAdmin/Product/dist/img/user3-128x128.jpg
INFO: [ app_init ] --START--
INFO: Run Behavior\BuildLiteBehavior [ RunTime:0.000012s ]
INFO: [ app_init ] --END-- [ RunTime:0.000415s ]

[ 2016-12-03T09:34:50+08:00 ] ::1 /jb555host/PersonalTailor/Template/Public/notify-js/bootstrap-notify.min.js
INFO: [ app_init ] --START--
INFO: Run Behavior\BuildLiteBehavior [ RunTime:0.000010s ]
INFO: [ app_init ] --END-- [ RunTime:0.000370s ]
ERR: 无法加载模块:Template

[ 2016-12-03T09:34:50+08:00 ] ::1 /jb555host/PersonalTailor/index.php/ManufactorAdmin/Product/dist/img/user4-128x128.jpg
INFO: [ app_init ] --START--
INFO: Run Behavior\BuildLiteBehavior [ RunTime:0.000011s ]
INFO: [ app_init ] --END-- [ RunTime:0.000309s ]

[ 2016-12-03T09:34:50+08:00 ] ::1 /jb555host/PersonalTailor/Template/Public/notify-js/bootstrap-notify.js
INFO: [ app_init ] --START--
INFO: Run Behavior\BuildLiteBehavior [ RunTime:0.000009s ]
INFO: [ app_init ] --END-- [ RunTime:0.000415s ]
ERR: 无法加载模块:Template

[ 2016-12-03T09:34:50+08:00 ] ::1 /jb555host/PersonalTailor/Template/Public/notify-js/bootstrap-notify.js
INFO: [ app_init ] --START--
INFO: Run Behavior\BuildLiteBehavior [ RunTime:0.000036s ]
INFO: [ app_init ] --END-- [ RunTime:0.000391s ]
ERR: 无法加载模块:Template

[ 2016-12-03T09:34:50+08:00 ] ::1 /jb555host/PersonalTailor/Template/Public/notify-js/bootstrap-notify.min.js
INFO: [ app_init ] --START--
INFO: Run Behavior\BuildLiteBehavior [ RunTime:0.000008s ]
INFO: [ app_init ] --END-- [ RunTime:0.000196s ]
ERR: 无法加载模块:Template

[ 2016-12-03T09:34:53+08:00 ] ::1 /jb555host/PersonalTailor/index.php/ManufactorAdmin/Product/dist/img/user2-160x160.jpg
INFO: [ app_init ] --START--
INFO: Run Behavior\BuildLiteBehavior [ RunTime:0.000011s ]
INFO: [ app_init ] --END-- [ RunTime:0.000309s ]

[ 2016-12-03T09:34:53+08:00 ] ::1 /jb555host/PersonalTailor/index.php/ManufactorAdmin/Product/dist/img/user3-128x128.jpg
INFO: [ app_init ] --START--
INFO: Run Behavior\BuildLiteBehavior [ RunTime:0.000011s ]
INFO: [ app_init ] --END-- [ RunTime:0.000321s ]

[ 2016-12-03T09:34:53+08:00 ] ::1 /jb555host/PersonalTailor/index.php/ManufactorAdmin/Product/dist/img/user4-128x128.jpg
INFO: [ app_init ] --START--
INFO: Run Behavior\BuildLiteBehavior [ RunTime:0.000011s ]
INFO: [ app_init ] --END-- [ RunTime:0.000321s ]

[ 2016-12-03T09:34:53+08:00 ] ::1 /jb555host/PersonalTailor/Template/Public/notify-js/bootstrap-notify.min.js
INFO: [ app_init ] --START--
INFO: Run Behavior\BuildLiteBehavior [ RunTime:0.000012s ]
INFO: [ app_init ] --END-- [ RunTime:0.000245s ]
ERR: 无法加载模块:Template

[ 2016-12-03T09:34:53+08:00 ] ::1 /jb555host/PersonalTailor/Template/Public/notify-js/bootstrap-notify.js
INFO: [ app_init ] --START--
INFO: Run Behavior\BuildLiteBehavior [ RunTime:0.000009s ]
INFO: [ app_init ] --END-- [ RunTime:0.000233s ]
ERR: 无法加载模块:Template

[ 2016-12-03T09:34:53+08:00 ] ::1 /jb555host/PersonalTailor/Template/Public/notify-js/bootstrap-notify.min.js
INFO: [ app_init ] --START--
INFO: Run Behavior\BuildLiteBehavior [ RunTime:0.000018s ]
INFO: [ app_init ] --END-- [ RunTime:0.000213s ]
ERR: 无法加载模块:Template

[ 2016-12-03T09:34:55+08:00 ] ::1 /jb555host/PersonalTailor/index.php/ManufactorAdmin/Product/dist/img/user2-160x160.jpg
INFO: [ app_init ] --START--
INFO: Run Behavior\BuildLiteBehavior [ RunTime:0.000009s ]
INFO: [ app_init ] --END-- [ RunTime:0.000219s ]

[ 2016-12-03T09:34:55+08:00 ] ::1 /jb555host/PersonalTailor/index.php/ManufactorAdmin/Product/dist/img/user4-128x128.jpg
INFO: [ app_init ] --START--
INFO: Run Behavior\BuildLiteBehavior [ RunTime:0.000008s ]
INFO: [ app_init ] --END-- [ RunTime:0.000219s ]

[ 2016-12-03T09:34:55+08:00 ] ::1 /jb555host/PersonalTailor/index.php/ManufactorAdmin/Product/dist/img/user3-128x128.jpg
INFO: [ app_init ] --START--
INFO: Run Behavior\BuildLiteBehavior [ RunTime:0.000012s ]
INFO: [ app_init ] --END-- [ RunTime:0.000303s ]

[ 2016-12-03T09:34:55+08:00 ] ::1 /jb555host/PersonalTailor/Template/Public/notify-js/bootstrap-notify.min.js
INFO: [ app_init ] --START--
INFO: Run Behavior\BuildLiteBehavior [ RunTime:0.000011s ]
INFO: [ app_init ] --END-- [ RunTime:0.000302s ]
ERR: 无法加载模块:Template

[ 2016-12-03T09:34:55+08:00 ] ::1 /jb555host/PersonalTailor/Template/Public/notify-js/bootstrap-notify.js
INFO: [ app_init ] --START--
INFO: Run Behavior\BuildLiteBehavior [ RunTime:0.000007s ]
INFO: [ app_init ] --END-- [ RunTime:0.000220s ]
ERR: 无法加载模块:Template

[ 2016-12-03T09:34:55+08:00 ] ::1 /jb555host/PersonalTailor/Template/Public/notify-js/bootstrap-notify.min.js
INFO: [ app_init ] --START--
INFO: Run Behavior\BuildLiteBehavior [ RunTime:0.000007s ]
INFO: [ app_init ] --END-- [ RunTime:0.000194s ]
ERR: 无法加载模块:Template

[ 2016-12-03T09:35:12+08:00 ] ::1 /jb555host/PersonalTailor/index.php/ManufactorAdmin/Product/dist/img/user4-128x128.jpg
INFO: [ app_init ] --START--
INFO: Run Behavior\BuildLiteBehavior [ RunTime:0.000010s ]
INFO: [ app_init ] --END-- [ RunTime:0.000241s ]

[ 2016-12-03T09:35:12+08:00 ] ::1 /jb555host/PersonalTailor/index.php/ManufactorAdmin/Product/dist/img/user3-128x128.jpg
INFO: [ app_init ] --START--
INFO: Run Behavior\BuildLiteBehavior [ RunTime:0.000012s ]
INFO: [ app_init ] --END-- [ RunTime:0.000327s ]

[ 2016-12-03T09:35:12+08:00 ] ::1 /jb555host/PersonalTailor/Template/Public/notify-js/bootstrap-notify.js
INFO: [ app_init ] --START--
INFO: Run Behavior\BuildLiteBehavior [ RunTime:0.000013s ]
INFO: [ app_init ] --END-- [ RunTime:0.000326s ]
ERR: 无法加载模块:Template

[ 2016-12-03T09:35:12+08:00 ] ::1 /jb555host/PersonalTailor/Template/Public/notify-js/bootstrap-notify.min.js
INFO: [ app_init ] --START--
INFO: Run Behavior\BuildLiteBehavior [ RunTime:0.000011s ]
INFO: [ app_init ] --END-- [ RunTime:0.000316s ]
ERR: 无法加载模块:Template

[ 2016-12-03T09:35:12+08:00 ] ::1 /jb555host/PersonalTailor/index.php/ManufactorAdmin/Product/dist/img/user2-160x160.jpg
INFO: [ app_init ] --START--
INFO: Run Behavior\BuildLiteBehavior [ RunTime:0.000009s ]
INFO: [ app_init ] --END-- [ RunTime:0.000260s ]

[ 2016-12-03T09:35:12+08:00 ] ::1 /jb555host/PersonalTailor/Template/Public/notify-js/bootstrap-notify.js
INFO: [ app_init ] --START--
INFO: Run Behavior\BuildLiteBehavior [ RunTime:0.000008s ]
INFO: [ app_init ] --END-- [ RunTime:0.000217s ]
ERR: 无法加载模块:Template

[ 2016-12-03T09:35:12+08:00 ] ::1 /jb555host/PersonalTailor/Template/Public/notify-js/bootstrap-notify.min.js
INFO: [ app_init ] --START--
INFO: Run Behavior\BuildLiteBehavior [ RunTime:0.000008s ]
INFO: [ app_init ] --END-- [ RunTime:0.000201s ]
ERR: 无法加载模块:Template

[ 2016-12-03T09:35:14+08:00 ] ::1 /jb555host/PersonalTailor/index.php/ManufactorAdmin/Product/dist/img/user2-160x160.jpg
INFO: [ app_init ] --START--
INFO: Run Behavior\BuildLiteBehavior [ RunTime:0.000011s ]
INFO: [ app_init ] --END-- [ RunTime:0.000291s ]

[ 2016-12-03T09:35:14+08:00 ] ::1 /jb555host/PersonalTailor/index.php/ManufactorAdmin/Product/dist/img/user3-128x128.jpg
INFO: [ app_init ] --START--
INFO: Run Behavior\BuildLiteBehavior [ RunTime:0.000010s ]
INFO: [ app_init ] --END-- [ RunTime:0.000295s ]

[ 2016-12-03T09:35:14+08:00 ] ::1 /jb555host/PersonalTailor/Template/Public/notify-js/bootstrap-notify.js
INFO: [ app_init ] --START--
INFO: Run Behavior\BuildLiteBehavior [ RunTime:0.000007s ]
INFO: [ app_init ] --END-- [ RunTime:0.000215s ]
ERR: 无法加载模块:Template

[ 2016-12-03T09:35:14+08:00 ] ::1 /jb555host/PersonalTailor/Template/Public/notify-js/bootstrap-notify.min.js
INFO: [ app_init ] --START--
INFO: Run Behavior\BuildLiteBehavior [ RunTime:0.000007s ]
INFO: [ app_init ] --END-- [ RunTime:0.000197s ]
ERR: 无法加载模块:Template

