[ 2016-12-04T15:55:32+08:00 ] ::1 /PersonalTailor/index.php/ManufactorAdmin/Index/dist/img/user2-160x160.jpg
INFO: [ app_init ] --START--
INFO: Run Behavior\BuildLiteBehavior [ RunTime:0.000009s ]
INFO: [ app_init ] --END-- [ RunTime:0.000241s ]

[ 2016-12-04T15:55:32+08:00 ] ::1 /PersonalTailor/index.php/ManufactorAdmin/Index/dist/img/user3-128x128.jpg
INFO: [ app_init ] --START--
INFO: Run Behavior\BuildLiteBehavior [ RunTime:0.000010s ]
INFO: [ app_init ] --END-- [ RunTime:0.000277s ]

[ 2016-12-04T15:55:32+08:00 ] ::1 /PersonalTailor/index.php/ManufactorAdmin/Index/dist/img/user4-128x128.jpg
INFO: [ app_init ] --START--
INFO: Run Behavior\BuildLiteBehavior [ RunTime:0.000009s ]
INFO: [ app_init ] --END-- [ RunTime:0.000222s ]

[ 2016-12-04T15:55:34+08:00 ] ::1 /PersonalTailor/index.php/ManufactorAdmin/Index/dist/img/user2-160x160.jpg
INFO: [ app_init ] --START--
INFO: Run Behavior\BuildLiteBehavior [ RunTime:0.000009s ]
INFO: [ app_init ] --END-- [ RunTime:0.000224s ]

[ 2016-12-04T15:55:34+08:00 ] ::1 /PersonalTailor/index.php/ManufactorAdmin/Index/dist/img/user3-128x128.jpg
INFO: [ app_init ] --START--
INFO: Run Behavior\BuildLiteBehavior [ RunTime:0.000007s ]
INFO: [ app_init ] --END-- [ RunTime:0.000214s ]

[ 2016-12-04T15:55:34+08:00 ] ::1 /PersonalTailor/index.php/ManufactorAdmin/Index/dist/img/user4-128x128.jpg
INFO: [ app_init ] --START--
INFO: Run Behavior\BuildLiteBehavior [ RunTime:0.000008s ]
INFO: [ app_init ] --END-- [ RunTime:0.000230s ]

[ 2016-12-04T15:55:37+08:00 ] ::1 /PersonalTailor/index.php/ManufactorAdmin/Shop/dist/img/user2-160x160.jpg
INFO: [ app_init ] --START--
INFO: Run Behavior\BuildLiteBehavior [ RunTime:0.000020s ]
INFO: [ app_init ] --END-- [ RunTime:0.000277s ]

[ 2016-12-04T15:55:37+08:00 ] ::1 /PersonalTailor/index.php/ManufactorAdmin/Shop/dist/img/user4-128x128.jpg
INFO: [ app_init ] --START--
INFO: Run Behavior\BuildLiteBehavior [ RunTime:0.000021s ]
INFO: [ app_init ] --END-- [ RunTime:0.000260s ]

[ 2016-12-04T15:55:37+08:00 ] ::1 /PersonalTailor/index.php/ManufactorAdmin/Shop/dist/img/user3-128x128.jpg
INFO: [ app_init ] --START--
INFO: Run Behavior\BuildLiteBehavior [ RunTime:0.000009s ]
INFO: [ app_init ] --END-- [ RunTime:0.000263s ]

[ 2016-12-04T15:55:43+08:00 ] ::1 /PersonalTailor/index.php/ManufactorAdmin/Product/dist/img/user2-160x160.jpg
INFO: [ app_init ] --START--
INFO: Run Behavior\BuildLiteBehavior [ RunTime:0.000012s ]
INFO: [ app_init ] --END-- [ RunTime:0.000323s ]

[ 2016-12-04T15:55:43+08:00 ] ::1 /PersonalTailor/index.php/ManufactorAdmin/Product/dist/img/user3-128x128.jpg
INFO: [ app_init ] --START--
INFO: Run Behavior\BuildLiteBehavior [ RunTime:0.000012s ]
INFO: [ app_init ] --END-- [ RunTime:0.000319s ]

[ 2016-12-04T15:55:43+08:00 ] ::1 /PersonalTailor/index.php/ManufactorAdmin/Product/dist/img/user4-128x128.jpg
INFO: [ app_init ] --START--
INFO: Run Behavior\BuildLiteBehavior [ RunTime:0.000011s ]
INFO: [ app_init ] --END-- [ RunTime:0.000308s ]

[ 2016-12-04T15:55:43+08:00 ] ::1 /PersonalTailor/Uploads/2016-11-30/583e8c501fe4b.jpg
INFO: [ app_init ] --START--
INFO: Run Behavior\BuildLiteBehavior [ RunTime:0.000012s ]
INFO: [ app_init ] --END-- [ RunTime:0.000333s ]

[ 2016-12-04T15:55:43+08:00 ] ::1 /PersonalTailor/Uploads/2016-11-30/583e8c0774cb2.jpg
INFO: [ app_init ] --START--
INFO: Run Behavior\BuildLiteBehavior [ RunTime:0.000011s ]
INFO: [ app_init ] --END-- [ RunTime:0.000300s ]

[ 2016-12-04T15:55:43+08:00 ] ::1 /PersonalTailor/Uploads/2016-11-30/583e8c2bc1d45.jpg
INFO: [ app_init ] --START--
INFO: Run Behavior\BuildLiteBehavior [ RunTime:0.000008s ]
INFO: [ app_init ] --END-- [ RunTime:0.000238s ]

[ 2016-12-04T15:55:43+08:00 ] ::1 /PersonalTailor/Uploads/2016-12-03/58425752c23ca.jpg
INFO: [ app_init ] --START--
INFO: Run Behavior\BuildLiteBehavior [ RunTime:0.000012s ]
INFO: [ app_init ] --END-- [ RunTime:0.000313s ]

[ 2016-12-04T15:55:43+08:00 ] ::1 /PersonalTailor/Uploads/product_pic/2016-12-03/5842d0b9b0417.jpeg
INFO: [ app_init ] --START--
INFO: Run Behavior\BuildLiteBehavior [ RunTime:0.000009s ]
INFO: [ app_init ] --END-- [ RunTime:0.000229s ]
ERR: 无法加载模块:Uploads

[ 2016-12-04T15:57:13+08:00 ] ::1 /PersonalTailor/Uploads/2016-12-03/58425752c23ca.jpg
INFO: [ app_init ] --START--
INFO: Run Behavior\BuildLiteBehavior [ RunTime:0.000008s ]
INFO: [ app_init ] --END-- [ RunTime:0.000210s ]

[ 2016-12-04T15:57:39+08:00 ] ::1 /PersonalTailor/index.php/ManufactorAdmin/Product/dist/img/user2-160x160.jpg
INFO: [ app_init ] --START--
INFO: Run Behavior\BuildLiteBehavior [ RunTime:0.000012s ]
INFO: [ app_init ] --END-- [ RunTime:0.000310s ]

[ 2016-12-04T15:57:39+08:00 ] ::1 /PersonalTailor/index.php/ManufactorAdmin/Product/dist/img/user3-128x128.jpg
INFO: [ app_init ] --START--
INFO: Run Behavior\BuildLiteBehavior [ RunTime:0.000020s ]
INFO: [ app_init ] --END-- [ RunTime:0.000421s ]

[ 2016-12-04T15:57:39+08:00 ] ::1 /PersonalTailor/index.php/ManufactorAdmin/Product/dist/img/user4-128x128.jpg
INFO: [ app_init ] --START--
INFO: Run Behavior\BuildLiteBehavior [ RunTime:0.000015s ]
INFO: [ app_init ] --END-- [ RunTime:0.000383s ]

[ 2016-12-04T15:57:56+08:00 ] ::1 /PersonalTailor/index.php/ManufactorAdmin/Product/dist/img/user4-128x128.jpg
INFO: [ app_init ] --START--
INFO: Run Behavior\BuildLiteBehavior [ RunTime:0.000014s ]
INFO: [ app_init ] --END-- [ RunTime:0.000316s ]

[ 2016-12-04T15:57:56+08:00 ] ::1 /PersonalTailor/index.php/ManufactorAdmin/Product/dist/img/user2-160x160.jpg
INFO: [ app_init ] --START--
INFO: Run Behavior\BuildLiteBehavior [ RunTime:0.000013s ]
INFO: [ app_init ] --END-- [ RunTime:0.000352s ]

[ 2016-12-04T15:57:56+08:00 ] ::1 /PersonalTailor/index.php/ManufactorAdmin/Product/dist/img/user3-128x128.jpg
INFO: [ app_init ] --START--
INFO: Run Behavior\BuildLiteBehavior [ RunTime:0.000013s ]
INFO: [ app_init ] --END-- [ RunTime:0.000414s ]

[ 2016-12-04T15:57:56+08:00 ] ::1 /PersonalTailor/Uploads/2016-11-30/583e8c0774cb2.jpg
INFO: [ app_init ] --START--
INFO: Run Behavior\BuildLiteBehavior [ RunTime:0.000013s ]
INFO: [ app_init ] --END-- [ RunTime:0.000343s ]

[ 2016-12-04T15:57:56+08:00 ] ::1 /PersonalTailor/Uploads/2016-11-30/583e8c501fe4b.jpg
INFO: [ app_init ] --START--
INFO: Run Behavior\BuildLiteBehavior [ RunTime:0.000018s ]
INFO: [ app_init ] --END-- [ RunTime:0.000332s ]

[ 2016-12-04T15:57:56+08:00 ] ::1 /PersonalTailor/Uploads/2016-11-30/583e8c2bc1d45.jpg
INFO: [ app_init ] --START--
INFO: Run Behavior\BuildLiteBehavior [ RunTime:0.000017s ]
INFO: [ app_init ] --END-- [ RunTime:0.000409s ]

[ 2016-12-04T15:57:56+08:00 ] ::1 /PersonalTailor/Uploads/2016-12-03/58425752c23ca.jpg
INFO: [ app_init ] --START--
INFO: Run Behavior\BuildLiteBehavior [ RunTime:0.000013s ]
INFO: [ app_init ] --END-- [ RunTime:0.000305s ]

[ 2016-12-04T15:57:56+08:00 ] ::1 /PersonalTailor/Uploads/product_pic/2016-12-03/5842d0b9b0417.jpeg
INFO: [ app_init ] --START--
INFO: Run Behavior\BuildLiteBehavior [ RunTime:0.000038s ]
INFO: [ app_init ] --END-- [ RunTime:0.000535s ]
ERR: 无法加载模块:Uploads

[ 2016-12-04T15:58:43+08:00 ] ::1 /PersonalTailor/index.php/ManufactorAdmin/Product/dist/img/user3-128x128.jpg
INFO: [ app_init ] --START--
INFO: Run Behavior\BuildLiteBehavior [ RunTime:0.000009s ]
INFO: [ app_init ] --END-- [ RunTime:0.000227s ]

[ 2016-12-04T15:58:43+08:00 ] ::1 /PersonalTailor/index.php/ManufactorAdmin/Product/dist/img/user2-160x160.jpg
INFO: [ app_init ] --START--
INFO: Run Behavior\BuildLiteBehavior [ RunTime:0.000007s ]
INFO: [ app_init ] --END-- [ RunTime:0.000224s ]

[ 2016-12-04T15:58:43+08:00 ] ::1 /PersonalTailor/index.php/ManufactorAdmin/Product/dist/img/user4-128x128.jpg
INFO: [ app_init ] --START--
INFO: Run Behavior\BuildLiteBehavior [ RunTime:0.000013s ]
INFO: [ app_init ] --END-- [ RunTime:0.000314s ]

[ 2016-12-04T15:58:47+08:00 ] ::1 /PersonalTailor/index.php/ManufactorAdmin/Product/dist/img/user4-128x128.jpg
INFO: [ app_init ] --START--
INFO: Run Behavior\BuildLiteBehavior [ RunTime:0.000013s ]
INFO: [ app_init ] --END-- [ RunTime:0.000357s ]

[ 2016-12-04T15:58:47+08:00 ] ::1 /PersonalTailor/index.php/ManufactorAdmin/Product/dist/img/user3-128x128.jpg
INFO: [ app_init ] --START--
INFO: Run Behavior\BuildLiteBehavior [ RunTime:0.000012s ]
INFO: [ app_init ] --END-- [ RunTime:0.000374s ]

[ 2016-12-04T15:58:47+08:00 ] ::1 /PersonalTailor/index.php/ManufactorAdmin/Product/dist/img/user2-160x160.jpg
INFO: [ app_init ] --START--
INFO: Run Behavior\BuildLiteBehavior [ RunTime:0.000012s ]
INFO: [ app_init ] --END-- [ RunTime:0.000299s ]

[ 2016-12-04T15:59:09+08:00 ] ::1 /PersonalTailor/index.php/ManufactorAdmin/Activity/dist/img/user2-160x160.jpg
INFO: [ app_init ] --START--
INFO: Run Behavior\BuildLiteBehavior [ RunTime:0.000007s ]
INFO: [ app_init ] --END-- [ RunTime:0.000218s ]

[ 2016-12-04T15:59:09+08:00 ] ::1 /PersonalTailor/index.php/ManufactorAdmin/Activity/dist/img/user3-128x128.jpg
INFO: [ app_init ] --START--
INFO: Run Behavior\BuildLiteBehavior [ RunTime:0.000008s ]
INFO: [ app_init ] --END-- [ RunTime:0.000304s ]

[ 2016-12-04T15:59:09+08:00 ] ::1 /PersonalTailor/index.php/ManufactorAdmin/Activity/dist/img/user4-128x128.jpg
INFO: [ app_init ] --START--
INFO: Run Behavior\BuildLiteBehavior [ RunTime:0.000008s ]
INFO: [ app_init ] --END-- [ RunTime:0.000200s ]

[ 2016-12-04T15:59:09+08:00 ] ::1 /PersonalTailor/index.php/ManufactorAdmin/Activity/dist/img/user4-128x128.jpg
INFO: [ app_init ] --START--
INFO: Run Behavior\BuildLiteBehavior [ RunTime:0.000007s ]
INFO: [ app_init ] --END-- [ RunTime:0.000214s ]

[ 2016-12-04T15:59:09+08:00 ] ::1 /PersonalTailor/index.php/ManufactorAdmin/Activity/dist/img/user3-128x128.jpg
INFO: [ app_init ] --START--
INFO: Run Behavior\BuildLiteBehavior [ RunTime:0.000008s ]
INFO: [ app_init ] --END-- [ RunTime:0.000224s ]

[ 2016-12-04T15:59:09+08:00 ] ::1 /PersonalTailor/index.php/ManufactorAdmin/Activity/dist/img/user2-160x160.jpg
INFO: [ app_init ] --START--
INFO: Run Behavior\BuildLiteBehavior [ RunTime:0.000012s ]
INFO: [ app_init ] --END-- [ RunTime:0.000307s ]

[ 2016-12-04T15:59:11+08:00 ] ::1 /PersonalTailor/index.php/ManufactorAdmin/Activity/dist/img/user3-128x128.jpg
INFO: [ app_init ] --START--
INFO: Run Behavior\BuildLiteBehavior [ RunTime:0.000009s ]
INFO: [ app_init ] --END-- [ RunTime:0.000223s ]

[ 2016-12-04T15:59:11+08:00 ] ::1 /PersonalTailor/index.php/ManufactorAdmin/Activity/dist/img/user2-160x160.jpg
INFO: [ app_init ] --START--
INFO: Run Behavior\BuildLiteBehavior [ RunTime:0.000010s ]
INFO: [ app_init ] --END-- [ RunTime:0.000238s ]

[ 2016-12-04T15:59:11+08:00 ] ::1 /PersonalTailor/index.php/ManufactorAdmin/Activity/dist/img/user4-128x128.jpg
INFO: [ app_init ] --START--
INFO: Run Behavior\BuildLiteBehavior [ RunTime:0.000008s ]
INFO: [ app_init ] --END-- [ RunTime:0.000208s ]

[ 2016-12-04T15:59:13+08:00 ] ::1 /PersonalTailor/index.php/ManufactorAdmin/Activity/dist/img/user2-160x160.jpg
INFO: [ app_init ] --START--
INFO: Run Behavior\BuildLiteBehavior [ RunTime:0.000008s ]
INFO: [ app_init ] --END-- [ RunTime:0.000228s ]

[ 2016-12-04T15:59:13+08:00 ] ::1 /PersonalTailor/index.php/ManufactorAdmin/Activity/dist/img/user3-128x128.jpg
INFO: [ app_init ] --START--
INFO: Run Behavior\BuildLiteBehavior [ RunTime:0.000007s ]
INFO: [ app_init ] --END-- [ RunTime:0.000238s ]

[ 2016-12-04T15:59:13+08:00 ] ::1 /PersonalTailor/index.php/ManufactorAdmin/Activity/dist/img/user4-128x128.jpg
INFO: [ app_init ] --START--
INFO: Run Behavior\BuildLiteBehavior [ RunTime:0.000011s ]
INFO: [ app_init ] --END-- [ RunTime:0.000300s ]

[ 2016-12-04T15:59:14+08:00 ] ::1 /PersonalTailor/index.php/ManufactorAdmin/Activity/dist/img/user2-160x160.jpg
INFO: [ app_init ] --START--
INFO: Run Behavior\BuildLiteBehavior [ RunTime:0.000008s ]
INFO: [ app_init ] --END-- [ RunTime:0.000206s ]

[ 2016-12-04T15:59:14+08:00 ] ::1 /PersonalTailor/index.php/ManufactorAdmin/Activity/dist/img/user3-128x128.jpg
INFO: [ app_init ] --START--
INFO: Run Behavior\BuildLiteBehavior [ RunTime:0.000012s ]
INFO: [ app_init ] --END-- [ RunTime:0.000296s ]

[ 2016-12-04T15:59:14+08:00 ] ::1 /PersonalTailor/index.php/ManufactorAdmin/Activity/dist/img/user4-128x128.jpg
INFO: [ app_init ] --START--
INFO: Run Behavior\BuildLiteBehavior [ RunTime:0.000008s ]
INFO: [ app_init ] --END-- [ RunTime:0.000203s ]

[ 2016-12-04T16:00:38+08:00 ] ::1 /PersonalTailor/index.php/ManufactorAdmin/Activity/dist/img/user2-160x160.jpg
INFO: [ app_init ] --START--
INFO: Run Behavior\BuildLiteBehavior [ RunTime:0.000008s ]
INFO: [ app_init ] --END-- [ RunTime:0.000218s ]

[ 2016-12-04T16:00:38+08:00 ] ::1 /PersonalTailor/index.php/ManufactorAdmin/Activity/dist/img/user3-128x128.jpg
INFO: [ app_init ] --START--
INFO: Run Behavior\BuildLiteBehavior [ RunTime:0.000008s ]
INFO: [ app_init ] --END-- [ RunTime:0.000238s ]

[ 2016-12-04T16:00:38+08:00 ] ::1 /PersonalTailor/index.php/ManufactorAdmin/Activity/dist/img/user4-128x128.jpg
INFO: [ app_init ] --START--
INFO: Run Behavior\BuildLiteBehavior [ RunTime:0.000008s ]
INFO: [ app_init ] --END-- [ RunTime:0.000219s ]

[ 2016-12-04T16:01:50+08:00 ] ::1 /PersonalTailor/index.php/ManufactorAdmin/Activity/dist/img/user2-160x160.jpg
INFO: [ app_init ] --START--
INFO: Run Behavior\BuildLiteBehavior [ RunTime:0.000009s ]
INFO: [ app_init ] --END-- [ RunTime:0.000237s ]

[ 2016-12-04T16:01:50+08:00 ] ::1 /PersonalTailor/index.php/ManufactorAdmin/Activity/dist/img/user3-128x128.jpg
INFO: [ app_init ] --START--
INFO: Run Behavior\BuildLiteBehavior [ RunTime:0.000013s ]
INFO: [ app_init ] --END-- [ RunTime:0.000297s ]

[ 2016-12-04T16:01:50+08:00 ] ::1 /PersonalTailor/index.php/ManufactorAdmin/Activity/dist/img/user4-128x128.jpg
INFO: [ app_init ] --START--
INFO: Run Behavior\BuildLiteBehavior [ RunTime:0.000009s ]
INFO: [ app_init ] --END-- [ RunTime:0.000214s ]

[ 2016-12-04T16:01:52+08:00 ] ::1 /PersonalTailor/index.php/ManufactorAdmin/Activity/dist/img/user2-160x160.jpg
INFO: [ app_init ] --START--
INFO: Run Behavior\BuildLiteBehavior [ RunTime:0.000009s ]
INFO: [ app_init ] --END-- [ RunTime:0.000220s ]

[ 2016-12-04T16:01:52+08:00 ] ::1 /PersonalTailor/index.php/ManufactorAdmin/Activity/dist/img/user3-128x128.jpg
INFO: [ app_init ] --START--
INFO: Run Behavior\BuildLiteBehavior [ RunTime:0.000008s ]
INFO: [ app_init ] --END-- [ RunTime:0.000205s ]

[ 2016-12-04T16:01:52+08:00 ] ::1 /PersonalTailor/index.php/ManufactorAdmin/Activity/dist/img/user4-128x128.jpg
INFO: [ app_init ] --START--
INFO: Run Behavior\BuildLiteBehavior [ RunTime:0.000012s ]
INFO: [ app_init ] --END-- [ RunTime:0.000349s ]

[ 2016-12-04T16:08:44+08:00 ] ::1 /PersonalTailor/index.php/ManufactorAdmin/Activity/dist/img/user2-160x160.jpg
INFO: [ app_init ] --START--
INFO: Run Behavior\BuildLiteBehavior [ RunTime:0.000022s ]
INFO: [ app_init ] --END-- [ RunTime:0.000639s ]

[ 2016-12-04T16:08:44+08:00 ] ::1 /PersonalTailor/index.php/ManufactorAdmin/Activity/dist/img/user4-128x128.jpg
INFO: [ app_init ] --START--
INFO: Run Behavior\BuildLiteBehavior [ RunTime:0.000016s ]
INFO: [ app_init ] --END-- [ RunTime:0.000508s ]

[ 2016-12-04T16:08:44+08:00 ] ::1 /PersonalTailor/index.php/ManufactorAdmin/Activity/dist/img/user3-128x128.jpg
INFO: [ app_init ] --START--
INFO: Run Behavior\BuildLiteBehavior [ RunTime:0.000015s ]
INFO: [ app_init ] --END-- [ RunTime:0.000477s ]

[ 2016-12-04T16:13:40+08:00 ] ::1 /PersonalTailor/index.php/ManufactorAdmin/Activity/dist/img/user2-160x160.jpg
INFO: [ app_init ] --START--
INFO: Run Behavior\BuildLiteBehavior [ RunTime:0.000012s ]
INFO: [ app_init ] --END-- [ RunTime:0.000294s ]

[ 2016-12-04T16:13:40+08:00 ] ::1 /PersonalTailor/index.php/ManufactorAdmin/Activity/dist/img/user3-128x128.jpg
INFO: [ app_init ] --START--
INFO: Run Behavior\BuildLiteBehavior [ RunTime:0.000009s ]
INFO: [ app_init ] --END-- [ RunTime:0.000273s ]

[ 2016-12-04T16:13:40+08:00 ] ::1 /PersonalTailor/index.php/ManufactorAdmin/Activity/dist/img/user4-128x128.jpg
INFO: [ app_init ] --START--
INFO: Run Behavior\BuildLiteBehavior [ RunTime:0.000009s ]
INFO: [ app_init ] --END-- [ RunTime:0.000281s ]

[ 2016-12-04T16:13:45+08:00 ] ::1 /PersonalTailor/index.php/ManufactorAdmin/Product/dist/img/user3-128x128.jpg
INFO: [ app_init ] --START--
INFO: Run Behavior\BuildLiteBehavior [ RunTime:0.000013s ]
INFO: [ app_init ] --END-- [ RunTime:0.000352s ]

[ 2016-12-04T16:13:45+08:00 ] ::1 /PersonalTailor/index.php/ManufactorAdmin/Product/dist/img/user4-128x128.jpg
INFO: [ app_init ] --START--
INFO: Run Behavior\BuildLiteBehavior [ RunTime:0.000011s ]
INFO: [ app_init ] --END-- [ RunTime:0.000317s ]

[ 2016-12-04T16:13:45+08:00 ] ::1 /PersonalTailor/index.php/ManufactorAdmin/Product/dist/img/user2-160x160.jpg
INFO: [ app_init ] --START--
INFO: Run Behavior\BuildLiteBehavior [ RunTime:0.000013s ]
INFO: [ app_init ] --END-- [ RunTime:0.000333s ]

[ 2016-12-04T16:13:48+08:00 ] ::1 /PersonalTailor/index.php/ManufactorAdmin/Activity/dist/img/user4-128x128.jpg
INFO: [ app_init ] --START--
INFO: Run Behavior\BuildLiteBehavior [ RunTime:0.000014s ]
INFO: [ app_init ] --END-- [ RunTime:0.000316s ]

[ 2016-12-04T16:13:48+08:00 ] ::1 /PersonalTailor/index.php/ManufactorAdmin/Activity/dist/img/user3-128x128.jpg
INFO: [ app_init ] --START--
INFO: Run Behavior\BuildLiteBehavior [ RunTime:0.000013s ]
INFO: [ app_init ] --END-- [ RunTime:0.000323s ]

[ 2016-12-04T16:13:48+08:00 ] ::1 /PersonalTailor/index.php/ManufactorAdmin/Activity/dist/img/user2-160x160.jpg
INFO: [ app_init ] --START--
INFO: Run Behavior\BuildLiteBehavior [ RunTime:0.000009s ]
INFO: [ app_init ] --END-- [ RunTime:0.000315s ]

[ 2016-12-04T16:14:52+08:00 ] ::1 /PersonalTailor/index.php/ManufactorAdmin/Activity/dist/img/user3-128x128.jpg
INFO: [ app_init ] --START--
INFO: Run Behavior\BuildLiteBehavior [ RunTime:0.000013s ]
INFO: [ app_init ] --END-- [ RunTime:0.000358s ]

[ 2016-12-04T16:14:52+08:00 ] ::1 /PersonalTailor/index.php/ManufactorAdmin/Activity/dist/img/user2-160x160.jpg
INFO: [ app_init ] --START--
INFO: Run Behavior\BuildLiteBehavior [ RunTime:0.000012s ]
INFO: [ app_init ] --END-- [ RunTime:0.000307s ]

[ 2016-12-04T16:14:52+08:00 ] ::1 /PersonalTailor/index.php/ManufactorAdmin/Activity/dist/img/user4-128x128.jpg
INFO: [ app_init ] --START--
INFO: Run Behavior\BuildLiteBehavior [ RunTime:0.000010s ]
INFO: [ app_init ] --END-- [ RunTime:0.000307s ]

[ 2016-12-04T16:15:28+08:00 ] ::1 /PersonalTailor/index.php/ManufactorAdmin/Activity/dist/img/user2-160x160.jpg
INFO: [ app_init ] --START--
INFO: Run Behavior\BuildLiteBehavior [ RunTime:0.000013s ]
INFO: [ app_init ] --END-- [ RunTime:0.000312s ]

[ 2016-12-04T16:15:28+08:00 ] ::1 /PersonalTailor/index.php/ManufactorAdmin/Activity/dist/img/user3-128x128.jpg
INFO: [ app_init ] --START--
INFO: Run Behavior\BuildLiteBehavior [ RunTime:0.000010s ]
INFO: [ app_init ] --END-- [ RunTime:0.000304s ]

[ 2016-12-04T16:15:28+08:00 ] ::1 /PersonalTailor/index.php/ManufactorAdmin/Activity/dist/img/user4-128x128.jpg
INFO: [ app_init ] --START--
INFO: Run Behavior\BuildLiteBehavior [ RunTime:0.000012s ]
INFO: [ app_init ] --END-- [ RunTime:0.000405s ]

[ 2016-12-04T16:16:06+08:00 ] ::1 /PersonalTailor/index.php/ManufactorAdmin/Activity/dist/img/user2-160x160.jpg
INFO: [ app_init ] --START--
INFO: Run Behavior\BuildLiteBehavior [ RunTime:0.000009s ]
INFO: [ app_init ] --END-- [ RunTime:0.000218s ]

[ 2016-12-04T16:16:06+08:00 ] ::1 /PersonalTailor/index.php/ManufactorAdmin/Activity/dist/img/user4-128x128.jpg
INFO: [ app_init ] --START--
INFO: Run Behavior\BuildLiteBehavior [ RunTime:0.000011s ]
INFO: [ app_init ] --END-- [ RunTime:0.000261s ]

[ 2016-12-04T16:16:06+08:00 ] ::1 /PersonalTailor/index.php/ManufactorAdmin/Activity/dist/img/user3-128x128.jpg
INFO: [ app_init ] --START--
INFO: Run Behavior\BuildLiteBehavior [ RunTime:0.000022s ]
INFO: [ app_init ] --END-- [ RunTime:0.000262s ]

[ 2016-12-04T16:16:08+08:00 ] ::1 /PersonalTailor/index.php/ManufactorAdmin/Activity/dist/img/user2-160x160.jpg
INFO: [ app_init ] --START--
INFO: Run Behavior\BuildLiteBehavior [ RunTime:0.000008s ]
INFO: [ app_init ] --END-- [ RunTime:0.000203s ]

[ 2016-12-04T16:16:08+08:00 ] ::1 /PersonalTailor/index.php/ManufactorAdmin/Activity/dist/img/user3-128x128.jpg
INFO: [ app_init ] --START--
INFO: Run Behavior\BuildLiteBehavior [ RunTime:0.000008s ]
INFO: [ app_init ] --END-- [ RunTime:0.000209s ]

[ 2016-12-04T16:16:08+08:00 ] ::1 /PersonalTailor/index.php/ManufactorAdmin/Activity/dist/img/user4-128x128.jpg
INFO: [ app_init ] --START--
INFO: Run Behavior\BuildLiteBehavior [ RunTime:0.000012s ]
INFO: [ app_init ] --END-- [ RunTime:0.000354s ]

[ 2016-12-04T16:17:53+08:00 ] ::1 /PersonalTailor/index.php/ManufactorAdmin/Activity/dist/img/user2-160x160.jpg
INFO: [ app_init ] --START--
INFO: Run Behavior\BuildLiteBehavior [ RunTime:0.000018s ]
INFO: [ app_init ] --END-- [ RunTime:0.000269s ]

[ 2016-12-04T16:17:53+08:00 ] ::1 /PersonalTailor/index.php/ManufactorAdmin/Activity/dist/img/user3-128x128.jpg
INFO: [ app_init ] --START--
INFO: Run Behavior\BuildLiteBehavior [ RunTime:0.000009s ]
INFO: [ app_init ] --END-- [ RunTime:0.000235s ]

[ 2016-12-04T16:17:53+08:00 ] ::1 /PersonalTailor/index.php/ManufactorAdmin/Activity/dist/img/user4-128x128.jpg
INFO: [ app_init ] --START--
INFO: Run Behavior\BuildLiteBehavior [ RunTime:0.000011s ]
INFO: [ app_init ] --END-- [ RunTime:0.000303s ]

[ 2016-12-04T16:18:35+08:00 ] ::1 /PersonalTailor/index.php/ManufactorAdmin/Activity/dist/img/user2-160x160.jpg
INFO: [ app_init ] --START--
INFO: Run Behavior\BuildLiteBehavior [ RunTime:0.000010s ]
INFO: [ app_init ] --END-- [ RunTime:0.000253s ]

[ 2016-12-04T16:18:35+08:00 ] ::1 /PersonalTailor/index.php/ManufactorAdmin/Activity/dist/img/user4-128x128.jpg
INFO: [ app_init ] --START--
INFO: Run Behavior\BuildLiteBehavior [ RunTime:0.000019s ]
INFO: [ app_init ] --END-- [ RunTime:0.000291s ]

[ 2016-12-04T16:18:35+08:00 ] ::1 /PersonalTailor/index.php/ManufactorAdmin/Activity/dist/img/user3-128x128.jpg
INFO: [ app_init ] --START--
INFO: Run Behavior\BuildLiteBehavior [ RunTime:0.000021s ]
INFO: [ app_init ] --END-- [ RunTime:0.000428s ]

[ 2016-12-04T16:20:04+08:00 ] ::1 /PersonalTailor/index.php/ManufactorAdmin/Activity/dist/img/user2-160x160.jpg
INFO: [ app_init ] --START--
INFO: Run Behavior\BuildLiteBehavior [ RunTime:0.000008s ]
INFO: [ app_init ] --END-- [ RunTime:0.000201s ]

[ 2016-12-04T16:20:04+08:00 ] ::1 /PersonalTailor/index.php/ManufactorAdmin/Activity/dist/img/user3-128x128.jpg
INFO: [ app_init ] --START--
INFO: Run Behavior\BuildLiteBehavior [ RunTime:0.000008s ]
INFO: [ app_init ] --END-- [ RunTime:0.000242s ]

[ 2016-12-04T16:20:04+08:00 ] ::1 /PersonalTailor/index.php/ManufactorAdmin/Activity/dist/img/user4-128x128.jpg
INFO: [ app_init ] --START--
INFO: Run Behavior\BuildLiteBehavior [ RunTime:0.000009s ]
INFO: [ app_init ] --END-- [ RunTime:0.000223s ]

[ 2016-12-04T16:20:26+08:00 ] ::1 /PersonalTailor/index.php/ManufactorAdmin/Activity/dist/img/user2-160x160.jpg
INFO: [ app_init ] --START--
INFO: Run Behavior\BuildLiteBehavior [ RunTime:0.000009s ]
INFO: [ app_init ] --END-- [ RunTime:0.000223s ]

[ 2016-12-04T16:20:26+08:00 ] ::1 /PersonalTailor/index.php/ManufactorAdmin/Activity/dist/img/user4-128x128.jpg
INFO: [ app_init ] --START--
INFO: Run Behavior\BuildLiteBehavior [ RunTime:0.000009s ]
INFO: [ app_init ] --END-- [ RunTime:0.000210s ]

[ 2016-12-04T16:20:26+08:00 ] ::1 /PersonalTailor/index.php/ManufactorAdmin/Activity/dist/img/user3-128x128.jpg
INFO: [ app_init ] --START--
INFO: Run Behavior\BuildLiteBehavior [ RunTime:0.000007s ]
INFO: [ app_init ] --END-- [ RunTime:0.000201s ]

[ 2016-12-04T16:21:46+08:00 ] ::1 /PersonalTailor/index.php/ManufactorAdmin/Activity/dist/img/user2-160x160.jpg
INFO: [ app_init ] --START--
INFO: Run Behavior\BuildLiteBehavior [ RunTime:0.000009s ]
INFO: [ app_init ] --END-- [ RunTime:0.000299s ]

[ 2016-12-04T16:21:46+08:00 ] ::1 /PersonalTailor/index.php/ManufactorAdmin/Activity/dist/img/user3-128x128.jpg
INFO: [ app_init ] --START--
INFO: Run Behavior\BuildLiteBehavior [ RunTime:0.000008s ]
INFO: [ app_init ] --END-- [ RunTime:0.000224s ]

[ 2016-12-04T16:21:46+08:00 ] ::1 /PersonalTailor/index.php/ManufactorAdmin/Activity/dist/img/user4-128x128.jpg
INFO: [ app_init ] --START--
INFO: Run Behavior\BuildLiteBehavior [ RunTime:0.000009s ]
INFO: [ app_init ] --END-- [ RunTime:0.000270s ]

[ 2016-12-04T16:23:29+08:00 ] ::1 /PersonalTailor/index.php/ManufactorAdmin/Activity/dist/img/user2-160x160.jpg
INFO: [ app_init ] --START--
INFO: Run Behavior\BuildLiteBehavior [ RunTime:0.000007s ]
INFO: [ app_init ] --END-- [ RunTime:0.000215s ]

[ 2016-12-04T16:23:29+08:00 ] ::1 /PersonalTailor/index.php/ManufactorAdmin/Activity/dist/img/user3-128x128.jpg
INFO: [ app_init ] --START--
INFO: Run Behavior\BuildLiteBehavior [ RunTime:0.000022s ]
INFO: [ app_init ] --END-- [ RunTime:0.000335s ]

[ 2016-12-04T16:23:29+08:00 ] ::1 /PersonalTailor/index.php/ManufactorAdmin/Activity/dist/img/user4-128x128.jpg
INFO: [ app_init ] --START--
INFO: Run Behavior\BuildLiteBehavior [ RunTime:0.000016s ]
INFO: [ app_init ] --END-- [ RunTime:0.000410s ]

[ 2016-12-04T16:26:15+08:00 ] ::1 /PersonalTailor/index.php/ManufactorAdmin/Activity/dist/img/user2-160x160.jpg
INFO: [ app_init ] --START--
INFO: Run Behavior\BuildLiteBehavior [ RunTime:0.000013s ]
INFO: [ app_init ] --END-- [ RunTime:0.000314s ]

[ 2016-12-04T16:26:15+08:00 ] ::1 /PersonalTailor/index.php/ManufactorAdmin/Activity/dist/img/user4-128x128.jpg
INFO: [ app_init ] --START--
INFO: Run Behavior\BuildLiteBehavior [ RunTime:0.000008s ]
INFO: [ app_init ] --END-- [ RunTime:0.000248s ]

[ 2016-12-04T16:26:15+08:00 ] ::1 /PersonalTailor/index.php/ManufactorAdmin/Activity/dist/img/user3-128x128.jpg
INFO: [ app_init ] --START--
INFO: Run Behavior\BuildLiteBehavior [ RunTime:0.000011s ]
INFO: [ app_init ] --END-- [ RunTime:0.000344s ]

[ 2016-12-04T16:26:37+08:00 ] ::1 /PersonalTailor/index.php/ManufactorAdmin/Product/dist/img/user2-160x160.jpg
INFO: [ app_init ] --START--
INFO: Run Behavior\BuildLiteBehavior [ RunTime:0.000008s ]
INFO: [ app_init ] --END-- [ RunTime:0.000216s ]

[ 2016-12-04T16:26:37+08:00 ] ::1 /PersonalTailor/index.php/ManufactorAdmin/Product/dist/img/user4-128x128.jpg
INFO: [ app_init ] --START--
INFO: Run Behavior\BuildLiteBehavior [ RunTime:0.000012s ]
INFO: [ app_init ] --END-- [ RunTime:0.000322s ]

[ 2016-12-04T16:26:37+08:00 ] ::1 /PersonalTailor/index.php/ManufactorAdmin/Product/dist/img/user3-128x128.jpg
INFO: [ app_init ] --START--
INFO: Run Behavior\BuildLiteBehavior [ RunTime:0.000007s ]
INFO: [ app_init ] --END-- [ RunTime:0.000222s ]

[ 2016-12-04T16:26:38+08:00 ] ::1 /PersonalTailor/index.php/ManufactorAdmin/Product/dist/img/user2-160x160.jpg
INFO: [ app_init ] --START--
INFO: Run Behavior\BuildLiteBehavior [ RunTime:0.000009s ]
INFO: [ app_init ] --END-- [ RunTime:0.000235s ]

[ 2016-12-04T16:26:38+08:00 ] ::1 /PersonalTailor/index.php/ManufactorAdmin/Product/dist/img/user4-128x128.jpg
INFO: [ app_init ] --START--
INFO: Run Behavior\BuildLiteBehavior [ RunTime:0.000008s ]
INFO: [ app_init ] --END-- [ RunTime:0.000249s ]

[ 2016-12-04T16:26:38+08:00 ] ::1 /PersonalTailor/index.php/ManufactorAdmin/Product/dist/img/user3-128x128.jpg
INFO: [ app_init ] --START--
INFO: Run Behavior\BuildLiteBehavior [ RunTime:0.000010s ]
INFO: [ app_init ] --END-- [ RunTime:0.000307s ]

[ 2016-12-04T16:29:37+08:00 ] ::1 /PersonalTailor/index.php/ManufactorAdmin/Activity/dist/img/user2-160x160.jpg
INFO: [ app_init ] --START--
INFO: Run Behavior\BuildLiteBehavior [ RunTime:0.000012s ]
INFO: [ app_init ] --END-- [ RunTime:0.000248s ]

[ 2016-12-04T16:29:37+08:00 ] ::1 /PersonalTailor/index.php/ManufactorAdmin/Activity/dist/img/user4-128x128.jpg
INFO: [ app_init ] --START--
INFO: Run Behavior\BuildLiteBehavior [ RunTime:0.000009s ]
INFO: [ app_init ] --END-- [ RunTime:0.000264s ]

[ 2016-12-04T16:29:37+08:00 ] ::1 /PersonalTailor/index.php/ManufactorAdmin/Activity/dist/img/user3-128x128.jpg
INFO: [ app_init ] --START--
INFO: Run Behavior\BuildLiteBehavior [ RunTime:0.000009s ]
INFO: [ app_init ] --END-- [ RunTime:0.000250s ]

[ 2016-12-04T16:42:28+08:00 ] ::1 /PersonalTailor/index.php/ManufactorAdmin/Activity/dist/img/user2-160x160.jpg
INFO: [ app_init ] --START--
INFO: Run Behavior\BuildLiteBehavior [ RunTime:0.000012s ]
INFO: [ app_init ] --END-- [ RunTime:0.000236s ]

[ 2016-12-04T16:42:28+08:00 ] ::1 /PersonalTailor/index.php/ManufactorAdmin/Activity/dist/img/user3-128x128.jpg
INFO: [ app_init ] --START--
INFO: Run Behavior\BuildLiteBehavior [ RunTime:0.000008s ]
INFO: [ app_init ] --END-- [ RunTime:0.000261s ]

[ 2016-12-04T16:42:28+08:00 ] ::1 /PersonalTailor/index.php/ManufactorAdmin/Activity/dist/img/user4-128x128.jpg
INFO: [ app_init ] --START--
INFO: Run Behavior\BuildLiteBehavior [ RunTime:0.000032s ]
INFO: [ app_init ] --END-- [ RunTime:0.000481s ]

[ 2016-12-04T16:43:55+08:00 ] ::1 /PersonalTailor/index.php/ManufactorAdmin/Index/dist/img/user2-160x160.jpg
INFO: [ app_init ] --START--
INFO: Run Behavior\BuildLiteBehavior [ RunTime:0.000015s ]
INFO: [ app_init ] --END-- [ RunTime:0.000357s ]

[ 2016-12-04T16:45:21+08:00 ] ::1 /PersonalTailor/dist/img/user2-160x160.jpg
INFO: [ app_init ] --START--
INFO: Run Behavior\BuildLiteBehavior [ RunTime:0.000011s ]
INFO: [ app_init ] --END-- [ RunTime:0.000299s ]

[ 2016-12-04T16:45:21+08:00 ] ::1 /PersonalTailor/dist/img/user3-128x128.jpg
INFO: [ app_init ] --START--
INFO: Run Behavior\BuildLiteBehavior [ RunTime:0.000012s ]
INFO: [ app_init ] --END-- [ RunTime:0.000290s ]

[ 2016-12-04T16:45:21+08:00 ] ::1 /PersonalTailor/dist/img/user4-128x128.jpg
INFO: [ app_init ] --START--
INFO: Run Behavior\BuildLiteBehavior [ RunTime:0.000016s ]
INFO: [ app_init ] --END-- [ RunTime:0.000422s ]

[ 2016-12-04T16:46:11+08:00 ] ::1 /PersonalTailor/index.php/ManufactorAdmin/AccountManager/dist/img/user2-160x160.jpg
INFO: [ app_init ] --START--
INFO: Run Behavior\BuildLiteBehavior [ RunTime:0.000009s ]
INFO: [ app_init ] --END-- [ RunTime:0.000221s ]

[ 2016-12-04T16:46:11+08:00 ] ::1 /PersonalTailor/index.php/ManufactorAdmin/AccountManager/dist/img/user3-128x128.jpg
INFO: [ app_init ] --START--
INFO: Run Behavior\BuildLiteBehavior [ RunTime:0.000010s ]
INFO: [ app_init ] --END-- [ RunTime:0.000265s ]

[ 2016-12-04T16:46:11+08:00 ] ::1 /PersonalTailor/index.php/ManufactorAdmin/AccountManager/dist/img/user4-128x128.jpg
INFO: [ app_init ] --START--
INFO: Run Behavior\BuildLiteBehavior [ RunTime:0.000011s ]
INFO: [ app_init ] --END-- [ RunTime:0.000311s ]

[ 2016-12-04T16:46:13+08:00 ] ::1 /PersonalTailor/index.php/ManufactorAdmin/AccountManager/dist/img/user2-160x160.jpg
INFO: [ app_init ] --START--
INFO: Run Behavior\BuildLiteBehavior [ RunTime:0.000014s ]
INFO: [ app_init ] --END-- [ RunTime:0.000273s ]

[ 2016-12-04T16:46:13+08:00 ] ::1 /PersonalTailor/index.php/ManufactorAdmin/AccountManager/dist/img/user4-128x128.jpg
INFO: [ app_init ] --START--
INFO: Run Behavior\BuildLiteBehavior [ RunTime:0.000015s ]
INFO: [ app_init ] --END-- [ RunTime:0.000358s ]

[ 2016-12-04T16:46:13+08:00 ] ::1 /PersonalTailor/index.php/ManufactorAdmin/AccountManager/dist/img/user3-128x128.jpg
INFO: [ app_init ] --START--
INFO: Run Behavior\BuildLiteBehavior [ RunTime:0.000012s ]
INFO: [ app_init ] --END-- [ RunTime:0.000332s ]

[ 2016-12-04T16:46:21+08:00 ] ::1 /PersonalTailor/index.php/ManufactorAdmin/Activity/dist/img/user2-160x160.jpg
INFO: [ app_init ] --START--
INFO: Run Behavior\BuildLiteBehavior [ RunTime:0.000048s ]
INFO: [ app_init ] --END-- [ RunTime:0.000599s ]

[ 2016-12-04T16:46:21+08:00 ] ::1 /PersonalTailor/index.php/ManufactorAdmin/Activity/dist/img/user3-128x128.jpg
INFO: [ app_init ] --START--
INFO: Run Behavior\BuildLiteBehavior [ RunTime:0.000013s ]
INFO: [ app_init ] --END-- [ RunTime:0.000315s ]

[ 2016-12-04T16:46:21+08:00 ] ::1 /PersonalTailor/index.php/ManufactorAdmin/Activity/dist/img/user4-128x128.jpg
INFO: [ app_init ] --START--
INFO: Run Behavior\BuildLiteBehavior [ RunTime:0.000025s ]
INFO: [ app_init ] --END-- [ RunTime:0.000361s ]

[ 2016-12-04T16:46:23+08:00 ] ::1 /PersonalTailor/index.php/ManufactorAdmin/Activity/dist/img/user3-128x128.jpg
INFO: [ app_init ] --START--
INFO: Run Behavior\BuildLiteBehavior [ RunTime:0.000008s ]
INFO: [ app_init ] --END-- [ RunTime:0.000233s ]

[ 2016-12-04T16:46:23+08:00 ] ::1 /PersonalTailor/index.php/ManufactorAdmin/Activity/dist/img/user2-160x160.jpg
INFO: [ app_init ] --START--
INFO: Run Behavior\BuildLiteBehavior [ RunTime:0.000012s ]
INFO: [ app_init ] --END-- [ RunTime:0.000320s ]

[ 2016-12-04T16:46:23+08:00 ] ::1 /PersonalTailor/index.php/ManufactorAdmin/Activity/dist/img/user4-128x128.jpg
INFO: [ app_init ] --START--
INFO: Run Behavior\BuildLiteBehavior [ RunTime:0.000010s ]
INFO: [ app_init ] --END-- [ RunTime:0.000226s ]

[ 2016-12-04T16:46:35+08:00 ] ::1 /PersonalTailor/index.php/ManufactorAdmin/Activity/dist/img/user2-160x160.jpg
INFO: [ app_init ] --START--
INFO: Run Behavior\BuildLiteBehavior [ RunTime:0.000019s ]
INFO: [ app_init ] --END-- [ RunTime:0.000306s ]

[ 2016-12-04T16:46:35+08:00 ] ::1 /PersonalTailor/index.php/ManufactorAdmin/Activity/dist/img/user4-128x128.jpg
INFO: [ app_init ] --START--
INFO: Run Behavior\BuildLiteBehavior [ RunTime:0.000009s ]
INFO: [ app_init ] --END-- [ RunTime:0.000356s ]

[ 2016-12-04T16:46:35+08:00 ] ::1 /PersonalTailor/index.php/ManufactorAdmin/Activity/dist/img/user3-128x128.jpg
INFO: [ app_init ] --START--
INFO: Run Behavior\BuildLiteBehavior [ RunTime:0.000018s ]
INFO: [ app_init ] --END-- [ RunTime:0.000380s ]

[ 2016-12-04T16:55:17+08:00 ] ::1 /PersonalTailor/index.php/ManufactorAdmin/Product/dist/img/user4-128x128.jpg
INFO: [ app_init ] --START--
INFO: Run Behavior\BuildLiteBehavior [ RunTime:0.000008s ]
INFO: [ app_init ] --END-- [ RunTime:0.000239s ]

[ 2016-12-04T16:55:17+08:00 ] ::1 /PersonalTailor/index.php/ManufactorAdmin/Product/dist/img/user2-160x160.jpg
INFO: [ app_init ] --START--
INFO: Run Behavior\BuildLiteBehavior [ RunTime:0.000013s ]
INFO: [ app_init ] --END-- [ RunTime:0.000344s ]

[ 2016-12-04T16:55:17+08:00 ] ::1 /PersonalTailor/index.php/ManufactorAdmin/Product/dist/img/user3-128x128.jpg
INFO: [ app_init ] --START--
INFO: Run Behavior\BuildLiteBehavior [ RunTime:0.000021s ]
INFO: [ app_init ] --END-- [ RunTime:0.000373s ]

[ 2016-12-04T16:55:19+08:00 ] ::1 /PersonalTailor/index.php/ManufactorAdmin/Product/dist/img/user4-128x128.jpg
INFO: [ app_init ] --START--
INFO: Run Behavior\BuildLiteBehavior [ RunTime:0.000008s ]
INFO: [ app_init ] --END-- [ RunTime:0.000211s ]

[ 2016-12-04T16:55:19+08:00 ] ::1 /PersonalTailor/index.php/ManufactorAdmin/Product/dist/img/user3-128x128.jpg
INFO: [ app_init ] --START--
INFO: Run Behavior\BuildLiteBehavior [ RunTime:0.000012s ]
INFO: [ app_init ] --END-- [ RunTime:0.000301s ]

[ 2016-12-04T16:55:19+08:00 ] ::1 /PersonalTailor/index.php/ManufactorAdmin/Product/dist/img/user2-160x160.jpg
INFO: [ app_init ] --START--
INFO: Run Behavior\BuildLiteBehavior [ RunTime:0.000018s ]
INFO: [ app_init ] --END-- [ RunTime:0.000272s ]

[ 2016-12-04T16:55:27+08:00 ] ::1 /PersonalTailor/index.php/ManufactorAdmin/Product/dist/img/user2-160x160.jpg
INFO: [ app_init ] --START--
INFO: Run Behavior\BuildLiteBehavior [ RunTime:0.000014s ]
INFO: [ app_init ] --END-- [ RunTime:0.000402s ]

[ 2016-12-04T16:55:27+08:00 ] ::1 /PersonalTailor/index.php/ManufactorAdmin/Product/dist/img/user3-128x128.jpg
INFO: [ app_init ] --START--
INFO: Run Behavior\BuildLiteBehavior [ RunTime:0.000008s ]
INFO: [ app_init ] --END-- [ RunTime:0.000217s ]

[ 2016-12-04T16:55:27+08:00 ] ::1 /PersonalTailor/index.php/ManufactorAdmin/Product/dist/img/user4-128x128.jpg
INFO: [ app_init ] --START--
INFO: Run Behavior\BuildLiteBehavior [ RunTime:0.000009s ]
INFO: [ app_init ] --END-- [ RunTime:0.000251s ]

[ 2016-12-04T17:05:46+08:00 ] ::1 /PersonalTailor/index.php/ManufactorAdmin/Product/dist/img/user2-160x160.jpg
INFO: [ app_init ] --START--
INFO: Run Behavior\BuildLiteBehavior [ RunTime:0.000008s ]
INFO: [ app_init ] --END-- [ RunTime:0.000243s ]

[ 2016-12-04T17:05:46+08:00 ] ::1 /PersonalTailor/index.php/ManufactorAdmin/Product/dist/img/user3-128x128.jpg
INFO: [ app_init ] --START--
INFO: Run Behavior\BuildLiteBehavior [ RunTime:0.000014s ]
INFO: [ app_init ] --END-- [ RunTime:0.000348s ]

[ 2016-12-04T17:05:46+08:00 ] ::1 /PersonalTailor/index.php/ManufactorAdmin/Product/dist/img/user4-128x128.jpg
INFO: [ app_init ] --START--
INFO: Run Behavior\BuildLiteBehavior [ RunTime:0.000012s ]
INFO: [ app_init ] --END-- [ RunTime:0.000326s ]

[ 2016-12-04T17:05:48+08:00 ] ::1 /PersonalTailor/index.php/ManufactorAdmin/Product/dist/img/user2-160x160.jpg
INFO: [ app_init ] --START--
INFO: Run Behavior\BuildLiteBehavior [ RunTime:0.000008s ]
INFO: [ app_init ] --END-- [ RunTime:0.000208s ]

[ 2016-12-04T17:05:48+08:00 ] ::1 /PersonalTailor/index.php/ManufactorAdmin/Product/dist/img/user4-128x128.jpg
INFO: [ app_init ] --START--
INFO: Run Behavior\BuildLiteBehavior [ RunTime:0.000008s ]
INFO: [ app_init ] --END-- [ RunTime:0.000202s ]

[ 2016-12-04T17:05:48+08:00 ] ::1 /PersonalTailor/index.php/ManufactorAdmin/Product/dist/img/user3-128x128.jpg
INFO: [ app_init ] --START--
INFO: Run Behavior\BuildLiteBehavior [ RunTime:0.000012s ]
INFO: [ app_init ] --END-- [ RunTime:0.000360s ]

[ 2016-12-04T17:05:49+08:00 ] ::1 /PersonalTailor/index.php/ManufactorAdmin/Product/dist/img/user2-160x160.jpg
INFO: [ app_init ] --START--
INFO: Run Behavior\BuildLiteBehavior [ RunTime:0.000018s ]
INFO: [ app_init ] --END-- [ RunTime:0.000281s ]

[ 2016-12-04T17:05:49+08:00 ] ::1 /PersonalTailor/index.php/ManufactorAdmin/Product/dist/img/user3-128x128.jpg
INFO: [ app_init ] --START--
INFO: Run Behavior\BuildLiteBehavior [ RunTime:0.000008s ]
INFO: [ app_init ] --END-- [ RunTime:0.000212s ]

[ 2016-12-04T17:05:49+08:00 ] ::1 /PersonalTailor/index.php/ManufactorAdmin/Product/dist/img/user4-128x128.jpg
INFO: [ app_init ] --START--
INFO: Run Behavior\BuildLiteBehavior [ RunTime:0.000008s ]
INFO: [ app_init ] --END-- [ RunTime:0.000222s ]

[ 2016-12-04T17:06:03+08:00 ] ::1 /PersonalTailor/index.php/ManufactorAdmin/Product/dist/img/user2-160x160.jpg
INFO: [ app_init ] --START--
INFO: Run Behavior\BuildLiteBehavior [ RunTime:0.000012s ]
INFO: [ app_init ] --END-- [ RunTime:0.000319s ]

[ 2016-12-04T17:06:03+08:00 ] ::1 /PersonalTailor/index.php/ManufactorAdmin/Product/dist/img/user3-128x128.jpg
INFO: [ app_init ] --START--
INFO: Run Behavior\BuildLiteBehavior [ RunTime:0.000021s ]
INFO: [ app_init ] --END-- [ RunTime:0.000479s ]

[ 2016-12-04T17:06:03+08:00 ] ::1 /PersonalTailor/index.php/ManufactorAdmin/Product/dist/img/user4-128x128.jpg
INFO: [ app_init ] --START--
INFO: Run Behavior\BuildLiteBehavior [ RunTime:0.000008s ]
INFO: [ app_init ] --END-- [ RunTime:0.000320s ]

[ 2016-12-04T17:06:09+08:00 ] ::1 /PersonalTailor/index.php/ManufactorAdmin/Product/dist/img/user4-128x128.jpg
INFO: [ app_init ] --START--
INFO: Run Behavior\BuildLiteBehavior [ RunTime:0.000024s ]
INFO: [ app_init ] --END-- [ RunTime:0.000728s ]

[ 2016-12-04T17:06:09+08:00 ] ::1 /PersonalTailor/index.php/ManufactorAdmin/Product/dist/img/user3-128x128.jpg
INFO: [ app_init ] --START--
INFO: Run Behavior\BuildLiteBehavior [ RunTime:0.000026s ]
INFO: [ app_init ] --END-- [ RunTime:0.000676s ]

[ 2016-12-04T17:06:09+08:00 ] ::1 /PersonalTailor/index.php/ManufactorAdmin/Product/dist/img/user2-160x160.jpg
INFO: [ app_init ] --START--
INFO: Run Behavior\BuildLiteBehavior [ RunTime:0.000017s ]
INFO: [ app_init ] --END-- [ RunTime:0.000520s ]

[ 2016-12-04T18:14:08+08:00 ] ::1 /PersonalTailor/index.php/ManufactorAdmin/Product/dist/img/user2-160x160.jpg
INFO: [ app_init ] --START--
INFO: Run Behavior\BuildLiteBehavior [ RunTime:0.000010s ]
INFO: [ app_init ] --END-- [ RunTime:0.000307s ]

[ 2016-12-04T18:14:08+08:00 ] ::1 /PersonalTailor/index.php/ManufactorAdmin/Product/dist/img/user4-128x128.jpg
INFO: [ app_init ] --START--
INFO: Run Behavior\BuildLiteBehavior [ RunTime:0.000011s ]
INFO: [ app_init ] --END-- [ RunTime:0.000353s ]

[ 2016-12-04T18:14:08+08:00 ] ::1 /PersonalTailor/index.php/ManufactorAdmin/Product/dist/img/user3-128x128.jpg
INFO: [ app_init ] --START--
INFO: Run Behavior\BuildLiteBehavior [ RunTime:0.000014s ]
INFO: [ app_init ] --END-- [ RunTime:0.000356s ]

[ 2016-12-04T18:14:10+08:00 ] ::1 /PersonalTailor/index.php/ManufactorAdmin/Activity/dist/img/user2-160x160.jpg
INFO: [ app_init ] --START--
INFO: Run Behavior\BuildLiteBehavior [ RunTime:0.000026s ]
INFO: [ app_init ] --END-- [ RunTime:0.000434s ]

[ 2016-12-04T18:14:10+08:00 ] ::1 /PersonalTailor/index.php/ManufactorAdmin/Activity/dist/img/user4-128x128.jpg
INFO: [ app_init ] --START--
INFO: Run Behavior\BuildLiteBehavior [ RunTime:0.000014s ]
INFO: [ app_init ] --END-- [ RunTime:0.000328s ]

[ 2016-12-04T18:14:10+08:00 ] ::1 /PersonalTailor/index.php/ManufactorAdmin/Activity/dist/img/user3-128x128.jpg
INFO: [ app_init ] --START--
INFO: Run Behavior\BuildLiteBehavior [ RunTime:0.000019s ]
INFO: [ app_init ] --END-- [ RunTime:0.000417s ]

[ 2016-12-04T18:14:12+08:00 ] ::1 /PersonalTailor/index.php/ManufactorAdmin/Activity/dist/img/user2-160x160.jpg
INFO: [ app_init ] --START--
INFO: Run Behavior\BuildLiteBehavior [ RunTime:0.000009s ]
INFO: [ app_init ] --END-- [ RunTime:0.000209s ]

[ 2016-12-04T18:14:12+08:00 ] ::1 /PersonalTailor/index.php/ManufactorAdmin/Activity/dist/img/user3-128x128.jpg
INFO: [ app_init ] --START--
INFO: Run Behavior\BuildLiteBehavior [ RunTime:0.000009s ]
INFO: [ app_init ] --END-- [ RunTime:0.000218s ]

[ 2016-12-04T18:14:12+08:00 ] ::1 /PersonalTailor/index.php/ManufactorAdmin/Activity/dist/img/user4-128x128.jpg
INFO: [ app_init ] --START--
INFO: Run Behavior\BuildLiteBehavior [ RunTime:0.000012s ]
INFO: [ app_init ] --END-- [ RunTime:0.000285s ]

[ 2016-12-04T18:14:45+08:00 ] ::1 /PersonalTailor/index.php/ManufactorAdmin/Activity/dist/img/user3-128x128.jpg
INFO: [ app_init ] --START--
INFO: Run Behavior\BuildLiteBehavior [ RunTime:0.000013s ]
INFO: [ app_init ] --END-- [ RunTime:0.000400s ]

[ 2016-12-04T18:14:45+08:00 ] ::1 /PersonalTailor/index.php/ManufactorAdmin/Activity/dist/img/user4-128x128.jpg
INFO: [ app_init ] --START--
INFO: Run Behavior\BuildLiteBehavior [ RunTime:0.000017s ]
INFO: [ app_init ] --END-- [ RunTime:0.000296s ]

[ 2016-12-04T18:14:45+08:00 ] ::1 /PersonalTailor/index.php/ManufactorAdmin/Activity/dist/img/user2-160x160.jpg
INFO: [ app_init ] --START--
INFO: Run Behavior\BuildLiteBehavior [ RunTime:0.000010s ]
INFO: [ app_init ] --END-- [ RunTime:0.000426s ]

[ 2016-12-04T18:16:09+08:00 ] ::1 /PersonalTailor/index.php/ManufactorAdmin/Activity/dist/img/user4-128x128.jpg
INFO: [ app_init ] --START--
INFO: Run Behavior\BuildLiteBehavior [ RunTime:0.000007s ]
INFO: [ app_init ] --END-- [ RunTime:0.000214s ]

[ 2016-12-04T18:16:09+08:00 ] ::1 /PersonalTailor/index.php/ManufactorAdmin/Activity/dist/img/user2-160x160.jpg
INFO: [ app_init ] --START--
INFO: Run Behavior\BuildLiteBehavior [ RunTime:0.000012s ]
INFO: [ app_init ] --END-- [ RunTime:0.000359s ]

[ 2016-12-04T18:16:09+08:00 ] ::1 /PersonalTailor/index.php/ManufactorAdmin/Activity/dist/img/user3-128x128.jpg
INFO: [ app_init ] --START--
INFO: Run Behavior\BuildLiteBehavior [ RunTime:0.000011s ]
INFO: [ app_init ] --END-- [ RunTime:0.000422s ]

[ 2016-12-04T18:16:49+08:00 ] ::1 /PersonalTailor/index.php/ManufactorAdmin/Activity/dist/img/user2-160x160.jpg
INFO: [ app_init ] --START--
INFO: Run Behavior\BuildLiteBehavior [ RunTime:0.000009s ]
INFO: [ app_init ] --END-- [ RunTime:0.000312s ]

[ 2016-12-04T18:16:49+08:00 ] ::1 /PersonalTailor/index.php/ManufactorAdmin/Activity/dist/img/user3-128x128.jpg
INFO: [ app_init ] --START--
INFO: Run Behavior\BuildLiteBehavior [ RunTime:0.000014s ]
INFO: [ app_init ] --END-- [ RunTime:0.000355s ]

[ 2016-12-04T18:16:49+08:00 ] ::1 /PersonalTailor/index.php/ManufactorAdmin/Activity/dist/img/user4-128x128.jpg
INFO: [ app_init ] --START--
INFO: Run Behavior\BuildLiteBehavior [ RunTime:0.000011s ]
INFO: [ app_init ] --END-- [ RunTime:0.000279s ]

[ 2016-12-04T20:33:02+08:00 ] ::1 /PersonalTailor/index.php/ManufactorAdmin/Index/dist/img/user2-160x160.jpg
INFO: [ app_init ] --START--
INFO: Run Behavior\BuildLiteBehavior [ RunTime:0.000010s ]
INFO: [ app_init ] --END-- [ RunTime:0.000255s ]

[ 2016-12-04T20:33:02+08:00 ] ::1 /PersonalTailor/index.php/ManufactorAdmin/Index/dist/img/user3-128x128.jpg
INFO: [ app_init ] --START--
INFO: Run Behavior\BuildLiteBehavior [ RunTime:0.000037s ]
INFO: [ app_init ] --END-- [ RunTime:0.000454s ]

[ 2016-12-04T20:33:11+08:00 ] ::1 /PersonalTailor/index.php/ManufactorAdmin/AccountManager/dist/img/user2-160x160.jpg
INFO: [ app_init ] --START--
INFO: Run Behavior\BuildLiteBehavior [ RunTime:0.000016s ]
INFO: [ app_init ] --END-- [ RunTime:0.000323s ]

[ 2016-12-04T20:33:11+08:00 ] ::1 /PersonalTailor/index.php/ManufactorAdmin/AccountManager/dist/img/user3-128x128.jpg
INFO: [ app_init ] --START--
INFO: Run Behavior\BuildLiteBehavior [ RunTime:0.000016s ]
INFO: [ app_init ] --END-- [ RunTime:0.000396s ]

[ 2016-12-04T20:33:11+08:00 ] ::1 /PersonalTailor/index.php/ManufactorAdmin/AccountManager/dist/img/user4-128x128.jpg
INFO: [ app_init ] --START--
INFO: Run Behavior\BuildLiteBehavior [ RunTime:0.000014s ]
INFO: [ app_init ] --END-- [ RunTime:0.000292s ]

[ 2016-12-04T20:33:13+08:00 ] ::1 /PersonalTailor/index.php/ManufactorAdmin/AccountManager/dist/img/user2-160x160.jpg
INFO: [ app_init ] --START--
INFO: Run Behavior\BuildLiteBehavior [ RunTime:0.000011s ]
INFO: [ app_init ] --END-- [ RunTime:0.000324s ]

[ 2016-12-04T20:33:13+08:00 ] ::1 /PersonalTailor/index.php/ManufactorAdmin/AccountManager/dist/img/user4-128x128.jpg
INFO: [ app_init ] --START--
INFO: Run Behavior\BuildLiteBehavior [ RunTime:0.000023s ]
INFO: [ app_init ] --END-- [ RunTime:0.000443s ]

[ 2016-12-04T20:33:13+08:00 ] ::1 /PersonalTailor/index.php/ManufactorAdmin/AccountManager/dist/img/user3-128x128.jpg
INFO: [ app_init ] --START--
INFO: Run Behavior\BuildLiteBehavior [ RunTime:0.000021s ]
INFO: [ app_init ] --END-- [ RunTime:0.000312s ]

[ 2016-12-04T20:33:14+08:00 ] ::1 /PersonalTailor/index.php/ManufactorAdmin/AccountManager/dist/img/user3-128x128.jpg
INFO: [ app_init ] --START--
INFO: Run Behavior\BuildLiteBehavior [ RunTime:0.000015s ]
INFO: [ app_init ] --END-- [ RunTime:0.000287s ]

[ 2016-12-04T20:33:14+08:00 ] ::1 /PersonalTailor/index.php/ManufactorAdmin/AccountManager/dist/img/user2-160x160.jpg
INFO: [ app_init ] --START--
INFO: Run Behavior\BuildLiteBehavior [ RunTime:0.000013s ]
INFO: [ app_init ] --END-- [ RunTime:0.000322s ]

[ 2016-12-04T20:33:14+08:00 ] ::1 /PersonalTailor/index.php/ManufactorAdmin/AccountManager/dist/img/user4-128x128.jpg
INFO: [ app_init ] --START--
INFO: Run Behavior\BuildLiteBehavior [ RunTime:0.000012s ]
INFO: [ app_init ] --END-- [ RunTime:0.000308s ]

[ 2016-12-04T20:33:16+08:00 ] ::1 /PersonalTailor/index.php/ManufactorAdmin/Shop/dist/img/user2-160x160.jpg
INFO: [ app_init ] --START--
INFO: Run Behavior\BuildLiteBehavior [ RunTime:0.000009s ]
INFO: [ app_init ] --END-- [ RunTime:0.000218s ]

[ 2016-12-04T20:33:16+08:00 ] ::1 /PersonalTailor/index.php/ManufactorAdmin/Shop/dist/img/user4-128x128.jpg
INFO: [ app_init ] --START--
INFO: Run Behavior\BuildLiteBehavior [ RunTime:0.000009s ]
INFO: [ app_init ] --END-- [ RunTime:0.000231s ]

[ 2016-12-04T20:33:16+08:00 ] ::1 /PersonalTailor/index.php/ManufactorAdmin/Shop/dist/img/user3-128x128.jpg
INFO: [ app_init ] --START--
INFO: Run Behavior\BuildLiteBehavior [ RunTime:0.000011s ]
INFO: [ app_init ] --END-- [ RunTime:0.000286s ]

[ 2016-12-04T20:33:20+08:00 ] ::1 /PersonalTailor/index.php/ManufactorAdmin/Product/dist/img/user4-128x128.jpg
INFO: [ app_init ] --START--
INFO: Run Behavior\BuildLiteBehavior [ RunTime:0.000016s ]
INFO: [ app_init ] --END-- [ RunTime:0.000282s ]

[ 2016-12-04T20:33:20+08:00 ] ::1 /PersonalTailor/index.php/ManufactorAdmin/Product/dist/img/user2-160x160.jpg
INFO: [ app_init ] --START--
INFO: Run Behavior\BuildLiteBehavior [ RunTime:0.000014s ]
INFO: [ app_init ] --END-- [ RunTime:0.000297s ]

[ 2016-12-04T20:33:20+08:00 ] ::1 /PersonalTailor/index.php/ManufactorAdmin/Product/dist/img/user3-128x128.jpg
INFO: [ app_init ] --START--
INFO: Run Behavior\BuildLiteBehavior [ RunTime:0.000011s ]
INFO: [ app_init ] --END-- [ RunTime:0.000336s ]

[ 2016-12-04T20:33:21+08:00 ] ::1 /PersonalTailor/index.php/ManufactorAdmin/Product/dist/img/user4-128x128.jpg
INFO: [ app_init ] --START--
INFO: Run Behavior\BuildLiteBehavior [ RunTime:0.000010s ]
INFO: [ app_init ] --END-- [ RunTime:0.000413s ]

[ 2016-12-04T20:33:21+08:00 ] ::1 /PersonalTailor/index.php/ManufactorAdmin/Product/dist/img/user3-128x128.jpg
INFO: [ app_init ] --START--
INFO: Run Behavior\BuildLiteBehavior [ RunTime:0.000016s ]
INFO: [ app_init ] --END-- [ RunTime:0.000348s ]

[ 2016-12-04T20:33:21+08:00 ] ::1 /PersonalTailor/index.php/ManufactorAdmin/Product/dist/img/user2-160x160.jpg
INFO: [ app_init ] --START--
INFO: Run Behavior\BuildLiteBehavior [ RunTime:0.000015s ]
INFO: [ app_init ] --END-- [ RunTime:0.000481s ]

[ 2016-12-04T20:34:10+08:00 ] ::1 /PersonalTailor/index.php/ManufactorAdmin/Product/dist/img/user4-128x128.jpg
INFO: [ app_init ] --START--
INFO: Run Behavior\BuildLiteBehavior [ RunTime:0.000011s ]
INFO: [ app_init ] --END-- [ RunTime:0.000298s ]

[ 2016-12-04T20:34:10+08:00 ] ::1 /PersonalTailor/index.php/ManufactorAdmin/Product/dist/img/user2-160x160.jpg
INFO: [ app_init ] --START--
INFO: Run Behavior\BuildLiteBehavior [ RunTime:0.000011s ]
INFO: [ app_init ] --END-- [ RunTime:0.000291s ]

[ 2016-12-04T20:34:10+08:00 ] ::1 /PersonalTailor/index.php/ManufactorAdmin/Product/dist/img/user3-128x128.jpg
INFO: [ app_init ] --START--
INFO: Run Behavior\BuildLiteBehavior [ RunTime:0.000023s ]
INFO: [ app_init ] --END-- [ RunTime:0.000422s ]

[ 2016-12-04T20:39:50+08:00 ] ::1 /PersonalTailor/index.php/ManufactorAdmin/Product/dist/img/user3-128x128.jpg
INFO: [ app_init ] --START--
INFO: Run Behavior\BuildLiteBehavior [ RunTime:0.000008s ]
INFO: [ app_init ] --END-- [ RunTime:0.000249s ]

[ 2016-12-04T20:39:50+08:00 ] ::1 /PersonalTailor/index.php/ManufactorAdmin/Product/dist/img/user2-160x160.jpg
INFO: [ app_init ] --START--
INFO: Run Behavior\BuildLiteBehavior [ RunTime:0.000008s ]
INFO: [ app_init ] --END-- [ RunTime:0.000212s ]

[ 2016-12-04T20:39:50+08:00 ] ::1 /PersonalTailor/index.php/ManufactorAdmin/Product/dist/img/user4-128x128.jpg
INFO: [ app_init ] --START--
INFO: Run Behavior\BuildLiteBehavior [ RunTime:0.000008s ]
INFO: [ app_init ] --END-- [ RunTime:0.000278s ]

[ 2016-12-04T20:44:02+08:00 ] ::1 /PersonalTailor/index.php/ManufactorAdmin/Product/dist/img/user2-160x160.jpg
INFO: [ app_init ] --START--
INFO: Run Behavior\BuildLiteBehavior [ RunTime:0.000020s ]
INFO: [ app_init ] --END-- [ RunTime:0.000543s ]

[ 2016-12-04T20:44:02+08:00 ] ::1 /PersonalTailor/index.php/ManufactorAdmin/Product/dist/img/user3-128x128.jpg
INFO: [ app_init ] --START--
INFO: Run Behavior\BuildLiteBehavior [ RunTime:0.000010s ]
INFO: [ app_init ] --END-- [ RunTime:0.000300s ]

[ 2016-12-04T20:44:02+08:00 ] ::1 /PersonalTailor/index.php/ManufactorAdmin/Product/dist/img/user4-128x128.jpg
INFO: [ app_init ] --START--
INFO: Run Behavior\BuildLiteBehavior [ RunTime:0.000008s ]
INFO: [ app_init ] --END-- [ RunTime:0.000250s ]

[ 2016-12-04T20:53:26+08:00 ] ::1 /PersonalTailor/index.php/ManufactorAdmin/Product/dist/img/user2-160x160.jpg
INFO: [ app_init ] --START--
INFO: Run Behavior\BuildLiteBehavior [ RunTime:0.000025s ]
INFO: [ app_init ] --END-- [ RunTime:0.000621s ]

[ 2016-12-04T20:53:26+08:00 ] ::1 /PersonalTailor/index.php/ManufactorAdmin/Product/dist/img/user3-128x128.jpg
INFO: [ app_init ] --START--
INFO: Run Behavior\BuildLiteBehavior [ RunTime:0.000014s ]
INFO: [ app_init ] --END-- [ RunTime:0.000427s ]

[ 2016-12-04T20:53:26+08:00 ] ::1 /PersonalTailor/index.php/ManufactorAdmin/Product/dist/img/user4-128x128.jpg
INFO: [ app_init ] --START--
INFO: Run Behavior\BuildLiteBehavior [ RunTime:0.000022s ]
INFO: [ app_init ] --END-- [ RunTime:0.000556s ]

[ 2016-12-04T20:53:33+08:00 ] ::1 /PersonalTailor/index.php/ManufactorAdmin/Index/dist/img/user2-160x160.jpg
INFO: [ app_init ] --START--
INFO: Run Behavior\BuildLiteBehavior [ RunTime:0.000022s ]
INFO: [ app_init ] --END-- [ RunTime:0.000578s ]

[ 2016-12-04T20:53:33+08:00 ] ::1 /PersonalTailor/index.php/ManufactorAdmin/Index/dist/img/user3-128x128.jpg
INFO: [ app_init ] --START--
INFO: Run Behavior\BuildLiteBehavior [ RunTime:0.000024s ]
INFO: [ app_init ] --END-- [ RunTime:0.000584s ]

[ 2016-12-04T20:53:33+08:00 ] ::1 /PersonalTailor/index.php/ManufactorAdmin/Index/dist/img/user4-128x128.jpg
INFO: [ app_init ] --START--
INFO: Run Behavior\BuildLiteBehavior [ RunTime:0.000019s ]
INFO: [ app_init ] --END-- [ RunTime:0.000513s ]

[ 2016-12-04T21:02:53+08:00 ] ::1 /PersonalTailor/index.php/ManufactorAdmin/Index/dist/img/user2-160x160.jpg
INFO: [ app_init ] --START--
INFO: Run Behavior\BuildLiteBehavior [ RunTime:0.000025s ]
INFO: [ app_init ] --END-- [ RunTime:0.000699s ]

[ 2016-12-04T21:02:53+08:00 ] ::1 /PersonalTailor/index.php/ManufactorAdmin/Index/dist/img/user3-128x128.jpg
INFO: [ app_init ] --START--
INFO: Run Behavior\BuildLiteBehavior [ RunTime:0.000023s ]
INFO: [ app_init ] --END-- [ RunTime:0.000704s ]

[ 2016-12-04T21:02:53+08:00 ] ::1 /PersonalTailor/index.php/ManufactorAdmin/Index/dist/img/user4-128x128.jpg
INFO: [ app_init ] --START--
INFO: Run Behavior\BuildLiteBehavior [ RunTime:0.000025s ]
INFO: [ app_init ] --END-- [ RunTime:0.000683s ]

[ 2016-12-04T21:08:42+08:00 ] ::1 /PersonalTailor/index.php/ManufactorAdmin/Index/dist/img/user2-160x160.jpg
INFO: [ app_init ] --START--
INFO: Run Behavior\BuildLiteBehavior [ RunTime:0.000019s ]
INFO: [ app_init ] --END-- [ RunTime:0.000243s ]

[ 2016-12-04T21:08:42+08:00 ] ::1 /PersonalTailor/index.php/ManufactorAdmin/Index/dist/img/user3-128x128.jpg
INFO: [ app_init ] --START--
INFO: Run Behavior\BuildLiteBehavior [ RunTime:0.000010s ]
INFO: [ app_init ] --END-- [ RunTime:0.000237s ]

[ 2016-12-04T21:08:42+08:00 ] ::1 /PersonalTailor/index.php/ManufactorAdmin/Index/dist/img/user4-128x128.jpg
INFO: [ app_init ] --START--
INFO: Run Behavior\BuildLiteBehavior [ RunTime:0.000008s ]
INFO: [ app_init ] --END-- [ RunTime:0.000328s ]

[ 2016-12-04T21:09:39+08:00 ] ::1 /PersonalTailor/index.php/ManufactorAdmin/Product/dist/img/user2-160x160.jpg
INFO: [ app_init ] --START--
INFO: Run Behavior\BuildLiteBehavior [ RunTime:0.000008s ]
INFO: [ app_init ] --END-- [ RunTime:0.000223s ]

[ 2016-12-04T21:09:39+08:00 ] ::1 /PersonalTailor/index.php/ManufactorAdmin/Product/dist/img/user3-128x128.jpg
INFO: [ app_init ] --START--
INFO: Run Behavior\BuildLiteBehavior [ RunTime:0.000011s ]
INFO: [ app_init ] --END-- [ RunTime:0.000259s ]

[ 2016-12-04T21:09:39+08:00 ] ::1 /PersonalTailor/index.php/ManufactorAdmin/Product/dist/img/user4-128x128.jpg
INFO: [ app_init ] --START--
INFO: Run Behavior\BuildLiteBehavior [ RunTime:0.000009s ]
INFO: [ app_init ] --END-- [ RunTime:0.000327s ]

[ 2016-12-04T21:09:40+08:00 ] ::1 /PersonalTailor/index.php/ManufactorAdmin/Product/dist/img/user2-160x160.jpg
INFO: [ app_init ] --START--
INFO: Run Behavior\BuildLiteBehavior [ RunTime:0.000009s ]
INFO: [ app_init ] --END-- [ RunTime:0.000223s ]

[ 2016-12-04T21:09:40+08:00 ] ::1 /PersonalTailor/index.php/ManufactorAdmin/Product/dist/img/user4-128x128.jpg
INFO: [ app_init ] --START--
INFO: Run Behavior\BuildLiteBehavior [ RunTime:0.000007s ]
INFO: [ app_init ] --END-- [ RunTime:0.000204s ]

[ 2016-12-04T21:09:40+08:00 ] ::1 /PersonalTailor/index.php/ManufactorAdmin/Product/dist/img/user3-128x128.jpg
INFO: [ app_init ] --START--
INFO: Run Behavior\BuildLiteBehavior [ RunTime:0.000007s ]
INFO: [ app_init ] --END-- [ RunTime:0.000229s ]

[ 2016-12-04T21:09:51+08:00 ] ::1 /PersonalTailor/index.php/ManufactorAdmin/Product/dist/img/user2-160x160.jpg
INFO: [ app_init ] --START--
INFO: Run Behavior\BuildLiteBehavior [ RunTime:0.000008s ]
INFO: [ app_init ] --END-- [ RunTime:0.000261s ]

[ 2016-12-04T21:09:51+08:00 ] ::1 /PersonalTailor/index.php/ManufactorAdmin/Product/dist/img/user3-128x128.jpg
INFO: [ app_init ] --START--
INFO: Run Behavior\BuildLiteBehavior [ RunTime:0.000009s ]
INFO: [ app_init ] --END-- [ RunTime:0.000215s ]

[ 2016-12-04T21:09:51+08:00 ] ::1 /PersonalTailor/index.php/ManufactorAdmin/Product/dist/img/user4-128x128.jpg
INFO: [ app_init ] --START--
INFO: Run Behavior\BuildLiteBehavior [ RunTime:0.000008s ]
INFO: [ app_init ] --END-- [ RunTime:0.000212s ]

[ 2016-12-04T21:10:01+08:00 ] ::1 /PersonalTailor/index.php/ManufactorAdmin/Product/dist/img/user3-128x128.jpg
INFO: [ app_init ] --START--
INFO: Run Behavior\BuildLiteBehavior [ RunTime:0.000027s ]
INFO: [ app_init ] --END-- [ RunTime:0.000237s ]

[ 2016-12-04T21:10:01+08:00 ] ::1 /PersonalTailor/index.php/ManufactorAdmin/Product/dist/img/user4-128x128.jpg
INFO: [ app_init ] --START--
INFO: Run Behavior\BuildLiteBehavior [ RunTime:0.000034s ]
INFO: [ app_init ] --END-- [ RunTime:0.000331s ]

[ 2016-12-04T21:10:01+08:00 ] ::1 /PersonalTailor/index.php/ManufactorAdmin/Product/dist/img/user2-160x160.jpg
INFO: [ app_init ] --START--
INFO: Run Behavior\BuildLiteBehavior [ RunTime:0.000011s ]
INFO: [ app_init ] --END-- [ RunTime:0.000321s ]

[ 2016-12-04T21:10:05+08:00 ] ::1 /PersonalTailor/index.php/ManufactorAdmin/Product/dist/img/user3-128x128.jpg
INFO: [ app_init ] --START--
INFO: Run Behavior\BuildLiteBehavior [ RunTime:0.000019s ]
INFO: [ app_init ] --END-- [ RunTime:0.000543s ]

[ 2016-12-04T21:10:05+08:00 ] ::1 /PersonalTailor/index.php/ManufactorAdmin/Product/dist/img/user2-160x160.jpg
INFO: [ app_init ] --START--
INFO: Run Behavior\BuildLiteBehavior [ RunTime:0.000028s ]
INFO: [ app_init ] --END-- [ RunTime:0.000754s ]

[ 2016-12-04T21:10:05+08:00 ] ::1 /PersonalTailor/index.php/ManufactorAdmin/Product/dist/img/user4-128x128.jpg
INFO: [ app_init ] --START--
INFO: Run Behavior\BuildLiteBehavior [ RunTime:0.000019s ]
INFO: [ app_init ] --END-- [ RunTime:0.000579s ]

[ 2016-12-04T21:10:07+08:00 ] ::1 /PersonalTailor/index.php/ManufactorAdmin/Product/dist/img/user2-160x160.jpg
INFO: [ app_init ] --START--
INFO: Run Behavior\BuildLiteBehavior [ RunTime:0.000008s ]
INFO: [ app_init ] --END-- [ RunTime:0.000231s ]

[ 2016-12-04T21:10:07+08:00 ] ::1 /PersonalTailor/index.php/ManufactorAdmin/Product/dist/img/user3-128x128.jpg
INFO: [ app_init ] --START--
INFO: Run Behavior\BuildLiteBehavior [ RunTime:0.000011s ]
INFO: [ app_init ] --END-- [ RunTime:0.000307s ]

[ 2016-12-04T21:10:07+08:00 ] ::1 /PersonalTailor/index.php/ManufactorAdmin/Product/dist/img/user4-128x128.jpg
INFO: [ app_init ] --START--
INFO: Run Behavior\BuildLiteBehavior [ RunTime:0.000019s ]
INFO: [ app_init ] --END-- [ RunTime:0.000232s ]

[ 2016-12-04T21:10:16+08:00 ] ::1 /PersonalTailor/index.php/ManufactorAdmin/Activity/dist/img/user2-160x160.jpg
INFO: [ app_init ] --START--
INFO: Run Behavior\BuildLiteBehavior [ RunTime:0.000007s ]
INFO: [ app_init ] --END-- [ RunTime:0.000233s ]

[ 2016-12-04T21:10:16+08:00 ] ::1 /PersonalTailor/index.php/ManufactorAdmin/Activity/dist/img/user3-128x128.jpg
INFO: [ app_init ] --START--
INFO: Run Behavior\BuildLiteBehavior [ RunTime:0.000006s ]
INFO: [ app_init ] --END-- [ RunTime:0.000194s ]

[ 2016-12-04T21:10:16+08:00 ] ::1 /PersonalTailor/index.php/ManufactorAdmin/Activity/dist/img/user4-128x128.jpg
INFO: [ app_init ] --START--
INFO: Run Behavior\BuildLiteBehavior [ RunTime:0.000006s ]
INFO: [ app_init ] --END-- [ RunTime:0.000196s ]

[ 2016-12-04T21:10:16+08:00 ] ::1 /PersonalTailor/index.php/ManufactorAdmin/Activity/dist/img/user2-160x160.jpg
INFO: [ app_init ] --START--
INFO: Run Behavior\BuildLiteBehavior [ RunTime:0.000013s ]
INFO: [ app_init ] --END-- [ RunTime:0.000323s ]

[ 2016-12-04T21:10:16+08:00 ] ::1 /PersonalTailor/index.php/ManufactorAdmin/Activity/dist/img/user3-128x128.jpg
INFO: [ app_init ] --START--
INFO: Run Behavior\BuildLiteBehavior [ RunTime:0.000008s ]
INFO: [ app_init ] --END-- [ RunTime:0.000212s ]

[ 2016-12-04T21:10:16+08:00 ] ::1 /PersonalTailor/index.php/ManufactorAdmin/Activity/dist/img/user4-128x128.jpg
INFO: [ app_init ] --START--
INFO: Run Behavior\BuildLiteBehavior [ RunTime:0.000008s ]
INFO: [ app_init ] --END-- [ RunTime:0.000209s ]

[ 2016-12-04T21:10:18+08:00 ] ::1 /PersonalTailor/index.php/ManufactorAdmin/Activity/dist/img/user2-160x160.jpg
INFO: [ app_init ] --START--
INFO: Run Behavior\BuildLiteBehavior [ RunTime:0.000011s ]
INFO: [ app_init ] --END-- [ RunTime:0.000314s ]

[ 2016-12-04T21:10:18+08:00 ] ::1 /PersonalTailor/index.php/ManufactorAdmin/Activity/dist/img/user4-128x128.jpg
INFO: [ app_init ] --START--
INFO: Run Behavior\BuildLiteBehavior [ RunTime:0.000010s ]
INFO: [ app_init ] --END-- [ RunTime:0.000296s ]

[ 2016-12-04T21:10:18+08:00 ] ::1 /PersonalTailor/index.php/ManufactorAdmin/Activity/dist/img/user3-128x128.jpg
INFO: [ app_init ] --START--
INFO: Run Behavior\BuildLiteBehavior [ RunTime:0.000011s ]
INFO: [ app_init ] --END-- [ RunTime:0.000293s ]

[ 2016-12-04T21:10:18+08:00 ] ::1 /PersonalTailor/Uploads/activity_title_pic/2016-12-04/58440c4877e51.jpeg
INFO: [ app_init ] --START--
INFO: Run Behavior\BuildLiteBehavior [ RunTime:0.000010s ]
INFO: [ app_init ] --END-- [ RunTime:0.000297s ]
ERR: 无法加载模块:Uploads

[ 2016-12-04T21:10:29+08:00 ] ::1 /PersonalTailor/index.php/ManufactorAdmin/Activity/dist/img/user2-160x160.jpg
INFO: [ app_init ] --START--
INFO: Run Behavior\BuildLiteBehavior [ RunTime:0.000008s ]
INFO: [ app_init ] --END-- [ RunTime:0.000259s ]

[ 2016-12-04T21:10:29+08:00 ] ::1 /PersonalTailor/index.php/ManufactorAdmin/Activity/dist/img/user4-128x128.jpg
INFO: [ app_init ] --START--
INFO: Run Behavior\BuildLiteBehavior [ RunTime:0.000008s ]
INFO: [ app_init ] --END-- [ RunTime:0.000266s ]

[ 2016-12-04T21:10:29+08:00 ] ::1 /PersonalTailor/index.php/ManufactorAdmin/Activity/dist/img/user3-128x128.jpg
INFO: [ app_init ] --START--
INFO: Run Behavior\BuildLiteBehavior [ RunTime:0.000008s ]
INFO: [ app_init ] --END-- [ RunTime:0.000321s ]

[ 2016-12-04T21:59:30+08:00 ] ::1 /PersonalTailor/index.php/ManufactorAdmin/Index/dist/img/user2-160x160.jpg
INFO: [ app_init ] --START--
INFO: Run Behavior\BuildLiteBehavior [ RunTime:0.000012s ]
INFO: [ app_init ] --END-- [ RunTime:0.000406s ]

[ 2016-12-04T21:59:30+08:00 ] ::1 /PersonalTailor/index.php/ManufactorAdmin/Index/dist/img/user3-128x128.jpg
INFO: [ app_init ] --START--
INFO: Run Behavior\BuildLiteBehavior [ RunTime:0.000019s ]
INFO: [ app_init ] --END-- [ RunTime:0.000421s ]

[ 2016-12-04T21:59:30+08:00 ] ::1 /PersonalTailor/index.php/ManufactorAdmin/Index/dist/img/user4-128x128.jpg
INFO: [ app_init ] --START--
INFO: Run Behavior\BuildLiteBehavior [ RunTime:0.000012s ]
INFO: [ app_init ] --END-- [ RunTime:0.000421s ]

[ 2016-12-04T21:59:34+08:00 ] ::1 /PersonalTailor/index.php/ManufactorAdmin/Activity/dist/img/user3-128x128.jpg
INFO: [ app_init ] --START--
INFO: Run Behavior\BuildLiteBehavior [ RunTime:0.000009s ]
INFO: [ app_init ] --END-- [ RunTime:0.000211s ]

[ 2016-12-04T21:59:34+08:00 ] ::1 /PersonalTailor/index.php/ManufactorAdmin/Activity/dist/img/user4-128x128.jpg
INFO: [ app_init ] --START--
INFO: Run Behavior\BuildLiteBehavior [ RunTime:0.000011s ]
INFO: [ app_init ] --END-- [ RunTime:0.000287s ]

[ 2016-12-04T21:59:34+08:00 ] ::1 /PersonalTailor/index.php/ManufactorAdmin/Activity/dist/img/user2-160x160.jpg
INFO: [ app_init ] --START--
INFO: Run Behavior\BuildLiteBehavior [ RunTime:0.000008s ]
INFO: [ app_init ] --END-- [ RunTime:0.000221s ]

