[ 2016-12-01T17:04:37+08:00 ] ::1 /jb555host/PersonalTailor/index.php/API/ProductAPI/product_msg.html
INFO: [ app_init ] --START--
INFO: Run Behavior\BuildLiteBehavior [ RunTime:0.000008s ]
INFO: [ app_init ] --END-- [ RunTime:0.000210s ]
INFO: [ app_begin ] --START--
INFO: Run Behavior\ReadHtmlCacheBehavior [ RunTime:0.000376s ]
INFO: [ app_begin ] --END-- [ RunTime:0.000429s ]
SQL: SHOW COLUMNS FROM `tb_product` [ RunTime:0.0250s ]
SQL: SELECT * FROM `tb_product` WHERE ( id=44 )  [ RunTime:0.0262s ]
SQL: SHOW COLUMNS FROM `tb_productimg` [ RunTime:0.0245s ]
SQL: SELECT * FROM `tb_productimg` WHERE ( 1=1 AND product_id='44' ) LIMIT 1   [ RunTime:0.0257s ]

[ 2016-12-01T17:04:47+08:00 ] ::1 /jb555host/PersonalTailor/index.php/API/ProductAPI/product_msg.html
INFO: [ app_init ] --START--
INFO: Run Behavior\BuildLiteBehavior [ RunTime:0.000021s ]
INFO: [ app_init ] --END-- [ RunTime:0.000376s ]
INFO: [ app_begin ] --START--
INFO: Run Behavior\ReadHtmlCacheBehavior [ RunTime:0.000631s ]
INFO: [ app_begin ] --END-- [ RunTime:0.000682s ]
SQL: SHOW COLUMNS FROM `tb_product` [ RunTime:0.0215s ]
SQL: SELECT * FROM `tb_product` WHERE ( id=44 )  [ RunTime:0.0219s ]
SQL: SHOW COLUMNS FROM `tb_productimg` [ RunTime:0.0224s ]
SQL: SELECT * FROM `tb_productimg` WHERE ( 1=1 AND product_id='44' ) LIMIT 1   [ RunTime:0.0219s ]

[ 2016-12-01T17:04:51+08:00 ] ::1 /jb555host/PersonalTailor/index.php/API/ProductAPI/product_msg.html
INFO: [ app_init ] --START--
INFO: Run Behavior\BuildLiteBehavior [ RunTime:0.000009s ]
INFO: [ app_init ] --END-- [ RunTime:0.000238s ]
INFO: [ app_begin ] --START--
INFO: Run Behavior\ReadHtmlCacheBehavior [ RunTime:0.000380s ]
INFO: [ app_begin ] --END-- [ RunTime:0.000423s ]
SQL: SHOW COLUMNS FROM `tb_product` [ RunTime:0.0157s ]
SQL: SELECT * FROM `tb_product` WHERE ( id=44 )  [ RunTime:0.0158s ]
SQL: SHOW COLUMNS FROM `tb_productimg` [ RunTime:0.0160s ]
SQL: SELECT * FROM `tb_productimg` WHERE ( 1=1 AND product_id='44' ) LIMIT 1   [ RunTime:0.0146s ]

[ 2016-12-01T17:04:58+08:00 ] ::1 /jb555host/PersonalTailor/index.php/API/ProductAPI/product_msg.html
INFO: [ app_init ] --START--
INFO: Run Behavior\BuildLiteBehavior [ RunTime:0.000008s ]
INFO: [ app_init ] --END-- [ RunTime:0.000232s ]
INFO: [ app_begin ] --START--
INFO: Run Behavior\ReadHtmlCacheBehavior [ RunTime:0.000403s ]
INFO: [ app_begin ] --END-- [ RunTime:0.000433s ]
SQL: SHOW COLUMNS FROM `tb_product` [ RunTime:0.0327s ]
SQL: SELECT * FROM `tb_product` WHERE ( id=44 )  [ RunTime:0.0335s ]
SQL: SHOW COLUMNS FROM `tb_productimg` [ RunTime:0.0337s ]
SQL: SELECT * FROM `tb_productimg` WHERE ( 1=1 AND product_id='44' ) LIMIT 1   [ RunTime:0.0327s ]

[ 2016-12-01T17:13:20+08:00 ] ::1 /jb555host/PersonalTailor/index.php/API/ProductAPI/product_msg.html
INFO: [ app_init ] --START--
INFO: Run Behavior\BuildLiteBehavior [ RunTime:0.000008s ]
INFO: [ app_init ] --END-- [ RunTime:0.000209s ]
INFO: [ app_begin ] --START--
INFO: Run Behavior\ReadHtmlCacheBehavior [ RunTime:0.000266s ]
INFO: [ app_begin ] --END-- [ RunTime:0.000296s ]
SQL: SHOW COLUMNS FROM `tb_product` [ RunTime:0.0254s ]
SQL: SELECT * FROM `tb_product` WHERE ( id=44 )  [ RunTime:0.0250s ]
SQL: SHOW COLUMNS FROM `tb_productimg` [ RunTime:0.0244s ]
SQL: SELECT * FROM `tb_productimg` WHERE ( 1=1 AND product_id='44' ) LIMIT 1   [ RunTime:0.0237s ]

[ 2016-12-01T17:13:22+08:00 ] ::1 /jb555host/PersonalTailor/index.php/API/ProductAPI/product_msg.html
INFO: [ app_init ] --START--
INFO: Run Behavior\BuildLiteBehavior [ RunTime:0.000010s ]
INFO: [ app_init ] --END-- [ RunTime:0.000224s ]
INFO: [ app_begin ] --START--
INFO: Run Behavior\ReadHtmlCacheBehavior [ RunTime:0.000312s ]
INFO: [ app_begin ] --END-- [ RunTime:0.000353s ]
SQL: SHOW COLUMNS FROM `tb_product` [ RunTime:0.0251s ]
SQL: SELECT * FROM `tb_product` WHERE ( id=45 )  [ RunTime:0.0255s ]
SQL: SHOW COLUMNS FROM `tb_productimg` [ RunTime:0.0261s ]
SQL: SELECT * FROM `tb_productimg` WHERE ( 1=1 AND product_id='45' ) LIMIT 1   [ RunTime:0.0253s ]

[ 2016-12-01T17:13:25+08:00 ] ::1 /jb555host/PersonalTailor/index.php/API/ProductAPI/product_msg.html
INFO: [ app_init ] --START--
INFO: Run Behavior\BuildLiteBehavior [ RunTime:0.000011s ]
INFO: [ app_init ] --END-- [ RunTime:0.000227s ]
INFO: [ app_begin ] --START--
INFO: Run Behavior\ReadHtmlCacheBehavior [ RunTime:0.000479s ]
INFO: [ app_begin ] --END-- [ RunTime:0.000529s ]
SQL: SHOW COLUMNS FROM `tb_product` [ RunTime:0.0241s ]
SQL: SELECT * FROM `tb_product` WHERE ( id=46 )  [ RunTime:0.0220s ]
SQL: SHOW COLUMNS FROM `tb_productimg` [ RunTime:0.0224s ]
SQL: SELECT * FROM `tb_productimg` WHERE ( 1=1 AND product_id='46' ) LIMIT 1   [ RunTime:0.0215s ]

[ 2016-12-01T17:15:00+08:00 ] ::1 /jb555host/PersonalTailor/API/ProductAPI/product_msg/products_id/45
INFO: [ app_init ] --START--
INFO: Run Behavior\BuildLiteBehavior [ RunTime:0.000009s ]
INFO: [ app_init ] --END-- [ RunTime:0.000240s ]
INFO: [ app_begin ] --START--
INFO: Run Behavior\ReadHtmlCacheBehavior [ RunTime:0.000272s ]
INFO: [ app_begin ] --END-- [ RunTime:0.000303s ]
NOTIC: [8] Undefined index: product_id E:\xmapp\htdocs\jb555host\PersonalTailor\Application\API\Controller\ProductAPIController.class.php 第 92 行.
SQL: SHOW COLUMNS FROM `tb_product` [ RunTime:0.0252s ]
ERR: 1064:You have an error in your SQL syntax; check the manual that corresponds to your MySQL server version for the right syntax to use near ')' at line 1
 [ SQL语句 ] : SELECT * FROM `tb_product` WHERE ( id= ) 
ERR: 1064:You have an error in your SQL syntax; check the manual that corresponds to your MySQL server version for the right syntax to use near ')' at line 1
 [ SQL语句 ] : SELECT * FROM `tb_product` WHERE ( id= ) 

[ 2016-12-01T17:15:43+08:00 ] ::1 /jb555host/PersonalTailor/API/ProductAPI/product_msg/product_id/45
INFO: [ app_init ] --START--
INFO: Run Behavior\BuildLiteBehavior [ RunTime:0.000008s ]
INFO: [ app_init ] --END-- [ RunTime:0.000216s ]
INFO: [ app_begin ] --START--
INFO: Run Behavior\ReadHtmlCacheBehavior [ RunTime:0.000330s ]
INFO: [ app_begin ] --END-- [ RunTime:0.000362s ]
SQL: SHOW COLUMNS FROM `tb_product` [ RunTime:0.0243s ]
SQL: SELECT * FROM `tb_product` WHERE ( id=45 )  [ RunTime:0.0240s ]
SQL: SHOW COLUMNS FROM `tb_productimg` [ RunTime:0.0246s ]
SQL: SELECT * FROM `tb_productimg` WHERE ( 1=1 AND product_id='45' ) LIMIT 1   [ RunTime:0.0224s ]

[ 2016-12-01T17:16:44+08:00 ] ::1 /jb555host/PersonalTailor/API/ProductAPI/product_msg/product_id/45
INFO: [ app_init ] --START--
INFO: Run Behavior\BuildLiteBehavior [ RunTime:0.000007s ]
INFO: [ app_init ] --END-- [ RunTime:0.000207s ]
INFO: [ app_begin ] --START--
INFO: Run Behavior\ReadHtmlCacheBehavior [ RunTime:0.000268s ]
INFO: [ app_begin ] --END-- [ RunTime:0.000300s ]
SQL: SHOW COLUMNS FROM `tb_product` [ RunTime:0.0165s ]
SQL: SELECT * FROM `tb_product` WHERE ( id=45 )  [ RunTime:0.0160s ]
SQL: SHOW COLUMNS FROM `tb_productimg` [ RunTime:0.0167s ]
SQL: SELECT * FROM `tb_productimg` WHERE ( 1=1 AND product_id='45' ) LIMIT 1   [ RunTime:0.0165s ]

[ 2016-12-01T17:17:10+08:00 ] ::1 /jb555host/PersonalTailor/index.php/API/ProductAPI/product_msg.html
INFO: [ app_init ] --START--
INFO: Run Behavior\BuildLiteBehavior [ RunTime:0.000009s ]
INFO: [ app_init ] --END-- [ RunTime:0.000214s ]
INFO: [ app_begin ] --START--
INFO: Run Behavior\ReadHtmlCacheBehavior [ RunTime:0.000329s ]
INFO: [ app_begin ] --END-- [ RunTime:0.000360s ]
SQL: SHOW COLUMNS FROM `tb_product` [ RunTime:0.0290s ]
SQL: SELECT * FROM `tb_product` WHERE ( id=44 )  [ RunTime:0.0295s ]
SQL: SHOW COLUMNS FROM `tb_productimg` [ RunTime:0.0303s ]
SQL: SELECT * FROM `tb_productimg` WHERE ( 1=1 AND product_id='44' ) LIMIT 1   [ RunTime:0.0282s ]

[ 2016-12-01T17:17:13+08:00 ] ::1 /jb555host/PersonalTailor/index.php/API/ProductAPI/product_msg.html
INFO: [ app_init ] --START--
INFO: Run Behavior\BuildLiteBehavior [ RunTime:0.000013s ]
INFO: [ app_init ] --END-- [ RunTime:0.000364s ]
INFO: [ app_begin ] --START--
INFO: Run Behavior\ReadHtmlCacheBehavior [ RunTime:0.000511s ]
INFO: [ app_begin ] --END-- [ RunTime:0.000590s ]
SQL: SHOW COLUMNS FROM `tb_product` [ RunTime:0.0245s ]
SQL: SELECT * FROM `tb_product` WHERE ( id=45 )  [ RunTime:0.0233s ]
SQL: SHOW COLUMNS FROM `tb_productimg` [ RunTime:0.0236s ]
SQL: SELECT * FROM `tb_productimg` WHERE ( 1=1 AND product_id='45' ) LIMIT 1   [ RunTime:0.0229s ]

[ 2016-12-01T17:17:50+08:00 ] ::1 /jb555host/PersonalTailor/API/ProductAPI/product_msg/product_id/45
INFO: [ app_init ] --START--
INFO: Run Behavior\BuildLiteBehavior [ RunTime:0.000007s ]
INFO: [ app_init ] --END-- [ RunTime:0.000207s ]
INFO: [ app_begin ] --START--
INFO: Run Behavior\ReadHtmlCacheBehavior [ RunTime:0.000270s ]
INFO: [ app_begin ] --END-- [ RunTime:0.000301s ]
SQL: SHOW COLUMNS FROM `tb_product` [ RunTime:0.0221s ]
SQL: SELECT * FROM `tb_product` WHERE ( id=45 )  [ RunTime:0.0229s ]
SQL: SHOW COLUMNS FROM `tb_productimg` [ RunTime:0.0239s ]
SQL: SELECT * FROM `tb_productimg` WHERE ( 1=1 AND product_id='45' ) LIMIT 1   [ RunTime:0.0224s ]

[ 2016-12-01T17:18:11+08:00 ] ::1 /jb555host/PersonalTailor/index.php/API/ProductAPI/product_msg.html
INFO: [ app_init ] --START--
INFO: Run Behavior\BuildLiteBehavior [ RunTime:0.000013s ]
INFO: [ app_init ] --END-- [ RunTime:0.000456s ]
INFO: [ app_begin ] --START--
INFO: Run Behavior\ReadHtmlCacheBehavior [ RunTime:0.000698s ]
INFO: [ app_begin ] --END-- [ RunTime:0.000743s ]
SQL: SHOW COLUMNS FROM `tb_product` [ RunTime:0.0212s ]
SQL: SELECT * FROM `tb_product` WHERE ( id=44 )  [ RunTime:0.0217s ]
SQL: SHOW COLUMNS FROM `tb_productimg` [ RunTime:0.0214s ]
SQL: SELECT * FROM `tb_productimg` WHERE ( 1=1 AND product_id='44' ) LIMIT 1   [ RunTime:0.0205s ]

[ 2016-12-01T17:19:26+08:00 ] ::1 /jb555host/PersonalTailor/index.php/API/ProductAPI/product_msg.html
INFO: [ app_init ] --START--
INFO: Run Behavior\BuildLiteBehavior [ RunTime:0.000008s ]
INFO: [ app_init ] --END-- [ RunTime:0.000255s ]
INFO: [ app_begin ] --START--
INFO: Run Behavior\ReadHtmlCacheBehavior [ RunTime:0.000425s ]
INFO: [ app_begin ] --END-- [ RunTime:0.000457s ]
SQL: SHOW COLUMNS FROM `tb_product` [ RunTime:0.0237s ]
SQL: SELECT * FROM `tb_product` WHERE ( id=44 )  [ RunTime:0.0225s ]
SQL: SHOW COLUMNS FROM `tb_productimg` [ RunTime:0.0219s ]
SQL: SELECT * FROM `tb_productimg` WHERE ( 1=1 AND product_id='44' ) LIMIT 1   [ RunTime:0.0230s ]

[ 2016-12-01T17:19:30+08:00 ] ::1 /jb555host/PersonalTailor/index.php/API/ProductAPI/product_msg.html
INFO: [ app_init ] --START--
INFO: Run Behavior\BuildLiteBehavior [ RunTime:0.000015s ]
INFO: [ app_init ] --END-- [ RunTime:0.000574s ]
INFO: [ app_begin ] --START--
INFO: Run Behavior\ReadHtmlCacheBehavior [ RunTime:0.000743s ]
INFO: [ app_begin ] --END-- [ RunTime:0.000803s ]
SQL: SHOW COLUMNS FROM `tb_product` [ RunTime:0.0160s ]
SQL: SELECT * FROM `tb_product` WHERE ( id=44 )  [ RunTime:0.0154s ]
SQL: SHOW COLUMNS FROM `tb_productimg` [ RunTime:0.0166s ]
SQL: SELECT * FROM `tb_productimg` WHERE ( 1=1 AND product_id='44' ) LIMIT 1   [ RunTime:0.0150s ]

[ 2016-12-01T17:20:44+08:00 ] ::1 /jb555host/PersonalTailor/index.php/API/ProductAPI/product_msg.html
INFO: [ app_init ] --START--
INFO: Run Behavior\BuildLiteBehavior [ RunTime:0.000008s ]
INFO: [ app_init ] --END-- [ RunTime:0.000212s ]
INFO: [ app_begin ] --START--
INFO: Run Behavior\ReadHtmlCacheBehavior [ RunTime:0.000334s ]
INFO: [ app_begin ] --END-- [ RunTime:0.000365s ]
SQL: SHOW COLUMNS FROM `tb_product` [ RunTime:0.0300s ]
SQL: SELECT * FROM `tb_product` WHERE ( id=44 )  [ RunTime:0.0298s ]
SQL: SHOW COLUMNS FROM `tb_productimg` [ RunTime:0.0293s ]
SQL: SELECT * FROM `tb_productimg` WHERE ( 1=1 AND product_id='44' ) LIMIT 1   [ RunTime:0.0279s ]

[ 2016-12-01T17:21:13+08:00 ] ::1 /jb555host/PersonalTailor/index.php/API/ProductAPI/product_msg.html
INFO: [ app_init ] --START--
INFO: Run Behavior\BuildLiteBehavior [ RunTime:0.000010s ]
INFO: [ app_init ] --END-- [ RunTime:0.000254s ]
INFO: [ app_begin ] --START--
INFO: Run Behavior\ReadHtmlCacheBehavior [ RunTime:0.000278s ]
INFO: [ app_begin ] --END-- [ RunTime:0.000309s ]
SQL: SHOW COLUMNS FROM `tb_product` [ RunTime:0.0179s ]
SQL: SELECT * FROM `tb_product` WHERE ( id=44 )  [ RunTime:0.0160s ]
SQL: SHOW COLUMNS FROM `tb_productimg` [ RunTime:0.0170s ]
SQL: SELECT * FROM `tb_productimg` WHERE ( 1=1 AND product_id='44' ) LIMIT 1   [ RunTime:0.0158s ]

[ 2016-12-01T17:21:19+08:00 ] ::1 /jb555host/PersonalTailor/index.php/API/ProductAPI/product_msg.html
INFO: [ app_init ] --START--
INFO: Run Behavior\BuildLiteBehavior [ RunTime:0.000027s ]
INFO: [ app_init ] --END-- [ RunTime:0.000512s ]
INFO: [ app_begin ] --START--
INFO: Run Behavior\ReadHtmlCacheBehavior [ RunTime:0.000417s ]
INFO: [ app_begin ] --END-- [ RunTime:0.000464s ]
SQL: SHOW COLUMNS FROM `tb_product` [ RunTime:0.0174s ]
SQL: SELECT * FROM `tb_product` WHERE ( id=45 )  [ RunTime:0.0162s ]
SQL: SHOW COLUMNS FROM `tb_productimg` [ RunTime:0.0168s ]
SQL: SELECT * FROM `tb_productimg` WHERE ( 1=1 AND product_id='45' ) LIMIT 1   [ RunTime:0.0162s ]

[ 2016-12-01T17:21:23+08:00 ] ::1 /jb555host/PersonalTailor/index.php/API/ProductAPI/product_msg.html
INFO: [ app_init ] --START--
INFO: Run Behavior\BuildLiteBehavior [ RunTime:0.000012s ]
INFO: [ app_init ] --END-- [ RunTime:0.000267s ]
INFO: [ app_begin ] --START--
INFO: Run Behavior\ReadHtmlCacheBehavior [ RunTime:0.000391s ]
INFO: [ app_begin ] --END-- [ RunTime:0.000440s ]
SQL: SHOW COLUMNS FROM `tb_product` [ RunTime:0.0280s ]
SQL: SELECT * FROM `tb_product` WHERE ( id=46 )  [ RunTime:0.0281s ]
SQL: SHOW COLUMNS FROM `tb_productimg` [ RunTime:0.0277s ]
SQL: SELECT * FROM `tb_productimg` WHERE ( 1=1 AND product_id='46' ) LIMIT 1   [ RunTime:0.0277s ]

[ 2016-12-01T17:21:31+08:00 ] ::1 /jb555host/PersonalTailor/index.php/API/ProductAPI/product_msg.html
INFO: [ app_init ] --START--
INFO: Run Behavior\BuildLiteBehavior [ RunTime:0.000012s ]
INFO: [ app_init ] --END-- [ RunTime:0.000253s ]
INFO: [ app_begin ] --START--
INFO: Run Behavior\ReadHtmlCacheBehavior [ RunTime:0.000444s ]
INFO: [ app_begin ] --END-- [ RunTime:0.000499s ]
SQL: SHOW COLUMNS FROM `tb_product` [ RunTime:0.0290s ]
SQL: SELECT * FROM `tb_product` WHERE ( id=44 )  [ RunTime:0.0278s ]
SQL: SHOW COLUMNS FROM `tb_productimg` [ RunTime:0.0286s ]
SQL: SELECT * FROM `tb_productimg` WHERE ( 1=1 AND product_id='44' ) LIMIT 1   [ RunTime:0.0275s ]

[ 2016-12-01T17:22:08+08:00 ] ::1 /jb555host/PersonalTailor/index.php/API/ProductAPI/product_msg.html
INFO: [ app_init ] --START--
INFO: Run Behavior\BuildLiteBehavior [ RunTime:0.000015s ]
INFO: [ app_init ] --END-- [ RunTime:0.000653s ]
INFO: [ app_begin ] --START--
INFO: Run Behavior\ReadHtmlCacheBehavior [ RunTime:0.000700s ]
INFO: [ app_begin ] --END-- [ RunTime:0.000752s ]
SQL: SHOW COLUMNS FROM `tb_product` [ RunTime:0.0162s ]
SQL: SELECT * FROM `tb_product` WHERE ( id=44 )  [ RunTime:0.0167s ]
SQL: SHOW COLUMNS FROM `tb_productimg` [ RunTime:0.0169s ]
SQL: SELECT * FROM `tb_productimg` WHERE ( 1=1 AND product_id='44' ) LIMIT 1   [ RunTime:0.0154s ]

[ 2016-12-01T17:22:35+08:00 ] ::1 /jb555host/PersonalTailor/index.php/API/ProductAPI/product_msg.html
INFO: [ app_init ] --START--
INFO: Run Behavior\BuildLiteBehavior [ RunTime:0.000024s ]
INFO: [ app_init ] --END-- [ RunTime:0.000334s ]
INFO: [ app_begin ] --START--
INFO: Run Behavior\ReadHtmlCacheBehavior [ RunTime:0.000390s ]
INFO: [ app_begin ] --END-- [ RunTime:0.000437s ]
SQL: SHOW COLUMNS FROM `tb_product` [ RunTime:0.0217s ]
SQL: SELECT * FROM `tb_product` WHERE ( id=44 )  [ RunTime:0.0216s ]
SQL: SHOW COLUMNS FROM `tb_productimg` [ RunTime:0.0215s ]
SQL: SELECT * FROM `tb_productimg` WHERE ( 1=1 AND product_id='44' ) LIMIT 1   [ RunTime:0.0204s ]

[ 2016-12-01T17:23:48+08:00 ] ::1 /jb555host/PersonalTailor/index.php/API/ProductAPI/product_msg.html
INFO: [ app_init ] --START--
INFO: Run Behavior\BuildLiteBehavior [ RunTime:0.000008s ]
INFO: [ app_init ] --END-- [ RunTime:0.000222s ]
INFO: [ app_begin ] --START--
INFO: Run Behavior\ReadHtmlCacheBehavior [ RunTime:0.000334s ]
INFO: [ app_begin ] --END-- [ RunTime:0.000362s ]
SQL: SHOW COLUMNS FROM `tb_product` [ RunTime:0.0220s ]
SQL: SELECT * FROM `tb_product` WHERE ( id=44 )  [ RunTime:0.0213s ]
SQL: SHOW COLUMNS FROM `tb_productimg` [ RunTime:0.0235s ]
SQL: SELECT * FROM `tb_productimg` WHERE ( 1=1 AND product_id='44' ) LIMIT 1   [ RunTime:0.0217s ]

[ 2016-12-01T17:23:56+08:00 ] ::1 /jb555host/PersonalTailor/index.php/API/ProductAPI/product_msg.html
INFO: [ app_init ] --START--
INFO: Run Behavior\BuildLiteBehavior [ RunTime:0.000010s ]
INFO: [ app_init ] --END-- [ RunTime:0.000394s ]
INFO: [ app_begin ] --START--
INFO: Run Behavior\ReadHtmlCacheBehavior [ RunTime:0.000430s ]
INFO: [ app_begin ] --END-- [ RunTime:0.000464s ]
SQL: SHOW COLUMNS FROM `tb_product` [ RunTime:0.0219s ]
SQL: SELECT * FROM `tb_product` WHERE ( id=44 )  [ RunTime:0.0219s ]
SQL: SHOW COLUMNS FROM `tb_productimg` [ RunTime:0.0222s ]
SQL: SELECT * FROM `tb_productimg` WHERE ( 1=1 AND product_id='44' ) LIMIT 1   [ RunTime:0.0216s ]

[ 2016-12-01T17:24:23+08:00 ] ::1 /jb555host/PersonalTailor/index.php/API/ProductAPI/product_msg.html
INFO: [ app_init ] --START--
INFO: Run Behavior\BuildLiteBehavior [ RunTime:0.000012s ]
INFO: [ app_init ] --END-- [ RunTime:0.000319s ]
INFO: [ app_begin ] --START--
INFO: Run Behavior\ReadHtmlCacheBehavior [ RunTime:0.000615s ]
INFO: [ app_begin ] --END-- [ RunTime:0.000657s ]
SQL: SHOW COLUMNS FROM `tb_product` [ RunTime:0.0275s ]
SQL: SELECT * FROM `tb_product` WHERE ( id=44 )  [ RunTime:0.0284s ]
SQL: SHOW COLUMNS FROM `tb_productimg` [ RunTime:0.0284s ]
SQL: SELECT * FROM `tb_productimg` WHERE ( 1=1 AND product_id='44' ) LIMIT 1   [ RunTime:0.0281s ]

[ 2016-12-01T17:25:19+08:00 ] ::1 /jb555host/PersonalTailor/index.php/API/ProductAPI/product_msg.html
INFO: [ app_init ] --START--
INFO: Run Behavior\BuildLiteBehavior [ RunTime:0.000009s ]
INFO: [ app_init ] --END-- [ RunTime:0.000230s ]
INFO: [ app_begin ] --START--
INFO: Run Behavior\ReadHtmlCacheBehavior [ RunTime:0.000295s ]
INFO: [ app_begin ] --END-- [ RunTime:0.000329s ]
SQL: SHOW COLUMNS FROM `tb_product` [ RunTime:0.0156s ]
SQL: SELECT * FROM `tb_product` WHERE ( id=44 )  [ RunTime:0.0166s ]
SQL: SHOW COLUMNS FROM `tb_productimg` [ RunTime:0.0163s ]
SQL: SELECT * FROM `tb_productimg` WHERE ( 1=1 AND product_id='44' ) LIMIT 1   [ RunTime:0.0159s ]

[ 2016-12-01T17:26:16+08:00 ] ::1 /jb555host/PersonalTailor/index.php/API/ProductAPI/product_msg.html
INFO: [ app_init ] --START--
INFO: Run Behavior\BuildLiteBehavior [ RunTime:0.000012s ]
INFO: [ app_init ] --END-- [ RunTime:0.000366s ]
INFO: [ app_begin ] --START--
INFO: Run Behavior\ReadHtmlCacheBehavior [ RunTime:0.000683s ]
INFO: [ app_begin ] --END-- [ RunTime:0.000755s ]
SQL: SHOW COLUMNS FROM `tb_product` [ RunTime:0.0281s ]
SQL: SELECT * FROM `tb_product` WHERE ( id=44 )  [ RunTime:0.0286s ]
SQL: SHOW COLUMNS FROM `tb_productimg` [ RunTime:0.0278s ]
SQL: SELECT * FROM `tb_productimg` WHERE ( 1=1 AND product_id='44' ) LIMIT 1   [ RunTime:0.0281s ]

[ 2016-12-01T17:27:09+08:00 ] ::1 /jb555host/PersonalTailor/index.php/API/ProductAPI/product_msg.html
INFO: [ app_init ] --START--
INFO: Run Behavior\BuildLiteBehavior [ RunTime:0.000016s ]
INFO: [ app_init ] --END-- [ RunTime:0.000360s ]
INFO: [ app_begin ] --START--
INFO: Run Behavior\ReadHtmlCacheBehavior [ RunTime:0.000389s ]
INFO: [ app_begin ] --END-- [ RunTime:0.000424s ]
SQL: SHOW COLUMNS FROM `tb_product` [ RunTime:0.0176s ]
SQL: SELECT * FROM `tb_product` WHERE ( id=44 )  [ RunTime:0.0170s ]
SQL: SHOW COLUMNS FROM `tb_productimg` [ RunTime:0.0162s ]
SQL: SELECT * FROM `tb_productimg` WHERE ( 1=1 AND product_id='44' ) LIMIT 1   [ RunTime:0.0165s ]

[ 2016-12-01T17:28:04+08:00 ] ::1 /jb555host/PersonalTailor/index.php/API/ProductAPI/product_msg.html
INFO: [ app_init ] --START--
INFO: Run Behavior\BuildLiteBehavior [ RunTime:0.000011s ]
INFO: [ app_init ] --END-- [ RunTime:0.000275s ]
INFO: [ app_begin ] --START--
INFO: Run Behavior\ReadHtmlCacheBehavior [ RunTime:0.000366s ]
INFO: [ app_begin ] --END-- [ RunTime:0.000400s ]
SQL: SHOW COLUMNS FROM `tb_product` [ RunTime:0.0223s ]
SQL: SELECT * FROM `tb_product` WHERE ( id=44 )  [ RunTime:0.0221s ]
SQL: SHOW COLUMNS FROM `tb_productimg` [ RunTime:0.0231s ]
SQL: SELECT * FROM `tb_productimg` WHERE ( 1=1 AND product_id='44' ) LIMIT 1   [ RunTime:0.0229s ]

[ 2016-12-01T17:29:34+08:00 ] ::1 /jb555host/PersonalTailor/index.php/API/ProductAPI/product_msg.html
INFO: [ app_init ] --START--
INFO: Run Behavior\BuildLiteBehavior [ RunTime:0.000008s ]
INFO: [ app_init ] --END-- [ RunTime:0.000211s ]
INFO: [ app_begin ] --START--
INFO: Run Behavior\ReadHtmlCacheBehavior [ RunTime:0.000267s ]
INFO: [ app_begin ] --END-- [ RunTime:0.000297s ]
SQL: SHOW COLUMNS FROM `tb_product` [ RunTime:0.0239s ]
SQL: SELECT * FROM `tb_product` WHERE ( id=44 )  [ RunTime:0.0244s ]
SQL: SHOW COLUMNS FROM `tb_productimg` [ RunTime:0.0239s ]
SQL: SELECT * FROM `tb_productimg` WHERE ( 1=1 AND product_id='44' ) LIMIT 1   [ RunTime:0.0236s ]

[ 2016-12-01T17:33:16+08:00 ] ::1 /jb555host/PersonalTailor/index.php/API/ProductAPI/product_msg.html
INFO: [ app_init ] --START--
INFO: Run Behavior\BuildLiteBehavior [ RunTime:0.000008s ]
INFO: [ app_init ] --END-- [ RunTime:0.000240s ]
INFO: [ app_begin ] --START--
INFO: Run Behavior\ReadHtmlCacheBehavior [ RunTime:0.000360s ]
INFO: [ app_begin ] --END-- [ RunTime:0.000391s ]
SQL: SHOW COLUMNS FROM `tb_product` [ RunTime:0.0291s ]
SQL: SELECT * FROM `tb_product` WHERE ( id=44 )  [ RunTime:0.0279s ]
SQL: SHOW COLUMNS FROM `tb_productimg` [ RunTime:0.0281s ]
SQL: SELECT * FROM `tb_productimg` WHERE ( 1=1 AND product_id='44' ) LIMIT 1   [ RunTime:0.0313s ]

[ 2016-12-01T17:33:46+08:00 ] ::1 /jb555host/PersonalTailor/index.php/API/ProductAPI/product_msg.html
INFO: [ app_init ] --START--
INFO: Run Behavior\BuildLiteBehavior [ RunTime:0.000008s ]
INFO: [ app_init ] --END-- [ RunTime:0.000209s ]
INFO: [ app_begin ] --START--
INFO: Run Behavior\ReadHtmlCacheBehavior [ RunTime:0.000267s ]
INFO: [ app_begin ] --END-- [ RunTime:0.000296s ]
SQL: SHOW COLUMNS FROM `tb_product` [ RunTime:0.0169s ]
SQL: SELECT * FROM `tb_product` WHERE ( id=44 )  [ RunTime:0.0163s ]
SQL: SHOW COLUMNS FROM `tb_productimg` [ RunTime:0.0165s ]
SQL: SELECT * FROM `tb_productimg` WHERE ( 1=1 AND product_id='44' ) LIMIT 1   [ RunTime:0.0247s ]

[ 2016-12-01T17:41:12+08:00 ] ::1 /jb555host/PersonalTailor/index.php/API/ProductAPI/product_msg.html
INFO: [ app_init ] --START--
INFO: Run Behavior\BuildLiteBehavior [ RunTime:0.000017s ]
INFO: [ app_init ] --END-- [ RunTime:0.000473s ]
INFO: [ app_begin ] --START--
INFO: Run Behavior\ReadHtmlCacheBehavior [ RunTime:0.000630s ]
INFO: [ app_begin ] --END-- [ RunTime:0.000698s ]
SQL: SHOW COLUMNS FROM `tb_product` [ RunTime:0.0171s ]
SQL: SELECT * FROM `tb_product` WHERE ( id=44 )  [ RunTime:0.0177s ]
SQL: SHOW COLUMNS FROM `tb_productimg` [ RunTime:0.0175s ]
SQL: SELECT * FROM `tb_productimg` WHERE ( 1=1 AND product_id='44' ) LIMIT 1   [ RunTime:0.0157s ]

[ 2016-12-01T17:42:59+08:00 ] ::1 /jb555host/PersonalTailor/index.php/API/ProductAPI/product_msg.html
INFO: [ app_init ] --START--
INFO: Run Behavior\BuildLiteBehavior [ RunTime:0.000008s ]
INFO: [ app_init ] --END-- [ RunTime:0.000251s ]
INFO: [ app_begin ] --START--
INFO: Run Behavior\ReadHtmlCacheBehavior [ RunTime:0.000416s ]
INFO: [ app_begin ] --END-- [ RunTime:0.000447s ]
SQL: SHOW COLUMNS FROM `tb_product` [ RunTime:0.0235s ]
SQL: SELECT * FROM `tb_product` WHERE ( id=44 )  [ RunTime:0.0222s ]
SQL: SHOW COLUMNS FROM `tb_productimg` [ RunTime:0.0238s ]
SQL: SELECT * FROM `tb_productimg` WHERE ( 1=1 AND product_id='44' ) LIMIT 1   [ RunTime:0.0235s ]

[ 2016-12-01T17:44:52+08:00 ] ::1 /jb555host/PersonalTailor/index.php/API/ProductAPI/product_msg.html
INFO: [ app_init ] --START--
INFO: Run Behavior\BuildLiteBehavior [ RunTime:0.000009s ]
INFO: [ app_init ] --END-- [ RunTime:0.000255s ]
INFO: [ app_begin ] --START--
INFO: Run Behavior\ReadHtmlCacheBehavior [ RunTime:0.000557s ]
INFO: [ app_begin ] --END-- [ RunTime:0.000625s ]
SQL: SHOW COLUMNS FROM `tb_product` [ RunTime:0.0173s ]
SQL: SELECT * FROM `tb_product` WHERE ( id=44 )  [ RunTime:0.0166s ]
SQL: SHOW COLUMNS FROM `tb_productimg` [ RunTime:0.0170s ]
SQL: SELECT * FROM `tb_productimg` WHERE ( 1=1 AND product_id='44' ) LIMIT 1   [ RunTime:0.0162s ]

[ 2016-12-01T20:39:51+08:00 ] ::1 /jb555host/PersonalTailor/index.php/API/ProductAPI/product_msg.html
INFO: [ app_init ] --START--
INFO: Run Behavior\BuildLiteBehavior [ RunTime:0.000008s ]
INFO: [ app_init ] --END-- [ RunTime:0.000251s ]
INFO: [ app_begin ] --START--
INFO: Run Behavior\ReadHtmlCacheBehavior [ RunTime:0.000486s ]
INFO: [ app_begin ] --END-- [ RunTime:0.000546s ]
SQL: SHOW COLUMNS FROM `tb_product` [ RunTime:0.0245s ]
SQL: SELECT * FROM `tb_product` WHERE ( id=44 )  [ RunTime:0.0230s ]
SQL: SHOW COLUMNS FROM `tb_productimg` [ RunTime:0.0237s ]
SQL: SELECT * FROM `tb_productimg` WHERE ( 1=1 AND product_id='44' ) LIMIT 1   [ RunTime:0.0239s ]

[ 2016-12-01T21:30:49+08:00 ] ::1 /jb555host/PersonalTailor/index.php/API/ProductAPI/product_msg.html
INFO: [ app_init ] --START--
INFO: Run Behavior\BuildLiteBehavior [ RunTime:0.000028s ]
INFO: [ app_init ] --END-- [ RunTime:0.000804s ]
INFO: [ app_begin ] --START--
INFO: Run Behavior\ReadHtmlCacheBehavior [ RunTime:0.000600s ]
INFO: [ app_begin ] --END-- [ RunTime:0.000635s ]
SQL: SHOW COLUMNS FROM `tb_product` [ RunTime:0.0312s ]
SQL: SELECT * FROM `tb_product` WHERE ( id=44 )  [ RunTime:0.0306s ]
SQL: SHOW COLUMNS FROM `tb_productimg` [ RunTime:0.0305s ]
SQL: SELECT * FROM `tb_productimg` WHERE ( 1=1 AND product_id='44' ) LIMIT 1   [ RunTime:0.0289s ]

[ 2016-12-01T21:37:40+08:00 ] ::1 /jb555host/PersonalTailor/index.php/API/ProductAPI/product_msg.html
INFO: [ app_init ] --START--
INFO: Run Behavior\BuildLiteBehavior [ RunTime:0.000012s ]
INFO: [ app_init ] --END-- [ RunTime:0.000334s ]
INFO: [ app_begin ] --START--
INFO: Run Behavior\ReadHtmlCacheBehavior [ RunTime:0.000513s ]
INFO: [ app_begin ] --END-- [ RunTime:0.000561s ]
SQL: SHOW COLUMNS FROM `tb_product` [ RunTime:0.0181s ]
SQL: SELECT * FROM `tb_product` WHERE ( id=44 )  [ RunTime:0.0164s ]
SQL: SHOW COLUMNS FROM `tb_productimg` [ RunTime:0.0169s ]
SQL: SELECT * FROM `tb_productimg` WHERE ( 1=1 AND product_id='44' ) LIMIT 1   [ RunTime:0.0166s ]

[ 2016-12-01T21:37:42+08:00 ] ::1 /jb555host/PersonalTailor/index.php/API/ProductAPI/product_msg.html
INFO: [ app_init ] --START--
INFO: Run Behavior\BuildLiteBehavior [ RunTime:0.000016s ]
INFO: [ app_init ] --END-- [ RunTime:0.000370s ]
INFO: [ app_begin ] --START--
INFO: Run Behavior\ReadHtmlCacheBehavior [ RunTime:0.000424s ]
INFO: [ app_begin ] --END-- [ RunTime:0.000484s ]
SQL: SHOW COLUMNS FROM `tb_product` [ RunTime:0.0236s ]
SQL: SELECT * FROM `tb_product` WHERE ( id=45 )  [ RunTime:0.0217s ]
SQL: SHOW COLUMNS FROM `tb_productimg` [ RunTime:0.0227s ]
SQL: SELECT * FROM `tb_productimg` WHERE ( 1=1 AND product_id='45' ) LIMIT 1   [ RunTime:0.0214s ]

[ 2016-12-01T21:37:49+08:00 ] ::1 /jb555host/PersonalTailor/index.php/API/ProductAPI/update_product.html
INFO: [ app_init ] --START--
INFO: Run Behavior\BuildLiteBehavior [ RunTime:0.000009s ]
INFO: [ app_init ] --END-- [ RunTime:0.000254s ]
INFO: [ app_begin ] --START--
INFO: Run Behavior\ReadHtmlCacheBehavior [ RunTime:0.000357s ]
INFO: [ app_begin ] --END-- [ RunTime:0.000391s ]
SQL: SHOW COLUMNS FROM `tb_product` [ RunTime:0.0194s ]
INFO: [ view_parse ] --START--
NOTIC: [2] md5() expects parameter 1 to be string, array given E:\xmapp\htdocs\jb555host\PersonalTailor\ThinkPHP\Library\Behavior\ParseTemplateBehavior.class.php 第 101 行.
NOTIC: [2] md5() expects parameter 1 to be string, array given E:\xmapp\htdocs\jb555host\PersonalTailor\ThinkPHP\Library\Behavior\ParseTemplateBehavior.class.php 第 34 行.
INFO: Run Behavior\ParseTemplateBehavior [ RunTime:0.008761s ]
INFO: [ view_parse ] --END-- [ RunTime:0.008803s ]
INFO: [ view_filter ] --START--
INFO: Run Behavior\WriteHtmlCacheBehavior [ RunTime:0.000244s ]
INFO: [ view_filter ] --END-- [ RunTime:0.000272s ]
INFO: [ app_end ] --START--
INFO: Run Behavior\ShowPageTraceBehavior [ RunTime:0.000373s ]
INFO: [ app_end ] --END-- [ RunTime:0.000401s ]

[ 2016-12-01T21:39:10+08:00 ] ::1 /jb555host/PersonalTailor/index.php/API/ProductAPI/product_msg.html
INFO: [ app_init ] --START--
INFO: Run Behavior\BuildLiteBehavior [ RunTime:0.000019s ]
INFO: [ app_init ] --END-- [ RunTime:0.000647s ]
INFO: [ app_begin ] --START--
INFO: Run Behavior\ReadHtmlCacheBehavior [ RunTime:0.001203s ]
INFO: [ app_begin ] --END-- [ RunTime:0.001275s ]
SQL: SHOW COLUMNS FROM `tb_product` [ RunTime:0.0304s ]
SQL: SELECT * FROM `tb_product` WHERE ( id=44 )  [ RunTime:0.0302s ]
SQL: SHOW COLUMNS FROM `tb_productimg` [ RunTime:0.0310s ]
SQL: SELECT * FROM `tb_productimg` WHERE ( 1=1 AND product_id='44' ) LIMIT 1   [ RunTime:0.0305s ]

[ 2016-12-01T21:39:12+08:00 ] ::1 /jb555host/PersonalTailor/index.php/API/ProductAPI/update_product.html
INFO: [ app_init ] --START--
INFO: Run Behavior\BuildLiteBehavior [ RunTime:0.000008s ]
INFO: [ app_init ] --END-- [ RunTime:0.000324s ]
INFO: [ app_begin ] --START--
INFO: Run Behavior\ReadHtmlCacheBehavior [ RunTime:0.000663s ]
INFO: [ app_begin ] --END-- [ RunTime:0.000695s ]
SQL: SHOW COLUMNS FROM `tb_product` [ RunTime:0.0164s ]
INFO: [ view_parse ] --START--
NOTIC: [2] md5() expects parameter 1 to be string, array given E:\xmapp\htdocs\jb555host\PersonalTailor\ThinkPHP\Library\Behavior\ParseTemplateBehavior.class.php 第 101 行.
NOTIC: [2] md5() expects parameter 1 to be string, array given E:\xmapp\htdocs\jb555host\PersonalTailor\ThinkPHP\Library\Behavior\ParseTemplateBehavior.class.php 第 34 行.
INFO: Run Behavior\ParseTemplateBehavior [ RunTime:0.000456s ]
INFO: [ view_parse ] --END-- [ RunTime:0.000486s ]
INFO: [ view_filter ] --START--
INFO: Run Behavior\WriteHtmlCacheBehavior [ RunTime:0.000489s ]
INFO: [ view_filter ] --END-- [ RunTime:0.000516s ]
INFO: [ app_end ] --START--
INFO: Run Behavior\ShowPageTraceBehavior [ RunTime:0.000625s ]
INFO: [ app_end ] --END-- [ RunTime:0.000650s ]

[ 2016-12-01T21:39:24+08:00 ] ::1 /jb555host/PersonalTailor/index.php/API/ProductAPI/product_msg.html
INFO: [ app_init ] --START--
INFO: Run Behavior\BuildLiteBehavior [ RunTime:0.000008s ]
INFO: [ app_init ] --END-- [ RunTime:0.000216s ]
INFO: [ app_begin ] --START--
INFO: Run Behavior\ReadHtmlCacheBehavior [ RunTime:0.000274s ]
INFO: [ app_begin ] --END-- [ RunTime:0.000306s ]
SQL: SHOW COLUMNS FROM `tb_product` [ RunTime:0.0238s ]
SQL: SELECT * FROM `tb_product` WHERE ( id=44 )  [ RunTime:0.0243s ]
SQL: SHOW COLUMNS FROM `tb_productimg` [ RunTime:0.0250s ]
SQL: SELECT * FROM `tb_productimg` WHERE ( 1=1 AND product_id='44' ) LIMIT 1   [ RunTime:0.0246s ]

[ 2016-12-01T21:39:25+08:00 ] ::1 /jb555host/PersonalTailor/index.php/API/ProductAPI/update_product.html
INFO: [ app_init ] --START--
INFO: Run Behavior\BuildLiteBehavior [ RunTime:0.000011s ]
INFO: [ app_init ] --END-- [ RunTime:0.000231s ]
INFO: [ app_begin ] --START--
INFO: Run Behavior\ReadHtmlCacheBehavior [ RunTime:0.000281s ]
INFO: [ app_begin ] --END-- [ RunTime:0.000316s ]
SQL: SHOW COLUMNS FROM `tb_product` [ RunTime:0.0219s ]
INFO: [ view_parse ] --START--
NOTIC: [2] md5() expects parameter 1 to be string, array given E:\xmapp\htdocs\jb555host\PersonalTailor\ThinkPHP\Library\Behavior\ParseTemplateBehavior.class.php 第 101 行.
NOTIC: [2] md5() expects parameter 1 to be string, array given E:\xmapp\htdocs\jb555host\PersonalTailor\ThinkPHP\Library\Behavior\ParseTemplateBehavior.class.php 第 34 行.
INFO: Run Behavior\ParseTemplateBehavior [ RunTime:0.000371s ]
INFO: [ view_parse ] --END-- [ RunTime:0.000401s ]
INFO: [ view_filter ] --START--
INFO: Run Behavior\WriteHtmlCacheBehavior [ RunTime:0.000237s ]
INFO: [ view_filter ] --END-- [ RunTime:0.000261s ]
INFO: [ app_end ] --START--
INFO: Run Behavior\ShowPageTraceBehavior [ RunTime:0.000364s ]
INFO: [ app_end ] --END-- [ RunTime:0.000389s ]

[ 2016-12-01T21:41:03+08:00 ] ::1 /jb555host/PersonalTailor/index.php/API/ProductAPI/product_msg.html
INFO: [ app_init ] --START--
INFO: Run Behavior\BuildLiteBehavior [ RunTime:0.000009s ]
INFO: [ app_init ] --END-- [ RunTime:0.000244s ]
INFO: [ app_begin ] --START--
INFO: Run Behavior\ReadHtmlCacheBehavior [ RunTime:0.000535s ]
INFO: [ app_begin ] --END-- [ RunTime:0.000580s ]
SQL: SHOW COLUMNS FROM `tb_product` [ RunTime:0.0241s ]
SQL: SELECT * FROM `tb_product` WHERE ( id=44 )  [ RunTime:0.0239s ]
SQL: SHOW COLUMNS FROM `tb_productimg` [ RunTime:0.0243s ]
SQL: SELECT * FROM `tb_productimg` WHERE ( 1=1 AND product_id='44' ) LIMIT 1   [ RunTime:0.0232s ]

[ 2016-12-01T21:41:04+08:00 ] ::1 /jb555host/PersonalTailor/index.php/API/ProductAPI/update_product.html
INFO: [ app_init ] --START--
INFO: Run Behavior\BuildLiteBehavior [ RunTime:0.000015s ]
INFO: [ app_init ] --END-- [ RunTime:0.000323s ]
INFO: [ app_begin ] --START--
INFO: Run Behavior\ReadHtmlCacheBehavior [ RunTime:0.000409s ]
INFO: [ app_begin ] --END-- [ RunTime:0.000455s ]
SQL: SHOW COLUMNS FROM `tb_product` [ RunTime:0.0283s ]
NOTIC: [8] Undefined offset: 0 E:\xmapp\htdocs\jb555host\PersonalTailor\Application\API\Controller\ProductAPIController.class.php 第 116 行.
NOTIC: [8] Use of undefined constant name - assumed 'name' E:\xmapp\htdocs\jb555host\PersonalTailor\Application\API\Controller\ProductAPIController.class.php 第 116 行.
INFO: [ view_parse ] --START--
INFO: [ template_filter ] --START--
INFO: Run Behavior\ContentReplaceBehavior [ RunTime:0.000021s ]
INFO: [ template_filter ] --END-- [ RunTime:0.000049s ]
INFO: Run Behavior\ParseTemplateBehavior [ RunTime:0.007170s ]
INFO: [ view_parse ] --END-- [ RunTime:0.007209s ]
INFO: [ view_filter ] --START--
INFO: Run Behavior\WriteHtmlCacheBehavior [ RunTime:0.000197s ]
INFO: [ view_filter ] --END-- [ RunTime:0.000219s ]
INFO: [ app_end ] --START--
INFO: Run Behavior\ShowPageTraceBehavior [ RunTime:0.000357s ]
INFO: [ app_end ] --END-- [ RunTime:0.000383s ]

[ 2016-12-01T21:43:24+08:00 ] ::1 /jb555host/PersonalTailor/API/ProductAPI/update_product/id/12/name/sad/introduce/sad/type/13212/price/1222
INFO: [ app_init ] --START--
INFO: Run Behavior\BuildLiteBehavior [ RunTime:0.000008s ]
INFO: [ app_init ] --END-- [ RunTime:0.000246s ]
INFO: [ app_begin ] --START--
INFO: Run Behavior\ReadHtmlCacheBehavior [ RunTime:0.000379s ]
INFO: [ app_begin ] --END-- [ RunTime:0.000408s ]
SQL: SHOW COLUMNS FROM `tb_product` [ RunTime:0.0229s ]
INFO: [ app_end ] --START--
INFO: Run Behavior\ShowPageTraceBehavior [ RunTime:0.000953s ]
INFO: [ app_end ] --END-- [ RunTime:0.001050s ]

[ 2016-12-01T21:44:15+08:00 ] ::1 /jb555host/PersonalTailor/API/ProductAPI/update_product/id/12/name/sad/introduce/sad/type/13212/price/1222
INFO: [ app_init ] --START--
INFO: Run Behavior\BuildLiteBehavior [ RunTime:0.000008s ]
INFO: [ app_init ] --END-- [ RunTime:0.000235s ]
INFO: [ app_begin ] --START--
INFO: Run Behavior\ReadHtmlCacheBehavior [ RunTime:0.000333s ]
INFO: [ app_begin ] --END-- [ RunTime:0.000366s ]
SQL: SHOW COLUMNS FROM `tb_product` [ RunTime:0.0235s ]
INFO: [ app_end ] --START--
INFO: Run Behavior\ShowPageTraceBehavior [ RunTime:0.000464s ]
INFO: [ app_end ] --END-- [ RunTime:0.000496s ]

[ 2016-12-01T21:45:55+08:00 ] ::1 /jb555host/PersonalTailor/API/ProductAPI/update_product/id/45
INFO: [ app_init ] --START--
INFO: Run Behavior\BuildLiteBehavior [ RunTime:0.000008s ]
INFO: [ app_init ] --END-- [ RunTime:0.000258s ]
INFO: [ app_begin ] --START--
INFO: Run Behavior\ReadHtmlCacheBehavior [ RunTime:0.000377s ]
INFO: [ app_begin ] --END-- [ RunTime:0.000411s ]
SQL: SHOW COLUMNS FROM `tb_product` [ RunTime:0.0288s ]
SQL: SELECT * FROM `tb_product`  [ RunTime:0.0275s ]
NOTIC: [8] Array to string conversion E:\xmapp\htdocs\jb555host\PersonalTailor\Application\API\Controller\ProductAPIController.class.php 第 121 行.
INFO: [ app_end ] --START--
INFO: Run Behavior\ShowPageTraceBehavior [ RunTime:0.000484s ]
INFO: [ app_end ] --END-- [ RunTime:0.000513s ]

[ 2016-12-01T21:46:10+08:00 ] ::1 /jb555host/PersonalTailor/API/ProductAPI/update_product/id/45
INFO: [ app_init ] --START--
INFO: Run Behavior\BuildLiteBehavior [ RunTime:0.000008s ]
INFO: [ app_init ] --END-- [ RunTime:0.000215s ]
INFO: [ app_begin ] --START--
INFO: Run Behavior\ReadHtmlCacheBehavior [ RunTime:0.000273s ]
INFO: [ app_begin ] --END-- [ RunTime:0.000305s ]
SQL: SHOW COLUMNS FROM `tb_product` [ RunTime:0.0168s ]
SQL: SELECT * FROM `tb_product`  [ RunTime:0.0159s ]
INFO: [ app_end ] --START--
INFO: Run Behavior\ShowPageTraceBehavior [ RunTime:0.000395s ]
INFO: [ app_end ] --END-- [ RunTime:0.000427s ]

[ 2016-12-01T21:48:35+08:00 ] ::1 /jb555host/PersonalTailor/API/ProductAPI/update_product/id/45/price/30
INFO: [ app_init ] --START--
INFO: Run Behavior\BuildLiteBehavior [ RunTime:0.000009s ]
INFO: [ app_init ] --END-- [ RunTime:0.000245s ]
INFO: [ app_begin ] --START--
INFO: Run Behavior\ReadHtmlCacheBehavior [ RunTime:0.000333s ]
INFO: [ app_begin ] --END-- [ RunTime:0.000366s ]
SQL: SHOW COLUMNS FROM `tb_product` [ RunTime:0.0245s ]
SQL: SELECT * FROM `tb_product`  [ RunTime:0.0252s ]
INFO: [ app_end ] --START--
INFO: Run Behavior\ShowPageTraceBehavior [ RunTime:0.000489s ]
INFO: [ app_end ] --END-- [ RunTime:0.000519s ]

[ 2016-12-01T21:48:36+08:00 ] ::1 /jb555host/PersonalTailor/API/ProductAPI/update_product/id/45/price/30
INFO: [ app_init ] --START--
INFO: Run Behavior\BuildLiteBehavior [ RunTime:0.000008s ]
INFO: [ app_init ] --END-- [ RunTime:0.000216s ]
INFO: [ app_begin ] --START--
INFO: Run Behavior\ReadHtmlCacheBehavior [ RunTime:0.000275s ]
INFO: [ app_begin ] --END-- [ RunTime:0.000307s ]
SQL: SHOW COLUMNS FROM `tb_product` [ RunTime:0.0276s ]
SQL: SELECT * FROM `tb_product`  [ RunTime:0.0274s ]
INFO: [ app_end ] --START--
INFO: Run Behavior\ShowPageTraceBehavior [ RunTime:0.000979s ]
INFO: [ app_end ] --END-- [ RunTime:0.004089s ]

[ 2016-12-01T21:57:43+08:00 ] ::1 /jb555host/PersonalTailor/index.php/API/ProductAPI/product_msg.html
INFO: [ app_init ] --START--
INFO: Run Behavior\BuildLiteBehavior [ RunTime:0.000008s ]
INFO: [ app_init ] --END-- [ RunTime:0.000216s ]
INFO: [ app_begin ] --START--
INFO: Run Behavior\ReadHtmlCacheBehavior [ RunTime:0.000501s ]
INFO: [ app_begin ] --END-- [ RunTime:0.000537s ]
SQL: SHOW COLUMNS FROM `tb_product` [ RunTime:0.0169s ]
SQL: SELECT * FROM `tb_product` WHERE ( id=44 )  [ RunTime:0.0162s ]
SQL: SHOW COLUMNS FROM `tb_productimg` [ RunTime:0.0170s ]
SQL: SELECT * FROM `tb_productimg` WHERE ( 1=1 AND product_id='44' ) LIMIT 1   [ RunTime:0.0144s ]

[ 2016-12-01T21:57:47+08:00 ] ::1 /jb555host/PersonalTailor/index.php/API/ProductAPI/update_product.html
INFO: [ app_init ] --START--
INFO: Run Behavior\BuildLiteBehavior [ RunTime:0.000011s ]
INFO: [ app_init ] --END-- [ RunTime:0.000309s ]
INFO: [ app_begin ] --START--
INFO: Run Behavior\ReadHtmlCacheBehavior [ RunTime:0.000398s ]
INFO: [ app_begin ] --END-- [ RunTime:0.000443s ]
SQL: SHOW COLUMNS FROM `tb_product` [ RunTime:0.0214s ]

[ 2016-12-01T21:57:52+08:00 ] ::1 /jb555host/PersonalTailor/index.php/API/ProductAPI/product_msg.html
INFO: [ app_init ] --START--
INFO: Run Behavior\BuildLiteBehavior [ RunTime:0.000012s ]
INFO: [ app_init ] --END-- [ RunTime:0.000268s ]
INFO: [ app_begin ] --START--
INFO: Run Behavior\ReadHtmlCacheBehavior [ RunTime:0.000694s ]
INFO: [ app_begin ] --END-- [ RunTime:0.000760s ]
SQL: SHOW COLUMNS FROM `tb_product` [ RunTime:0.0240s ]
SQL: SELECT * FROM `tb_product` WHERE ( id=44 )  [ RunTime:0.0219s ]
SQL: SHOW COLUMNS FROM `tb_productimg` [ RunTime:0.0228s ]
SQL: SELECT * FROM `tb_productimg` WHERE ( 1=1 AND product_id='44' ) LIMIT 1   [ RunTime:0.0231s ]

[ 2016-12-01T21:59:25+08:00 ] ::1 /jb555host/PersonalTailor/index.php/API/ProductAPI/product_msg.html
INFO: [ app_init ] --START--
INFO: Run Behavior\BuildLiteBehavior [ RunTime:0.000008s ]
INFO: [ app_init ] --END-- [ RunTime:0.000263s ]
INFO: [ app_begin ] --START--
INFO: Run Behavior\ReadHtmlCacheBehavior [ RunTime:0.000384s ]
INFO: [ app_begin ] --END-- [ RunTime:0.000417s ]
SQL: SHOW COLUMNS FROM `tb_product` [ RunTime:0.0169s ]
SQL: SELECT * FROM `tb_product` WHERE ( id=44 )  [ RunTime:0.0164s ]
SQL: SHOW COLUMNS FROM `tb_productimg` [ RunTime:0.0169s ]
SQL: SELECT * FROM `tb_productimg` WHERE ( 1=1 AND product_id='44' ) LIMIT 1   [ RunTime:0.0181s ]

[ 2016-12-01T21:59:27+08:00 ] ::1 /jb555host/PersonalTailor/index.php/API/ProductAPI/update_product.html
INFO: [ app_init ] --START--
INFO: Run Behavior\BuildLiteBehavior [ RunTime:0.000009s ]
INFO: [ app_init ] --END-- [ RunTime:0.000285s ]
INFO: [ app_begin ] --START--
INFO: Run Behavior\ReadHtmlCacheBehavior [ RunTime:0.000522s ]
INFO: [ app_begin ] --END-- [ RunTime:0.000564s ]
SQL: SHOW COLUMNS FROM `tb_product` [ RunTime:0.0165s ]

[ 2016-12-01T21:59:31+08:00 ] ::1 /jb555host/PersonalTailor/index.php/API/ProductAPI/product_msg.html
INFO: [ app_init ] --START--
INFO: Run Behavior\BuildLiteBehavior [ RunTime:0.000008s ]
INFO: [ app_init ] --END-- [ RunTime:0.000218s ]
INFO: [ app_begin ] --START--
INFO: Run Behavior\ReadHtmlCacheBehavior [ RunTime:0.000277s ]
INFO: [ app_begin ] --END-- [ RunTime:0.000308s ]
SQL: SHOW COLUMNS FROM `tb_product` [ RunTime:0.0168s ]
SQL: SELECT * FROM `tb_product` WHERE ( id=44 )  [ RunTime:0.0162s ]
SQL: SHOW COLUMNS FROM `tb_productimg` [ RunTime:0.0176s ]
SQL: SELECT * FROM `tb_productimg` WHERE ( 1=1 AND product_id='44' ) LIMIT 1   [ RunTime:0.0165s ]

[ 2016-12-01T21:59:34+08:00 ] ::1 /jb555host/PersonalTailor/index.php/API/ProductAPI/update_product.html
INFO: [ app_init ] --START--
INFO: Run Behavior\BuildLiteBehavior [ RunTime:0.000008s ]
INFO: [ app_init ] --END-- [ RunTime:0.000232s ]
INFO: [ app_begin ] --START--
INFO: Run Behavior\ReadHtmlCacheBehavior [ RunTime:0.000278s ]
INFO: [ app_begin ] --END-- [ RunTime:0.000308s ]
SQL: SHOW COLUMNS FROM `tb_product` [ RunTime:0.0300s ]

[ 2016-12-01T22:02:01+08:00 ] ::1 /jb555host/PersonalTailor/index.php/API/ProductAPI/product_msg.html
INFO: [ app_init ] --START--
INFO: Run Behavior\BuildLiteBehavior [ RunTime:0.000009s ]
INFO: [ app_init ] --END-- [ RunTime:0.000216s ]
INFO: [ app_begin ] --START--
INFO: Run Behavior\ReadHtmlCacheBehavior [ RunTime:0.000431s ]
INFO: [ app_begin ] --END-- [ RunTime:0.000462s ]
SQL: SHOW COLUMNS FROM `tb_product` [ RunTime:0.0162s ]
SQL: SELECT * FROM `tb_product` WHERE ( id=44 )  [ RunTime:0.0165s ]
SQL: SHOW COLUMNS FROM `tb_productimg` [ RunTime:0.0170s ]
SQL: SELECT * FROM `tb_productimg` WHERE ( 1=1 AND product_id='44' ) LIMIT 1   [ RunTime:0.0156s ]

[ 2016-12-01T22:02:04+08:00 ] ::1 /jb555host/PersonalTailor/index.php/API/ProductAPI/update_product.html
INFO: [ app_init ] --START--
INFO: Run Behavior\BuildLiteBehavior [ RunTime:0.000010s ]
INFO: [ app_init ] --END-- [ RunTime:0.000245s ]
INFO: [ app_begin ] --START--
INFO: Run Behavior\ReadHtmlCacheBehavior [ RunTime:0.000352s ]
INFO: [ app_begin ] --END-- [ RunTime:0.000392s ]
SQL: SHOW COLUMNS FROM `tb_product` [ RunTime:0.0172s ]
SQL: UPDATE `tb_product` SET `id`='44',`name`='火影忍者 火影披风DIY',`introduce`='sdds',`type`='披风，火影',`price`='220' WHERE `id` = 44 [ RunTime:0.0242s ]

[ 2016-12-01T22:02:10+08:00 ] ::1 /jb555host/PersonalTailor/index.php/API/ProductAPI/product_msg.html
INFO: [ app_init ] --START--
INFO: Run Behavior\BuildLiteBehavior [ RunTime:0.000035s ]
INFO: [ app_init ] --END-- [ RunTime:0.000627s ]
INFO: [ app_begin ] --START--
INFO: Run Behavior\ReadHtmlCacheBehavior [ RunTime:0.000547s ]
INFO: [ app_begin ] --END-- [ RunTime:0.000614s ]
SQL: SHOW COLUMNS FROM `tb_product` [ RunTime:0.0304s ]
SQL: SELECT * FROM `tb_product` WHERE ( id=44 )  [ RunTime:0.0310s ]
SQL: SHOW COLUMNS FROM `tb_productimg` [ RunTime:0.0299s ]
SQL: SELECT * FROM `tb_productimg` WHERE ( 1=1 AND product_id='44' ) LIMIT 1   [ RunTime:0.0296s ]

[ 2016-12-01T22:02:17+08:00 ] ::1 /jb555host/PersonalTailor/index.php/API/ProductAPI/update_product.html
INFO: [ app_init ] --START--
INFO: Run Behavior\BuildLiteBehavior [ RunTime:0.000008s ]
INFO: [ app_init ] --END-- [ RunTime:0.000282s ]
INFO: [ app_begin ] --START--
INFO: Run Behavior\ReadHtmlCacheBehavior [ RunTime:0.000400s ]
INFO: [ app_begin ] --END-- [ RunTime:0.000438s ]
SQL: SHOW COLUMNS FROM `tb_product` [ RunTime:0.0245s ]
SQL: UPDATE `tb_product` SET `id`='44',`name`='火影忍者 火影披风DIY',`introduce`='傻逼吗',`type`='披风，火影',`price`='220' WHERE `id` = 44 [ RunTime:0.0333s ]

[ 2016-12-01T22:02:19+08:00 ] ::1 /jb555host/PersonalTailor/index.php/API/ProductAPI/product_msg.html
INFO: [ app_init ] --START--
INFO: Run Behavior\BuildLiteBehavior [ RunTime:0.000008s ]
INFO: [ app_init ] --END-- [ RunTime:0.000211s ]
INFO: [ app_begin ] --START--
INFO: Run Behavior\ReadHtmlCacheBehavior [ RunTime:0.000352s ]
INFO: [ app_begin ] --END-- [ RunTime:0.000384s ]
SQL: SHOW COLUMNS FROM `tb_product` [ RunTime:0.0231s ]
SQL: SELECT * FROM `tb_product` WHERE ( id=44 )  [ RunTime:0.0221s ]
SQL: SHOW COLUMNS FROM `tb_productimg` [ RunTime:0.0238s ]
SQL: SELECT * FROM `tb_productimg` WHERE ( 1=1 AND product_id='44' ) LIMIT 1   [ RunTime:0.0232s ]

[ 2016-12-01T22:02:53+08:00 ] ::1 /jb555host/PersonalTailor/index.php/API/ProductAPI/product_msg.html
INFO: [ app_init ] --START--
INFO: Run Behavior\BuildLiteBehavior [ RunTime:0.000008s ]
INFO: [ app_init ] --END-- [ RunTime:0.000260s ]
INFO: [ app_begin ] --START--
INFO: Run Behavior\ReadHtmlCacheBehavior [ RunTime:0.000377s ]
INFO: [ app_begin ] --END-- [ RunTime:0.000408s ]
SQL: SHOW COLUMNS FROM `tb_product` [ RunTime:0.0181s ]
SQL: SELECT * FROM `tb_product` WHERE ( id=44 )  [ RunTime:0.0175s ]
SQL: SHOW COLUMNS FROM `tb_productimg` [ RunTime:0.0178s ]
SQL: SELECT * FROM `tb_productimg` WHERE ( 1=1 AND product_id='44' ) LIMIT 1   [ RunTime:0.0156s ]

[ 2016-12-01T22:02:56+08:00 ] ::1 /jb555host/PersonalTailor/index.php/API/ProductAPI/update_product.html
INFO: [ app_init ] --START--
INFO: Run Behavior\BuildLiteBehavior [ RunTime:0.000009s ]
INFO: [ app_init ] --END-- [ RunTime:0.000267s ]
INFO: [ app_begin ] --START--
INFO: Run Behavior\ReadHtmlCacheBehavior [ RunTime:0.000383s ]
INFO: [ app_begin ] --END-- [ RunTime:0.000414s ]
SQL: SHOW COLUMNS FROM `tb_product` [ RunTime:0.0179s ]

[ 2016-12-01T22:03:02+08:00 ] ::1 /jb555host/PersonalTailor/index.php/API/ProductAPI/product_msg.html
INFO: [ app_init ] --START--
INFO: Run Behavior\BuildLiteBehavior [ RunTime:0.000032s ]
INFO: [ app_init ] --END-- [ RunTime:0.000575s ]
INFO: [ app_begin ] --START--
INFO: Run Behavior\ReadHtmlCacheBehavior [ RunTime:0.000620s ]
INFO: [ app_begin ] --END-- [ RunTime:0.000688s ]
SQL: SHOW COLUMNS FROM `tb_product` [ RunTime:0.0271s ]
SQL: SELECT * FROM `tb_product` WHERE ( id=44 )  [ RunTime:0.0265s ]
SQL: SHOW COLUMNS FROM `tb_productimg` [ RunTime:0.0264s ]
SQL: SELECT * FROM `tb_productimg` WHERE ( 1=1 AND product_id='44' ) LIMIT 1   [ RunTime:0.0259s ]

[ 2016-12-01T22:03:37+08:00 ] ::1 /jb555host/PersonalTailor/index.php/API/ProductAPI/product_msg.html
INFO: [ app_init ] --START--
INFO: Run Behavior\BuildLiteBehavior [ RunTime:0.000008s ]
INFO: [ app_init ] --END-- [ RunTime:0.000219s ]
INFO: [ app_begin ] --START--
INFO: Run Behavior\ReadHtmlCacheBehavior [ RunTime:0.000278s ]
INFO: [ app_begin ] --END-- [ RunTime:0.000308s ]
SQL: SHOW COLUMNS FROM `tb_product` [ RunTime:0.0232s ]
SQL: SELECT * FROM `tb_product` WHERE ( id=44 )  [ RunTime:0.0233s ]
SQL: SHOW COLUMNS FROM `tb_productimg` [ RunTime:0.0229s ]
SQL: SELECT * FROM `tb_productimg` WHERE ( 1=1 AND product_id='44' ) LIMIT 1   [ RunTime:0.0231s ]

[ 2016-12-01T22:03:39+08:00 ] ::1 /jb555host/PersonalTailor/index.php/API/ProductAPI/update_product.html
INFO: [ app_init ] --START--
INFO: Run Behavior\BuildLiteBehavior [ RunTime:0.000009s ]
INFO: [ app_init ] --END-- [ RunTime:0.000284s ]
INFO: [ app_begin ] --START--
INFO: Run Behavior\ReadHtmlCacheBehavior [ RunTime:0.000283s ]
INFO: [ app_begin ] --END-- [ RunTime:0.000316s ]
SQL: SHOW COLUMNS FROM `tb_product` [ RunTime:0.0314s ]
SQL: UPDATE `tb_product` SET `id`='44',`name`='火影忍者 火影披风DIY',`introduce`='速度',`type`='披风，火影',`price`='220' WHERE `id` = 44 [ RunTime:0.0393s ]

[ 2016-12-01T22:04:44+08:00 ] ::1 /jb555host/PersonalTailor/index.php/API/ProductAPI/product_msg.html
INFO: [ app_init ] --START--
INFO: Run Behavior\BuildLiteBehavior [ RunTime:0.000009s ]
INFO: [ app_init ] --END-- [ RunTime:0.000216s ]
INFO: [ app_begin ] --START--
INFO: Run Behavior\ReadHtmlCacheBehavior [ RunTime:0.000340s ]
INFO: [ app_begin ] --END-- [ RunTime:0.000371s ]
SQL: SHOW COLUMNS FROM `tb_product` [ RunTime:0.0305s ]
SQL: SELECT * FROM `tb_product` WHERE ( id=44 )  [ RunTime:0.0307s ]
SQL: SHOW COLUMNS FROM `tb_productimg` [ RunTime:0.0306s ]
SQL: SELECT * FROM `tb_productimg` WHERE ( 1=1 AND product_id='44' ) LIMIT 1   [ RunTime:0.0297s ]

[ 2016-12-01T22:04:48+08:00 ] ::1 /jb555host/PersonalTailor/index.php/API/ProductAPI/update_product.html
INFO: [ app_init ] --START--
INFO: Run Behavior\BuildLiteBehavior [ RunTime:0.000008s ]
INFO: [ app_init ] --END-- [ RunTime:0.000226s ]
INFO: [ app_begin ] --START--
INFO: Run Behavior\ReadHtmlCacheBehavior [ RunTime:0.000278s ]
INFO: [ app_begin ] --END-- [ RunTime:0.000308s ]
SQL: SHOW COLUMNS FROM `tb_product` [ RunTime:0.0285s ]
SQL: UPDATE `tb_product` SET `id`='44',`name`='火影忍者 火影披风DIY',`introduce`='4546',`type`='披风，火影',`price`='220' WHERE `id` = 44 [ RunTime:0.0359s ]

[ 2016-12-01T22:04:51+08:00 ] ::1 /jb555host/PersonalTailor/index.php/API/ProductAPI/product_msg.html
INFO: [ app_init ] --START--
INFO: Run Behavior\BuildLiteBehavior [ RunTime:0.000009s ]
INFO: [ app_init ] --END-- [ RunTime:0.000217s ]
INFO: [ app_begin ] --START--
INFO: Run Behavior\ReadHtmlCacheBehavior [ RunTime:0.000281s ]
INFO: [ app_begin ] --END-- [ RunTime:0.000312s ]
SQL: SHOW COLUMNS FROM `tb_product` [ RunTime:0.0185s ]
SQL: SELECT * FROM `tb_product` WHERE ( id=44 )  [ RunTime:0.0188s ]
SQL: SHOW COLUMNS FROM `tb_productimg` [ RunTime:0.0181s ]
SQL: SELECT * FROM `tb_productimg` WHERE ( 1=1 AND product_id='44' ) LIMIT 1   [ RunTime:0.0167s ]

[ 2016-12-01T22:04:55+08:00 ] ::1 /jb555host/PersonalTailor/index.php/API/ProductAPI/update_product.html
INFO: [ app_init ] --START--
INFO: Run Behavior\BuildLiteBehavior [ RunTime:0.000009s ]
INFO: [ app_init ] --END-- [ RunTime:0.000223s ]
INFO: [ app_begin ] --START--
INFO: Run Behavior\ReadHtmlCacheBehavior [ RunTime:0.000286s ]
INFO: [ app_begin ] --END-- [ RunTime:0.000317s ]
SQL: SHOW COLUMNS FROM `tb_product` [ RunTime:0.0220s ]
SQL: UPDATE `tb_product` SET `id`='44',`name`='火影忍者 火影披风DIY111',`introduce`='4546',`type`='披风，火影',`price`='220' WHERE `id` = 44 [ RunTime:0.0270s ]

[ 2016-12-01T22:04:58+08:00 ] ::1 /jb555host/PersonalTailor/index.php/API/ProductAPI/product_msg.html
INFO: [ app_init ] --START--
INFO: Run Behavior\BuildLiteBehavior [ RunTime:0.000008s ]
INFO: [ app_init ] --END-- [ RunTime:0.000214s ]
INFO: [ app_begin ] --START--
INFO: Run Behavior\ReadHtmlCacheBehavior [ RunTime:0.000276s ]
INFO: [ app_begin ] --END-- [ RunTime:0.000307s ]
SQL: SHOW COLUMNS FROM `tb_product` [ RunTime:0.0174s ]
SQL: SELECT * FROM `tb_product` WHERE ( id=44 )  [ RunTime:0.0162s ]
SQL: SHOW COLUMNS FROM `tb_productimg` [ RunTime:0.0169s ]
SQL: SELECT * FROM `tb_productimg` WHERE ( 1=1 AND product_id='44' ) LIMIT 1   [ RunTime:0.0167s ]

[ 2016-12-01T22:05:04+08:00 ] ::1 /jb555host/PersonalTailor/index.php/API/ProductAPI/update_product.html
INFO: [ app_init ] --START--
INFO: Run Behavior\BuildLiteBehavior [ RunTime:0.000008s ]
INFO: [ app_init ] --END-- [ RunTime:0.000218s ]
INFO: [ app_begin ] --START--
INFO: Run Behavior\ReadHtmlCacheBehavior [ RunTime:0.000280s ]
INFO: [ app_begin ] --END-- [ RunTime:0.000310s ]
SQL: SHOW COLUMNS FROM `tb_product` [ RunTime:0.0269s ]
SQL: UPDATE `tb_product` SET `id`='44',`name`='火影忍者 火影披风DIY',`introduce`='4546',`type`='披风，火影',`price`='220' WHERE `id` = 44 [ RunTime:0.0347s ]

[ 2016-12-01T22:15:02+08:00 ] ::1 /jb555host/PersonalTailor/index.php/API/ProductAPI/update_product.html
INFO: [ app_init ] --START--
INFO: Run Behavior\BuildLiteBehavior [ RunTime:0.000011s ]
INFO: [ app_init ] --END-- [ RunTime:0.000317s ]
INFO: [ app_begin ] --START--
INFO: Run Behavior\ReadHtmlCacheBehavior [ RunTime:0.000482s ]
INFO: [ app_begin ] --END-- [ RunTime:0.000557s ]
NOTIC: [8] Undefined index: name E:\xmapp\htdocs\jb555host\PersonalTailor\Application\API\Controller\ProductAPIController.class.php 第 117 行.
NOTIC: [8] Undefined index: introduce E:\xmapp\htdocs\jb555host\PersonalTailor\Application\API\Controller\ProductAPIController.class.php 第 118 行.
NOTIC: [8] Undefined index: type E:\xmapp\htdocs\jb555host\PersonalTailor\Application\API\Controller\ProductAPIController.class.php 第 119 行.
NOTIC: [8] Undefined index: price E:\xmapp\htdocs\jb555host\PersonalTailor\Application\API\Controller\ProductAPIController.class.php 第 120 行.
SQL: SHOW COLUMNS FROM `tb_product` [ RunTime:0.0294s ]
SQL: UPDATE `tb_product` SET `id`='',`name`=NULL,`introduce`=NULL,`type`=NULL,`price`=NULL WHERE `id` = 0 [ RunTime:0.0265s ]

[ 2016-12-01T22:18:23+08:00 ] ::1 /jb555host/PersonalTailor/index.php/API/ProductAPI/update_product.html
INFO: [ app_init ] --START--
INFO: Run Behavior\BuildLiteBehavior [ RunTime:0.000010s ]
INFO: [ app_init ] --END-- [ RunTime:0.000332s ]
INFO: [ app_begin ] --START--
INFO: Run Behavior\ReadHtmlCacheBehavior [ RunTime:0.000439s ]
INFO: [ app_begin ] --END-- [ RunTime:0.000478s ]
NOTIC: [8] Undefined index: name E:\xmapp\htdocs\jb555host\PersonalTailor\Application\API\Controller\ProductAPIController.class.php 第 117 行.
NOTIC: [8] Undefined index: introduce E:\xmapp\htdocs\jb555host\PersonalTailor\Application\API\Controller\ProductAPIController.class.php 第 118 行.
NOTIC: [8] Undefined index: type E:\xmapp\htdocs\jb555host\PersonalTailor\Application\API\Controller\ProductAPIController.class.php 第 119 行.
NOTIC: [8] Undefined index: price E:\xmapp\htdocs\jb555host\PersonalTailor\Application\API\Controller\ProductAPIController.class.php 第 120 行.
SQL: SHOW COLUMNS FROM `tb_product` [ RunTime:0.0227s ]
SQL: UPDATE `tb_product` SET `id`='',`name`=NULL,`introduce`=NULL,`type`=NULL,`price`=NULL WHERE `id` = 0 [ RunTime:0.0210s ]

[ 2016-12-01T22:18:30+08:00 ] ::1 /jb555host/PersonalTailor/index.php/API/ProductAPI/product_msg.html
INFO: [ app_init ] --START--
INFO: Run Behavior\BuildLiteBehavior [ RunTime:0.000012s ]
INFO: [ app_init ] --END-- [ RunTime:0.000316s ]
INFO: [ app_begin ] --START--
INFO: Run Behavior\ReadHtmlCacheBehavior [ RunTime:0.000498s ]
INFO: [ app_begin ] --END-- [ RunTime:0.000542s ]
SQL: SHOW COLUMNS FROM `tb_product` [ RunTime:0.0168s ]
SQL: SELECT * FROM `tb_product` WHERE ( id=49 )  [ RunTime:0.0167s ]
SQL: SHOW COLUMNS FROM `tb_productimg` [ RunTime:0.0167s ]
SQL: SELECT * FROM `tb_productimg` WHERE ( 1=1 AND product_id='49' ) LIMIT 1   [ RunTime:0.0150s ]

[ 2016-12-01T22:18:58+08:00 ] ::1 /jb555host/PersonalTailor/index.php/API/ProductAPI/product_msg.html
INFO: [ app_init ] --START--
INFO: Run Behavior\BuildLiteBehavior [ RunTime:0.000008s ]
INFO: [ app_init ] --END-- [ RunTime:0.000239s ]
INFO: [ app_begin ] --START--
INFO: Run Behavior\ReadHtmlCacheBehavior [ RunTime:0.000374s ]
INFO: [ app_begin ] --END-- [ RunTime:0.000404s ]
SQL: SHOW COLUMNS FROM `tb_product` [ RunTime:0.0250s ]
SQL: SELECT * FROM `tb_product` WHERE ( id=45 )  [ RunTime:0.0256s ]
SQL: SHOW COLUMNS FROM `tb_productimg` [ RunTime:0.0260s ]
SQL: SELECT * FROM `tb_productimg` WHERE ( 1=1 AND product_id='45' ) LIMIT 1   [ RunTime:0.0250s ]

[ 2016-12-01T22:20:32+08:00 ] ::1 /jb555host/PersonalTailor/index.php/API/ProductAPI/update_product.html
INFO: [ app_init ] --START--
INFO: Run Behavior\BuildLiteBehavior [ RunTime:0.000014s ]
INFO: [ app_init ] --END-- [ RunTime:0.000386s ]
INFO: [ app_begin ] --START--
INFO: Run Behavior\ReadHtmlCacheBehavior [ RunTime:0.000531s ]
INFO: [ app_begin ] --END-- [ RunTime:0.000596s ]
NOTIC: [8] Undefined index: name E:\xmapp\htdocs\jb555host\PersonalTailor\Application\API\Controller\ProductAPIController.class.php 第 117 行.
NOTIC: [8] Undefined index: introduce E:\xmapp\htdocs\jb555host\PersonalTailor\Application\API\Controller\ProductAPIController.class.php 第 118 行.
NOTIC: [8] Undefined index: type E:\xmapp\htdocs\jb555host\PersonalTailor\Application\API\Controller\ProductAPIController.class.php 第 119 行.
NOTIC: [8] Undefined index: price E:\xmapp\htdocs\jb555host\PersonalTailor\Application\API\Controller\ProductAPIController.class.php 第 120 行.
SQL: SHOW COLUMNS FROM `tb_product` [ RunTime:0.0286s ]
SQL: UPDATE `tb_product` SET `id`='49',`name`=NULL,`introduce`=NULL,`type`=NULL,`price`=NULL WHERE `id` = 49 [ RunTime:0.0516s ]

[ 2016-12-01T22:23:57+08:00 ] ::1 /jb555host/PersonalTailor/index.php/API/ProductAPI/update_product.html
INFO: [ app_init ] --START--
INFO: Run Behavior\BuildLiteBehavior [ RunTime:0.000019s ]
INFO: [ app_init ] --END-- [ RunTime:0.000352s ]
INFO: [ app_begin ] --START--
INFO: Run Behavior\ReadHtmlCacheBehavior [ RunTime:0.000384s ]
INFO: [ app_begin ] --END-- [ RunTime:0.000423s ]
NOTIC: [8] Undefined index: name E:\xmapp\htdocs\jb555host\PersonalTailor\Application\API\Controller\ProductAPIController.class.php 第 117 行.
NOTIC: [8] Undefined index: introduce E:\xmapp\htdocs\jb555host\PersonalTailor\Application\API\Controller\ProductAPIController.class.php 第 118 行.
NOTIC: [8] Undefined index: type E:\xmapp\htdocs\jb555host\PersonalTailor\Application\API\Controller\ProductAPIController.class.php 第 119 行.
NOTIC: [8] Undefined index: price E:\xmapp\htdocs\jb555host\PersonalTailor\Application\API\Controller\ProductAPIController.class.php 第 120 行.
SQL: SHOW COLUMNS FROM `tb_product` [ RunTime:0.0254s ]
SQL: UPDATE `tb_product` SET `id`='49',`name`=NULL,`introduce`=NULL,`type`=NULL,`price`=NULL,`status`='0' WHERE `id` = 49 [ RunTime:0.0316s ]

[ 2016-12-01T22:26:05+08:00 ] ::1 /jb555host/PersonalTailor/index.php/API/ProductAPI/down_product.html
INFO: [ app_init ] --START--
INFO: Run Behavior\BuildLiteBehavior [ RunTime:0.000011s ]
INFO: [ app_init ] --END-- [ RunTime:0.000379s ]
INFO: [ app_begin ] --START--
INFO: Run Behavior\ReadHtmlCacheBehavior [ RunTime:0.000457s ]
INFO: [ app_begin ] --END-- [ RunTime:0.000496s ]
SQL: SHOW COLUMNS FROM `tb_product` [ RunTime:0.0300s ]
SQL: UPDATE `tb_product` SET `id`='50',`status`='0' WHERE `id` = 50 [ RunTime:0.0402s ]

[ 2016-12-01T22:26:48+08:00 ] ::1 /jb555host/PersonalTailor/index.php/API/ProductAPI/down_product.html
INFO: [ app_init ] --START--
INFO: Run Behavior\BuildLiteBehavior [ RunTime:0.000010s ]
INFO: [ app_init ] --END-- [ RunTime:0.000367s ]
INFO: [ app_begin ] --START--
INFO: Run Behavior\ReadHtmlCacheBehavior [ RunTime:0.000626s ]
INFO: [ app_begin ] --END-- [ RunTime:0.000657s ]
SQL: SHOW COLUMNS FROM `tb_product` [ RunTime:0.0319s ]
SQL: UPDATE `tb_product` SET `id`='50',`status`='0' WHERE `id` = 50 [ RunTime:0.0406s ]

[ 2016-12-01T22:27:33+08:00 ] ::1 /jb555host/PersonalTailor/index.php/API/ProductAPI/down_product.html
INFO: [ app_init ] --START--
INFO: Run Behavior\BuildLiteBehavior [ RunTime:0.000019s ]
INFO: [ app_init ] --END-- [ RunTime:0.000291s ]
INFO: [ app_begin ] --START--
INFO: Run Behavior\ReadHtmlCacheBehavior [ RunTime:0.000375s ]
INFO: [ app_begin ] --END-- [ RunTime:0.000421s ]
SQL: SHOW COLUMNS FROM `tb_product` [ RunTime:0.0259s ]
SQL: UPDATE `tb_product` SET `id`='50',`status`='0' WHERE `id` = 50 [ RunTime:0.0323s ]

[ 2016-12-01T22:28:32+08:00 ] ::1 /jb555host/PersonalTailor/index.php/API/ProductAPI/down_product.html
INFO: [ app_init ] --START--
INFO: Run Behavior\BuildLiteBehavior [ RunTime:0.000010s ]
INFO: [ app_init ] --END-- [ RunTime:0.000285s ]
INFO: [ app_begin ] --START--
INFO: Run Behavior\ReadHtmlCacheBehavior [ RunTime:0.000555s ]
INFO: [ app_begin ] --END-- [ RunTime:0.000592s ]
SQL: SHOW COLUMNS FROM `tb_product` [ RunTime:0.0270s ]
SQL: UPDATE `tb_product` SET `id`='50',`status`='0' WHERE `id` = 50 [ RunTime:0.0346s ]

[ 2016-12-01T22:30:00+08:00 ] ::1 /jb555host/PersonalTailor/index.php/API/ProductAPI/down_product.html
INFO: [ app_init ] --START--
INFO: Run Behavior\BuildLiteBehavior [ RunTime:0.000017s ]
INFO: [ app_init ] --END-- [ RunTime:0.000340s ]
INFO: [ app_begin ] --START--
INFO: Run Behavior\ReadHtmlCacheBehavior [ RunTime:0.000545s ]
INFO: [ app_begin ] --END-- [ RunTime:0.000588s ]
SQL: SHOW COLUMNS FROM `tb_product` [ RunTime:0.0234s ]
SQL: UPDATE `tb_product` SET `id`='50',`status`='0' WHERE `id` = 50 [ RunTime:0.0418s ]

[ 2016-12-01T22:31:35+08:00 ] ::1 /jb555host/PersonalTailor/index.php/API/ProductAPI/down_product.html
INFO: [ app_init ] --START--
INFO: Run Behavior\BuildLiteBehavior [ RunTime:0.000031s ]
INFO: [ app_init ] --END-- [ RunTime:0.000414s ]
INFO: [ app_begin ] --START--
INFO: Run Behavior\ReadHtmlCacheBehavior [ RunTime:0.000357s ]
INFO: [ app_begin ] --END-- [ RunTime:0.000396s ]
SQL: SHOW COLUMNS FROM `tb_product` [ RunTime:0.0156s ]
SQL: UPDATE `tb_product` SET `id`='50',`status`='0' WHERE `id` = 50 [ RunTime:0.0225s ]

[ 2016-12-01T22:44:01+08:00 ] ::1 /jb555host/PersonalTailor/index.php/API/ProductAPI/product_msg.html
INFO: [ app_init ] --START--
INFO: Run Behavior\BuildLiteBehavior [ RunTime:0.000008s ]
INFO: [ app_init ] --END-- [ RunTime:0.000220s ]
INFO: [ app_begin ] --START--
INFO: Run Behavior\ReadHtmlCacheBehavior [ RunTime:0.000337s ]
INFO: [ app_begin ] --END-- [ RunTime:0.000374s ]
SQL: SHOW COLUMNS FROM `tb_product` [ RunTime:0.0314s ]
SQL: SELECT * FROM `tb_product` WHERE ( id=50 )  [ RunTime:0.0312s ]
SQL: SHOW COLUMNS FROM `tb_productimg` [ RunTime:0.0310s ]
SQL: SELECT * FROM `tb_productimg` WHERE ( 1=1 AND product_id='50' ) LIMIT 1   [ RunTime:0.0320s ]

[ 2016-12-01T22:44:04+08:00 ] ::1 /jb555host/PersonalTailor/index.php/API/ProductAPI/product_msg.html
INFO: [ app_init ] --START--
INFO: Run Behavior\BuildLiteBehavior [ RunTime:0.000017s ]
INFO: [ app_init ] --END-- [ RunTime:0.000357s ]
INFO: [ app_begin ] --START--
INFO: Run Behavior\ReadHtmlCacheBehavior [ RunTime:0.000466s ]
INFO: [ app_begin ] --END-- [ RunTime:0.000526s ]
SQL: SHOW COLUMNS FROM `tb_product` [ RunTime:0.0277s ]
SQL: SELECT * FROM `tb_product` WHERE ( id=50 )  [ RunTime:0.0272s ]
SQL: SHOW COLUMNS FROM `tb_productimg` [ RunTime:0.0287s ]
SQL: SELECT * FROM `tb_productimg` WHERE ( 1=1 AND product_id='50' ) LIMIT 1   [ RunTime:0.0419s ]

[ 2016-12-01T22:46:47+08:00 ] ::1 /jb555host/PersonalTailor/index.php/API/ProductAPI/product_msg.html
INFO: [ app_init ] --START--
INFO: Run Behavior\BuildLiteBehavior [ RunTime:0.000008s ]
INFO: [ app_init ] --END-- [ RunTime:0.000216s ]
INFO: [ app_begin ] --START--
INFO: Run Behavior\ReadHtmlCacheBehavior [ RunTime:0.000274s ]
INFO: [ app_begin ] --END-- [ RunTime:0.000305s ]
SQL: SHOW COLUMNS FROM `tb_product` [ RunTime:0.0238s ]
SQL: SELECT * FROM `tb_product` WHERE ( id=50 )  [ RunTime:0.0232s ]
SQL: SHOW COLUMNS FROM `tb_productimg` [ RunTime:0.0248s ]
SQL: SELECT * FROM `tb_productimg` WHERE ( 1=1 AND product_id='50' ) LIMIT 1   [ RunTime:0.0232s ]

[ 2016-12-01T22:59:55+08:00 ] ::1 /jb555host/PersonalTailor/index.php/API/ProductAPI/down_product.html
INFO: [ app_init ] --START--
INFO: Run Behavior\BuildLiteBehavior [ RunTime:0.000025s ]
INFO: [ app_init ] --END-- [ RunTime:0.000371s ]
INFO: [ app_begin ] --START--
INFO: Run Behavior\ReadHtmlCacheBehavior [ RunTime:0.000443s ]
INFO: [ app_begin ] --END-- [ RunTime:0.000499s ]
SQL: SHOW COLUMNS FROM `tb_product` [ RunTime:0.0232s ]
SQL: UPDATE `tb_product` SET `id`='50',`status`='1' WHERE `id` = 50 [ RunTime:0.0410s ]

[ 2016-12-01T23:00:10+08:00 ] ::1 /jb555host/PersonalTailor/index.php/API/ProductAPI/down_product.html
INFO: [ app_init ] --START--
INFO: Run Behavior\BuildLiteBehavior [ RunTime:0.000015s ]
INFO: [ app_init ] --END-- [ RunTime:0.000503s ]
INFO: [ app_begin ] --START--
INFO: Run Behavior\ReadHtmlCacheBehavior [ RunTime:0.000453s ]
INFO: [ app_begin ] --END-- [ RunTime:0.000523s ]
SQL: SHOW COLUMNS FROM `tb_product` [ RunTime:0.0330s ]
SQL: UPDATE `tb_product` SET `id`='50',`status`='0' WHERE `id` = 50 [ RunTime:0.0400s ]

[ 2016-12-01T23:00:44+08:00 ] ::1 /jb555host/PersonalTailor/index.php/API/ProductAPI/down_product.html
INFO: [ app_init ] --START--
INFO: Run Behavior\BuildLiteBehavior [ RunTime:0.000019s ]
INFO: [ app_init ] --END-- [ RunTime:0.000349s ]
INFO: [ app_begin ] --START--
INFO: Run Behavior\ReadHtmlCacheBehavior [ RunTime:0.000447s ]
INFO: [ app_begin ] --END-- [ RunTime:0.000489s ]
SQL: SHOW COLUMNS FROM `tb_product` [ RunTime:0.0246s ]
SQL: UPDATE `tb_product` SET `id`='44',`status`='0' WHERE `id` = 44 [ RunTime:0.0301s ]

[ 2016-12-01T23:00:50+08:00 ] ::1 /jb555host/PersonalTailor/index.php/API/ProductAPI/down_product.html
INFO: [ app_init ] --START--
INFO: Run Behavior\BuildLiteBehavior [ RunTime:0.000011s ]
INFO: [ app_init ] --END-- [ RunTime:0.000281s ]
INFO: [ app_begin ] --START--
INFO: Run Behavior\ReadHtmlCacheBehavior [ RunTime:0.000500s ]
INFO: [ app_begin ] --END-- [ RunTime:0.000532s ]
SQL: SHOW COLUMNS FROM `tb_product` [ RunTime:0.0305s ]
SQL: UPDATE `tb_product` SET `id`='44',`status`='1' WHERE `id` = 44 [ RunTime:0.0383s ]

