[ 2016-11-29T19:02:44+08:00 ] ::1 /jb555host/PersonalTailor/API/ManufactorAPI/ManufactorMsg/manufactor_id/14.json
INFO: [ app_init ] --START--
INFO: Run Behavior\BuildLiteBehavior [ RunTime:0.000007s ]
INFO: [ app_init ] --END-- [ RunTime:0.000229s ]
INFO: [ app_begin ] --START--
INFO: Run Behavior\ReadHtmlCacheBehavior [ RunTime:0.000347s ]
INFO: [ app_begin ] --END-- [ RunTime:0.000389s ]
SQL: SHOW COLUMNS FROM `tb_manufactor` [ RunTime:0.0220s ]
SQL: SELECT * FROM `tb_manufactor` WHERE ( id=14 )  [ RunTime:0.0223s ]

[ 2016-11-29T19:33:22+08:00 ] ::1 /jb555host/PersonalTailor/index.php/API/ManufactorAPI/ManufactorMsg.html
INFO: [ app_init ] --START--
INFO: Run Behavior\BuildLiteBehavior [ RunTime:0.000013s ]
INFO: [ app_init ] --END-- [ RunTime:0.000241s ]
INFO: [ app_begin ] --START--
INFO: Run Behavior\ReadHtmlCacheBehavior [ RunTime:0.000277s ]
INFO: [ app_begin ] --END-- [ RunTime:0.000308s ]
ERR: 非法操作:ManufactorMsg

[ 2016-11-29T19:33:36+08:00 ] ::1 /jb555host/PersonalTailor/index.php/API/ManufactorAPI/ManufactorMsg.html
INFO: [ app_init ] --START--
INFO: Run Behavior\BuildLiteBehavior [ RunTime:0.000026s ]
INFO: [ app_init ] --END-- [ RunTime:0.000435s ]
INFO: [ app_begin ] --START--
INFO: Run Behavior\ReadHtmlCacheBehavior [ RunTime:0.000384s ]
INFO: [ app_begin ] --END-- [ RunTime:0.000417s ]
ERR: 非法操作:ManufactorMsg

[ 2016-11-29T19:33:43+08:00 ] ::1 /jb555host/PersonalTailor/index.php/API/ManufactorAPI/ManufactorMsg.html
INFO: [ app_init ] --START--
INFO: Run Behavior\BuildLiteBehavior [ RunTime:0.000009s ]
INFO: [ app_init ] --END-- [ RunTime:0.000230s ]
INFO: [ app_begin ] --START--
INFO: Run Behavior\ReadHtmlCacheBehavior [ RunTime:0.000354s ]
INFO: [ app_begin ] --END-- [ RunTime:0.000385s ]
ERR: 非法操作:ManufactorMsg

[ 2016-11-29T19:34:01+08:00 ] ::1 /jb555host/PersonalTailor/index.php/API/ManufactorAPI/ManufactorMsg.html
INFO: [ app_init ] --START--
INFO: Run Behavior\BuildLiteBehavior [ RunTime:0.000008s ]
INFO: [ app_init ] --END-- [ RunTime:0.000222s ]
INFO: [ app_begin ] --START--
INFO: Run Behavior\ReadHtmlCacheBehavior [ RunTime:0.000341s ]
INFO: [ app_begin ] --END-- [ RunTime:0.000374s ]
ERR: 非法操作:ManufactorMsg

[ 2016-11-29T19:34:02+08:00 ] ::1 /jb555host/PersonalTailor/index.php/API/ManufactorAPI/ManufactorMsg.html
INFO: [ app_init ] --START--
INFO: Run Behavior\BuildLiteBehavior [ RunTime:0.000007s ]
INFO: [ app_init ] --END-- [ RunTime:0.000215s ]
INFO: [ app_begin ] --START--
INFO: Run Behavior\ReadHtmlCacheBehavior [ RunTime:0.000279s ]
INFO: [ app_begin ] --END-- [ RunTime:0.000312s ]
ERR: 非法操作:ManufactorMsg

[ 2016-11-29T19:34:02+08:00 ] ::1 /jb555host/PersonalTailor/index.php/API/ManufactorAPI/ManufactorMsg.html
INFO: [ app_init ] --START--
INFO: Run Behavior\BuildLiteBehavior [ RunTime:0.000008s ]
INFO: [ app_init ] --END-- [ RunTime:0.000215s ]
INFO: [ app_begin ] --START--
INFO: Run Behavior\ReadHtmlCacheBehavior [ RunTime:0.000282s ]
INFO: [ app_begin ] --END-- [ RunTime:0.000315s ]
ERR: 非法操作:ManufactorMsg

[ 2016-11-29T19:34:03+08:00 ] ::1 /jb555host/PersonalTailor/index.php/API/ManufactorAPI/ManufactorMsg.html
INFO: [ app_init ] --START--
INFO: Run Behavior\BuildLiteBehavior [ RunTime:0.000009s ]
INFO: [ app_init ] --END-- [ RunTime:0.000225s ]
INFO: [ app_begin ] --START--
INFO: Run Behavior\ReadHtmlCacheBehavior [ RunTime:0.000283s ]
INFO: [ app_begin ] --END-- [ RunTime:0.000315s ]
ERR: 非法操作:ManufactorMsg

[ 2016-11-29T19:34:07+08:00 ] ::1 /jb555host/PersonalTailor/index.php/API/ManufactorAPI/ManufactorMsg/Manufactor_id/14.html
INFO: [ app_init ] --START--
INFO: Run Behavior\BuildLiteBehavior [ RunTime:0.000008s ]
INFO: [ app_init ] --END-- [ RunTime:0.000212s ]
INFO: [ app_begin ] --START--
INFO: Run Behavior\ReadHtmlCacheBehavior [ RunTime:0.000261s ]
INFO: [ app_begin ] --END-- [ RunTime:0.000290s ]
ERR: 非法操作:ManufactorMsg

[ 2016-11-29T19:34:14+08:00 ] ::1 /jb555host/PersonalTailor/index.php/API/ManufactorAPI/ManufactorMsg/Manufactor_id/14.html
INFO: [ app_init ] --START--
INFO: Run Behavior\BuildLiteBehavior [ RunTime:0.000008s ]
INFO: [ app_init ] --END-- [ RunTime:0.000207s ]
INFO: [ app_begin ] --START--
INFO: Run Behavior\ReadHtmlCacheBehavior [ RunTime:0.000277s ]
INFO: [ app_begin ] --END-- [ RunTime:0.000310s ]
ERR: 非法操作:ManufactorMsg

[ 2016-11-29T19:34:37+08:00 ] ::1 /jb555host/PersonalTailor/API/ManufactorAPI/ManufactorMsg/Manufactor_id/14.html
INFO: [ app_init ] --START--
INFO: Run Behavior\BuildLiteBehavior [ RunTime:0.000009s ]
INFO: [ app_init ] --END-- [ RunTime:0.000241s ]
INFO: [ app_begin ] --START--
INFO: Run Behavior\ReadHtmlCacheBehavior [ RunTime:0.000334s ]
INFO: [ app_begin ] --END-- [ RunTime:0.000367s ]
ERR: 非法操作:ManufactorMsg

[ 2016-11-29T19:35:13+08:00 ] ::1 /jb555host/PersonalTailor/index.php/API/ManufactorAPI/ManufactorMsg/Manufactor_id/14.json
INFO: [ app_init ] --START--
INFO: Run Behavior\BuildLiteBehavior [ RunTime:0.000008s ]
INFO: [ app_init ] --END-- [ RunTime:0.000235s ]
INFO: [ app_begin ] --START--
INFO: Run Behavior\ReadHtmlCacheBehavior [ RunTime:0.000271s ]
INFO: [ app_begin ] --END-- [ RunTime:0.000305s ]
SQL: SHOW COLUMNS FROM `tb_manufactor` [ RunTime:0.0267s ]
NOTIC: [8] Undefined index: manufactor_id E:\xmapp\htdocs\jb555host\PersonalTailor\Application\API\Controller\ManufactorAPIController.class.php 第 28 行.
ERR: 1064:You have an error in your SQL syntax; check the manual that corresponds to your MySQL server version for the right syntax to use near ')' at line 1
 [ SQL语句 ] : SELECT * FROM `tb_manufactor` WHERE ( id= ) 
ERR: 1064:You have an error in your SQL syntax; check the manual that corresponds to your MySQL server version for the right syntax to use near ')' at line 1
 [ SQL语句 ] : SELECT * FROM `tb_manufactor` WHERE ( id= ) 

[ 2016-11-29T19:35:44+08:00 ] ::1 /jb555host/PersonalTailor/index.php/API/ManufactorAPI/ManufactorMsg/manufactor_id/14.json
INFO: [ app_init ] --START--
INFO: Run Behavior\BuildLiteBehavior [ RunTime:0.000007s ]
INFO: [ app_init ] --END-- [ RunTime:0.000213s ]
INFO: [ app_begin ] --START--
INFO: Run Behavior\ReadHtmlCacheBehavior [ RunTime:0.000283s ]
INFO: [ app_begin ] --END-- [ RunTime:0.000318s ]
SQL: SHOW COLUMNS FROM `tb_manufactor` [ RunTime:0.0226s ]
SQL: SELECT * FROM `tb_manufactor` WHERE ( id=14 )  [ RunTime:0.0221s ]

[ 2016-11-29T19:37:01+08:00 ] ::1 /jb555host/PersonalTailor/index.php/API/ManufactorAPI/ManufactorMsg/Manufactor_id/14.json.html
INFO: [ app_init ] --START--
INFO: Run Behavior\BuildLiteBehavior [ RunTime:0.000017s ]
INFO: [ app_init ] --END-- [ RunTime:0.000243s ]
INFO: [ app_begin ] --START--
INFO: Run Behavior\ReadHtmlCacheBehavior [ RunTime:0.000305s ]
INFO: [ app_begin ] --END-- [ RunTime:0.000333s ]
ERR: 非法操作:ManufactorMsg

[ 2016-11-29T19:37:16+08:00 ] ::1 /jb555host/PersonalTailor/index.php/API/ManufactorAPI/ManufactorMsg/Manufactor_id/14.json.html
INFO: [ app_init ] --START--
INFO: Run Behavior\BuildLiteBehavior [ RunTime:0.000007s ]
INFO: [ app_init ] --END-- [ RunTime:0.000194s ]
INFO: [ app_begin ] --START--
INFO: Run Behavior\ReadHtmlCacheBehavior [ RunTime:0.000251s ]
INFO: [ app_begin ] --END-- [ RunTime:0.000278s ]
ERR: 非法操作:ManufactorMsg

[ 2016-11-29T19:37:41+08:00 ] ::1 /jb555host/PersonalTailor/index.php/API/ManufactorAPI/ManufactorMsg/Manufactor_id/14.json.html
INFO: [ app_init ] --START--
INFO: Run Behavior\BuildLiteBehavior [ RunTime:0.000008s ]
INFO: [ app_init ] --END-- [ RunTime:0.000293s ]
INFO: [ app_begin ] --START--
INFO: Run Behavior\ReadHtmlCacheBehavior [ RunTime:0.000258s ]
INFO: [ app_begin ] --END-- [ RunTime:0.000284s ]
ERR: 非法操作:ManufactorMsg

[ 2016-11-29T19:37:43+08:00 ] ::1 /jb555host/PersonalTailor/index.php/API/ManufactorAPI/ManufactorMsg/Manufactor_id/14.json.html
INFO: [ app_init ] --START--
INFO: Run Behavior\BuildLiteBehavior [ RunTime:0.000008s ]
INFO: [ app_init ] --END-- [ RunTime:0.000259s ]
INFO: [ app_begin ] --START--
INFO: Run Behavior\ReadHtmlCacheBehavior [ RunTime:0.000305s ]
INFO: [ app_begin ] --END-- [ RunTime:0.000336s ]
ERR: 非法操作:ManufactorMsg

[ 2016-11-29T19:44:47+08:00 ] ::1 /jb555host/PersonalTailor/index.php/API/ManufactorAPI/ManufactorMsg/Manufactor_id/14.json
INFO: [ app_init ] --START--
INFO: Run Behavior\BuildLiteBehavior [ RunTime:0.000008s ]
INFO: [ app_init ] --END-- [ RunTime:0.000239s ]
INFO: [ app_begin ] --START--
INFO: Run Behavior\ReadHtmlCacheBehavior [ RunTime:0.000333s ]
INFO: [ app_begin ] --END-- [ RunTime:0.000366s ]
SQL: SHOW COLUMNS FROM `tb_manufactor` [ RunTime:0.0239s ]
NOTIC: [8] Undefined index: manufactor_id E:\xmapp\htdocs\jb555host\PersonalTailor\Application\API\Controller\ManufactorAPIController.class.php 第 28 行.
ERR: 1064:You have an error in your SQL syntax; check the manual that corresponds to your MySQL server version for the right syntax to use near ')' at line 1
 [ SQL语句 ] : SELECT * FROM `tb_manufactor` WHERE ( id= ) 
ERR: 1064:You have an error in your SQL syntax; check the manual that corresponds to your MySQL server version for the right syntax to use near ')' at line 1
 [ SQL语句 ] : SELECT * FROM `tb_manufactor` WHERE ( id= ) 

[ 2016-11-29T19:44:54+08:00 ] ::1 /jb555host/PersonalTailor/index.php/API/ManufactorAPI/ManufactorMsg/manufactor_id/14.json
INFO: [ app_init ] --START--
INFO: Run Behavior\BuildLiteBehavior [ RunTime:0.000012s ]
INFO: [ app_init ] --END-- [ RunTime:0.000230s ]
INFO: [ app_begin ] --START--
INFO: Run Behavior\ReadHtmlCacheBehavior [ RunTime:0.000278s ]
INFO: [ app_begin ] --END-- [ RunTime:0.000310s ]
SQL: SHOW COLUMNS FROM `tb_manufactor` [ RunTime:0.0237s ]
SQL: SELECT * FROM `tb_manufactor` WHERE ( id=14 )  [ RunTime:0.0214s ]

[ 2016-11-29T19:46:03+08:00 ] ::1 /jb555host/PersonalTailor/index.php/API/ManufactorAPI/ManufactorMsg/manufactor_id/14.json
INFO: [ app_init ] --START--
INFO: Run Behavior\BuildLiteBehavior [ RunTime:0.000008s ]
INFO: [ app_init ] --END-- [ RunTime:0.000200s ]
INFO: [ app_begin ] --START--
INFO: Run Behavior\ReadHtmlCacheBehavior [ RunTime:0.000250s ]
INFO: [ app_begin ] --END-- [ RunTime:0.000277s ]
SQL: SHOW COLUMNS FROM `tb_manufactor` [ RunTime:0.0241s ]
SQL: SELECT * FROM `tb_manufactor` WHERE ( id=14 )  [ RunTime:0.0230s ]

[ 2016-11-29T19:46:20+08:00 ] ::1 /jb555host/PersonalTailor/index.php/API/ManufactorAPI/ManufactorMsg/manufactor_id/14.json
INFO: [ app_init ] --START--
INFO: Run Behavior\BuildLiteBehavior [ RunTime:0.000008s ]
INFO: [ app_init ] --END-- [ RunTime:0.000199s ]
INFO: [ app_begin ] --START--
INFO: Run Behavior\ReadHtmlCacheBehavior [ RunTime:0.000310s ]
INFO: [ app_begin ] --END-- [ RunTime:0.000337s ]
SQL: SHOW COLUMNS FROM `tb_manufactor` [ RunTime:0.0276s ]
SQL: SELECT * FROM `tb_manufactor` WHERE ( id=14 )  [ RunTime:0.0283s ]

[ 2016-11-29T19:46:27+08:00 ] ::1 /jb555host/PersonalTailor/index.php/API/ManufactorAPI/ManufactorMsg/manufactor_id/14.json
INFO: [ app_init ] --START--
INFO: Run Behavior\BuildLiteBehavior [ RunTime:0.000008s ]
INFO: [ app_init ] --END-- [ RunTime:0.000238s ]
INFO: [ app_begin ] --START--
INFO: Run Behavior\ReadHtmlCacheBehavior [ RunTime:0.000310s ]
INFO: [ app_begin ] --END-- [ RunTime:0.000337s ]
SQL: SHOW COLUMNS FROM `tb_manufactor` [ RunTime:0.0269s ]
SQL: SELECT * FROM `tb_manufactor` WHERE ( id=14 )  [ RunTime:0.0165s ]

[ 2016-11-29T19:46:40+08:00 ] ::1 /jb555host/PersonalTailor/index.php/API/ManufactorAPI/ManufactorMsg/manufactor_id/14.json
INFO: [ app_init ] --START--
INFO: Run Behavior\BuildLiteBehavior [ RunTime:0.000008s ]
INFO: [ app_init ] --END-- [ RunTime:0.000208s ]
INFO: [ app_begin ] --START--
INFO: Run Behavior\ReadHtmlCacheBehavior [ RunTime:0.000256s ]
INFO: [ app_begin ] --END-- [ RunTime:0.000284s ]
SQL: SHOW COLUMNS FROM `tb_manufactor` [ RunTime:0.0328s ]
SQL: SELECT * FROM `tb_manufactor` WHERE ( id=14 )  [ RunTime:0.0240s ]

[ 2016-11-29T19:47:28+08:00 ] ::1 /jb555host/PersonalTailor/index.php/API/ManufactorAPI/ManufactorMsg/manufactor_id/14.json
INFO: [ app_init ] --START--
INFO: Run Behavior\BuildLiteBehavior [ RunTime:0.000008s ]
INFO: [ app_init ] --END-- [ RunTime:0.000202s ]
INFO: [ app_begin ] --START--
INFO: Run Behavior\ReadHtmlCacheBehavior [ RunTime:0.000252s ]
INFO: [ app_begin ] --END-- [ RunTime:0.000279s ]
SQL: SHOW COLUMNS FROM `tb_manufactor` [ RunTime:0.0260s ]
SQL: SELECT * FROM `tb_manufactor` WHERE ( id=14 )  [ RunTime:0.0250s ]

[ 2016-11-29T19:47:58+08:00 ] ::1 /jb555host/PersonalTailor/index.php/API/ManufactorAPI/ManufactorMsg/manufactor_id/14.json
INFO: [ app_init ] --START--
INFO: Run Behavior\BuildLiteBehavior [ RunTime:0.000008s ]
INFO: [ app_init ] --END-- [ RunTime:0.000219s ]
INFO: [ app_begin ] --START--
INFO: Run Behavior\ReadHtmlCacheBehavior [ RunTime:0.000306s ]
INFO: [ app_begin ] --END-- [ RunTime:0.000340s ]
SQL: SHOW COLUMNS FROM `tb_manufactor` [ RunTime:0.0216s ]
SQL: SELECT * FROM `tb_manufactor` WHERE ( id=14 )  [ RunTime:0.0368s ]

[ 2016-11-29T19:48:32+08:00 ] ::1 /jb555host/PersonalTailor/index.php/API/ManufactorAPI/ManufactorMsg/manufactor_id/14.json
INFO: [ app_init ] --START--
INFO: Run Behavior\BuildLiteBehavior [ RunTime:0.000010s ]
INFO: [ app_init ] --END-- [ RunTime:0.000291s ]
INFO: [ app_begin ] --START--
INFO: Run Behavior\ReadHtmlCacheBehavior [ RunTime:0.000390s ]
INFO: [ app_begin ] --END-- [ RunTime:0.000420s ]
SQL: SHOW COLUMNS FROM `tb_manufactor` [ RunTime:0.0245s ]
SQL: SELECT * FROM `tb_manufactor` WHERE ( id=14 )  [ RunTime:0.0228s ]

[ 2016-11-29T19:49:42+08:00 ] ::1 /jb555host/PersonalTailor/index.php/API/ManufactorAPI/ManufactorMsg/manufactor_id/14.json
INFO: [ app_init ] --START--
INFO: Run Behavior\BuildLiteBehavior [ RunTime:0.000008s ]
INFO: [ app_init ] --END-- [ RunTime:0.000280s ]
INFO: [ app_begin ] --START--
INFO: Run Behavior\ReadHtmlCacheBehavior [ RunTime:0.000341s ]
INFO: [ app_begin ] --END-- [ RunTime:0.000383s ]
SQL: SHOW COLUMNS FROM `tb_manufactor` [ RunTime:0.0309s ]
SQL: SELECT * FROM `tb_manufactor` WHERE ( id=14 )  [ RunTime:0.0286s ]

[ 2016-11-29T19:50:57+08:00 ] ::1 /jb555host/PersonalTailor/index.php/API/ManufactorAPI/ManufactorMsg.json
INFO: [ app_init ] --START--
INFO: Run Behavior\BuildLiteBehavior [ RunTime:0.000007s ]
INFO: [ app_init ] --END-- [ RunTime:0.000219s ]
INFO: [ app_begin ] --START--
INFO: Run Behavior\ReadHtmlCacheBehavior [ RunTime:0.000315s ]
INFO: [ app_begin ] --END-- [ RunTime:0.000343s ]
ERR: 非法操作:ManufactorMsg

[ 2016-11-29T19:52:05+08:00 ] ::1 /jb555host/PersonalTailor/index.php/API/ManufactorAPI/ManufactorMsg.json
INFO: [ app_init ] --START--
INFO: Run Behavior\BuildLiteBehavior [ RunTime:0.000018s ]
INFO: [ app_init ] --END-- [ RunTime:0.000260s ]
INFO: [ app_begin ] --START--
INFO: Run Behavior\ReadHtmlCacheBehavior [ RunTime:0.000322s ]
INFO: [ app_begin ] --END-- [ RunTime:0.000350s ]
ERR: 非法操作:ManufactorMsg

[ 2016-11-29T19:52:08+08:00 ] ::1 /jb555host/PersonalTailor/index.php/API/ManufactorAPI/ManufactorMsg.json
INFO: [ app_init ] --START--
INFO: Run Behavior\BuildLiteBehavior [ RunTime:0.000008s ]
INFO: [ app_init ] --END-- [ RunTime:0.000214s ]
INFO: [ app_begin ] --START--
INFO: Run Behavior\ReadHtmlCacheBehavior [ RunTime:0.000268s ]
INFO: [ app_begin ] --END-- [ RunTime:0.000302s ]
ERR: 非法操作:ManufactorMsg

[ 2016-11-29T19:52:48+08:00 ] ::1 /jb555host/PersonalTailor/index.php/API/ManufactorAPI/ManufactorMsg.json
INFO: [ app_init ] --START--
INFO: Run Behavior\BuildLiteBehavior [ RunTime:0.000009s ]
INFO: [ app_init ] --END-- [ RunTime:0.000220s ]
INFO: [ app_begin ] --START--
INFO: Run Behavior\ReadHtmlCacheBehavior [ RunTime:0.000274s ]
INFO: [ app_begin ] --END-- [ RunTime:0.000308s ]
ERR: 非法操作:ManufactorMsg

[ 2016-11-29T19:52:50+08:00 ] ::1 /jb555host/PersonalTailor/index.php/API/ManufactorAPI/ManufactorMsg.json
INFO: [ app_init ] --START--
INFO: Run Behavior\BuildLiteBehavior [ RunTime:0.000009s ]
INFO: [ app_init ] --END-- [ RunTime:0.000237s ]
INFO: [ app_begin ] --START--
INFO: Run Behavior\ReadHtmlCacheBehavior [ RunTime:0.000297s ]
INFO: [ app_begin ] --END-- [ RunTime:0.000335s ]
ERR: 非法操作:ManufactorMsg

[ 2016-11-29T19:52:50+08:00 ] ::1 /jb555host/PersonalTailor/index.php/API/ManufactorAPI/ManufactorMsg.json
INFO: [ app_init ] --START--
INFO: Run Behavior\BuildLiteBehavior [ RunTime:0.000010s ]
INFO: [ app_init ] --END-- [ RunTime:0.000210s ]
INFO: [ app_begin ] --START--
INFO: Run Behavior\ReadHtmlCacheBehavior [ RunTime:0.000253s ]
INFO: [ app_begin ] --END-- [ RunTime:0.000281s ]
ERR: 非法操作:ManufactorMsg

[ 2016-11-29T19:52:55+08:00 ] ::1 /jb555host/PersonalTailor/index.php/API/ManufactorAPI/ManufactorMsg.json
INFO: [ app_init ] --START--
INFO: Run Behavior\BuildLiteBehavior [ RunTime:0.000007s ]
INFO: [ app_init ] --END-- [ RunTime:0.000200s ]
INFO: [ app_begin ] --START--
INFO: Run Behavior\ReadHtmlCacheBehavior [ RunTime:0.000341s ]
INFO: [ app_begin ] --END-- [ RunTime:0.000370s ]
ERR: 非法操作:ManufactorMsg

[ 2016-11-29T19:55:40+08:00 ] ::1 /jb555host/PersonalTailor/index.php/API/ManufactorAPI/ManufactorMsg.json
INFO: [ app_init ] --START--
INFO: Run Behavior\BuildLiteBehavior [ RunTime:0.000008s ]
INFO: [ app_init ] --END-- [ RunTime:0.000237s ]
INFO: [ app_begin ] --START--
INFO: Run Behavior\ReadHtmlCacheBehavior [ RunTime:0.000420s ]
INFO: [ app_begin ] --END-- [ RunTime:0.000461s ]
ERR: 非法操作:ManufactorMsg

[ 2016-11-29T19:56:01+08:00 ] ::1 /jb555host/PersonalTailor/index.php/API/ManufactorAPI/ManufactorMsg.json
INFO: [ app_init ] --START--
INFO: Run Behavior\BuildLiteBehavior [ RunTime:0.000009s ]
INFO: [ app_init ] --END-- [ RunTime:0.000246s ]
INFO: [ app_begin ] --START--
INFO: Run Behavior\ReadHtmlCacheBehavior [ RunTime:0.000339s ]
INFO: [ app_begin ] --END-- [ RunTime:0.000370s ]
SQL: SHOW COLUMNS FROM `tb_manufactor` [ RunTime:0.0231s ]
NOTIC: [8] Undefined index: manufactor_id E:\xmapp\htdocs\jb555host\PersonalTailor\Application\API\Controller\ManufactorAPIController.class.php 第 28 行.
ERR: 1064:You have an error in your SQL syntax; check the manual that corresponds to your MySQL server version for the right syntax to use near ')' at line 1
 [ SQL语句 ] : SELECT * FROM `tb_manufactor` WHERE ( id= ) 
ERR: 1064:You have an error in your SQL syntax; check the manual that corresponds to your MySQL server version for the right syntax to use near ')' at line 1
 [ SQL语句 ] : SELECT * FROM `tb_manufactor` WHERE ( id= ) 

[ 2016-11-29T19:57:31+08:00 ] ::1 /jb555host/PersonalTailor/index.php/API/ManufactorAPI/ManufactorMsg.json
INFO: [ app_init ] --START--
INFO: Run Behavior\BuildLiteBehavior [ RunTime:0.000008s ]
INFO: [ app_init ] --END-- [ RunTime:0.000221s ]
INFO: [ app_begin ] --START--
INFO: Run Behavior\ReadHtmlCacheBehavior [ RunTime:0.000249s ]
INFO: [ app_begin ] --END-- [ RunTime:0.000278s ]
ERR: 非法操作:ManufactorMsg

[ 2016-11-29T19:59:08+08:00 ] ::1 /jb555host/PersonalTailor/index.php/API/ManufactorAPI/ManufactorMsg.json
INFO: [ app_init ] --START--
INFO: Run Behavior\BuildLiteBehavior [ RunTime:0.000008s ]
INFO: [ app_init ] --END-- [ RunTime:0.000208s ]
INFO: [ app_begin ] --START--
INFO: Run Behavior\ReadHtmlCacheBehavior [ RunTime:0.000307s ]
INFO: [ app_begin ] --END-- [ RunTime:0.000335s ]
ERR: 非法操作:ManufactorMsg

[ 2016-11-29T19:59:12+08:00 ] ::1 /jb555host/PersonalTailor/index.php/API/ManufactorAPI/ManufactorMsg.json
INFO: [ app_init ] --START--
INFO: Run Behavior\BuildLiteBehavior [ RunTime:0.000011s ]
INFO: [ app_init ] --END-- [ RunTime:0.000344s ]
INFO: [ app_begin ] --START--
INFO: Run Behavior\ReadHtmlCacheBehavior [ RunTime:0.000354s ]
INFO: [ app_begin ] --END-- [ RunTime:0.000392s ]
ERR: 非法操作:ManufactorMsg

[ 2016-11-29T20:00:08+08:00 ] ::1 /jb555host/PersonalTailor/API/ManufactorAPI/ManufactorMsg/manufactor_id/14.html
INFO: [ app_init ] --START--
INFO: Run Behavior\BuildLiteBehavior [ RunTime:0.000007s ]
INFO: [ app_init ] --END-- [ RunTime:0.000235s ]
INFO: [ app_begin ] --START--
INFO: Run Behavior\ReadHtmlCacheBehavior [ RunTime:0.000270s ]
INFO: [ app_begin ] --END-- [ RunTime:0.000302s ]
SQL: SHOW COLUMNS FROM `tb_manufactor` [ RunTime:0.0315s ]
SQL: SELECT * FROM `tb_manufactor` WHERE ( id=14 )  [ RunTime:0.0294s ]

[ 2016-11-29T20:00:14+08:00 ] ::1 /jb555host/PersonalTailor/index.php/API/ManufactorAPI/ManufactorMsg.json
INFO: [ app_init ] --START--
INFO: Run Behavior\BuildLiteBehavior [ RunTime:0.000008s ]
INFO: [ app_init ] --END-- [ RunTime:0.000209s ]
INFO: [ app_begin ] --START--
INFO: Run Behavior\ReadHtmlCacheBehavior [ RunTime:0.000318s ]
INFO: [ app_begin ] --END-- [ RunTime:0.000352s ]
INFO: [ view_parse ] --START--
INFO: [ template_filter ] --START--
INFO: Run Behavior\ContentReplaceBehavior [ RunTime:0.000020s ]
INFO: [ template_filter ] --END-- [ RunTime:0.000047s ]
INFO: Run Behavior\ParseTemplateBehavior [ RunTime:0.007662s ]
INFO: [ view_parse ] --END-- [ RunTime:0.007703s ]
INFO: [ view_filter ] --START--
INFO: Run Behavior\WriteHtmlCacheBehavior [ RunTime:0.000220s ]
INFO: [ view_filter ] --END-- [ RunTime:0.000242s ]
INFO: [ app_end ] --START--
INFO: Run Behavior\ShowPageTraceBehavior [ RunTime:0.000310s ]
INFO: [ app_end ] --END-- [ RunTime:0.000345s ]

[ 2016-11-29T20:00:41+08:00 ] ::1 /jb555host/PersonalTailor/index.php/API/ManufactorAPI/ManufactorMsg.html
INFO: [ app_init ] --START--
INFO: Run Behavior\BuildLiteBehavior [ RunTime:0.000007s ]
INFO: [ app_init ] --END-- [ RunTime:0.000233s ]
INFO: [ app_begin ] --START--
INFO: Run Behavior\ReadHtmlCacheBehavior [ RunTime:0.000360s ]
INFO: [ app_begin ] --END-- [ RunTime:0.000394s ]
INFO: [ view_parse ] --START--
INFO: Run Behavior\ParseTemplateBehavior [ RunTime:0.000263s ]
INFO: [ view_parse ] --END-- [ RunTime:0.000295s ]
INFO: [ view_filter ] --START--
INFO: Run Behavior\WriteHtmlCacheBehavior [ RunTime:0.000218s ]
INFO: [ view_filter ] --END-- [ RunTime:0.000242s ]
INFO: [ app_end ] --START--
INFO: Run Behavior\ShowPageTraceBehavior [ RunTime:0.000372s ]
INFO: [ app_end ] --END-- [ RunTime:0.000399s ]

[ 2016-11-29T20:02:37+08:00 ] ::1 /jb555host/PersonalTailor/index.php/API/ManufactorAPI/ManufactorMsg.html
INFO: [ app_init ] --START--
INFO: Run Behavior\BuildLiteBehavior [ RunTime:0.000008s ]
INFO: [ app_init ] --END-- [ RunTime:0.000209s ]
INFO: [ app_begin ] --START--
INFO: Run Behavior\ReadHtmlCacheBehavior [ RunTime:0.000255s ]
INFO: [ app_begin ] --END-- [ RunTime:0.000285s ]
INFO: [ view_parse ] --START--
INFO: Run Behavior\ParseTemplateBehavior [ RunTime:0.000224s ]
INFO: [ view_parse ] --END-- [ RunTime:0.000253s ]
INFO: [ view_filter ] --START--
INFO: Run Behavior\WriteHtmlCacheBehavior [ RunTime:0.000218s ]
INFO: [ view_filter ] --END-- [ RunTime:0.000238s ]
INFO: [ app_end ] --START--
INFO: Run Behavior\ShowPageTraceBehavior [ RunTime:0.000253s ]
INFO: [ app_end ] --END-- [ RunTime:0.000276s ]

[ 2016-11-29T20:02:50+08:00 ] ::1 /jb555host/PersonalTailor/index.php/API/ManufactorAPI/ManufactorMsg.html
INFO: [ app_init ] --START--
INFO: Run Behavior\BuildLiteBehavior [ RunTime:0.000011s ]
INFO: [ app_init ] --END-- [ RunTime:0.000340s ]
INFO: [ app_begin ] --START--
INFO: Run Behavior\ReadHtmlCacheBehavior [ RunTime:0.000341s ]
INFO: [ app_begin ] --END-- [ RunTime:0.000369s ]
INFO: [ view_parse ] --START--
INFO: Run Behavior\ParseTemplateBehavior [ RunTime:0.000276s ]
INFO: [ view_parse ] --END-- [ RunTime:0.000302s ]
INFO: [ view_filter ] --START--
INFO: Run Behavior\WriteHtmlCacheBehavior [ RunTime:0.000190s ]
INFO: [ view_filter ] --END-- [ RunTime:0.000209s ]
INFO: [ app_end ] --START--
INFO: Run Behavior\ShowPageTraceBehavior [ RunTime:0.000322s ]
INFO: [ app_end ] --END-- [ RunTime:0.000345s ]

[ 2016-11-29T20:03:15+08:00 ] ::1 /jb555host/PersonalTailor/index.php/API/ManufactorAPI/ManufactorMsg.html
INFO: [ app_init ] --START--
INFO: Run Behavior\BuildLiteBehavior [ RunTime:0.000008s ]
INFO: [ app_init ] --END-- [ RunTime:0.000204s ]
INFO: [ app_begin ] --START--
INFO: Run Behavior\ReadHtmlCacheBehavior [ RunTime:0.000249s ]
INFO: [ app_begin ] --END-- [ RunTime:0.000277s ]
SQL: SHOW COLUMNS FROM `tb_manufactor` [ RunTime:0.0165s ]
SQL: SELECT * FROM `tb_manufactor` WHERE ( id=14 )  [ RunTime:0.0174s ]

[ 2016-11-29T20:22:12+08:00 ] ::1 /jb555host/PersonalTailor/index.php/API/ManufactorAPI/ManufactorMsg.html
INFO: [ app_init ] --START--
INFO: Run Behavior\BuildLiteBehavior [ RunTime:0.000008s ]
INFO: [ app_init ] --END-- [ RunTime:0.000204s ]
INFO: [ app_begin ] --START--
INFO: Run Behavior\ReadHtmlCacheBehavior [ RunTime:0.000250s ]
INFO: [ app_begin ] --END-- [ RunTime:0.000278s ]
SQL: SHOW COLUMNS FROM `tb_manufactor` [ RunTime:0.0287s ]
SQL: SELECT * FROM `tb_manufactor` WHERE ( id=14 )  [ RunTime:0.0275s ]

[ 2016-11-29T20:22:26+08:00 ] ::1 /jb555host/PersonalTailor/index.php/API/ManufactorAPI/ManufactorMsg.html
INFO: [ app_init ] --START--
INFO: Run Behavior\BuildLiteBehavior [ RunTime:0.000007s ]
INFO: [ app_init ] --END-- [ RunTime:0.000242s ]
INFO: [ app_begin ] --START--
INFO: Run Behavior\ReadHtmlCacheBehavior [ RunTime:0.000307s ]
INFO: [ app_begin ] --END-- [ RunTime:0.000345s ]
SQL: SHOW COLUMNS FROM `tb_manufactor` [ RunTime:0.0237s ]
SQL: SELECT * FROM `tb_manufactor` WHERE ( id=14 )  [ RunTime:0.0229s ]

[ 2016-11-29T20:22:53+08:00 ] ::1 /jb555host/PersonalTailor/index.php/API/ManufactorAPI/ManufactorMsg.html
INFO: [ app_init ] --START--
INFO: Run Behavior\BuildLiteBehavior [ RunTime:0.000009s ]
INFO: [ app_init ] --END-- [ RunTime:0.000233s ]
INFO: [ app_begin ] --START--
INFO: Run Behavior\ReadHtmlCacheBehavior [ RunTime:0.000294s ]
INFO: [ app_begin ] --END-- [ RunTime:0.000330s ]
SQL: SHOW COLUMNS FROM `tb_manufactor` [ RunTime:0.0227s ]
SQL: SELECT * FROM `tb_manufactor` WHERE ( id=14 )  [ RunTime:0.0222s ]

[ 2016-11-29T20:25:17+08:00 ] ::1 /jb555host/PersonalTailor/index.php/API/ManufactorAPI/ManufactorMsg.html
INFO: [ app_init ] --START--
INFO: Run Behavior\BuildLiteBehavior [ RunTime:0.000010s ]
INFO: [ app_init ] --END-- [ RunTime:0.000211s ]
INFO: [ app_begin ] --START--
INFO: Run Behavior\ReadHtmlCacheBehavior [ RunTime:0.000421s ]
INFO: [ app_begin ] --END-- [ RunTime:0.000471s ]
SQL: SHOW COLUMNS FROM `tb_manufactor` [ RunTime:0.0221s ]
SQL: SELECT * FROM `tb_manufactor` WHERE ( id=14 )  [ RunTime:0.0213s ]

[ 2016-11-29T20:25:32+08:00 ] ::1 /jb555host/PersonalTailor/index.php/API/ManufactorAPI/ManufactorMsg.html
INFO: [ app_init ] --START--
INFO: Run Behavior\BuildLiteBehavior [ RunTime:0.000008s ]
INFO: [ app_init ] --END-- [ RunTime:0.000202s ]
INFO: [ app_begin ] --START--
INFO: Run Behavior\ReadHtmlCacheBehavior [ RunTime:0.000248s ]
INFO: [ app_begin ] --END-- [ RunTime:0.000276s ]
SQL: SHOW COLUMNS FROM `tb_manufactor` [ RunTime:0.0227s ]
SQL: SELECT * FROM `tb_manufactor` WHERE ( id=14 )  [ RunTime:0.0224s ]

[ 2016-11-29T20:25:34+08:00 ] ::1 /jb555host/PersonalTailor/index.php/API/ManufactorAPI/ManufactorMsg.html
INFO: [ app_init ] --START--
INFO: Run Behavior\BuildLiteBehavior [ RunTime:0.000007s ]
INFO: [ app_init ] --END-- [ RunTime:0.000216s ]
INFO: [ app_begin ] --START--
INFO: Run Behavior\ReadHtmlCacheBehavior [ RunTime:0.000302s ]
INFO: [ app_begin ] --END-- [ RunTime:0.000343s ]
SQL: SHOW COLUMNS FROM `tb_manufactor` [ RunTime:0.0157s ]
SQL: SELECT * FROM `tb_manufactor` WHERE ( id=14 )  [ RunTime:0.0158s ]

[ 2016-11-29T20:28:22+08:00 ] ::1 /jb555host/PersonalTailor/index.php/API/ManufactorAPI/ManufactorMsg.html
INFO: [ app_init ] --START--
INFO: Run Behavior\BuildLiteBehavior [ RunTime:0.000006s ]
INFO: [ app_init ] --END-- [ RunTime:0.000214s ]
INFO: [ app_begin ] --START--
INFO: Run Behavior\ReadHtmlCacheBehavior [ RunTime:0.000252s ]
INFO: [ app_begin ] --END-- [ RunTime:0.000280s ]
SQL: SHOW COLUMNS FROM `tb_manufactor` [ RunTime:0.0290s ]
SQL: SELECT * FROM `tb_manufactor` WHERE ( id=14 )  [ RunTime:0.0287s ]

[ 2016-11-29T20:28:27+08:00 ] ::1 /jb555host/PersonalTailor/index.php/API/ManufactorAPI/ResetName.html
INFO: [ app_init ] --START--
INFO: Run Behavior\BuildLiteBehavior [ RunTime:0.000008s ]
INFO: [ app_init ] --END-- [ RunTime:0.000218s ]
INFO: [ app_begin ] --START--
INFO: Run Behavior\ReadHtmlCacheBehavior [ RunTime:0.000283s ]
INFO: [ app_begin ] --END-- [ RunTime:0.000315s ]
SQL: SHOW COLUMNS FROM `tb_manufactor` [ RunTime:0.0351s ]

[ 2016-11-29T20:28:32+08:00 ] ::1 /jb555host/PersonalTailor/index.php/API/ManufactorAPI/ManufactorMsg.html
INFO: [ app_init ] --START--
INFO: Run Behavior\BuildLiteBehavior [ RunTime:0.000008s ]
INFO: [ app_init ] --END-- [ RunTime:0.000200s ]
INFO: [ app_begin ] --START--
INFO: Run Behavior\ReadHtmlCacheBehavior [ RunTime:0.000247s ]
INFO: [ app_begin ] --END-- [ RunTime:0.000274s ]
SQL: SHOW COLUMNS FROM `tb_manufactor` [ RunTime:0.1006s ]
SQL: SELECT * FROM `tb_manufactor` WHERE ( id=14 )  [ RunTime:0.0764s ]

[ 2016-11-29T20:29:33+08:00 ] ::1 /jb555host/PersonalTailor/index.php/API/ManufactorAPI/ResetName.html
INFO: [ app_init ] --START--
INFO: Run Behavior\BuildLiteBehavior [ RunTime:0.000014s ]
INFO: [ app_init ] --END-- [ RunTime:0.000325s ]
INFO: [ app_begin ] --START--
INFO: Run Behavior\ReadHtmlCacheBehavior [ RunTime:0.000413s ]
INFO: [ app_begin ] --END-- [ RunTime:0.000467s ]
SQL: SHOW COLUMNS FROM `tb_manufactor` [ RunTime:0.0167s ]

[ 2016-11-29T20:29:38+08:00 ] ::1 /jb555host/PersonalTailor/index.php/API/ManufactorAPI/ManufactorMsg.html
INFO: [ app_init ] --START--
INFO: Run Behavior\BuildLiteBehavior [ RunTime:0.000008s ]
INFO: [ app_init ] --END-- [ RunTime:0.000198s ]
INFO: [ app_begin ] --START--
INFO: Run Behavior\ReadHtmlCacheBehavior [ RunTime:0.000248s ]
INFO: [ app_begin ] --END-- [ RunTime:0.000276s ]
SQL: SHOW COLUMNS FROM `tb_manufactor` [ RunTime:0.0284s ]
SQL: SELECT * FROM `tb_manufactor` WHERE ( id=14 )  [ RunTime:0.0285s ]

[ 2016-11-29T20:30:00+08:00 ] ::1 /jb555host/PersonalTailor/index.php/API/ManufactorAPI/ManufactorMsg.html
INFO: [ app_init ] --START--
INFO: Run Behavior\BuildLiteBehavior [ RunTime:0.000008s ]
INFO: [ app_init ] --END-- [ RunTime:0.000201s ]
INFO: [ app_begin ] --START--
INFO: Run Behavior\ReadHtmlCacheBehavior [ RunTime:0.000303s ]
INFO: [ app_begin ] --END-- [ RunTime:0.000331s ]
SQL: SHOW COLUMNS FROM `tb_manufactor` [ RunTime:0.0163s ]
SQL: SELECT * FROM `tb_manufactor` WHERE ( id=14 )  [ RunTime:0.0179s ]

[ 2016-11-29T20:30:02+08:00 ] ::1 /jb555host/PersonalTailor/index.php/API/ManufactorAPI/ResetName.html
INFO: [ app_init ] --START--
INFO: Run Behavior\BuildLiteBehavior [ RunTime:0.000015s ]
INFO: [ app_init ] --END-- [ RunTime:0.000308s ]
INFO: [ app_begin ] --START--
INFO: Run Behavior\ReadHtmlCacheBehavior [ RunTime:0.000327s ]
INFO: [ app_begin ] --END-- [ RunTime:0.000366s ]
SQL: SHOW COLUMNS FROM `tb_manufactor` [ RunTime:0.0262s ]

[ 2016-11-29T20:30:04+08:00 ] ::1 /jb555host/PersonalTailor/index.php/API/ManufactorAPI/ManufactorMsg.html
INFO: [ app_init ] --START--
INFO: Run Behavior\BuildLiteBehavior [ RunTime:0.000008s ]
INFO: [ app_init ] --END-- [ RunTime:0.000197s ]
INFO: [ app_begin ] --START--
INFO: Run Behavior\ReadHtmlCacheBehavior [ RunTime:0.000274s ]
INFO: [ app_begin ] --END-- [ RunTime:0.000304s ]
SQL: SHOW COLUMNS FROM `tb_manufactor` [ RunTime:0.0173s ]
SQL: SELECT * FROM `tb_manufactor` WHERE ( id=14 )  [ RunTime:0.0151s ]

[ 2016-11-29T20:30:18+08:00 ] ::1 /jb555host/PersonalTailor/index.php/API/ManufactorAPI/ManufactorMsg.html
INFO: [ app_init ] --START--
INFO: Run Behavior\BuildLiteBehavior [ RunTime:0.000008s ]
INFO: [ app_init ] --END-- [ RunTime:0.000236s ]
INFO: [ app_begin ] --START--
INFO: Run Behavior\ReadHtmlCacheBehavior [ RunTime:0.000248s ]
INFO: [ app_begin ] --END-- [ RunTime:0.000276s ]
SQL: SHOW COLUMNS FROM `tb_manufactor` [ RunTime:0.0180s ]
SQL: SELECT * FROM `tb_manufactor` WHERE ( id=14 )  [ RunTime:0.0154s ]

[ 2016-11-29T20:30:19+08:00 ] ::1 /jb555host/PersonalTailor/index.php/API/ManufactorAPI/ResetName.html
INFO: [ app_init ] --START--
INFO: Run Behavior\BuildLiteBehavior [ RunTime:0.000009s ]
INFO: [ app_init ] --END-- [ RunTime:0.000219s ]
INFO: [ app_begin ] --START--
INFO: Run Behavior\ReadHtmlCacheBehavior [ RunTime:0.000274s ]
INFO: [ app_begin ] --END-- [ RunTime:0.000304s ]
SQL: SHOW COLUMNS FROM `tb_manufactor` [ RunTime:0.0282s ]

[ 2016-11-29T20:30:27+08:00 ] ::1 /jb555host/PersonalTailor/index.php/API/ManufactorAPI/ManufactorMsg.html
INFO: [ app_init ] --START--
INFO: Run Behavior\BuildLiteBehavior [ RunTime:0.000019s ]
INFO: [ app_init ] --END-- [ RunTime:0.000221s ]
INFO: [ app_begin ] --START--
INFO: Run Behavior\ReadHtmlCacheBehavior [ RunTime:0.000248s ]
INFO: [ app_begin ] --END-- [ RunTime:0.000276s ]
SQL: SHOW COLUMNS FROM `tb_manufactor` [ RunTime:0.0286s ]
SQL: SELECT * FROM `tb_manufactor` WHERE ( id=14 )  [ RunTime:0.0288s ]

[ 2016-11-29T20:31:44+08:00 ] ::1 /jb555host/PersonalTailor/index.php/API/ManufactorAPI/ManufactorMsg.html
INFO: [ app_init ] --START--
INFO: Run Behavior\BuildLiteBehavior [ RunTime:0.000008s ]
INFO: [ app_init ] --END-- [ RunTime:0.000264s ]
INFO: [ app_begin ] --START--
INFO: Run Behavior\ReadHtmlCacheBehavior [ RunTime:0.000277s ]
INFO: [ app_begin ] --END-- [ RunTime:0.000305s ]
SQL: SHOW COLUMNS FROM `tb_manufactor` [ RunTime:0.0221s ]
SQL: SELECT * FROM `tb_manufactor` WHERE ( id=14 )  [ RunTime:0.0206s ]

[ 2016-11-29T20:31:48+08:00 ] ::1 /jb555host/PersonalTailor/index.php/API/ManufactorAPI/ResetName.html
INFO: [ app_init ] --START--
INFO: Run Behavior\BuildLiteBehavior [ RunTime:0.000010s ]
INFO: [ app_init ] --END-- [ RunTime:0.000335s ]
INFO: [ app_begin ] --START--
INFO: Run Behavior\ReadHtmlCacheBehavior [ RunTime:0.000311s ]
INFO: [ app_begin ] --END-- [ RunTime:0.000346s ]
SQL: SHOW COLUMNS FROM `tb_manufactor` [ RunTime:0.0163s ]

[ 2016-11-29T20:31:52+08:00 ] ::1 /jb555host/PersonalTailor/index.php/API/ManufactorAPI/ManufactorMsg.html
INFO: [ app_init ] --START--
INFO: Run Behavior\BuildLiteBehavior [ RunTime:0.000007s ]
INFO: [ app_init ] --END-- [ RunTime:0.000232s ]
INFO: [ app_begin ] --START--
INFO: Run Behavior\ReadHtmlCacheBehavior [ RunTime:0.000335s ]
INFO: [ app_begin ] --END-- [ RunTime:0.000364s ]
SQL: SHOW COLUMNS FROM `tb_manufactor` [ RunTime:0.0234s ]
SQL: SELECT * FROM `tb_manufactor` WHERE ( id=14 )  [ RunTime:0.0226s ]

[ 2016-11-29T20:32:16+08:00 ] ::1 /jb555host/PersonalTailor/index.php/API/ManufactorAPI/ManufactorMsg.html
INFO: [ app_init ] --START--
INFO: Run Behavior\BuildLiteBehavior [ RunTime:0.000007s ]
INFO: [ app_init ] --END-- [ RunTime:0.000197s ]
INFO: [ app_begin ] --START--
INFO: Run Behavior\ReadHtmlCacheBehavior [ RunTime:0.000310s ]
INFO: [ app_begin ] --END-- [ RunTime:0.000340s ]
SQL: SHOW COLUMNS FROM `tb_manufactor` [ RunTime:0.0284s ]
SQL: SELECT * FROM `tb_manufactor` WHERE ( id=14 )  [ RunTime:0.0285s ]

[ 2016-11-29T20:32:17+08:00 ] ::1 /jb555host/PersonalTailor/index.php/API/ManufactorAPI/ResetName.html
INFO: [ app_init ] --START--
INFO: Run Behavior\BuildLiteBehavior [ RunTime:0.000009s ]
INFO: [ app_init ] --END-- [ RunTime:0.000223s ]
INFO: [ app_begin ] --START--
INFO: Run Behavior\ReadHtmlCacheBehavior [ RunTime:0.000290s ]
INFO: [ app_begin ] --END-- [ RunTime:0.000324s ]
SQL: SHOW COLUMNS FROM `tb_manufactor` [ RunTime:0.0292s ]

[ 2016-11-29T20:32:18+08:00 ] ::1 /jb555host/PersonalTailor/index.php/API/ManufactorAPI/ManufactorMsg.html
INFO: [ app_init ] --START--
INFO: Run Behavior\BuildLiteBehavior [ RunTime:0.000008s ]
INFO: [ app_init ] --END-- [ RunTime:0.000202s ]
INFO: [ app_begin ] --START--
INFO: Run Behavior\ReadHtmlCacheBehavior [ RunTime:0.000288s ]
INFO: [ app_begin ] --END-- [ RunTime:0.000327s ]
SQL: SHOW COLUMNS FROM `tb_manufactor` [ RunTime:0.0298s ]
SQL: SELECT * FROM `tb_manufactor` WHERE ( id=14 )  [ RunTime:0.0303s ]

[ 2016-11-29T20:34:24+08:00 ] ::1 /jb555host/PersonalTailor/API/ManufactorAPI/ResetName/manufactor_id/14/manufactor_name/12311.html
INFO: [ app_init ] --START--
INFO: Run Behavior\BuildLiteBehavior [ RunTime:0.000007s ]
INFO: [ app_init ] --END-- [ RunTime:0.000222s ]
INFO: [ app_begin ] --START--
INFO: Run Behavior\ReadHtmlCacheBehavior [ RunTime:0.000313s ]
INFO: [ app_begin ] --END-- [ RunTime:0.000344s ]
SQL: SHOW COLUMNS FROM `tb_manufactor` [ RunTime:0.0248s ]

[ 2016-11-29T20:35:02+08:00 ] ::1 /jb555host/PersonalTailor/API/ManufactorAPI/ResetName/manufactor_id/14/manufactor_name/12311.html
INFO: [ app_init ] --START--
INFO: Run Behavior\BuildLiteBehavior [ RunTime:0.000008s ]
INFO: [ app_init ] --END-- [ RunTime:0.000237s ]
INFO: [ app_begin ] --START--
INFO: Run Behavior\ReadHtmlCacheBehavior [ RunTime:0.000326s ]
INFO: [ app_begin ] --END-- [ RunTime:0.000358s ]
SQL: SHOW COLUMNS FROM `tb_manufactor` [ RunTime:0.0223s ]

[ 2016-11-29T20:35:18+08:00 ] ::1 /jb555host/PersonalTailor/API/ManufactorAPI/ResetName/manufactor_id/14/manufactor_name/12311.html
INFO: [ app_init ] --START--
INFO: Run Behavior\BuildLiteBehavior [ RunTime:0.000007s ]
INFO: [ app_init ] --END-- [ RunTime:0.000216s ]
INFO: [ app_begin ] --START--
INFO: Run Behavior\ReadHtmlCacheBehavior [ RunTime:0.000278s ]
INFO: [ app_begin ] --END-- [ RunTime:0.000310s ]
SQL: SHOW COLUMNS FROM `tb_manufactor` [ RunTime:0.0150s ]
SQL: UPDATE `tb_manufactor` SET `Name`='12311' WHERE ( id=14 ) [ RunTime:0.0509s ]

[ 2016-11-29T20:36:09+08:00 ] ::1 /jb555host/PersonalTailor/API/ManufactorAPI/ManufactorMsg/manufactor_id/14.html
INFO: [ app_init ] --START--
INFO: Run Behavior\BuildLiteBehavior [ RunTime:0.000007s ]
INFO: [ app_init ] --END-- [ RunTime:0.000200s ]
INFO: [ app_begin ] --START--
INFO: Run Behavior\ReadHtmlCacheBehavior [ RunTime:0.000249s ]
INFO: [ app_begin ] --END-- [ RunTime:0.000278s ]
SQL: SHOW COLUMNS FROM `tb_manufactor` [ RunTime:0.0248s ]
SQL: SELECT * FROM `tb_manufactor` WHERE ( id=14 )  [ RunTime:0.0247s ]

[ 2016-11-29T20:37:03+08:00 ] ::1 /jb555host/PersonalTailor/index.php/API/ManufactorAPI/ManufactorMsg.html
INFO: [ app_init ] --START--
INFO: Run Behavior\BuildLiteBehavior [ RunTime:0.000008s ]
INFO: [ app_init ] --END-- [ RunTime:0.000223s ]
INFO: [ app_begin ] --START--
INFO: Run Behavior\ReadHtmlCacheBehavior [ RunTime:0.000335s ]
INFO: [ app_begin ] --END-- [ RunTime:0.000365s ]
SQL: SHOW COLUMNS FROM `tb_manufactor` [ RunTime:0.0181s ]
SQL: SELECT * FROM `tb_manufactor` WHERE ( id=14 )  [ RunTime:0.0168s ]

[ 2016-11-29T20:37:05+08:00 ] ::1 /jb555host/PersonalTailor/index.php/API/ManufactorAPI/ResetName.html
INFO: [ app_init ] --START--
INFO: Run Behavior\BuildLiteBehavior [ RunTime:0.000011s ]
INFO: [ app_init ] --END-- [ RunTime:0.000249s ]
INFO: [ app_begin ] --START--
INFO: Run Behavior\ReadHtmlCacheBehavior [ RunTime:0.000390s ]
INFO: [ app_begin ] --END-- [ RunTime:0.000422s ]
SQL: SHOW COLUMNS FROM `tb_manufactor` [ RunTime:0.0221s ]
SQL: UPDATE `tb_manufactor` SET `Name`='sada' WHERE ( id=14 ) [ RunTime:0.0482s ]

[ 2016-11-29T20:37:07+08:00 ] ::1 /jb555host/PersonalTailor/index.php/API/ManufactorAPI/ManufactorMsg.html
INFO: [ app_init ] --START--
INFO: Run Behavior\BuildLiteBehavior [ RunTime:0.000008s ]
INFO: [ app_init ] --END-- [ RunTime:0.000222s ]
INFO: [ app_begin ] --START--
INFO: Run Behavior\ReadHtmlCacheBehavior [ RunTime:0.000314s ]
INFO: [ app_begin ] --END-- [ RunTime:0.000342s ]
SQL: SHOW COLUMNS FROM `tb_manufactor` [ RunTime:0.0221s ]
SQL: SELECT * FROM `tb_manufactor` WHERE ( id=14 )  [ RunTime:0.0218s ]

[ 2016-11-29T20:37:11+08:00 ] ::1 /jb555host/PersonalTailor/index.php/API/ManufactorAPI/ResetName.html
INFO: [ app_init ] --START--
INFO: Run Behavior\BuildLiteBehavior [ RunTime:0.000009s ]
INFO: [ app_init ] --END-- [ RunTime:0.000249s ]
INFO: [ app_begin ] --START--
INFO: Run Behavior\ReadHtmlCacheBehavior [ RunTime:0.000352s ]
INFO: [ app_begin ] --END-- [ RunTime:0.000384s ]
SQL: SHOW COLUMNS FROM `tb_manufactor` [ RunTime:0.0252s ]
SQL: UPDATE `tb_manufactor` SET `Name`='jaha' WHERE ( id=14 ) [ RunTime:0.0313s ]

[ 2016-11-29T20:37:12+08:00 ] ::1 /jb555host/PersonalTailor/index.php/API/ManufactorAPI/ManufactorMsg.html
INFO: [ app_init ] --START--
INFO: Run Behavior\BuildLiteBehavior [ RunTime:0.000010s ]
INFO: [ app_init ] --END-- [ RunTime:0.000256s ]
INFO: [ app_begin ] --START--
INFO: Run Behavior\ReadHtmlCacheBehavior [ RunTime:0.000369s ]
INFO: [ app_begin ] --END-- [ RunTime:0.000403s ]
SQL: SHOW COLUMNS FROM `tb_manufactor` [ RunTime:0.0161s ]
SQL: SELECT * FROM `tb_manufactor` WHERE ( id=14 )  [ RunTime:0.0173s ]

[ 2016-11-29T20:41:33+08:00 ] ::1 /jb555host/PersonalTailor/index.php/API/ManufactorAPI/ManufactorMsg.html
INFO: [ app_init ] --START--
INFO: Run Behavior\BuildLiteBehavior [ RunTime:0.000007s ]
INFO: [ app_init ] --END-- [ RunTime:0.000196s ]
INFO: [ app_begin ] --START--
INFO: Run Behavior\ReadHtmlCacheBehavior [ RunTime:0.000302s ]
INFO: [ app_begin ] --END-- [ RunTime:0.000330s ]
SQL: SHOW COLUMNS FROM `tb_manufactor` [ RunTime:0.0184s ]
SQL: SELECT * FROM `tb_manufactor` WHERE ( id=14 )  [ RunTime:0.0168s ]

[ 2016-11-29T20:41:37+08:00 ] ::1 /jb555host/PersonalTailor/index.php/API/ManufactorAPI/ManufactorMsg.html
INFO: [ app_init ] --START--
INFO: Run Behavior\BuildLiteBehavior [ RunTime:0.000009s ]
INFO: [ app_init ] --END-- [ RunTime:0.000204s ]
INFO: [ app_begin ] --START--
INFO: Run Behavior\ReadHtmlCacheBehavior [ RunTime:0.000252s ]
INFO: [ app_begin ] --END-- [ RunTime:0.000281s ]
SQL: SHOW COLUMNS FROM `tb_manufactor` [ RunTime:0.0173s ]
SQL: SELECT * FROM `tb_manufactor` WHERE ( id=14 )  [ RunTime:0.0170s ]

[ 2016-11-29T20:42:21+08:00 ] ::1 /jb555host/PersonalTailor/index.php/API/ManufactorAPI/ManufactorMsg.html
INFO: [ app_init ] --START--
INFO: Run Behavior\BuildLiteBehavior [ RunTime:0.000007s ]
INFO: [ app_init ] --END-- [ RunTime:0.000204s ]
INFO: [ app_begin ] --START--
INFO: Run Behavior\ReadHtmlCacheBehavior [ RunTime:0.000310s ]
INFO: [ app_begin ] --END-- [ RunTime:0.000339s ]
SQL: SHOW COLUMNS FROM `tb_manufactor` [ RunTime:0.0178s ]
SQL: SELECT * FROM `tb_manufactor` WHERE ( id=14 )  [ RunTime:0.0159s ]

[ 2016-11-29T20:42:24+08:00 ] ::1 /jb555host/PersonalTailor/index.php/API/ManufactorAPI/ManufactorMsg.html
INFO: [ app_init ] --START--
INFO: Run Behavior\BuildLiteBehavior [ RunTime:0.000007s ]
INFO: [ app_init ] --END-- [ RunTime:0.000202s ]
INFO: [ app_begin ] --START--
INFO: Run Behavior\ReadHtmlCacheBehavior [ RunTime:0.000249s ]
INFO: [ app_begin ] --END-- [ RunTime:0.000276s ]
SQL: SHOW COLUMNS FROM `tb_manufactor` [ RunTime:0.0171s ]
SQL: SELECT * FROM `tb_manufactor` WHERE ( id=14 )  [ RunTime:0.0165s ]

[ 2016-11-29T20:42:25+08:00 ] ::1 /jb555host/PersonalTailor/index.php/API/ManufactorAPI/ManufactorMsg.html
INFO: [ app_init ] --START--
INFO: Run Behavior\BuildLiteBehavior [ RunTime:0.000007s ]
INFO: [ app_init ] --END-- [ RunTime:0.000190s ]
INFO: [ app_begin ] --START--
INFO: Run Behavior\ReadHtmlCacheBehavior [ RunTime:0.000374s ]
INFO: [ app_begin ] --END-- [ RunTime:0.000401s ]
SQL: SHOW COLUMNS FROM `tb_manufactor` [ RunTime:0.0224s ]
SQL: SELECT * FROM `tb_manufactor` WHERE ( id=14 )  [ RunTime:0.0204s ]

[ 2016-11-29T20:42:25+08:00 ] ::1 /jb555host/PersonalTailor/index.php/API/ManufactorAPI/ManufactorMsg.html
INFO: [ app_init ] --START--
INFO: Run Behavior\BuildLiteBehavior [ RunTime:0.000008s ]
INFO: [ app_init ] --END-- [ RunTime:0.000196s ]
INFO: [ app_begin ] --START--
INFO: Run Behavior\ReadHtmlCacheBehavior [ RunTime:0.000262s ]
INFO: [ app_begin ] --END-- [ RunTime:0.000290s ]
SQL: SHOW COLUMNS FROM `tb_manufactor` [ RunTime:0.0237s ]
SQL: SELECT * FROM `tb_manufactor` WHERE ( id=14 )  [ RunTime:0.0227s ]

[ 2016-11-29T20:42:29+08:00 ] ::1 /jb555host/PersonalTailor/index.php/API/ManufactorAPI/ManufactorMsg.html
INFO: [ app_init ] --START--
INFO: Run Behavior\BuildLiteBehavior [ RunTime:0.000009s ]
INFO: [ app_init ] --END-- [ RunTime:0.000228s ]
INFO: [ app_begin ] --START--
INFO: Run Behavior\ReadHtmlCacheBehavior [ RunTime:0.000264s ]
INFO: [ app_begin ] --END-- [ RunTime:0.000293s ]
SQL: SHOW COLUMNS FROM `tb_manufactor` [ RunTime:0.0285s ]
SQL: SELECT * FROM `tb_manufactor` WHERE ( id=14 )  [ RunTime:0.0273s ]

[ 2016-11-29T20:42:55+08:00 ] ::1 /jb555host/PersonalTailor/index.php/API/ManufactorAPI/ManufactorMsg.html
INFO: [ app_init ] --START--
INFO: Run Behavior\BuildLiteBehavior [ RunTime:0.000007s ]
INFO: [ app_init ] --END-- [ RunTime:0.000190s ]
INFO: [ app_begin ] --START--
INFO: Run Behavior\ReadHtmlCacheBehavior [ RunTime:0.000262s ]
INFO: [ app_begin ] --END-- [ RunTime:0.000289s ]
SQL: SHOW COLUMNS FROM `tb_manufactor` [ RunTime:0.0167s ]
SQL: SELECT * FROM `tb_manufactor` WHERE ( id=14 )  [ RunTime:0.0163s ]

[ 2016-11-29T20:42:58+08:00 ] ::1 /jb555host/PersonalTailor/index.php/API/ManufactorAPI/ManufactorMsg.html
INFO: [ app_init ] --START--
INFO: Run Behavior\BuildLiteBehavior [ RunTime:0.000008s ]
INFO: [ app_init ] --END-- [ RunTime:0.000245s ]
INFO: [ app_begin ] --START--
INFO: Run Behavior\ReadHtmlCacheBehavior [ RunTime:0.000272s ]
INFO: [ app_begin ] --END-- [ RunTime:0.000300s ]
SQL: SHOW COLUMNS FROM `tb_manufactor` [ RunTime:0.0232s ]
SQL: SELECT * FROM `tb_manufactor` WHERE ( id=14 )  [ RunTime:0.0219s ]

[ 2016-11-29T20:46:16+08:00 ] ::1 /jb555host/PersonalTailor/index.php/API/ManufactorAPI/ManufactorMsg.html
INFO: [ app_init ] --START--
INFO: Run Behavior\BuildLiteBehavior [ RunTime:0.000008s ]
INFO: [ app_init ] --END-- [ RunTime:0.000206s ]
INFO: [ app_begin ] --START--
INFO: Run Behavior\ReadHtmlCacheBehavior [ RunTime:0.000313s ]
INFO: [ app_begin ] --END-- [ RunTime:0.000341s ]
SQL: SHOW COLUMNS FROM `tb_manufactor` [ RunTime:0.0151s ]
SQL: SELECT * FROM `tb_manufactor` WHERE ( id=14 )  [ RunTime:0.0151s ]

[ 2016-11-29T21:14:51+08:00 ] ::1 /jb555host/PersonalTailor/index.php/API/ManufactorAPI/ResetPassword.html
INFO: [ app_init ] --START--
INFO: Run Behavior\BuildLiteBehavior [ RunTime:0.000009s ]
INFO: [ app_init ] --END-- [ RunTime:0.000281s ]
INFO: [ app_begin ] --START--
INFO: Run Behavior\ReadHtmlCacheBehavior [ RunTime:0.000401s ]
INFO: [ app_begin ] --END-- [ RunTime:0.000434s ]
SQL: SHOW COLUMNS FROM `tb_manufactor` [ RunTime:0.0240s ]

[ 2016-11-29T21:15:26+08:00 ] ::1 /jb555host/PersonalTailor/index.php/API/ManufactorAPI/ResetPassword.html
INFO: [ app_init ] --START--
INFO: Run Behavior\BuildLiteBehavior [ RunTime:0.000010s ]
INFO: [ app_init ] --END-- [ RunTime:0.000247s ]
INFO: [ app_begin ] --START--
INFO: Run Behavior\ReadHtmlCacheBehavior [ RunTime:0.000381s ]
INFO: [ app_begin ] --END-- [ RunTime:0.000416s ]
SQL: SHOW COLUMNS FROM `tb_manufactor` [ RunTime:0.0248s ]

[ 2016-11-29T21:17:01+08:00 ] ::1 /jb555host/PersonalTailor/index.php/API/ManufactorAPI/ResetPassword.html
INFO: [ app_init ] --START--
INFO: Run Behavior\BuildLiteBehavior [ RunTime:0.000011s ]
INFO: [ app_init ] --END-- [ RunTime:0.000222s ]
INFO: [ app_begin ] --START--
INFO: Run Behavior\ReadHtmlCacheBehavior [ RunTime:0.000339s ]
INFO: [ app_begin ] --END-- [ RunTime:0.000369s ]
SQL: SHOW COLUMNS FROM `tb_manufactor` [ RunTime:0.0159s ]

[ 2016-11-29T21:17:53+08:00 ] ::1 /jb555host/PersonalTailor/index.php/API/ManufactorAPI/ResetPassword.html
INFO: [ app_init ] --START--
INFO: Run Behavior\BuildLiteBehavior [ RunTime:0.000008s ]
INFO: [ app_init ] --END-- [ RunTime:0.000217s ]
INFO: [ app_begin ] --START--
INFO: Run Behavior\ReadHtmlCacheBehavior [ RunTime:0.000278s ]
INFO: [ app_begin ] --END-- [ RunTime:0.000309s ]
SQL: SHOW COLUMNS FROM `tb_manufactor` [ RunTime:0.0312s ]
ERR: 1054:Unknown column 'lw135246' in 'where clause'
 [ SQL语句 ] : SELECT * FROM `tb_manufactor` WHERE ( Password=lw135246 ) 
ERR: 1054:Unknown column 'lw135246' in 'where clause'
 [ SQL语句 ] : SELECT * FROM `tb_manufactor` WHERE ( Password=lw135246 ) 

[ 2016-11-29T21:17:55+08:00 ] ::1 /jb555host/PersonalTailor/index.php/API/ManufactorAPI/ResetPassword.html
INFO: [ app_init ] --START--
INFO: Run Behavior\BuildLiteBehavior [ RunTime:0.000009s ]
INFO: [ app_init ] --END-- [ RunTime:0.000220s ]
INFO: [ app_begin ] --START--
INFO: Run Behavior\ReadHtmlCacheBehavior [ RunTime:0.000274s ]
INFO: [ app_begin ] --END-- [ RunTime:0.000303s ]
SQL: SHOW COLUMNS FROM `tb_manufactor` [ RunTime:0.0220s ]
ERR: 1064:You have an error in your SQL syntax; check the manual that corresponds to your MySQL server version for the right syntax to use near ')' at line 1
 [ SQL语句 ] : SELECT * FROM `tb_manufactor` WHERE ( Password= ) 
ERR: 1064:You have an error in your SQL syntax; check the manual that corresponds to your MySQL server version for the right syntax to use near ')' at line 1
 [ SQL语句 ] : SELECT * FROM `tb_manufactor` WHERE ( Password= ) 

[ 2016-11-29T21:18:04+08:00 ] ::1 /jb555host/PersonalTailor/index.php/API/ManufactorAPI/ResetPassword.html
INFO: [ app_init ] --START--
INFO: Run Behavior\BuildLiteBehavior [ RunTime:0.000008s ]
INFO: [ app_init ] --END-- [ RunTime:0.000302s ]
INFO: [ app_begin ] --START--
INFO: Run Behavior\ReadHtmlCacheBehavior [ RunTime:0.000402s ]
INFO: [ app_begin ] --END-- [ RunTime:0.000450s ]
SQL: SHOW COLUMNS FROM `tb_manufactor` [ RunTime:0.0270s ]
ERR: 1054:Unknown column 'lw123456' in 'where clause'
 [ SQL语句 ] : SELECT * FROM `tb_manufactor` WHERE ( Password=lw123456 ) 
ERR: 1054:Unknown column 'lw123456' in 'where clause'
 [ SQL语句 ] : SELECT * FROM `tb_manufactor` WHERE ( Password=lw123456 ) 

[ 2016-11-29T21:18:24+08:00 ] ::1 /jb555host/PersonalTailor/index.php/API/ManufactorAPI/ResetPassword.html
INFO: [ app_init ] --START--
INFO: Run Behavior\BuildLiteBehavior [ RunTime:0.000009s ]
INFO: [ app_init ] --END-- [ RunTime:0.000221s ]
INFO: [ app_begin ] --START--
INFO: Run Behavior\ReadHtmlCacheBehavior [ RunTime:0.000287s ]
INFO: [ app_begin ] --END-- [ RunTime:0.000319s ]
SQL: SHOW COLUMNS FROM `tb_manufactor` [ RunTime:0.0186s ]
ERR: 1054:Unknown column 'lw135246' in 'where clause'
 [ SQL语句 ] : SELECT * FROM `tb_manufactor` WHERE ( Password=lw135246 ) 
ERR: 1054:Unknown column 'lw135246' in 'where clause'
 [ SQL语句 ] : SELECT * FROM `tb_manufactor` WHERE ( Password=lw135246 ) 

[ 2016-11-29T21:19:05+08:00 ] ::1 /jb555host/PersonalTailor/index.php/API/ManufactorAPI/ManufactorMsg.html
INFO: [ app_init ] --START--
INFO: Run Behavior\BuildLiteBehavior [ RunTime:0.000009s ]
INFO: [ app_init ] --END-- [ RunTime:0.000224s ]
INFO: [ app_begin ] --START--
INFO: Run Behavior\ReadHtmlCacheBehavior [ RunTime:0.000409s ]
INFO: [ app_begin ] --END-- [ RunTime:0.000446s ]
SQL: SHOW COLUMNS FROM `tb_manufactor` [ RunTime:0.0176s ]
SQL: SELECT * FROM `tb_manufactor` WHERE ( id=14 )  [ RunTime:0.0160s ]

[ 2016-11-29T21:19:08+08:00 ] ::1 /jb555host/PersonalTailor/index.php/API/ManufactorAPI/ManufactorMsg.html
INFO: [ app_init ] --START--
INFO: Run Behavior\BuildLiteBehavior [ RunTime:0.000008s ]
INFO: [ app_init ] --END-- [ RunTime:0.000217s ]
INFO: [ app_begin ] --START--
INFO: Run Behavior\ReadHtmlCacheBehavior [ RunTime:0.000275s ]
INFO: [ app_begin ] --END-- [ RunTime:0.000306s ]
SQL: SHOW COLUMNS FROM `tb_manufactor` [ RunTime:0.0161s ]
SQL: SELECT * FROM `tb_manufactor` WHERE ( id=14 )  [ RunTime:0.0151s ]

[ 2016-11-29T21:19:58+08:00 ] ::1 /jb555host/PersonalTailor/index.php/API/ManufactorAPI/ManufactorMsg.html
INFO: [ app_init ] --START--
INFO: Run Behavior\BuildLiteBehavior [ RunTime:0.000007s ]
INFO: [ app_init ] --END-- [ RunTime:0.000207s ]
INFO: [ app_begin ] --START--
INFO: Run Behavior\ReadHtmlCacheBehavior [ RunTime:0.000268s ]
INFO: [ app_begin ] --END-- [ RunTime:0.000295s ]
SQL: SHOW COLUMNS FROM `tb_manufactor` [ RunTime:0.0302s ]
SQL: SELECT * FROM `tb_manufactor` WHERE ( id=14 )  [ RunTime:0.0296s ]

[ 2016-11-29T21:20:14+08:00 ] ::1 /jb555host/PersonalTailor/index.php/API/ManufactorAPI/ResetPassword.html
INFO: [ app_init ] --START--
INFO: Run Behavior\BuildLiteBehavior [ RunTime:0.000008s ]
INFO: [ app_init ] --END-- [ RunTime:0.000225s ]
INFO: [ app_begin ] --START--
INFO: Run Behavior\ReadHtmlCacheBehavior [ RunTime:0.000347s ]
INFO: [ app_begin ] --END-- [ RunTime:0.000378s ]
SQL: SHOW COLUMNS FROM `tb_manufactor` [ RunTime:0.0270s ]
ERR: 1054:Unknown column 'lw135246' in 'where clause'
 [ SQL语句 ] : SELECT * FROM `tb_manufactor` WHERE ( Password=lw135246 ) 
ERR: 1054:Unknown column 'lw135246' in 'where clause'
 [ SQL语句 ] : SELECT * FROM `tb_manufactor` WHERE ( Password=lw135246 ) 

[ 2016-11-29T21:20:39+08:00 ] ::1 /jb555host/PersonalTailor/index.php/API/ManufactorAPI/ResetPassword.html
INFO: [ app_init ] --START--
INFO: Run Behavior\BuildLiteBehavior [ RunTime:0.000012s ]
INFO: [ app_init ] --END-- [ RunTime:0.000325s ]
INFO: [ app_begin ] --START--
INFO: Run Behavior\ReadHtmlCacheBehavior [ RunTime:0.000287s ]
INFO: [ app_begin ] --END-- [ RunTime:0.000339s ]
SQL: SHOW COLUMNS FROM `tb_manufactor` [ RunTime:0.0242s ]
ERR: 1054:Unknown column 'lw1352496' in 'where clause'
 [ SQL语句 ] : SELECT * FROM `tb_manufactor` WHERE ( Password=lw1352496 ) 
ERR: 1054:Unknown column 'lw1352496' in 'where clause'
 [ SQL语句 ] : SELECT * FROM `tb_manufactor` WHERE ( Password=lw1352496 ) 

[ 2016-11-29T21:21:47+08:00 ] ::1 /jb555host/PersonalTailor/index.php/API/ManufactorAPI/ResetPassword.html
INFO: [ app_init ] --START--
INFO: Run Behavior\BuildLiteBehavior [ RunTime:0.000012s ]
INFO: [ app_init ] --END-- [ RunTime:0.000311s ]
INFO: [ app_begin ] --START--
INFO: Run Behavior\ReadHtmlCacheBehavior [ RunTime:0.000497s ]
INFO: [ app_begin ] --END-- [ RunTime:0.000543s ]
SQL: SHOW COLUMNS FROM `tb_manufactor` [ RunTime:0.0335s ]

[ 2016-11-29T21:22:23+08:00 ] ::1 /jb555host/PersonalTailor/index.php/API/ManufactorAPI/ResetPassword.html
INFO: [ app_init ] --START--
INFO: Run Behavior\BuildLiteBehavior [ RunTime:0.000014s ]
INFO: [ app_init ] --END-- [ RunTime:0.000278s ]
INFO: [ app_begin ] --START--
INFO: Run Behavior\ReadHtmlCacheBehavior [ RunTime:0.000406s ]
INFO: [ app_begin ] --END-- [ RunTime:0.000442s ]
SQL: SHOW COLUMNS FROM `tb_manufactor` [ RunTime:0.0229s ]
ERR: 1054:Unknown column 'lw135246' in 'where clause'
 [ SQL语句 ] : SELECT * FROM `tb_manufactor` WHERE ( Password=lw135246 ) 
ERR: 1054:Unknown column 'lw135246' in 'where clause'
 [ SQL语句 ] : SELECT * FROM `tb_manufactor` WHERE ( Password=lw135246 ) 

[ 2016-11-29T21:24:30+08:00 ] ::1 /jb555host/PersonalTailor/API/ManufactorAPI/ResetPassword/manufactor_id/14/old_passwd/lw135246/new_passwd/123456
INFO: [ app_init ] --START--
INFO: Run Behavior\BuildLiteBehavior [ RunTime:0.000008s ]
INFO: [ app_init ] --END-- [ RunTime:0.000216s ]
INFO: [ app_begin ] --START--
INFO: Run Behavior\ReadHtmlCacheBehavior [ RunTime:0.000301s ]
INFO: [ app_begin ] --END-- [ RunTime:0.000331s ]
SQL: SHOW COLUMNS FROM `tb_manufactor` [ RunTime:0.0300s ]
ERR: 1054:Unknown column 'lw135246' in 'where clause'
 [ SQL语句 ] : SELECT * FROM `tb_manufactor` WHERE ( Password=lw135246 ) 
ERR: 1054:Unknown column 'lw135246' in 'where clause'
 [ SQL语句 ] : SELECT * FROM `tb_manufactor` WHERE ( Password=lw135246 ) 

[ 2016-11-29T21:26:16+08:00 ] ::1 /jb555host/PersonalTailor/API/ManufactorAPI/ResetPassword/manufactor_id/14/old_passwd/1/new_passwd/123456
INFO: [ app_init ] --START--
INFO: Run Behavior\BuildLiteBehavior [ RunTime:0.000008s ]
INFO: [ app_init ] --END-- [ RunTime:0.000215s ]
INFO: [ app_begin ] --START--
INFO: Run Behavior\ReadHtmlCacheBehavior [ RunTime:0.000271s ]
INFO: [ app_begin ] --END-- [ RunTime:0.000302s ]
SQL: SHOW COLUMNS FROM `tb_manufactor` [ RunTime:0.0227s ]
SQL: SELECT * FROM `tb_manufactor` WHERE ( Password=1 )  [ RunTime:0.0215s ]
SQL: UPDATE `tb_manufactor` SET `Password`='123456' WHERE ( id=14 ) [ RunTime:0.0468s ]

[ 2016-11-29T21:28:41+08:00 ] ::1 /jb555host/PersonalTailor/API/ManufactorAPI/ResetPassword/manufactor_id/14/old_passwd/lw135246/new_passwd/123456
INFO: [ app_init ] --START--
INFO: Run Behavior\BuildLiteBehavior [ RunTime:0.000007s ]
INFO: [ app_init ] --END-- [ RunTime:0.000235s ]
INFO: [ app_begin ] --START--
INFO: Run Behavior\ReadHtmlCacheBehavior [ RunTime:0.000326s ]
INFO: [ app_begin ] --END-- [ RunTime:0.000358s ]
SQL: SHOW COLUMNS FROM `tb_manufactor` [ RunTime:0.0241s ]
NOTIC: [2] Missing argument 2 for Common\Model\ManufactorModel::check_passwd(), called in E:\xmapp\htdocs\jb555host\PersonalTailor\Application\API\Controller\ManufactorAPIController.class.php on line 105 and defined E:\xmapp\htdocs\jb555host\PersonalTailor\Application\Common\Model\ManufactorModel.class.php 第 30 行.
NOTIC: [8] Undefined variable: passwd E:\xmapp\htdocs\jb555host\PersonalTailor\Application\Common\Model\ManufactorModel.class.php 第 33 行.
SQL: SELECT * FROM `tb_manufactor` WHERE `id` = 0 AND `Password` = null  [ RunTime:0.0233s ]
SQL: UPDATE `tb_manufactor` SET `Password`='123456' WHERE ( id=14 ) [ RunTime:0.0782s ]

[ 2016-11-29T21:29:06+08:00 ] ::1 /jb555host/PersonalTailor/API/ManufactorAPI/ResetPassword/manufactor_id/14/old_passwd/123456/new_passwd/123456789
INFO: [ app_init ] --START--
INFO: Run Behavior\BuildLiteBehavior [ RunTime:0.000008s ]
INFO: [ app_init ] --END-- [ RunTime:0.000213s ]
INFO: [ app_begin ] --START--
INFO: Run Behavior\ReadHtmlCacheBehavior [ RunTime:0.000278s ]
INFO: [ app_begin ] --END-- [ RunTime:0.000310s ]
SQL: SHOW COLUMNS FROM `tb_manufactor` [ RunTime:0.0294s ]
NOTIC: [2] Missing argument 2 for Common\Model\ManufactorModel::check_passwd(), called in E:\xmapp\htdocs\jb555host\PersonalTailor\Application\API\Controller\ManufactorAPIController.class.php on line 105 and defined E:\xmapp\htdocs\jb555host\PersonalTailor\Application\Common\Model\ManufactorModel.class.php 第 30 行.
NOTIC: [8] Undefined variable: passwd E:\xmapp\htdocs\jb555host\PersonalTailor\Application\Common\Model\ManufactorModel.class.php 第 33 行.
SQL: SELECT * FROM `tb_manufactor` WHERE `id` = 123456 AND `Password` = null  [ RunTime:0.0299s ]
SQL: UPDATE `tb_manufactor` SET `Password`='123456789' WHERE ( id=14 ) [ RunTime:0.0515s ]

[ 2016-11-29T21:29:28+08:00 ] ::1 /jb555host/PersonalTailor/index.php/API/ManufactorAPI/ResetPassword.html
INFO: [ app_init ] --START--
INFO: Run Behavior\BuildLiteBehavior [ RunTime:0.000009s ]
INFO: [ app_init ] --END-- [ RunTime:0.000220s ]
INFO: [ app_begin ] --START--
INFO: Run Behavior\ReadHtmlCacheBehavior [ RunTime:0.000276s ]
INFO: [ app_begin ] --END-- [ RunTime:0.000306s ]
SQL: SHOW COLUMNS FROM `tb_manufactor` [ RunTime:0.0256s ]
SQL: SELECT * FROM `tb_manufactor` WHERE `id` = 0 AND `Password` = '123456789'  [ RunTime:0.0249s ]
ERR: 1054:Unknown column '$manufactorid' in 'where clause'
 [ SQL语句 ] : UPDATE `tb_manufactor` SET `Password`='123456' WHERE ( id=$manufactorid|getFactorID )
ERR: 1054:Unknown column '$manufactorid' in 'where clause'
 [ SQL语句 ] : UPDATE `tb_manufactor` SET `Password`='123456' WHERE ( id=$manufactorid|getFactorID )

[ 2016-11-29T21:30:22+08:00 ] ::1 /jb555host/PersonalTailor/index.php/API/ManufactorAPI/ResetPassword.html
INFO: [ app_init ] --START--
INFO: Run Behavior\BuildLiteBehavior [ RunTime:0.000012s ]
INFO: [ app_init ] --END-- [ RunTime:0.000282s ]
INFO: [ app_begin ] --START--
INFO: Run Behavior\ReadHtmlCacheBehavior [ RunTime:0.000402s ]
INFO: [ app_begin ] --END-- [ RunTime:0.000442s ]
SQL: SHOW COLUMNS FROM `tb_manufactor` [ RunTime:0.0179s ]
NOTIC: [2] Missing argument 2 for Common\Model\ManufactorModel::check_passwd(), called in E:\xmapp\htdocs\jb555host\PersonalTailor\Application\API\Controller\ManufactorAPIController.class.php on line 81 and defined E:\xmapp\htdocs\jb555host\PersonalTailor\Application\Common\Model\ManufactorModel.class.php 第 30 行.
NOTIC: [8] Undefined variable: passwd E:\xmapp\htdocs\jb555host\PersonalTailor\Application\Common\Model\ManufactorModel.class.php 第 33 行.
SQL: SELECT * FROM `tb_manufactor` WHERE `id` = 123456789 AND `Password` = null  [ RunTime:0.0172s ]
ERR: 1054:Unknown column '$manufactorid' in 'where clause'
 [ SQL语句 ] : UPDATE `tb_manufactor` SET `Password`='123' WHERE ( id=$manufactorid|getFactorID )
ERR: 1054:Unknown column '$manufactorid' in 'where clause'
 [ SQL语句 ] : UPDATE `tb_manufactor` SET `Password`='123' WHERE ( id=$manufactorid|getFactorID )

[ 2016-11-29T21:30:44+08:00 ] ::1 /jb555host/PersonalTailor/API/ManufactorAPI/ResetPassword/manufactor_id/14/old_passwd/123456/new_passwd/123456789
INFO: [ app_init ] --START--
INFO: Run Behavior\BuildLiteBehavior [ RunTime:0.000007s ]
INFO: [ app_init ] --END-- [ RunTime:0.000209s ]
INFO: [ app_begin ] --START--
INFO: Run Behavior\ReadHtmlCacheBehavior [ RunTime:0.000270s ]
INFO: [ app_begin ] --END-- [ RunTime:0.000302s ]
SQL: SHOW COLUMNS FROM `tb_manufactor` [ RunTime:0.0238s ]
NOTIC: [2] Missing argument 2 for Common\Model\ManufactorModel::check_passwd(), called in E:\xmapp\htdocs\jb555host\PersonalTailor\Application\API\Controller\ManufactorAPIController.class.php on line 104 and defined E:\xmapp\htdocs\jb555host\PersonalTailor\Application\Common\Model\ManufactorModel.class.php 第 30 行.
NOTIC: [8] Undefined variable: passwd E:\xmapp\htdocs\jb555host\PersonalTailor\Application\Common\Model\ManufactorModel.class.php 第 33 行.
SQL: SELECT * FROM `tb_manufactor` WHERE `id` = 123456 AND `Password` = null  [ RunTime:0.0235s ]
SQL: UPDATE `tb_manufactor` SET `Password`='123456789' WHERE ( id=14 ) [ RunTime:0.0297s ]

[ 2016-11-29T21:31:52+08:00 ] ::1 /jb555host/PersonalTailor/index.php/API/ManufactorAPI/ResetPassword.html
INFO: [ app_init ] --START--
INFO: Run Behavior\BuildLiteBehavior [ RunTime:0.000012s ]
INFO: [ app_init ] --END-- [ RunTime:0.000364s ]
INFO: [ app_begin ] --START--
INFO: Run Behavior\ReadHtmlCacheBehavior [ RunTime:0.000466s ]
INFO: [ app_begin ] --END-- [ RunTime:0.000506s ]
SQL: SHOW COLUMNS FROM `tb_manufactor` [ RunTime:0.0214s ]
NOTIC: [2] Missing argument 2 for Common\Model\ManufactorModel::check_passwd(), called in E:\xmapp\htdocs\jb555host\PersonalTailor\Application\API\Controller\ManufactorAPIController.class.php on line 81 and defined E:\xmapp\htdocs\jb555host\PersonalTailor\Application\Common\Model\ManufactorModel.class.php 第 30 行.
NOTIC: [8] Undefined variable: passwd E:\xmapp\htdocs\jb555host\PersonalTailor\Application\Common\Model\ManufactorModel.class.php 第 33 行.
SQL: SELECT * FROM `tb_manufactor` WHERE `id` = 123456789 AND `Password` = null  [ RunTime:0.0215s ]
ERR: 1054:Unknown column '$manufactorid' in 'where clause'
 [ SQL语句 ] : UPDATE `tb_manufactor` SET `Password`='123' WHERE ( id=$manufactorid|getFactorID )
ERR: 1054:Unknown column '$manufactorid' in 'where clause'
 [ SQL语句 ] : UPDATE `tb_manufactor` SET `Password`='123' WHERE ( id=$manufactorid|getFactorID )

[ 2016-11-29T21:33:14+08:00 ] ::1 /jb555host/PersonalTailor/index.php/API/ManufactorAPI/ResetPassword.html
INFO: [ app_init ] --START--
INFO: Run Behavior\BuildLiteBehavior [ RunTime:0.000009s ]
INFO: [ app_init ] --END-- [ RunTime:0.000224s ]
INFO: [ app_begin ] --START--
INFO: Run Behavior\ReadHtmlCacheBehavior [ RunTime:0.000328s ]
INFO: [ app_begin ] --END-- [ RunTime:0.000359s ]
SQL: SHOW COLUMNS FROM `tb_manufactor` [ RunTime:0.0226s ]
NOTIC: [2] Missing argument 2 for Common\Model\ManufactorModel::check_passwd(), called in E:\xmapp\htdocs\jb555host\PersonalTailor\Application\API\Controller\ManufactorAPIController.class.php on line 81 and defined E:\xmapp\htdocs\jb555host\PersonalTailor\Application\Common\Model\ManufactorModel.class.php 第 30 行.
NOTIC: [8] Undefined variable: passwd E:\xmapp\htdocs\jb555host\PersonalTailor\Application\Common\Model\ManufactorModel.class.php 第 33 行.
SQL: SELECT * FROM `tb_manufactor` WHERE `id` = 123456789 AND `Password` = null  [ RunTime:0.0216s ]
ERR: 1054:Unknown column '$manufactorid' in 'where clause'
 [ SQL语句 ] : UPDATE `tb_manufactor` SET `Password`='123' WHERE ( id=$manufactorid|getFactorID )
ERR: 1054:Unknown column '$manufactorid' in 'where clause'
 [ SQL语句 ] : UPDATE `tb_manufactor` SET `Password`='123' WHERE ( id=$manufactorid|getFactorID )

[ 2016-11-29T21:34:20+08:00 ] ::1 /jb555host/PersonalTailor/index.php/API/ManufactorAPI/ResetPassword.html
INFO: [ app_init ] --START--
INFO: Run Behavior\BuildLiteBehavior [ RunTime:0.000009s ]
INFO: [ app_init ] --END-- [ RunTime:0.000243s ]
INFO: [ app_begin ] --START--
INFO: Run Behavior\ReadHtmlCacheBehavior [ RunTime:0.000329s ]
INFO: [ app_begin ] --END-- [ RunTime:0.000359s ]
SQL: SHOW COLUMNS FROM `tb_manufactor` [ RunTime:0.0308s ]
NOTIC: [2] Missing argument 2 for Common\Model\ManufactorModel::check_passwd(), called in E:\xmapp\htdocs\jb555host\PersonalTailor\Application\API\Controller\ManufactorAPIController.class.php on line 82 and defined E:\xmapp\htdocs\jb555host\PersonalTailor\Application\Common\Model\ManufactorModel.class.php 第 30 行.
NOTIC: [8] Undefined variable: passwd E:\xmapp\htdocs\jb555host\PersonalTailor\Application\Common\Model\ManufactorModel.class.php 第 33 行.
SQL: SELECT * FROM `tb_manufactor` WHERE `id` = 123456789 AND `Password` = null  [ RunTime:0.0303s ]
SQL: UPDATE `tb_manufactor` SET `Password`='123' WHERE ( id=14 ) [ RunTime:0.0355s ]

[ 2016-11-29T21:35:01+08:00 ] ::1 /jb555host/PersonalTailor/index.php/API/ManufactorAPI/ResetPassword.html
INFO: [ app_init ] --START--
INFO: Run Behavior\BuildLiteBehavior [ RunTime:0.000011s ]
INFO: [ app_init ] --END-- [ RunTime:0.000244s ]
INFO: [ app_begin ] --START--
INFO: Run Behavior\ReadHtmlCacheBehavior [ RunTime:0.000274s ]
INFO: [ app_begin ] --END-- [ RunTime:0.000305s ]
SQL: SHOW COLUMNS FROM `tb_manufactor` [ RunTime:0.0165s ]
NOTIC: [2] Missing argument 2 for Common\Model\ManufactorModel::check_passwd(), called in E:\xmapp\htdocs\jb555host\PersonalTailor\Application\API\Controller\ManufactorAPIController.class.php on line 82 and defined E:\xmapp\htdocs\jb555host\PersonalTailor\Application\Common\Model\ManufactorModel.class.php 第 30 行.
NOTIC: [8] Undefined variable: passwd E:\xmapp\htdocs\jb555host\PersonalTailor\Application\Common\Model\ManufactorModel.class.php 第 33 行.
SQL: SELECT * FROM `tb_manufactor` WHERE `id` = 1111111 AND `Password` = null  [ RunTime:0.0151s ]
SQL: UPDATE `tb_manufactor` SET `Password`='123' WHERE ( id=14 ) [ RunTime:0.0239s ]

[ 2016-11-29T21:35:13+08:00 ] ::1 /jb555host/PersonalTailor/index.php/API/ManufactorAPI/ResetPassword.html
INFO: [ app_init ] --START--
INFO: Run Behavior\BuildLiteBehavior [ RunTime:0.000008s ]
INFO: [ app_init ] --END-- [ RunTime:0.000220s ]
INFO: [ app_begin ] --START--
INFO: Run Behavior\ReadHtmlCacheBehavior [ RunTime:0.000297s ]
INFO: [ app_begin ] --END-- [ RunTime:0.000328s ]
SQL: SHOW COLUMNS FROM `tb_manufactor` [ RunTime:0.0253s ]
NOTIC: [2] Missing argument 2 for Common\Model\ManufactorModel::check_passwd(), called in E:\xmapp\htdocs\jb555host\PersonalTailor\Application\API\Controller\ManufactorAPIController.class.php on line 82 and defined E:\xmapp\htdocs\jb555host\PersonalTailor\Application\Common\Model\ManufactorModel.class.php 第 30 行.
NOTIC: [8] Undefined variable: passwd E:\xmapp\htdocs\jb555host\PersonalTailor\Application\Common\Model\ManufactorModel.class.php 第 33 行.
SQL: SELECT * FROM `tb_manufactor` WHERE `id` = 123 AND `Password` = null  [ RunTime:0.0253s ]
SQL: UPDATE `tb_manufactor` SET `Password`='123' WHERE ( id=14 ) [ RunTime:0.0319s ]

[ 2016-11-29T21:35:30+08:00 ] ::1 /jb555host/PersonalTailor/index.php/API/ManufactorAPI/ResetPassword.html
INFO: [ app_init ] --START--
INFO: Run Behavior\BuildLiteBehavior [ RunTime:0.000013s ]
INFO: [ app_init ] --END-- [ RunTime:0.000302s ]
INFO: [ app_begin ] --START--
INFO: Run Behavior\ReadHtmlCacheBehavior [ RunTime:0.000307s ]
INFO: [ app_begin ] --END-- [ RunTime:0.000345s ]
SQL: SHOW COLUMNS FROM `tb_manufactor` [ RunTime:0.0229s ]
NOTIC: [2] Missing argument 2 for Common\Model\ManufactorModel::check_passwd(), called in E:\xmapp\htdocs\jb555host\PersonalTailor\Application\API\Controller\ManufactorAPIController.class.php on line 82 and defined E:\xmapp\htdocs\jb555host\PersonalTailor\Application\Common\Model\ManufactorModel.class.php 第 30 行.
NOTIC: [8] Undefined variable: passwd E:\xmapp\htdocs\jb555host\PersonalTailor\Application\Common\Model\ManufactorModel.class.php 第 33 行.
SQL: SELECT * FROM `tb_manufactor` WHERE `id` = 123 AND `Password` = null  [ RunTime:0.0214s ]
SQL: UPDATE `tb_manufactor` SET `Password`='123456' WHERE ( id=14 ) [ RunTime:0.0312s ]

[ 2016-11-29T21:35:41+08:00 ] ::1 /jb555host/PersonalTailor/index.php/API/ManufactorAPI/ResetPassword.html
INFO: [ app_init ] --START--
INFO: Run Behavior\BuildLiteBehavior [ RunTime:0.000007s ]
INFO: [ app_init ] --END-- [ RunTime:0.000217s ]
INFO: [ app_begin ] --START--
INFO: Run Behavior\ReadHtmlCacheBehavior [ RunTime:0.000270s ]
INFO: [ app_begin ] --END-- [ RunTime:0.000301s ]
SQL: SHOW COLUMNS FROM `tb_manufactor` [ RunTime:0.0160s ]
NOTIC: [2] Missing argument 2 for Common\Model\ManufactorModel::check_passwd(), called in E:\xmapp\htdocs\jb555host\PersonalTailor\Application\API\Controller\ManufactorAPIController.class.php on line 82 and defined E:\xmapp\htdocs\jb555host\PersonalTailor\Application\Common\Model\ManufactorModel.class.php 第 30 行.
NOTIC: [8] Undefined variable: passwd E:\xmapp\htdocs\jb555host\PersonalTailor\Application\Common\Model\ManufactorModel.class.php 第 33 行.
SQL: SELECT * FROM `tb_manufactor` WHERE `id` = 123456 AND `Password` = null  [ RunTime:0.0171s ]
SQL: UPDATE `tb_manufactor` SET `Password`='123456' WHERE ( id=14 ) [ RunTime:0.0266s ]

[ 2016-11-29T21:39:56+08:00 ] ::1 /jb555host/PersonalTailor/index.php/API/ManufactorAPI/ManufactorMsg.html
INFO: [ app_init ] --START--
INFO: Run Behavior\BuildLiteBehavior [ RunTime:0.000010s ]
INFO: [ app_init ] --END-- [ RunTime:0.000244s ]
INFO: [ app_begin ] --START--
INFO: Run Behavior\ReadHtmlCacheBehavior [ RunTime:0.000344s ]
INFO: [ app_begin ] --END-- [ RunTime:0.000373s ]
SQL: SHOW COLUMNS FROM `tb_manufactor` [ RunTime:0.0243s ]
SQL: SELECT * FROM `tb_manufactor` WHERE ( id=14 )  [ RunTime:0.0241s ]

[ 2016-11-29T21:40:00+08:00 ] ::1 /jb555host/PersonalTailor/index.php/API/ManufactorAPI/ResetName.html
INFO: [ app_init ] --START--
INFO: Run Behavior\BuildLiteBehavior [ RunTime:0.000009s ]
INFO: [ app_init ] --END-- [ RunTime:0.000249s ]
INFO: [ app_begin ] --START--
INFO: Run Behavior\ReadHtmlCacheBehavior [ RunTime:0.000355s ]
INFO: [ app_begin ] --END-- [ RunTime:0.000387s ]
SQL: SHOW COLUMNS FROM `tb_manufactor` [ RunTime:0.0245s ]
SQL: UPDATE `tb_manufactor` SET `Name`='ylw' WHERE ( id=14 ) [ RunTime:0.0452s ]

[ 2016-11-29T21:40:02+08:00 ] ::1 /jb555host/PersonalTailor/index.php/API/ManufactorAPI/ManufactorMsg.html
INFO: [ app_init ] --START--
INFO: Run Behavior\BuildLiteBehavior [ RunTime:0.000008s ]
INFO: [ app_init ] --END-- [ RunTime:0.000195s ]
INFO: [ app_begin ] --START--
INFO: Run Behavior\ReadHtmlCacheBehavior [ RunTime:0.000296s ]
INFO: [ app_begin ] --END-- [ RunTime:0.000324s ]
SQL: SHOW COLUMNS FROM `tb_manufactor` [ RunTime:0.0225s ]
SQL: SELECT * FROM `tb_manufactor` WHERE ( id=14 )  [ RunTime:0.0221s ]

[ 2016-11-29T21:44:06+08:00 ] ::1 /jb555host/PersonalTailor/index.php/API/ManufactorAPI/ManufactorMsg.html
INFO: [ app_init ] --START--
INFO: Run Behavior\BuildLiteBehavior [ RunTime:0.000012s ]
INFO: [ app_init ] --END-- [ RunTime:0.000399s ]
INFO: [ app_begin ] --START--
INFO: Run Behavior\ReadHtmlCacheBehavior [ RunTime:0.000569s ]
INFO: [ app_begin ] --END-- [ RunTime:0.000614s ]
SQL: SHOW COLUMNS FROM `tb_manufactor` [ RunTime:0.0306s ]
SQL: SELECT * FROM `tb_manufactor` WHERE ( id=14 )  [ RunTime:0.0296s ]

[ 2016-11-29T21:44:22+08:00 ] ::1 /jb555host/PersonalTailor/index.php/API/ManufactorAPI/ManufactorMsg.html
INFO: [ app_init ] --START--
INFO: Run Behavior\BuildLiteBehavior [ RunTime:0.000008s ]
INFO: [ app_init ] --END-- [ RunTime:0.000233s ]
INFO: [ app_begin ] --START--
INFO: Run Behavior\ReadHtmlCacheBehavior [ RunTime:0.000380s ]
INFO: [ app_begin ] --END-- [ RunTime:0.000414s ]
SQL: SHOW COLUMNS FROM `tb_manufactor` [ RunTime:0.0219s ]
SQL: SELECT * FROM `tb_manufactor` WHERE ( id=14 )  [ RunTime:0.0218s ]

[ 2016-11-29T22:18:41+08:00 ] ::1 /jb555host/PersonalTailor/index.php/API/ShopAPI/regist_shop.html
INFO: [ app_init ] --START--
INFO: Run Behavior\BuildLiteBehavior [ RunTime:0.000012s ]
INFO: [ app_init ] --END-- [ RunTime:0.000314s ]
INFO: [ app_begin ] --START--
INFO: Run Behavior\ReadHtmlCacheBehavior [ RunTime:0.000388s ]
INFO: [ app_begin ] --END-- [ RunTime:0.000436s ]
SQL: SHOW COLUMNS FROM `tb_shop` [ RunTime:0.0159s ]
NOTIC: [8] Undefined offset: 1 E:\xmapp\htdocs\jb555host\PersonalTailor\ThinkPHP\Library\Think\Model.class.php 第 1280 行.
SQL: UPDATE `tb_shop` SET `manufactor_id`='14',`name`='',`introduce`='',`address`='',`type`='' WHERE ( manufactor_id=14 ) [ RunTime:0.0408s ]

[ 2016-11-29T22:18:57+08:00 ] ::1 /jb555host/PersonalTailor/index.php/API/ShopAPI/regist_shop.html
INFO: [ app_init ] --START--
INFO: Run Behavior\BuildLiteBehavior [ RunTime:0.000010s ]
INFO: [ app_init ] --END-- [ RunTime:0.000233s ]
INFO: [ app_begin ] --START--
INFO: Run Behavior\ReadHtmlCacheBehavior [ RunTime:0.000322s ]
INFO: [ app_begin ] --END-- [ RunTime:0.000358s ]
SQL: SHOW COLUMNS FROM `tb_shop` [ RunTime:0.0158s ]
NOTIC: [8] Undefined offset: 1 E:\xmapp\htdocs\jb555host\PersonalTailor\ThinkPHP\Library\Think\Model.class.php 第 1280 行.
SQL: UPDATE `tb_shop` SET `manufactor_id`='14',`name`='asdasd ',`introduce`='asdas da',`address`='dasd ',`type`='as dasdad' WHERE ( manufactor_id=14 ) [ RunTime:0.0230s ]

[ 2016-11-29T22:20:39+08:00 ] ::1 /jb555host/PersonalTailor/index.php/API/ManufactorAPI/ManufactorMsg.html
INFO: [ app_init ] --START--
INFO: Run Behavior\BuildLiteBehavior [ RunTime:0.000007s ]
INFO: [ app_init ] --END-- [ RunTime:0.000198s ]
INFO: [ app_begin ] --START--
INFO: Run Behavior\ReadHtmlCacheBehavior [ RunTime:0.000307s ]
INFO: [ app_begin ] --END-- [ RunTime:0.000335s ]
SQL: SHOW COLUMNS FROM `tb_manufactor` [ RunTime:0.0167s ]
SQL: SELECT * FROM `tb_manufactor` WHERE ( id=14 )  [ RunTime:0.0161s ]

[ 2016-11-29T22:20:42+08:00 ] ::1 /jb555host/PersonalTailor/index.php/API/ManufactorAPI/ManufactorMsg.html
INFO: [ app_init ] --START--
INFO: Run Behavior\BuildLiteBehavior [ RunTime:0.000009s ]
INFO: [ app_init ] --END-- [ RunTime:0.000348s ]
INFO: [ app_begin ] --START--
INFO: Run Behavior\ReadHtmlCacheBehavior [ RunTime:0.000283s ]
INFO: [ app_begin ] --END-- [ RunTime:0.000321s ]
SQL: SHOW COLUMNS FROM `tb_manufactor` [ RunTime:0.0253s ]
SQL: SELECT * FROM `tb_manufactor` WHERE ( id=14 )  [ RunTime:0.0236s ]

[ 2016-11-29T22:22:18+08:00 ] ::1 /jb555host/PersonalTailor/index.php/API/ShopAPI/regist_shop.html
INFO: [ app_init ] --START--
INFO: Run Behavior\BuildLiteBehavior [ RunTime:0.000009s ]
INFO: [ app_init ] --END-- [ RunTime:0.000238s ]
INFO: [ app_begin ] --START--
INFO: Run Behavior\ReadHtmlCacheBehavior [ RunTime:0.000404s ]
INFO: [ app_begin ] --END-- [ RunTime:0.000451s ]
SQL: SHOW COLUMNS FROM `tb_shop` [ RunTime:0.0302s ]
NOTIC: [8] Undefined offset: 1 E:\xmapp\htdocs\jb555host\PersonalTailor\ThinkPHP\Library\Think\Model.class.php 第 1280 行.
SQL: UPDATE `tb_shop` SET `manufactor_id`='14',`name`='jb555',`introduce`='阿斯顿',`address`='撒旦',`type`='阿三' WHERE ( manufactor_id=14 ) [ RunTime:0.0375s ]

[ 2016-11-29T22:22:53+08:00 ] ::1 /jb555host/PersonalTailor/index.php/API/ShopAPI/regist_shop.html
INFO: [ app_init ] --START--
INFO: Run Behavior\BuildLiteBehavior [ RunTime:0.000009s ]
INFO: [ app_init ] --END-- [ RunTime:0.000220s ]
INFO: [ app_begin ] --START--
INFO: Run Behavior\ReadHtmlCacheBehavior [ RunTime:0.000274s ]
INFO: [ app_begin ] --END-- [ RunTime:0.000307s ]
SQL: SHOW COLUMNS FROM `tb_shop` [ RunTime:0.0249s ]
NOTIC: [8] Undefined offset: 1 E:\xmapp\htdocs\jb555host\PersonalTailor\ThinkPHP\Library\Think\Model.class.php 第 1280 行.
SQL: UPDATE `tb_shop` SET `manufactor_id`='14',`name`='啊啊啊啊',`introduce`='阿斯顿',`address`='得到',`type`='杀杀杀' WHERE ( manufactor_id=14 ) [ RunTime:0.0320s ]

[ 2016-11-29T22:35:28+08:00 ] ::1 /jb555host/PersonalTailor/index.php/API/ShopAPI/get_msg.html
INFO: [ app_init ] --START--
INFO: Run Behavior\BuildLiteBehavior [ RunTime:0.000006s ]
INFO: [ app_init ] --END-- [ RunTime:0.000197s ]
INFO: [ app_begin ] --START--
INFO: Run Behavior\ReadHtmlCacheBehavior [ RunTime:0.000291s ]
INFO: [ app_begin ] --END-- [ RunTime:0.000330s ]
SQL: SHOW COLUMNS FROM `tb_shop` [ RunTime:0.0163s ]
SQL: SELECT * FROM `tb_shop` WHERE ( manufactor_id=14 )  [ RunTime:0.0168s ]

[ 2016-11-29T22:35:36+08:00 ] ::1 /jb555host/PersonalTailor/index.php/API/ShopAPI/get_msg.html
INFO: [ app_init ] --START--
INFO: Run Behavior\BuildLiteBehavior [ RunTime:0.000008s ]
INFO: [ app_init ] --END-- [ RunTime:0.000202s ]
INFO: [ app_begin ] --START--
INFO: Run Behavior\ReadHtmlCacheBehavior [ RunTime:0.000250s ]
INFO: [ app_begin ] --END-- [ RunTime:0.000279s ]
SQL: SHOW COLUMNS FROM `tb_shop` [ RunTime:0.0224s ]
SQL: SELECT * FROM `tb_shop` WHERE ( manufactor_id=14 )  [ RunTime:0.0322s ]

[ 2016-11-29T22:35:43+08:00 ] ::1 /jb555host/PersonalTailor/index.php/API/ShopAPI/get_msg.html
INFO: [ app_init ] --START--
INFO: Run Behavior\BuildLiteBehavior [ RunTime:0.000007s ]
INFO: [ app_init ] --END-- [ RunTime:0.000240s ]
INFO: [ app_begin ] --START--
INFO: Run Behavior\ReadHtmlCacheBehavior [ RunTime:0.000413s ]
INFO: [ app_begin ] --END-- [ RunTime:0.000451s ]
SQL: SHOW COLUMNS FROM `tb_shop` [ RunTime:0.0169s ]
SQL: SELECT * FROM `tb_shop` WHERE ( manufactor_id=14 )  [ RunTime:0.0154s ]

[ 2016-11-29T22:36:05+08:00 ] ::1 /jb555host/PersonalTailor/index.php/API/ShopAPI/get_msg.html
INFO: [ app_init ] --START--
INFO: Run Behavior\BuildLiteBehavior [ RunTime:0.000008s ]
INFO: [ app_init ] --END-- [ RunTime:0.000219s ]
INFO: [ app_begin ] --START--
INFO: Run Behavior\ReadHtmlCacheBehavior [ RunTime:0.000390s ]
INFO: [ app_begin ] --END-- [ RunTime:0.000420s ]
SQL: SHOW COLUMNS FROM `tb_shop` [ RunTime:0.0184s ]
SQL: SELECT * FROM `tb_shop` WHERE ( manufactor_id=14 )  [ RunTime:0.0180s ]

[ 2016-11-29T22:36:08+08:00 ] ::1 /jb555host/PersonalTailor/index.php/API/ShopAPI/regist_shop.html
INFO: [ app_init ] --START--
INFO: Run Behavior\BuildLiteBehavior [ RunTime:0.000021s ]
INFO: [ app_init ] --END-- [ RunTime:0.000339s ]
INFO: [ app_begin ] --START--
INFO: Run Behavior\ReadHtmlCacheBehavior [ RunTime:0.000379s ]
INFO: [ app_begin ] --END-- [ RunTime:0.000422s ]
SQL: SHOW COLUMNS FROM `tb_shop` [ RunTime:0.0213s ]
NOTIC: [8] Undefined offset: 1 E:\xmapp\htdocs\jb555host\PersonalTailor\ThinkPHP\Library\Think\Model.class.php 第 1280 行.
SQL: UPDATE `tb_shop` SET `manufactor_id`='14',`name`='啊啊啊生生世世',`introduce`='阿斯顿',`address`='得到',`type`='杀杀杀' WHERE ( manufactor_id=14 ) [ RunTime:0.0597s ]

[ 2016-11-29T22:36:10+08:00 ] ::1 /jb555host/PersonalTailor/index.php/API/ShopAPI/get_msg.html
INFO: [ app_init ] --START--
INFO: Run Behavior\BuildLiteBehavior [ RunTime:0.000007s ]
INFO: [ app_init ] --END-- [ RunTime:0.000197s ]
INFO: [ app_begin ] --START--
INFO: Run Behavior\ReadHtmlCacheBehavior [ RunTime:0.000298s ]
INFO: [ app_begin ] --END-- [ RunTime:0.000337s ]
SQL: SHOW COLUMNS FROM `tb_shop` [ RunTime:0.0185s ]
SQL: SELECT * FROM `tb_shop` WHERE ( manufactor_id=14 )  [ RunTime:0.0164s ]

[ 2016-11-29T22:37:00+08:00 ] ::1 /jb555host/PersonalTailor/index.php/API/ShopAPI/get_msg.html
INFO: [ app_init ] --START--
INFO: Run Behavior\BuildLiteBehavior [ RunTime:0.000009s ]
INFO: [ app_init ] --END-- [ RunTime:0.000208s ]
INFO: [ app_begin ] --START--
INFO: Run Behavior\ReadHtmlCacheBehavior [ RunTime:0.000346s ]
INFO: [ app_begin ] --END-- [ RunTime:0.000380s ]
SQL: SHOW COLUMNS FROM `tb_shop` [ RunTime:0.0303s ]
SQL: SELECT * FROM `tb_shop` WHERE ( manufactor_id=14 )  [ RunTime:0.0299s ]

[ 2016-11-29T22:37:04+08:00 ] ::1 /jb555host/PersonalTailor/index.php/API/ShopAPI/regist_shop.html
INFO: [ app_init ] --START--
INFO: Run Behavior\BuildLiteBehavior [ RunTime:0.000008s ]
INFO: [ app_init ] --END-- [ RunTime:0.000250s ]
INFO: [ app_begin ] --START--
INFO: Run Behavior\ReadHtmlCacheBehavior [ RunTime:0.000351s ]
INFO: [ app_begin ] --END-- [ RunTime:0.000400s ]
SQL: SHOW COLUMNS FROM `tb_shop` [ RunTime:0.0227s ]
NOTIC: [8] Undefined offset: 1 E:\xmapp\htdocs\jb555host\PersonalTailor\ThinkPHP\Library\Think\Model.class.php 第 1280 行.
SQL: UPDATE `tb_shop` SET `manufactor_id`='14',`name`='事实',`introduce`='阿斯顿',`address`='得到',`type`='杀杀杀' WHERE ( manufactor_id=14 ) [ RunTime:0.0284s ]

[ 2016-11-29T22:37:31+08:00 ] ::1 /jb555host/PersonalTailor/index.php/API/ShopAPI/get_msg.html
INFO: [ app_init ] --START--
INFO: Run Behavior\BuildLiteBehavior [ RunTime:0.000008s ]
INFO: [ app_init ] --END-- [ RunTime:0.000212s ]
INFO: [ app_begin ] --START--
INFO: Run Behavior\ReadHtmlCacheBehavior [ RunTime:0.000379s ]
INFO: [ app_begin ] --END-- [ RunTime:0.000407s ]
SQL: SHOW COLUMNS FROM `tb_shop` [ RunTime:0.0189s ]
SQL: SELECT * FROM `tb_shop` WHERE ( manufactor_id=14 )  [ RunTime:0.0165s ]

[ 2016-11-29T22:37:59+08:00 ] ::1 /jb555host/PersonalTailor/index.php/API/ShopAPI/regist_shop.html
INFO: [ app_init ] --START--
INFO: Run Behavior\BuildLiteBehavior [ RunTime:0.000012s ]
INFO: [ app_init ] --END-- [ RunTime:0.000313s ]
INFO: [ app_begin ] --START--
INFO: Run Behavior\ReadHtmlCacheBehavior [ RunTime:0.000395s ]
INFO: [ app_begin ] --END-- [ RunTime:0.000440s ]
SQL: SHOW COLUMNS FROM `tb_shop` [ RunTime:0.0227s ]
NOTIC: [8] Undefined offset: 1 E:\xmapp\htdocs\jb555host\PersonalTailor\ThinkPHP\Library\Think\Model.class.php 第 1280 行.
SQL: UPDATE `tb_shop` SET `manufactor_id`='14',`name`='事实',`introduce`='日日',`address`='得到',`type`='杀杀杀' WHERE ( manufactor_id=14 ) [ RunTime:0.0688s ]

[ 2016-11-29T22:38:00+08:00 ] ::1 /jb555host/PersonalTailor/index.php/API/ShopAPI/get_msg.html
INFO: [ app_init ] --START--
INFO: Run Behavior\BuildLiteBehavior [ RunTime:0.000008s ]
INFO: [ app_init ] --END-- [ RunTime:0.000199s ]
INFO: [ app_begin ] --START--
INFO: Run Behavior\ReadHtmlCacheBehavior [ RunTime:0.000247s ]
INFO: [ app_begin ] --END-- [ RunTime:0.000275s ]
SQL: SHOW COLUMNS FROM `tb_shop` [ RunTime:0.0308s ]
SQL: SELECT * FROM `tb_shop` WHERE ( manufactor_id=14 )  [ RunTime:0.0303s ]

[ 2016-11-29T22:58:49+08:00 ] ::1 /jb555host/PersonalTailor/index.php/API/ShopAPI/get_msg.html
INFO: [ app_init ] --START--
INFO: Run Behavior\BuildLiteBehavior [ RunTime:0.000008s ]
INFO: [ app_init ] --END-- [ RunTime:0.000202s ]
INFO: [ app_begin ] --START--
INFO: Run Behavior\ReadHtmlCacheBehavior [ RunTime:0.000306s ]
INFO: [ app_begin ] --END-- [ RunTime:0.000334s ]
SQL: SHOW COLUMNS FROM `tb_shop` [ RunTime:0.0173s ]
SQL: SELECT * FROM `tb_shop` WHERE ( manufactor_id=14 )  [ RunTime:0.0193s ]

[ 2016-11-29T22:58:52+08:00 ] ::1 /jb555host/PersonalTailor/index.php/API/ManufactorAPI/ManufactorMsg.html
INFO: [ app_init ] --START--
INFO: Run Behavior\BuildLiteBehavior [ RunTime:0.000007s ]
INFO: [ app_init ] --END-- [ RunTime:0.000196s ]
INFO: [ app_begin ] --START--
INFO: Run Behavior\ReadHtmlCacheBehavior [ RunTime:0.000298s ]
INFO: [ app_begin ] --END-- [ RunTime:0.000328s ]
SQL: SHOW COLUMNS FROM `tb_manufactor` [ RunTime:0.0295s ]
SQL: SELECT * FROM `tb_manufactor` WHERE ( id=14 )  [ RunTime:0.0285s ]

